### Starting TaskPrologue of job 1531228 on tg085 at Sat Feb 14 05:18:52 PM CET 2026
Running on cores 14-15,30-31,46-47,62-63 with governor powersave
Sat Feb 14 17:18:52 2026       
+-----------------------------------------------------------------------------------------+
| NVIDIA-SMI 580.126.16             Driver Version: 580.126.16     CUDA Version: 13.0     |
+-----------------------------------------+------------------------+----------------------+
| GPU  Name                 Persistence-M | Bus-Id          Disp.A | Volatile Uncorr. ECC |
| Fan  Temp   Perf          Pwr:Usage/Cap |           Memory-Usage | GPU-Util  Compute M. |
|                                         |                        |               MIG M. |
|=========================================+========================+======================|
|   0  NVIDIA GeForce RTX 3080        On  |   00000000:DB:00.0 Off |                  N/A |
| 30%   39C    P8             19W /  300W |       1MiB /  10240MiB |      0%      Default |
|                                         |                        |                  N/A |
+-----------------------------------------+------------------------+----------------------+

+-----------------------------------------------------------------------------------------+
| Processes:                                                                              |
|  GPU   GI   CI              PID   Type   Process name                        GPU Memory |
|        ID   ID                                                               Usage      |
|=========================================================================================|
|  No running processes found                                                             |
+-----------------------------------------------------------------------------------------+
### Finished TaskPrologue

Job started at: Sat Feb 14 05:18:53 PM CET 2026
Loading from cache: /home/vault/iwi5/iwi5298h/models/donut_cord
Loaded 24 samples from /home/woody/iwi5/iwi5298h/json_staircase/test.jsonl

Saved: /home/vault/iwi5/iwi5298h/models_image_text/donut/staircase_infer_cord/run_20260214_171902/predictions_test.jsonl
Saved: /home/vault/iwi5/iwi5298h/models_image_text/donut/staircase_infer_cord/run_20260214_171902/cer_scores.txt
CER string: 93.1004% | CER structured: 93.1004%
Output dir: /home/vault/iwi5/iwi5298h/models_image_text/donut/staircase_infer_cord/run_20260214_171902
Job completed at: Sat Feb 14 05:19:51 PM CET 2026
=== JOB_STATISTICS ===
=== current date     : Sat Feb 14 05:19:51 PM CET 2026
= Job-ID             : 1531228 on tinygpu
= Job-Name           : zero_stair_cord
= Job-Command        : /home/hpc/iwi5/iwi5298h/Uddipan-Thesis/jobfiles/job_donut3.sh
= Initial workdir    : /home/hpc/iwi5/iwi5298h/Uddipan-Thesis/jobfiles
= Queue/Partition    : rtx3080
= Slurm account      : iwi5 with QOS=normal
= Requested resources:  for 01:00:00
= Elapsed runtime    : 00:01:00
= Total RAM usage    : 2.3 GiB of requested  GiB (%)   
= Node list          : tg085
= Subm/Elig/Start/End: 2026-02-14T17:18:31 / 2026-02-14T17:18:31 / 2026-02-14T17:18:51 / 2026-02-14T17:19:51
======================
=== Quota infos ======
    Path                 Used     SoftQ    HardQ    Gracetime  Filec    FileQ    FiHaQ    FileGrace    
    /home/woody           408.1G  1000.0G  1500.0G        N/A   1,018K   5,000K   7,500K        N/A    
======================
=== GPU utilization ==
gpu_name, gpu_bus_id, pid, gpu_utilization [%], mem_utilization [%], max_memory_usage [MiB], time [ms]
NVIDIA GeForce RTX 3080, 00000000:DB:00.0, 512956, 31 %, 19 %, 4360 MiB, 50863 ms
