### Starting TaskPrologue of job 1243214 on tg074 at Sat Oct 18 07:30:52 PM CEST 2025
Running on cores 4-5,12-13,20-21,28-29 with governor ondemand
Sat Oct 18 19:30:52 2025       
+-----------------------------------------------------------------------------------------+
| NVIDIA-SMI 570.195.03             Driver Version: 570.195.03     CUDA Version: 12.8     |
|-----------------------------------------+------------------------+----------------------+
| GPU  Name                 Persistence-M | Bus-Id          Disp.A | Volatile Uncorr. ECC |
| Fan  Temp   Perf          Pwr:Usage/Cap |           Memory-Usage | GPU-Util  Compute M. |
|                                         |                        |               MIG M. |
|=========================================+========================+======================|
|   0  Tesla V100-PCIE-32GB           Off |   00000000:86:00.0 Off |                    0 |
| N/A   35C    P0             26W /  250W |       0MiB /  32768MiB |      0%      Default |
|                                         |                        |                  N/A |
+-----------------------------------------+------------------------+----------------------+
                                                                                         
+-----------------------------------------------------------------------------------------+
| Processes:                                                                              |
|  GPU   GI   CI              PID   Type   Process name                        GPU Memory |
|        ID   ID                                                               Usage      |
|=========================================================================================|
|  No running processes found                                                             |
+-----------------------------------------------------------------------------------------+
### Finished TaskPrologue

Starting training at: Sat Oct 18 07:30:54 PM CEST 2025
============================================================
PHI-3.5-VISION FEW-SHOT STAIRCASE OCR PROCESSING
============================================================

Loading test data...
Loaded 26 test samples

Loading training data...
Loaded 26 training samples

Selecting specific diverse few-shot examples...

Available WENDELTREPPE images in train.jsonl:
  - FMIS_FormblätterMielke_gefüllt (18).jpg
  - FMIS_FormblätterMielke_gefüllt (2).jpg
  - FMIS_FormblätterMielke_gefüllt (3).jpg
  - FMIS_FormblätterMielke_gefüllt (34).jpg
  - FMIS_FormblätterMielke_gefüllt (24).jpg
  - FMIS_FormblätterMielke_gefüllt (21).jpg
  - FMIS_FormblätterMielke_gefüllt (7).jpg

Using WENDELTREPPE: FMIS_FormblätterMielke_gefüllt (18).jpg
✓ Selected INNENTREPPE: FMIS_FormblätterMielke_gefüllt (8).jpg
  Actual type in JSON: INNENTREPPE
  Path: /home/woody/iwi5/iwi5298h/staircase_images/FMIS_FormblätterMielke_gefüllt (8).jpg
✓ Selected WENDELTREPPE: FMIS_FormblätterMielke_gefüllt (18).jpg
  Actual type in JSON: WENDELTREPPE
  Path: /home/woody/iwi5/iwi5298h/staircase_images/FMIS_FormblätterMielke_gefüllt (18).jpg

============================================================
FINAL: Using 2 DIVERSE few-shot examples:
  1. FMIS_FormblätterMielke_gefüllt (8).jpg
     Type: INNENTREPPE
     Path: /home/woody/iwi5/iwi5298h/staircase_images/FMIS_FormblätterMielke_gefüllt (8).jpg
  2. FMIS_FormblätterMielke_gefüllt (18).jpg
     Type: WENDELTREPPE
     Path: /home/woody/iwi5/iwi5298h/staircase_images/FMIS_FormblätterMielke_gefüllt (18).jpg
============================================================
Checking for Phi-3.5-vision model...
Model not found locally. Downloading from HuggingFace...
Source: microsoft/Phi-3.5-vision-instruct
Destination: /home/vault/iwi5/iwi5298h/models/phi_3_5_vision
This may take 10-15 minutes (model size ~8GB)...
✓ Model downloaded successfully to: /home/vault/iwi5/iwi5298h/models/phi_3_5_vision
Loading Phi-3.5-vision-instruct model...
Model path: /home/vault/iwi5/iwi5298h/models/phi_3_5_vision
=== JOB_STATISTICS ===
=== current date     : Sun Oct 19 12:31:05 AM CEST 2025
= Job-ID             : 1243214 on tinygpu
= Job-Name           : _phifew_shot_stair
= Job-Command        : /home/hpc/iwi5/iwi5298h/Uddipan-Thesis/jobfiles/job_phi.sh
= Initial workdir    : /home/hpc/iwi5/iwi5298h/Uddipan-Thesis/jobfiles
= Queue/Partition    : v100
= Slurm account      : iwi5 with QOS=normal
= Requested resources:  for 05:00:00
= Elapsed runtime    : 05:00:11
= Total RAM usage    : 16.8 GiB of requested  GiB (%)   
= Node list          : tg074
= Subm/Elig/Start/End: 2025-10-18T19:31:14 / 2025-10-18T19:31:14 / 2025-10-18T19:31:15 / 2025-10-19T00:31:26
======================
=== Quota infos ======
    Path                 Used     SoftQ    HardQ    Gracetime  Filec    FileQ    FiHaQ    FileGrace    
    /home/woody           127.7G  1000.0G  1500.0G        N/A     630K   5,000K   7,500K        N/A    
    /home/hpc              96.6G   104.9G   209.7G        N/A  33,161      500K   1,000K        N/A    
======================
=== GPU utilization ==
gpu_name, gpu_bus_id, pid, gpu_utilization [%], mem_utilization [%], max_memory_usage [MiB], time [ms]
Tesla V100-PCIE-32GB, 00000000:86:00.0, 1657913, 98 %, 28 %, 19500 MiB, 17983077 ms
