### Starting TaskPrologue of job 1516465 on tg06a at Fri Jan 23 03:11:28 PM CET 2026
Running on cores 2-3,10-11,18-19,26-27 with governor ondemand
Fri Jan 23 15:11:28 2026       
+-----------------------------------------------------------------------------------------+
| NVIDIA-SMI 580.105.08             Driver Version: 580.105.08     CUDA Version: 13.0     |
+-----------------------------------------+------------------------+----------------------+
| GPU  Name                 Persistence-M | Bus-Id          Disp.A | Volatile Uncorr. ECC |
| Fan  Temp   Perf          Pwr:Usage/Cap |           Memory-Usage | GPU-Util  Compute M. |
|                                         |                        |               MIG M. |
|=========================================+========================+======================|
|   0  NVIDIA GeForce RTX 2080 Ti     On  |   00000000:3B:00.0 Off |                  N/A |
| 42%   40C    P8             18W /  250W |       1MiB /  11264MiB |      0%      Default |
|                                         |                        |                  N/A |
+-----------------------------------------+------------------------+----------------------+

+-----------------------------------------------------------------------------------------+
| Processes:                                                                              |
|  GPU   GI   CI              PID   Type   Process name                        GPU Memory |
|        ID   ID                                                               Usage      |
|=========================================================================================|
|  No running processes found                                                             |
+-----------------------------------------------------------------------------------------+
### Finished TaskPrologue

Starting UI at: Fri Jan 23 03:11:30 PM CET 2026
⏳ Loading Phi-3.5-Vision staircase model for inference...
✅ Model loaded on device: cuda:0
=== JOB_STATISTICS ===
=== current date     : Fri Jan 23 04:45:28 PM CET 2026
= Job-ID             : 1516465 on tinygpu
= Job-Name           : phi_stair_ui
= Job-Command        : /home/hpc/iwi5/iwi5298h/Uddipan-Thesis/jobfiles/job_phi_ui.sh
= Initial workdir    : /home/hpc/iwi5/iwi5298h/Uddipan-Thesis/jobfiles
= Queue/Partition    : work
= Slurm account      : iwi5 with QOS=normal
= Requested resources:  for 04:00:00
= Elapsed runtime    : 01:33:59
= Total RAM usage    : 9.7 GiB of requested  GiB (%)   
= Node list          : tg06a
= Subm/Elig/Start/End: 2026-01-23T14:46:40 / 2026-01-23T14:46:40 / 2026-01-23T15:08:00 / 2026-01-23T16:41:59
======================
=== Quota infos ======
    Path                 Used     SoftQ    HardQ    Gracetime  Filec    FileQ    FiHaQ    FileGrace    
    /home/hpc              88.1G   104.9G   209.7G        N/A  29,152      500K   1,000K        N/A    
    /home/woody           219.6G  1000.0G  1500.0G        N/A   1,017K   5,000K   7,500K        N/A    
======================
=== GPU utilization ==
gpu_name, gpu_bus_id, pid, gpu_utilization [%], mem_utilization [%], max_memory_usage [MiB], time [ms]
NVIDIA GeForce RTX 2080 Ti, 00000000:3B:00.0, 558219, 0 %, 0 %, 2802 MiB, 5614903 ms
