### Starting TaskPrologue of job 1311707 on tg096 at Wed Nov 12 03:47:25 PM CET 2025
Running on cores 96-127 with governor ondemand
Wed Nov 12 15:47:25 2025       
+-----------------------------------------------------------------------------------------+
| NVIDIA-SMI 580.95.05              Driver Version: 580.95.05      CUDA Version: 13.0     |
+-----------------------------------------+------------------------+----------------------+
| GPU  Name                 Persistence-M | Bus-Id          Disp.A | Volatile Uncorr. ECC |
| Fan  Temp   Perf          Pwr:Usage/Cap |           Memory-Usage | GPU-Util  Compute M. |
|                                         |                        |               MIG M. |
|=========================================+========================+======================|
|   0  NVIDIA A100-SXM4-40GB          On  |   00000000:C1:00.0 Off |                    0 |
| N/A   35C    P0             55W /  400W |       0MiB /  40960MiB |      0%      Default |
|                                         |                        |             Disabled |
+-----------------------------------------+------------------------+----------------------+

+-----------------------------------------------------------------------------------------+
| Processes:                                                                              |
|  GPU   GI   CI              PID   Type   Process name                        GPU Memory |
|        ID   ID                                                               Usage      |
|=========================================================================================|
|  No running processes found                                                             |
+-----------------------------------------------------------------------------------------+
### Finished TaskPrologue

🦥 Unsloth: Will patch your computer to enable 2x faster free finetuning.
🦥 Unsloth Zoo will now patch everything to make training faster!
Created run directory: /home/vault/iwi5/iwi5298h/models_image_text/gemma/stair/finetune/run_A100_20251112_154803

============================================================
GEMMA-3 STAIRCASE - A100 OPTIMIZED + AUGMENTATION (factor=1)
============================================================
Loading Gemma-3 vision model with Unsloth for STAIRCASE...
Temporary directory for augmented images: /tmp/1311707.tinygpu/stair_gemma_aug_4_mw3jzr
Augmentation factor (per original image): 1
Unsloth: WARNING `trust_remote_code` is True.
Are you certain you want to do remote code execution?
==((====))==  Unsloth 2025.7.3: Fast Gemma3 patching. Transformers: 4.51.3.
   \\   /|    NVIDIA A100-SXM4-40GB. Num GPUs = 1. Max memory: 39.494 GB. Platform: Linux.
O^O/ \_/ \    Torch: 2.7.1+cu126. CUDA: 8.0. CUDA Toolkit: 12.6. Triton: 3.3.1
\        /    Bfloat16 = TRUE. FA [Xformers = 0.0.31.post1. FA2 = False]
 "-____-"     Free license: http://github.com/unslothai/unsloth
Unsloth: Fast downloading is enabled - ignore downloading bars which are red colored!
Unsloth: Gemma3 does not support SDPA - switching to eager!
Model loaded - Unsloth auto-configured dtype and attention
Unsloth: Making `base_model.model.vision_tower.vision_model` require gradients
Gemma-3 vision model loaded with A100-optimized LoRA config

============================================================
STARTING TRAINING (A100-OPTIMIZED, STAIRCASE)
============================================================
Preparing training and validation datasets for STAIRCASE...
Preparing staircase TRAIN data with augmentation factor = 1
  Augmenting [1/115] FMIS_FormblätterMielke_gefüllt (10).jpg (1/1)
  Augmenting [2/115] FMIS_FormblätterMielke_gefüllt (114).jpg (1/1)
  Augmenting [3/115] FMIS_FormblätterMielke_gefüllt (12).jpg (1/1)
  Augmenting [4/115] FMIS_FormblätterMielke_gefüllt (123).jpg (1/1)
  Augmenting [5/115] FMIS_FormblätterMielke_gefüllt (125).jpg (1/1)
  Augmenting [6/115] FMIS_FormblätterMielke_gefüllt (126).jpg (1/1)
  Augmenting [7/115] FMIS_FormblätterMielke_gefüllt (134).jpg (1/1)
  Augmenting [8/115] FMIS_FormblätterMielke_gefüllt (136).jpg (1/1)
  Augmenting [9/115] FMIS_FormblätterMielke_gefüllt (138).jpg (1/1)
  Augmenting [10/115] FMIS_FormblätterMielke_gefüllt (14).jpg (1/1)
  Augmenting [11/115] FMIS_FormblätterMielke_gefüllt (149).jpg (1/1)
  Augmenting [12/115] FMIS_FormblätterMielke_gefüllt (15).jpg (1/1)
  Augmenting [13/115] FMIS_FormblätterMielke_gefüllt (152).jpg (1/1)
  Augmenting [14/115] FMIS_FormblätterMielke_gefüllt (154).jpg (1/1)
  Augmenting [15/115] FMIS_FormblätterMielke_gefüllt (159).jpg (1/1)
  Augmenting [16/115] FMIS_FormblätterMielke_gefüllt (160).jpg (1/1)
  Augmenting [17/115] FMIS_FormblätterMielke_gefüllt (163).jpg (1/1)
  Augmenting [18/115] FMIS_FormblätterMielke_gefüllt (164).jpg (1/1)
  Augmenting [19/115] FMIS_FormblätterMielke_gefüllt (18).jpg (1/1)
  Augmenting [20/115] FMIS_FormblätterMielke_gefüllt (20).jpg (1/1)
  Augmenting [21/115] FMIS_FormblätterMielke_gefüllt (28).jpg (1/1)
  Augmenting [22/115] FMIS_FormblätterMielke_gefüllt (29).jpg (1/1)
  Augmenting [23/115] FMIS_FormblätterMielke_gefüllt (30).jpg (1/1)
  Augmenting [24/115] FMIS_FormblätterMielke_gefüllt (31).jpg (1/1)
  Augmenting [25/115] FMIS_FormblätterMielke_gefüllt (33).jpg (1/1)
  Augmenting [26/115] FMIS_FormblätterMielke_gefüllt (38).jpg (1/1)
  Augmenting [27/115] FMIS_FormblätterMielke_gefüllt (51).jpg (1/1)
  Augmenting [28/115] FMIS_FormblätterMielke_gefüllt (52).jpg (1/1)
  Augmenting [29/115] FMIS_FormblätterMielke_gefüllt (53).jpg (1/1)
  Augmenting [30/115] FMIS_FormblätterMielke_gefüllt (55).jpg (1/1)
  Augmenting [31/115] FMIS_FormblätterMielke_gefüllt (56).jpg (1/1)
  Augmenting [32/115] FMIS_FormblätterMielke_gefüllt (6).jpg (1/1)
  Augmenting [33/115] FMIS_FormblätterMielke_gefüllt (81).jpg (1/1)
  Augmenting [34/115] FMIS_FormblätterMielke_gefüllt (85).jpg (1/1)
  Augmenting [35/115] FMIS_FormblätterMielke_gefüllt (89).jpg (1/1)
  Augmenting [36/115] FMIS_FormblätterMielke_gefüllt (108).jpg (1/1)
  Augmenting [37/115] FMIS_FormblätterMielke_gefüllt (65).jpg (1/1)
  Augmenting [38/115] FMIS_FormblätterMielke_gefüllt (75).jpg (1/1)
  Augmenting [39/115] FMIS_FormblätterMielke_gefüllt (46).jpg (1/1)
  Augmenting [40/115] FMIS_FormblätterMielke_gefüllt (157).jpg (1/1)
  Augmenting [41/115] FMIS_FormblätterMielke_gefüllt (115).jpg (1/1)
  Augmenting [42/115] FMIS_FormblätterMielke_gefüllt (25).jpg (1/1)
  Augmenting [43/115] FMIS_FormblätterMielke_gefüllt (4).jpg (1/1)
  Augmenting [44/115] FMIS_FormblätterMielke_gefüllt (77).jpg (1/1)
  Augmenting [45/115] FMIS_FormblätterMielke_gefüllt (73).jpg (1/1)
  Augmenting [46/115] FMIS_FormblätterMielke_gefüllt (155).jpg (1/1)
  Augmenting [47/115] FMIS_FormblätterMielke_gefüllt (120).jpg (1/1)
  Augmenting [48/115] FMIS_FormblätterMielke_gefüllt (131).jpg (1/1)
  Augmenting [49/115] FMIS_FormblätterMielke_gefüllt (59).jpg (1/1)
  Augmenting [50/115] FMIS_FormblätterMielke_gefüllt (133).jpg (1/1)
  Augmenting [51/115] FMIS_FormblätterMielke_gefüllt (158).jpg (1/1)
  Augmenting [52/115] FMIS_FormblätterMielke_gefüllt (26).jpg (1/1)
  Augmenting [53/115] FMIS_FormblätterMielke_gefüllt (97).jpg (1/1)
  Augmenting [54/115] FMIS_FormblätterMielke_gefüllt (69).jpg (1/1)
  Augmenting [55/115] FMIS_FormblätterMielke_gefüllt (117).jpg (1/1)
  Augmenting [56/115] FMIS_FormblätterMielke_gefüllt (67).jpg (1/1)
  Augmenting [57/115] FMIS_FormblätterMielke_gefüllt (101).jpg (1/1)
  Augmenting [58/115] FMIS_FormblätterMielke_gefüllt (32).jpg (1/1)
  Augmenting [59/115] FMIS_FormblätterMielke_gefüllt (49).jpg (1/1)
  Augmenting [60/115] FMIS_FormblätterMielke_gefüllt (140).jpg (1/1)
  Augmenting [61/115] FMIS_FormblätterMielke_gefüllt (92).jpg (1/1)
  Augmenting [62/115] FMIS_FormblätterMielke_gefüllt (106).jpg (1/1)
  Augmenting [63/115] FMIS_FormblätterMielke_gefüllt (100).jpg (1/1)
  Augmenting [64/115] FMIS_FormblätterMielke_gefüllt (60).jpg (1/1)
  Augmenting [65/115] FMIS_FormblätterMielke_gefüllt (48).jpg (1/1)
  Augmenting [66/115] FMIS_FormblätterMielke_gefüllt (128).jpg (1/1)
  Augmenting [67/115] FMIS_FormblätterMielke_gefüllt (64).jpg (1/1)
  Augmenting [68/115] FMIS_FormblätterMielke_gefüllt (23).jpg (1/1)
  Augmenting [69/115] FMIS_FormblätterMielke_gefüllt (41).jpg (1/1)
  Augmenting [70/115] FMIS_FormblätterMielke_gefüllt (68).jpg (1/1)
  Augmenting [71/115] FMIS_FormblätterMielke_gefüllt (22).jpg (1/1)
  Augmenting [72/115] FMIS_FormblätterMielke_gefüllt (143).jpg (1/1)
  Augmenting [73/115] FMIS_FormblätterMielke_gefüllt (40).jpg (1/1)
  Augmenting [74/115] FMIS_FormblätterMielke_gefüllt (137).jpg (1/1)
  Augmenting [75/115] FMIS_FormblätterMielke_gefüllt (16).jpg (1/1)
  Augmenting [76/115] FMIS_FormblätterMielke_gefüllt (24).jpg (1/1)
  Augmenting [77/115] FMIS_FormblätterMielke_gefüllt (142).jpg (1/1)
  Augmenting [78/115] FMIS_FormblätterMielke_gefüllt (84).jpg (1/1)
  Augmenting [79/115] FMIS_FormblätterMielke_gefüllt (145).jpg (1/1)
  Augmenting [80/115] FMIS_FormblätterMielke_gefüllt (57).jpg (1/1)
  Augmenting [81/115] FMIS_FormblätterMielke_gefüllt (47).jpg (1/1)
  Augmenting [82/115] FMIS_FormblätterMielke_gefüllt (19).jpg (1/1)
  Augmenting [83/115] FMIS_FormblätterMielke_gefüllt (146).jpg (1/1)
  Augmenting [84/115] FMIS_FormblätterMielke_gefüllt (54).jpg (1/1)
  Augmenting [85/115] FMIS_FormblätterMielke_gefüllt (121).jpg (1/1)
  Augmenting [86/115] FMIS_FormblätterMielke_gefüllt (161).jpg (1/1)
  Augmenting [87/115] FMIS_FormblätterMielke_gefüllt (76).jpg (1/1)
  Augmenting [88/115] FMIS_FormblätterMielke_gefüllt (122).jpg (1/1)
  Augmenting [89/115] FMIS_FormblätterMielke_gefüllt (7).jpg (1/1)
  Augmenting [90/115] FMIS_FormblätterMielke_gefüllt (144).jpg (1/1)
  Augmenting [91/115] FMIS_FormblätterMielke_gefüllt (79).jpg (1/1)
  Augmenting [92/115] FMIS_FormblätterMielke_gefüllt (95).jpg (1/1)
  Augmenting [93/115] FMIS_FormblätterMielke_gefüllt (34).jpg (1/1)
  Augmenting [94/115] FMIS_FormblätterMielke_Vorlage2.jpg (1/1)
  Augmenting [95/115] FMIS_FormblätterMielke_gefüllt (17).jpg (1/1)
  Augmenting [96/115] FMIS_FormblätterMielke_gefüllt (112).jpg (1/1)
  Augmenting [97/115] FMIS_FormblätterMielke_gefüllt (62).jpg (1/1)
  Augmenting [98/115] FMIS_FormblätterMielke_gefüllt (3).jpg (1/1)
  Augmenting [99/115] FMIS_FormblätterMielke_gefüllt (71).jpg (1/1)
  Augmenting [100/115] FMIS_FormblätterMielke_gefüllt (8).jpg (1/1)
  Augmenting [101/115] FMIS_FormblätterMielke_gefüllt (44).jpg (1/1)
  Augmenting [102/115] FMIS_FormblätterMielke_gefüllt (107).jpg (1/1)
  Augmenting [103/115] FMIS_FormblätterMielke_gefüllt (124).jpg (1/1)
  Augmenting [104/115] FMIS_FormblätterMielke_gefüllt (153).jpg (1/1)
  Augmenting [105/115] FMIS_FormblätterMielke_gefüllt (141).jpg (1/1)
  Augmenting [106/115] FMIS_FormblätterMielke_gefüllt (37).jpg (1/1)
  Augmenting [107/115] FMIS_FormblätterMielke_gefüllt (109).jpg (1/1)
  Augmenting [108/115] FMIS_FormblätterMielke_gefüllt (5).jpg (1/1)
  Augmenting [109/115] FMIS_FormblätterMielke_gefüllt (113).jpg (1/1)
  Augmenting [110/115] FMIS_FormblätterMielke_gefüllt (35).jpg (1/1)
  Augmenting [111/115] FMIS_FormblätterMielke_gefüllt (21).jpg (1/1)
  Augmenting [112/115] FMIS_FormblätterMielke_gefüllt (104).jpg (1/1)
  Augmenting [113/115] FMIS_FormblätterMielke_gefüllt (135).jpg (1/1)
  Augmenting [114/115] FMIS_FormblätterMielke_gefüllt (78).jpg (1/1)
  Augmenting [115/115] FMIS_FormblätterMielke_gefüllt (148).jpg (1/1)
Training: 230 samples (original: 115, augmented: 115)
Validation: 25 valid samples out of 25 total (no augmentation)
Training: 230 samples (with augmentation), Validation: 25 samples
GPU = NVIDIA A100-SXM4-40GB. Max memory = 39.494 GB.
4.809 GB of memory reserved.
Starting training with CER-based evaluation (A100-optimized, STAIRCASE)...
{'loss': 11.6135, 'grad_norm': 152.39447021484375, 'learning_rate': 0.0, 'epoch': 0.07}
{'loss': 11.4943, 'grad_norm': 172.5594940185547, 'learning_rate': 1.2000000000000002e-06, 'epoch': 0.35}
{'loss': 11.2918, 'grad_norm': 501.9155578613281, 'learning_rate': 2.7e-06, 'epoch': 0.7}
{'loss': 8.7675, 'grad_norm': 143.07711791992188, 'learning_rate': 4.2000000000000004e-06, 'epoch': 1.0}
{'eval_loss': 1.0918991565704346, 'eval_cer': 0.33525014376078205, 'eval_cer_percentage': 33.525014376078204, 'eval_runtime': 25.4658, 'eval_samples_per_second': 0.982, 'eval_steps_per_second': 0.982, 'epoch': 1.0}
{'loss': 7.956, 'grad_norm': 100.68901062011719, 'learning_rate': 5.7000000000000005e-06, 'epoch': 1.35}
{'loss': 6.5706, 'grad_norm': 43.45040512084961, 'learning_rate': 7.2e-06, 'epoch': 1.7}
{'loss': 4.7436, 'grad_norm': 16.720504760742188, 'learning_rate': 8.7e-06, 'epoch': 2.0}
{'eval_loss': 0.5849283933639526, 'eval_cer': 0.2573317998849914, 'eval_cer_percentage': 25.73317998849914, 'eval_runtime': 23.8613, 'eval_samples_per_second': 1.048, 'eval_steps_per_second': 1.048, 'epoch': 2.0}
{'loss': 4.1184, 'grad_norm': 33.89663314819336, 'learning_rate': 1.02e-05, 'epoch': 2.35}
{'loss': 2.9114, 'grad_norm': 24.722667694091797, 'learning_rate': 1.1700000000000001e-05, 'epoch': 2.7}
{'loss': 1.621, 'grad_norm': 15.8489990234375, 'learning_rate': 1.32e-05, 'epoch': 3.0}
{'eval_loss': 0.1680886149406433, 'eval_cer': 0.1699252443933295, 'eval_cer_percentage': 16.99252443933295, 'eval_runtime': 23.3399, 'eval_samples_per_second': 1.071, 'eval_steps_per_second': 1.071, 'epoch': 3.0}
{'loss': 1.2249, 'grad_norm': 14.57640266418457, 'learning_rate': 1.47e-05, 'epoch': 3.35}
{'loss': 0.9327, 'grad_norm': 14.577437400817871, 'learning_rate': 1.62e-05, 'epoch': 3.7}
{'loss': 0.6048, 'grad_norm': 5.064001560211182, 'learning_rate': 1.77e-05, 'epoch': 4.0}
{'eval_loss': 0.09099704772233963, 'eval_cer': 0.16216216216216217, 'eval_cer_percentage': 16.216216216216218, 'eval_runtime': 23.2621, 'eval_samples_per_second': 1.075, 'eval_steps_per_second': 1.075, 'epoch': 4.0}
{'loss': 0.6034, 'grad_norm': 12.550556182861328, 'learning_rate': 1.9200000000000003e-05, 'epoch': 4.35}
{'loss': 0.4916, 'grad_norm': 6.315773963928223, 'learning_rate': 2.07e-05, 'epoch': 4.7}
{'loss': 0.3809, 'grad_norm': 3.636087656021118, 'learning_rate': 2.22e-05, 'epoch': 5.0}
{'eval_loss': 0.06666417419910431, 'eval_cer': 0.1474985623921794, 'eval_cer_percentage': 14.74985623921794, 'eval_runtime': 22.7728, 'eval_samples_per_second': 1.098, 'eval_steps_per_second': 1.098, 'epoch': 5.0}
{'loss': 0.3303, 'grad_norm': 8.391864776611328, 'learning_rate': 2.37e-05, 'epoch': 5.35}
{'loss': 0.2525, 'grad_norm': 6.267099857330322, 'learning_rate': 2.52e-05, 'epoch': 5.7}
{'loss': 0.2523, 'grad_norm': 8.487606048583984, 'learning_rate': 2.6700000000000002e-05, 'epoch': 6.0}
{'eval_loss': 0.05985382944345474, 'eval_cer': 0.15871190339275446, 'eval_cer_percentage': 15.871190339275445, 'eval_runtime': 23.5515, 'eval_samples_per_second': 1.062, 'eval_steps_per_second': 1.062, 'epoch': 6.0}
{'loss': 0.1927, 'grad_norm': 6.6471638679504395, 'learning_rate': 2.8199999999999998e-05, 'epoch': 6.35}
{'loss': 0.1901, 'grad_norm': 14.692508697509766, 'learning_rate': 2.97e-05, 'epoch': 6.7}
{'loss': 0.13, 'grad_norm': 2.5168375968933105, 'learning_rate': 2.9902226030228252e-05, 'epoch': 7.0}
{'eval_loss': 0.06795519590377808, 'eval_cer': 0.16733755031627373, 'eval_cer_percentage': 16.733755031627375, 'eval_runtime': 23.175, 'eval_samples_per_second': 1.079, 'eval_steps_per_second': 1.079, 'epoch': 7.0}
{'loss': 0.1031, 'grad_norm': 18.420869827270508, 'learning_rate': 2.950720282052936e-05, 'epoch': 7.35}
{'loss': 0.1009, 'grad_norm': 6.598315238952637, 'learning_rate': 2.8816854796722754e-05, 'epoch': 7.7}
{'loss': 0.0881, 'grad_norm': 4.268657207489014, 'learning_rate': 2.7845235453773837e-05, 'epoch': 8.0}
{'eval_loss': 0.08428528904914856, 'eval_cer': 0.1595744680851064, 'eval_cer_percentage': 15.957446808510639, 'eval_runtime': 23.3201, 'eval_samples_per_second': 1.072, 'eval_steps_per_second': 1.072, 'epoch': 8.0}
{'train_runtime': 3003.7197, 'train_samples_per_second': 1.149, 'train_steps_per_second': 0.07, 'train_loss': 2.7240259987612565, 'epoch': 8.0}
3003.7197 seconds used for training.
50.06 minutes used for training.
Peak reserved memory = 18.994 GB.
Peak reserved memory for training = 14.185 GB.
Peak reserved memory % of max memory = 48.093 %.
Peak reserved memory for training % of max memory = 35.917 %.

Saving model to /home/vault/iwi5/iwi5298h/models_image_text/gemma/stair/finetune/run_A100_20251112_154803...
Model (LoRA adapters) saved successfully!

============================================================
STARTING EVALUATION ON STAIRCASE TEST.JSONL
============================================================
Starting evaluation on STAIRCASE test.jsonl with aggressive chunking...
Loaded 24 test samples

============================================================
Chunk 1/5 (5 images)
============================================================

[1/24] Processing: FMIS_FormblätterMielke_gefüllt (83).jpg
  ✅ CER: 0.6100 (61.00%)

[2/24] Processing: FMIS_FormblätterMielke_gefüllt (45).jpg
  ✅ CER: 0.6071 (60.71%)

[3/24] Processing: FMIS_FormblätterMielke_gefüllt (27).jpg
  ✅ CER: 0.6018 (60.18%)

[4/24] Processing: FMIS_FormblätterMielke_gefüllt (130).jpg
  ✅ CER: 0.5997 (59.97%)

[5/24] Processing: FMIS_FormblätterMielke_gefüllt (129).jpg
  ✅ CER: 0.6121 (61.21%)

Chunk 1 completed. Cleaning memory...

============================================================
Chunk 2/5 (5 images)
============================================================

[6/24] Processing: FMIS_FormblätterMielke_gefüllt (88).jpg
  ✅ CER: 0.6159 (61.59%)

[7/24] Processing: FMIS_FormblätterMielke_gefüllt (102).jpg
  ✅ CER: 0.6022 (60.22%)

[8/24] Processing: FMIS_FormblätterMielke_gefüllt (103).jpg
  ✅ CER: 0.6114 (61.14%)

[9/24] Processing: FMIS_FormblätterMielke_gefüllt (165).jpg
  ✅ CER: 0.6924 (69.24%)

[10/24] Processing: FMIS_FormblätterMielke_gefüllt (43).jpg
  ✅ CER: 0.5954 (59.54%)

Chunk 2 completed. Cleaning memory...

============================================================
Chunk 3/5 (5 images)
============================================================

[11/24] Processing: FMIS_FormblätterMielke_gefüllt (11).jpg
  ✅ CER: 0.6061 (60.61%)

[12/24] Processing: FMIS_FormblätterMielke_gefüllt (36).jpg
  ✅ CER: 0.9778 (97.78%)

[13/24] Processing: FMIS_FormblätterMielke_gefüllt (87).jpg
  ✅ CER: 0.6100 (61.00%)

[14/24] Processing: FMIS_FormblätterMielke_gefüllt (94).jpg
  ✅ CER: 0.6262 (62.62%)

[15/24] Processing: FMIS_FormblätterMielke_gefüllt (58).jpg
  ✅ CER: 0.9788 (97.88%)

Chunk 3 completed. Cleaning memory...
Saved intermediate results to: /home/vault/iwi5/iwi5298h/models_image_text/gemma/stair/finetune/run_A100_20251112_154803/test_predictions_chunk_3.jsonl

============================================================
Chunk 4/5 (5 images)
============================================================

[16/24] Processing: FMIS_FormblätterMielke_gefüllt (111).jpg
  ✅ CER: 0.6071 (60.71%)

[17/24] Processing: FMIS_FormblätterMielke_gefüllt (99).jpg
  ✅ CER: 0.7274 (72.74%)

[18/24] Processing: FMIS_FormblätterMielke_gefüllt (116).jpg
  ✅ CER: 0.6039 (60.39%)

[19/24] Processing: FMIS_FormblätterMielke_Vorlage3.jpg
  ✅ CER: 0.9783 (97.83%)

[20/24] Processing: FMIS_FormblätterMielke_gefüllt (132).jpg
  ✅ CER: 0.6025 (60.25%)

Chunk 4 completed. Cleaning memory...

============================================================
Chunk 5/5 (4 images)
============================================================

[21/24] Processing: FMIS_FormblätterMielke_gefüllt (139).jpg
  ✅ CER: 0.6202 (62.02%)

[22/24] Processing: FMIS_FormblätterMielke_gefüllt (66).jpg
  ✅ CER: 0.6079 (60.79%)

[23/24] Processing: FMIS_FormblätterMielke_gefüllt (105).jpg
  ✅ CER: 0.6069 (60.69%)

[24/24] Processing: FMIS_FormblätterMielke_gefüllt (13).jpg
  ✅ CER: 0.6376 (63.76%)

Chunk 5 completed. Cleaning memory...
Saved intermediate results to: /home/vault/iwi5/iwi5298h/models_image_text/gemma/stair/finetune/run_A100_20251112_154803/test_predictions_chunk_5.jsonl

CER evaluation results saved to: /home/vault/iwi5/iwi5298h/models_image_text/gemma/stair/finetune/run_A100_20251112_154803/cer_evaluation_results.txt

🎉 Gemma-3 Staircase training completed!
All outputs saved to: /home/vault/iwi5/iwi5298h/models_image_text/gemma/stair/finetune/run_A100_20251112_154803

Final CER: 0.6641 (66.41%)
Cleaned up temporary directory: /tmp/1311707.tinygpu/stair_gemma_aug_4_mw3jzr
Gemma-3 training completed at: Wed Nov 12 05:43:53 PM CET 2025
=== JOB_STATISTICS ===
=== current date     : Wed Nov 12 05:43:53 PM CET 2025
= Job-ID             : 1311707 on tinygpu
= Job-Name           : gemma_stair
= Job-Command        : /home/hpc/iwi5/iwi5298h/Uddipan-Thesis/jobfiles/job_gemma.sh
= Initial workdir    : /home/hpc/iwi5/iwi5298h/Uddipan-Thesis/jobfiles
= Queue/Partition    : a100
= Slurm account      : iwi5 with QOS=normal
= Requested resources:  for 1-00:00:00
= Elapsed runtime    : 01:56:30
= Total RAM usage    : 12.3 GiB of requested  GiB (%)   
= Node list          : tg096
= Subm/Elig/Start/End: 2025-11-12T15:26:50 / 2025-11-12T15:26:50 / 2025-11-12T15:47:23 / 2025-11-12T17:43:53
======================
=== Quota infos ======
    Path                 Used     SoftQ    HardQ    Gracetime  Filec    FileQ    FiHaQ    FileGrace    
    /home/hpc             102.1G   104.9G   209.7G        N/A  30,726      500K   1,000K        N/A    
    /home/woody           184.5G  1000.0G  1500.0G        N/A     841K   5,000K   7,500K        N/A    
    /home/vault          1043.6G  1048.6G  2097.2G        N/A   6,196      200K     400K        N/A    
======================
=== GPU utilization ==
gpu_name, gpu_bus_id, pid, gpu_utilization [%], mem_utilization [%], max_memory_usage [MiB], time [ms]
NVIDIA A100-SXM4-40GB, 00000000:C1:00.0, 3273084, 31 %, 11 %, 19990 MiB, 6978072 ms
