### Starting TaskPrologue of job 1289431 on tg071 at Fri Oct 24 09:48:43 PM CEST 2025
Running on cores 4-5,12-13,20-21,28-29 with governor ondemand
Fri Oct 24 21:48:43 2025       
+-----------------------------------------------------------------------------------------+
| NVIDIA-SMI 570.195.03             Driver Version: 570.195.03     CUDA Version: 12.8     |
|-----------------------------------------+------------------------+----------------------+
| GPU  Name                 Persistence-M | Bus-Id          Disp.A | Volatile Uncorr. ECC |
| Fan  Temp   Perf          Pwr:Usage/Cap |           Memory-Usage | GPU-Util  Compute M. |
|                                         |                        |               MIG M. |
|=========================================+========================+======================|
|   0  Tesla V100-PCIE-32GB           Off |   00000000:86:00.0 Off |                    0 |
| N/A   31C    P0             26W /  250W |       0MiB /  32768MiB |      0%      Default |
|                                         |                        |                  N/A |
+-----------------------------------------+------------------------+----------------------+
                                                                                         
+-----------------------------------------------------------------------------------------+
| Processes:                                                                              |
|  GPU   GI   CI              PID   Type   Process name                        GPU Memory |
|        ID   ID                                                               Usage      |
|=========================================================================================|
|  No running processes found                                                             |
+-----------------------------------------------------------------------------------------+
### Finished TaskPrologue

Starting training at: Fri Oct 24 09:48:45 PM CEST 2025
================================================================================
🚀 Phi-3.5-Vision Few-Shot Inference on Inventory Dataset
================================================================================

📂 Loading training examples for few-shot...
Finished at: Fri Oct 24 09:49:10 PM CEST 2025
Exit status: 1
=== JOB_STATISTICS ===
=== current date     : Fri Oct 24 09:49:10 PM CEST 2025
= Job-ID             : 1289431 on tinygpu
= Job-Name           : few_inven
= Job-Command        : /home/hpc/iwi5/iwi5298h/Uddipan-Thesis/jobfiles/job_phi.sh
= Initial workdir    : /home/hpc/iwi5/iwi5298h/Uddipan-Thesis/jobfiles
= Queue/Partition    : v100
= Slurm account      : iwi5 with QOS=normal
= Requested resources:  for 12:00:00
= Elapsed runtime    : 00:00:27
= Total RAM usage    : 0.9 GiB of requested  GiB (%)   
= Node list          : tg071
= Subm/Elig/Start/End: 2025-10-24T21:48:26 / 2025-10-24T21:48:26 / 2025-10-24T21:48:27 / 2025-10-24T21:48:54
======================
=== Quota infos ======
    Path                 Used     SoftQ    HardQ    Gracetime  Filec    FileQ    FiHaQ    FileGrace    
    /home/woody           183.8G  1000.0G  1500.0G        N/A     833K   5,000K   7,500K        N/A    
    /home/hpc             101.6G   104.9G   209.7G        N/A  29,849      500K   1,000K        N/A    
    /home/vault           849.3G  1048.6G  2097.2G        N/A   4,521      200K     400K        N/A    
======================
=== GPU utilization ==
gpu_name, gpu_bus_id, pid, gpu_utilization [%], mem_utilization [%], max_memory_usage [MiB], time [ms]
