### Starting TaskPrologue of job 1243718 on tg071 at Sun Oct 19 07:40:30 PM CEST 2025
Running on cores 4-5,12-13,20-21,28-29 with governor ondemand
Sun Oct 19 19:40:30 2025       
+-----------------------------------------------------------------------------------------+
| NVIDIA-SMI 570.195.03             Driver Version: 570.195.03     CUDA Version: 12.8     |
|-----------------------------------------+------------------------+----------------------+
| GPU  Name                 Persistence-M | Bus-Id          Disp.A | Volatile Uncorr. ECC |
| Fan  Temp   Perf          Pwr:Usage/Cap |           Memory-Usage | GPU-Util  Compute M. |
|                                         |                        |               MIG M. |
|=========================================+========================+======================|
|   0  Tesla V100-PCIE-32GB           Off |   00000000:86:00.0 Off |                    0 |
| N/A   35C    P0             28W /  250W |       0MiB /  32768MiB |      0%      Default |
|                                         |                        |                  N/A |
+-----------------------------------------+------------------------+----------------------+
                                                                                         
+-----------------------------------------------------------------------------------------+
| Processes:                                                                              |
|  GPU   GI   CI              PID   Type   Process name                        GPU Memory |
|        ID   ID                                                               Usage      |
|=========================================================================================|
|  No running processes found                                                             |
+-----------------------------------------------------------------------------------------+
### Finished TaskPrologue

============================================================
NANONETS-OCR-S ZERO-SHOT STAIRCASE OCR PROCESSING
============================================================

Loading test data...
Loaded 26 test samples

Note: Using ZERO-SHOT learning (no training examples)
Note: CER calculated on ACTUAL model output (not sanitized)
Loading Nanonets-OCR-s model...
Model found at /home/vault/iwi5/iwi5298h/models/Nanonets-OCR-s
Model loaded successfully!

Processing 26 test images with zero-shot prompting...
------------------------------------------------------------
Processing image 1/26: FMIS_FormblätterMielke_gefüllt (14).jpg
  Resizing from 2478x3540 to 716x1024
  Warning: Could not extract valid JSON from response
  CER: 0.3829 | Parsing: ✗ (JSON parsing failed)
Processing image 2/26: FMIS_FormblätterMielke_gefüllt (18).jpg
  Resizing from 2474x3540 to 715x1024
  CER: 0.8294 | Parsing: ✓
Processing image 3/26: FMIS_FormblätterMielke_gefüllt (35).jpg
  Resizing from 2474x3540 to 715x1024
  Warning: Could not extract valid JSON from response
  CER: 0.6289 | Parsing: ✗ (JSON parsing failed)
Processing image 4/26: FMIS_FormblätterMielke_gefüllt (12).jpg
  Resizing from 2492x3550 to 718x1024
  Warning: Could not extract valid JSON from response
  CER: 0.5732 | Parsing: ✗ (JSON parsing failed)
Processing image 5/26: FMIS_FormblätterMielke_gefüllt (27).jpg
  Resizing from 2490x3534 to 721x1024
  CER: 0.7439 | Parsing: ✓
Processing image 6/26: FMIS_FormblätterMielke_gefüllt (2).jpg
  Resizing from 2478x3546 to 715x1024
  CER: 0.8370 | Parsing: ✓
Processing image 7/26: FMIS_FormblätterMielke_gefüllt (3).jpg
  Resizing from 2474x3556 to 712x1024
  CER: 0.6887 | Parsing: ✓
Processing image 8/26: FMIS_FormblätterMielke_gefüllt (25).jpg
  Resizing from 2478x3542 to 716x1024
  Warning: Could not extract valid JSON from response
  CER: 0.7310 | Parsing: ✗ (JSON parsing failed)
Processing image 9/26: FMIS_FormblätterMielke_gefüllt (37).jpg
  Resizing from 2480x3532 to 719x1024
  Warning: Could not extract valid JSON from response
  CER: 0.6846 | Parsing: ✗ (JSON parsing failed)
Processing image 10/26: FMIS_FormblätterMielke_gefüllt (15).jpg
  Resizing from 2492x3548 to 719x1024
  Warning: Could not extract valid JSON from response
  CER: 0.6145 | Parsing: ✗ (JSON parsing failed)
Processing image 11/26: FMIS_FormblätterMielke_gefüllt (34).jpg
  Resizing from 2480x3548 to 715x1024
  CER: 0.8449 | Parsing: ✓
Processing image 12/26: FMIS_FormblätterMielke_gefüllt (22).jpg
  Resizing from 2472x3546 to 713x1024
  Warning: Could not extract valid JSON from response
  CER: 0.6189 | Parsing: ✗ (JSON parsing failed)
Processing image 13/26: FMIS_FormblätterMielke_gefüllt (38).jpg
  Resizing from 3372x4740 to 728x1024
  CER: 0.8213 | Parsing: ✓
Processing image 14/26: FMIS_FormblätterMielke_gefüllt (28).jpg
  Resizing from 2484x3534 to 719x1024
  Warning: Could not extract valid JSON from response
  CER: 0.6367 | Parsing: ✗ (JSON parsing failed)
Processing image 15/26: FMIS_FormblätterMielke_gefüllt (4).jpg
  Resizing from 2488x3548 to 718x1024
  CER: 0.5431 | Parsing: ✓
Processing image 16/26: FMIS_FormblätterMielke_gefüllt (16).jpg
  Resizing from 2476x3544 to 715x1024
  Warning: Could not extract valid JSON from response
  CER: 0.4557 | Parsing: ✗ (JSON parsing failed)
Processing image 17/26: FMIS_FormblätterMielke_gefüllt (24).jpg
  Resizing from 2474x3538 to 716x1024
  CER: 0.8772 | Parsing: ✓
Processing image 18/26: FMIS_FormblätterMielke_gefüllt (11).jpg
  Resizing from 2504x3564 to 719x1024
  Warning: Could not extract valid JSON from response
  CER: 0.7018 | Parsing: ✗ (JSON parsing failed)
Processing image 19/26: FMIS_FormblätterMielke_gefüllt (39).jpg
  Resizing from 2480x3538 to 717x1024
  Warning: Could not extract valid JSON from response
  CER: 0.6390 | Parsing: ✗ (JSON parsing failed)
Processing image 20/26: FMIS_FormblätterMielke_gefüllt (41).jpg
  Resizing from 2486x3536 to 719x1024
  Warning: Could not extract valid JSON from response
  CER: 0.6517 | Parsing: ✗ (JSON parsing failed)
Processing image 21/26: FMIS_FormblätterMielke_gefüllt (21).jpg
  Resizing from 2466x3538 to 713x1024
  CER: 0.8402 | Parsing: ✓
Processing image 22/26: FMIS_FormblätterMielke_gefüllt (8).jpg
  Resizing from 2480x3540 to 717x1024
  Warning: Could not extract valid JSON from response
  CER: 0.6845 | Parsing: ✗ (JSON parsing failed)
Processing image 23/26: FMIS_FormblätterMielke_gefüllt (7).jpg
  Resizing from 2484x3550 to 716x1024
  CER: 0.8262 | Parsing: ✓
Processing image 24/26: FMIS_FormblätterMielke_Vorlage1.jpg
  Resizing from 2486x3548 to 717x1024
  CER: 0.8730 | Parsing: ✓
Processing image 25/26: FMIS_FormblätterMielke_gefüllt (36).jpg
  Resizing from 2488x3538 to 720x1024
  CER: 0.8831 | Parsing: ✓
Processing image 26/26: FMIS_FormblätterMielke_gefüllt (26).jpg
  Resizing from 2484x3542 to 718x1024
  CER: 0.6793 | Parsing: ✓

Saving results to: /home/vault/iwi5/iwi5298h/models_image_text/nanonets/shots_staircase/run_zeroshot_20251019_200142
Predictions saved to: /home/vault/iwi5/iwi5298h/models_image_text/nanonets/shots_staircase/run_zeroshot_20251019_200142/predictions_zeroshot.jsonl

============================================================
NANONETS-OCR-S ZERO-SHOT CER EVALUATION RESULTS
STAIRCASE DOCUMENTATION DATASET
============================================================

CER Statistics across 26 images:
--------------------------------------------------
Average CER: 0.7035 (70.35%)
Minimum CER: 0.3829 (38.29%)
Maximum CER: 0.8831 (88.31%)

Weighted CER: 0.7009 (70.09%)
Total characters: 32743
Total errors: 22950

Perfect matches: 0/26 (0.0%)
JSON parsing success: 13/26 (50.0%)

Summary saved to: /home/vault/iwi5/iwi5298h/models_image_text/nanonets/shots_staircase/run_zeroshot_20251019_200142/evaluation_summary_zeroshot.json

============================================================
ZERO-SHOT PROCESSING COMPLETE!
============================================================
Model: Nanonets-OCR-s
Dataset: Staircase Documentation
Method: Zero-Shot Learning (no training examples)
Results saved to: /home/vault/iwi5/iwi5298h/models_image_text/nanonets/shots_staircase/run_zeroshot_20251019_200142
Total images processed: 26
Average CER on test set: 0.7035 (70.35%)
============================================================

Nano training completed at: Sun Oct 19 08:01:45 PM CEST 2025
=== JOB_STATISTICS ===
=== current date     : Sun Oct 19 08:01:45 PM CEST 2025
= Job-ID             : 1243718 on tinygpu
= Job-Name           : zero_stair_nano
= Job-Command        : /home/hpc/iwi5/iwi5298h/Uddipan-Thesis/jobfiles/job_nano.sh
= Initial workdir    : /home/hpc/iwi5/iwi5298h/Uddipan-Thesis/jobfiles
= Queue/Partition    : v100
= Slurm account      : iwi5 with QOS=normal
= Requested resources:  for 10:00:00
= Elapsed runtime    : 00:21:21
= Total RAM usage    : 8.9 GiB of requested  GiB (%)   
= Node list          : tg071
= Subm/Elig/Start/End: 2025-10-19T19:06:34 / 2025-10-19T19:06:34 / 2025-10-19T19:40:13 / 2025-10-19T20:01:34
======================
=== Quota infos ======
    Path                 Used     SoftQ    HardQ    Gracetime  Filec    FileQ    FiHaQ    FileGrace    
    /home/woody           144.7G  1000.0G  1500.0G        N/A     729K   5,000K   7,500K        N/A    
!!! /home/hpc             120.0G   104.9G   209.7G  -29323days  34,616      500K   1,000K        N/A !!!
    /home/vault           755.5G  1048.6G  2097.2G        N/A   3,959      200K     400K        N/A    
======================
=== GPU utilization ==
gpu_name, gpu_bus_id, pid, gpu_utilization [%], mem_utilization [%], max_memory_usage [MiB], time [ms]
Tesla V100-PCIE-32GB, 00000000:86:00.0, 3990678, 31 %, 21 %, 8260 MiB, 1250459 ms
