### Starting TaskPrologue of job 1295042 on tg090 at Sun Nov  2 10:22:21 PM CET 2025
Running on cores 64-95 with governor ondemand
Sun Nov  2 22:22:21 2025       
+-----------------------------------------------------------------------------------------+
| NVIDIA-SMI 580.95.05              Driver Version: 580.95.05      CUDA Version: 13.0     |
+-----------------------------------------+------------------------+----------------------+
| GPU  Name                 Persistence-M | Bus-Id          Disp.A | Volatile Uncorr. ECC |
| Fan  Temp   Perf          Pwr:Usage/Cap |           Memory-Usage | GPU-Util  Compute M. |
|                                         |                        |               MIG M. |
|=========================================+========================+======================|
|   0  NVIDIA A100-SXM4-40GB          On  |   00000000:81:00.0 Off |                    0 |
| N/A   42C    P0             58W /  400W |       0MiB /  40960MiB |      0%      Default |
|                                         |                        |             Disabled |
+-----------------------------------------+------------------------+----------------------+

+-----------------------------------------------------------------------------------------+
| Processes:                                                                              |
|  GPU   GI   CI              PID   Type   Process name                        GPU Memory |
|        ID   ID                                                               Usage      |
|=========================================================================================|
|  No running processes found                                                             |
+-----------------------------------------------------------------------------------------+
### Finished TaskPrologue

🦥 Unsloth: Will patch your computer to enable 2x faster free finetuning.
🦥 Unsloth Zoo will now patch everything to make training faster!
Created run directory: /home/vault/iwi5/iwi5298h/models_image_text/gemma/schmuck/finetune/run_A100_20251102_222246

============================================================
GEMMA-3 SCHMUCK - A100 OPTIMIZED
============================================================
Loading Gemma-3 vision model with Unsloth...
Unsloth: WARNING `trust_remote_code` is True.
Are you certain you want to do remote code execution?
==((====))==  Unsloth 2025.7.3: Fast Gemma3 patching. Transformers: 4.51.3.
   \\   /|    NVIDIA A100-SXM4-40GB. Num GPUs = 1. Max memory: 39.494 GB. Platform: Linux.
O^O/ \_/ \    Torch: 2.7.1+cu126. CUDA: 8.0. CUDA Toolkit: 12.6. Triton: 3.3.1
\        /    Bfloat16 = TRUE. FA [Xformers = 0.0.31.post1. FA2 = False]
 "-____-"     Free license: http://github.com/unslothai/unsloth
Unsloth: Fast downloading is enabled - ignore downloading bars which are red colored!
Unsloth: Gemma3 does not support SDPA - switching to eager!
Model loaded - Unsloth auto-configured dtype and attention
Unsloth: Making `base_model.model.vision_tower.vision_model` require gradients
Gemma-3 vision model loaded with A100-optimized LoRA config

============================================================
STARTING TRAINING (A100-OPTIMIZED)
============================================================
Preparing training and validation datasets...
Training: 413 samples, Validation: 88 samples
GPU = NVIDIA A100-SXM4-40GB. Max memory = 39.494 GB.
4.809 GB of memory reserved.
Starting training with CER-based evaluation (A100-optimized)...
{'loss': 14.1868, 'grad_norm': 253.7092742919922, 'learning_rate': 0.0, 'epoch': 0.04}
{'loss': 14.0616, 'grad_norm': 245.4304962158203, 'learning_rate': 1.2000000000000002e-06, 'epoch': 0.19}
{'loss': 13.6152, 'grad_norm': 1757.3134765625, 'learning_rate': 2.7e-06, 'epoch': 0.39}
{'loss': 10.9934, 'grad_norm': 144.24026489257812, 'learning_rate': 4.2000000000000004e-06, 'epoch': 0.58}
{'loss': 7.771, 'grad_norm': 124.69710540771484, 'learning_rate': 5.7000000000000005e-06, 'epoch': 0.77}
{'loss': 5.4507, 'grad_norm': 124.92845916748047, 'learning_rate': 7.2e-06, 'epoch': 0.97}
{'eval_loss': 0.5658876895904541, 'eval_cer': 0.6900749063670412, 'eval_cer_percentage': 69.00749063670412, 'eval_runtime': 52.2565, 'eval_samples_per_second': 1.684, 'eval_steps_per_second': 1.684, 'epoch': 0.97}
{'loss': 4.4405, 'grad_norm': 65.01182556152344, 'learning_rate': 8.7e-06, 'epoch': 1.19}
{'loss': 2.4144, 'grad_norm': 39.937599182128906, 'learning_rate': 1.02e-05, 'epoch': 1.39}
{'loss': 1.2642, 'grad_norm': 209.13656616210938, 'learning_rate': 1.1700000000000001e-05, 'epoch': 1.58}
{'loss': 0.7432, 'grad_norm': 23.243946075439453, 'learning_rate': 1.32e-05, 'epoch': 1.77}
{'loss': 0.4988, 'grad_norm': 11.251267433166504, 'learning_rate': 1.47e-05, 'epoch': 1.97}
{'eval_loss': 0.05713709816336632, 'eval_cer': 0.5973782771535581, 'eval_cer_percentage': 59.737827715355806, 'eval_runtime': 51.5463, 'eval_samples_per_second': 1.707, 'eval_steps_per_second': 1.707, 'epoch': 1.97}
{'loss': 0.4514, 'grad_norm': 14.860346794128418, 'learning_rate': 1.62e-05, 'epoch': 2.19}
{'loss': 0.2757, 'grad_norm': 7.6831488609313965, 'learning_rate': 1.77e-05, 'epoch': 2.39}
{'loss': 0.1541, 'grad_norm': 18.093217849731445, 'learning_rate': 1.9200000000000003e-05, 'epoch': 2.58}
{'loss': 0.1065, 'grad_norm': 10.912835121154785, 'learning_rate': 2.07e-05, 'epoch': 2.77}
{'loss': 0.1222, 'grad_norm': 8.0800142288208, 'learning_rate': 2.22e-05, 'epoch': 2.97}
{'eval_loss': 0.01565360464155674, 'eval_cer': 0.6086142322097379, 'eval_cer_percentage': 60.86142322097379, 'eval_runtime': 51.9915, 'eval_samples_per_second': 1.693, 'eval_steps_per_second': 1.693, 'epoch': 2.97}
{'loss': 0.0884, 'grad_norm': 6.452609539031982, 'learning_rate': 2.37e-05, 'epoch': 3.19}
{'loss': 0.0495, 'grad_norm': 3.247832775115967, 'learning_rate': 2.52e-05, 'epoch': 3.39}
{'loss': 0.0817, 'grad_norm': 3.6053242683410645, 'learning_rate': 2.6700000000000002e-05, 'epoch': 3.58}
{'loss': 0.0665, 'grad_norm': 4.343231678009033, 'learning_rate': 2.8199999999999998e-05, 'epoch': 3.77}
{'loss': 0.0626, 'grad_norm': 10.6947021484375, 'learning_rate': 2.97e-05, 'epoch': 3.97}
{'eval_loss': 0.01496444083750248, 'eval_cer': 0.5674157303370787, 'eval_cer_percentage': 56.74157303370787, 'eval_runtime': 52.0792, 'eval_samples_per_second': 1.69, 'eval_steps_per_second': 1.69, 'epoch': 3.97}
{'loss': 0.0913, 'grad_norm': 3.9757535457611084, 'learning_rate': 2.9984341865073467e-05, 'epoch': 4.19}
{'loss': 0.0494, 'grad_norm': 4.86673641204834, 'learning_rate': 2.9920786714609776e-05, 'epoch': 4.39}
{'loss': 0.0606, 'grad_norm': 12.236860275268555, 'learning_rate': 2.9808563059202443e-05, 'epoch': 4.58}
{'loss': 0.0367, 'grad_norm': 1.6440579891204834, 'learning_rate': 2.9648036949089453e-05, 'epoch': 4.77}
{'loss': 0.0448, 'grad_norm': 1.9775711297988892, 'learning_rate': 2.9439731987076293e-05, 'epoch': 4.97}
{'eval_loss': 0.019019728526473045, 'eval_cer': 0.6329588014981273, 'eval_cer_percentage': 63.29588014981273, 'eval_runtime': 52.0947, 'eval_samples_per_second': 1.689, 'eval_steps_per_second': 1.689, 'epoch': 4.97}
{'loss': 0.0412, 'grad_norm': 5.684804439544678, 'learning_rate': 2.9184327620652376e-05, 'epoch': 5.19}
{'loss': 0.0387, 'grad_norm': 3.9650964736938477, 'learning_rate': 2.88826569257746e-05, 'epoch': 5.39}
{'loss': 0.0386, 'grad_norm': 5.557979106903076, 'learning_rate': 2.853570388954673e-05, 'epoch': 5.58}
{'loss': 0.0286, 'grad_norm': 2.389589309692383, 'learning_rate': 2.8144600200657953e-05, 'epoch': 5.77}
{'loss': 0.0282, 'grad_norm': 12.802019119262695, 'learning_rate': 2.771062155804964e-05, 'epoch': 5.97}
{'eval_loss': 0.015406756661832333, 'eval_cer': 0.5589887640449438, 'eval_cer_percentage': 55.89887640449438, 'eval_runtime': 51.6569, 'eval_samples_per_second': 1.704, 'eval_steps_per_second': 1.704, 'epoch': 5.97}
{'loss': 0.0286, 'grad_norm': 1.8546239137649536, 'learning_rate': 2.7235183509850527e-05, 'epoch': 6.19}
{'loss': 0.0245, 'grad_norm': 2.953352212905884, 'learning_rate': 2.6719836836152968e-05, 'epoch': 6.39}
{'loss': 0.0234, 'grad_norm': 1.4768661260604858, 'learning_rate': 2.616626249069058e-05, 'epoch': 6.58}
{'loss': 0.0278, 'grad_norm': 9.659693717956543, 'learning_rate': 2.5576266117916586e-05, 'epoch': 6.77}
{'loss': 0.0224, 'grad_norm': 2.940122365951538, 'learning_rate': 2.4951772163366876e-05, 'epoch': 6.97}
{'eval_loss': 0.01697131060063839, 'eval_cer': 0.5683520599250936, 'eval_cer_percentage': 56.835205992509366, 'eval_runtime': 51.6299, 'eval_samples_per_second': 1.704, 'eval_steps_per_second': 1.704, 'epoch': 6.97}
{'train_runtime': 3408.4132, 'train_samples_per_second': 1.818, 'train_steps_per_second': 0.11, 'train_loss': 1.809393177969115, 'epoch': 6.97}
3408.4132 seconds used for training.
56.81 minutes used for training.
Peak reserved memory = 11.707 GB.
Peak reserved memory for training = 6.898 GB.
Peak reserved memory % of max memory = 29.642 %.
Peak reserved memory for training % of max memory = 17.466 %.

Saving model to /home/vault/iwi5/iwi5298h/models_image_text/gemma/schmuck/finetune/run_A100_20251102_222246...
Model (LoRA adapters) saved successfully!

============================================================
STARTING EVALUATION ON TEST.JSONL
============================================================
Starting evaluation on test.jsonl with aggressive chunking...
Loaded 89 test samples

============================================================
Chunk 1/18 (5 images)
============================================================

[1/89] Processing: SCH_2891_118.jpg
  ✅ CER: 0.0000 (0.00%)

[2/89] Processing: SCH_2891_225.jpg
  ✅ CER: 0.0000 (0.00%)

[3/89] Processing: SCH_3071.jpg
  ✅ CER: 0.0023 (0.23%)

[4/89] Processing: SCH_3213.jpg
  ✅ CER: 0.0000 (0.00%)

[5/89] Processing: SCH_3129.jpg
  ✅ CER: 0.0000 (0.00%)

Chunk 1 completed. Cleaning memory...

============================================================
Chunk 2/18 (5 images)
============================================================

[6/89] Processing: SCH_2984.jpg
  ✅ CER: 0.0000 (0.00%)

[7/89] Processing: SCH_2891_162.jpg
  ✅ CER: 0.0025 (0.25%)

[8/89] Processing: SCH_3043.jpg
  ✅ CER: 0.0000 (0.00%)

[9/89] Processing: SCH_3005.jpg
  ✅ CER: 0.0000 (0.00%)

[10/89] Processing: SCH_3192_41.jpg
  ✅ CER: 0.0021 (0.21%)

Chunk 2 completed. Cleaning memory...

============================================================
Chunk 3/18 (5 images)
============================================================

[11/89] Processing: SCH_2106.jpg
  ✅ CER: 0.0280 (2.80%)

[12/89] Processing: SCH_2891_143.jpg
  ✅ CER: 0.0000 (0.00%)

[13/89] Processing: SCH_2892.jpg
  ✅ CER: 0.0000 (0.00%)

[14/89] Processing: SCH_2891_211.jpg
  ✅ CER: 0.0000 (0.00%)

[15/89] Processing: SCH_3170.jpg
  ✅ CER: 0.0025 (0.25%)

Chunk 3 completed. Cleaning memory...
Saved intermediate results to: /home/vault/iwi5/iwi5298h/models_image_text/gemma/schmuck/finetune/run_A100_20251102_222246/test_predictions_chunk_3.jsonl

============================================================
Chunk 4/18 (5 images)
============================================================

[16/89] Processing: SCH_2891_73.jpg
  ✅ CER: 0.0000 (0.00%)

[17/89] Processing: SCH_2087.jpg
  ✅ CER: 0.0000 (0.00%)

[18/89] Processing: SCH_2891_222.jpg
  ✅ CER: 0.0024 (0.24%)

[19/89] Processing: SCH_2891_63.jpg
  ✅ CER: 0.0043 (0.43%)

[20/89] Processing: SCH_2891_145.jpg
  ✅ CER: 0.0000 (0.00%)

Chunk 4 completed. Cleaning memory...

============================================================
Chunk 5/18 (5 images)
============================================================

[21/89] Processing: SCH_2891_292.jpg
  ✅ CER: 0.0025 (0.25%)

[22/89] Processing: SCH_3030.jpg
  ✅ CER: 0.0000 (0.00%)

[23/89] Processing: SCH_3220.jpg
  ✅ CER: 0.0000 (0.00%)

[24/89] Processing: SCH_3179.jpg
  ✅ CER: 0.0050 (0.50%)

[25/89] Processing: SCH_3239.jpg
  ✅ CER: 0.0099 (0.99%)

Chunk 5 completed. Cleaning memory...

============================================================
Chunk 6/18 (5 images)
============================================================

[26/89] Processing: SCH_3192_6.jpg
  ✅ CER: 0.0000 (0.00%)

[27/89] Processing: SCH_2891_142.jpg
  ✅ CER: 0.0000 (0.00%)

[28/89] Processing: SCH_2891_53.jpg
  ✅ CER: 0.0000 (0.00%)

[29/89] Processing: SCH_2891_262_263.jpg
  ✅ CER: 0.0000 (0.00%)

[30/89] Processing: SCH_2891_282.jpg
  ✅ CER: 0.0043 (0.43%)

Chunk 6 completed. Cleaning memory...
Saved intermediate results to: /home/vault/iwi5/iwi5298h/models_image_text/gemma/schmuck/finetune/run_A100_20251102_222246/test_predictions_chunk_6.jsonl

============================================================
Chunk 7/18 (5 images)
============================================================

[31/89] Processing: SCH_3218.jpg
  ✅ CER: 0.0000 (0.00%)

[32/89] Processing: SCH_2891_275.jpg
  ✅ CER: 0.0000 (0.00%)

[33/89] Processing: SCH_3002.jpg
  ✅ CER: 0.0053 (0.53%)

[34/89] Processing: SCH_3137_a.jpg
  ✅ CER: 0.0510 (5.10%)

[35/89] Processing: SCH_3131.jpg
  ✅ CER: 0.0000 (0.00%)

Chunk 7 completed. Cleaning memory...

============================================================
Chunk 8/18 (5 images)
============================================================

[36/89] Processing: SCH_3192_36.jpg
  ✅ CER: 0.1211 (12.11%)

[37/89] Processing: SCH_3165.jpg
  ✅ CER: 0.0000 (0.00%)

[38/89] Processing: SCH_3192_14.jpg
  ✅ CER: 0.0000 (0.00%)

[39/89] Processing: SCH_2891_173.jpg
  ✅ CER: 0.0000 (0.00%)

[40/89] Processing: SCH_2891_72.jpg
  ✅ CER: 0.0000 (0.00%)

Chunk 8 completed. Cleaning memory...

============================================================
Chunk 9/18 (5 images)
============================================================

[41/89] Processing: SCH_2067_recto.jpg
  ✅ CER: 0.1969 (19.69%)

[42/89] Processing: SCH_3192_4.jpg
  ✅ CER: 0.0000 (0.00%)

[43/89] Processing: SCH_2891_29_30.jpg
  ✅ CER: 0.0448 (4.48%)

[44/89] Processing: SCH_2891_272.jpg
  ✅ CER: 0.0000 (0.00%)

[45/89] Processing: SCH_2891_177.jpg
  ✅ CER: 0.0000 (0.00%)

Chunk 9 completed. Cleaning memory...
Saved intermediate results to: /home/vault/iwi5/iwi5298h/models_image_text/gemma/schmuck/finetune/run_A100_20251102_222246/test_predictions_chunk_9.jsonl

============================================================
Chunk 10/18 (5 images)
============================================================

[46/89] Processing: SCH_3192_13.jpg
  ✅ CER: 0.0000 (0.00%)

[47/89] Processing: SCH_2891_291.jpg
  ✅ CER: 0.0069 (0.69%)

[48/89] Processing: SCH_3192_60.jpg
  ✅ CER: 0.0024 (0.24%)

[49/89] Processing: SCH_3124.jpg
  ✅ CER: 0.0100 (1.00%)

[50/89] Processing: SCH_3026.jpg
  ✅ CER: 0.0000 (0.00%)

Chunk 10 completed. Cleaning memory...

============================================================
Chunk 11/18 (5 images)
============================================================

[51/89] Processing: SCH_2065.jpg
  ✅ CER: 0.1263 (12.63%)

[52/89] Processing: SCH_2891_138.jpg
  ✅ CER: 0.0508 (5.08%)

[53/89] Processing: SCH_2891_245.jpg
  ✅ CER: 0.0023 (0.23%)

[54/89] Processing: SCH_2891_268.jpg
  ✅ CER: 0.0000 (0.00%)

[55/89] Processing: SCH_3192_32.jpg
  ✅ CER: 0.0022 (0.22%)

Chunk 11 completed. Cleaning memory...

============================================================
Chunk 12/18 (5 images)
============================================================

[56/89] Processing: SCH_2891_293.jpg
  ✅ CER: 0.0098 (0.98%)

[57/89] Processing: SCH_3192_27.jpg
  ✅ CER: 0.0092 (0.92%)

[58/89] Processing: SCH_3174.jpg
  ✅ CER: 0.0045 (0.45%)

[59/89] Processing: SCH_2891_235_236.jpg
  ✅ CER: 0.0023 (0.23%)

[60/89] Processing: SCH_2891_59.jpg
  ✅ CER: 0.0024 (0.24%)

Chunk 12 completed. Cleaning memory...
Saved intermediate results to: /home/vault/iwi5/iwi5298h/models_image_text/gemma/schmuck/finetune/run_A100_20251102_222246/test_predictions_chunk_12.jsonl

============================================================
Chunk 13/18 (5 images)
============================================================

[61/89] Processing: SCH_3211.jpg
  ✅ CER: 0.0000 (0.00%)

[62/89] Processing: SCH_3141.jpg
  ✅ CER: 0.0024 (0.24%)

[63/89] Processing: SCH_2891_241.jpg
  ✅ CER: 0.0000 (0.00%)

[64/89] Processing: SCH_3171.jpg
  ✅ CER: 0.0072 (0.72%)

[65/89] Processing: SCH_3215.jpg
  ✅ CER: 0.0000 (0.00%)

Chunk 13 completed. Cleaning memory...

============================================================
Chunk 14/18 (5 images)
============================================================

[66/89] Processing: SCH_1938.jpg
  ✅ CER: 0.0065 (0.65%)

[67/89] Processing: SCH_2891_153_154.jpg
  ✅ CER: 0.0023 (0.23%)

[68/89] Processing: SCH_2997.jpg
  ✅ CER: 0.0000 (0.00%)

[69/89] Processing: SCH_2891_64.jpg
  ✅ CER: 0.0022 (0.22%)

[70/89] Processing: SCH_2944.jpg
  ✅ CER: 0.0020 (0.20%)

Chunk 14 completed. Cleaning memory...

============================================================
Chunk 15/18 (5 images)
============================================================

[71/89] Processing: SCH_3173_ab.jpg
  ✅ CER: 0.0000 (0.00%)

[72/89] Processing: SCH_2891_41.jpg
  ✅ CER: 0.0000 (0.00%)

[73/89] Processing: SCH_2032.jpg
  ✅ CER: 0.0161 (1.61%)

[74/89] Processing: SCH_3078.jpg
  ✅ CER: 0.0049 (0.49%)

[75/89] Processing: SCH_2891_77_78.jpg
  ✅ CER: 0.0024 (0.24%)

Chunk 15 completed. Cleaning memory...
Saved intermediate results to: /home/vault/iwi5/iwi5298h/models_image_text/gemma/schmuck/finetune/run_A100_20251102_222246/test_predictions_chunk_15.jsonl

============================================================
Chunk 16/18 (5 images)
============================================================

[76/89] Processing: SCH_2891_62.jpg
  ✅ CER: 0.0000 (0.00%)

[77/89] Processing: SCH_3192_28.jpg
  ✅ CER: 0.0037 (0.37%)

[78/89] Processing: SCH_2043_recto.jpg
  ✅ CER: 0.0047 (0.47%)

[79/89] Processing: SCH_2045.jpg
  ✅ CER: 0.0000 (0.00%)

[80/89] Processing: SCH_2965.jpg
  ✅ CER: 0.0025 (0.25%)

Chunk 16 completed. Cleaning memory...

============================================================
Chunk 17/18 (5 images)
============================================================

[81/89] Processing: SCH_3192_22.jpg
  ✅ CER: 0.0048 (0.48%)

[82/89] Processing: SCH_3133_a.jpg
  ✅ CER: 0.0000 (0.00%)

[83/89] Processing: SCH_3192_37.jpg
  ✅ CER: 0.0045 (0.45%)

[84/89] Processing: SCH_3195_9.jpg
  ✅ CER: 0.0000 (0.00%)

[85/89] Processing: SCH_2891_67_recto.jpg
  ✅ CER: 0.0023 (0.23%)

Chunk 17 completed. Cleaning memory...

============================================================
Chunk 18/18 (4 images)
============================================================

[86/89] Processing: SCH_2891_99.jpg
  ✅ CER: 0.0000 (0.00%)

[87/89] Processing: SCH_2891_150.jpg
  ✅ CER: 0.0023 (0.23%)

[88/89] Processing: SCH_2025.jpg
  ✅ CER: 0.0023 (0.23%)

[89/89] Processing: SCH_3192_48.jpg
  ✅ CER: 0.0044 (0.44%)

Chunk 18 completed. Cleaning memory...
Saved intermediate results to: /home/vault/iwi5/iwi5298h/models_image_text/gemma/schmuck/finetune/run_A100_20251102_222246/test_predictions_chunk_18.jsonl

CER evaluation results saved to: /home/vault/iwi5/iwi5298h/models_image_text/gemma/schmuck/finetune/run_A100_20251102_222246/cer_evaluation_results.txt

🎉 Gemma-3 Schmuck training completed!
All outputs saved to: /home/vault/iwi5/iwi5298h/models_image_text/gemma/schmuck/finetune/run_A100_20251102_222246

Final CER: 0.0089 (0.89%)
Gemma-3 training completed at: Mon Nov  3 12:09:43 AM CET 2025
=== JOB_STATISTICS ===
=== current date     : Mon Nov  3 12:09:43 AM CET 2025
= Job-ID             : 1295042 on tinygpu
= Job-Name           : schmuck
= Job-Command        : /home/hpc/iwi5/iwi5298h/Uddipan-Thesis/jobfiles/job_gemma2.sh
= Initial workdir    : /home/hpc/iwi5/iwi5298h/Uddipan-Thesis/jobfiles
= Queue/Partition    : a100
= Slurm account      : iwi5 with QOS=normal
= Requested resources:  for 15:00:00
= Elapsed runtime    : 01:47:24
= Total RAM usage    : 11.1 GiB of requested  GiB (%)   
= Node list          : tg090
= Subm/Elig/Start/End: 2025-11-02T19:59:39 / 2025-11-02T19:59:39 / 2025-11-02T22:22:19 / 2025-11-03T00:09:43
======================
=== Quota infos ======
    Path                 Used     SoftQ    HardQ    Gracetime  Filec    FileQ    FiHaQ    FileGrace    
    /home/hpc             102.4G   104.9G   209.7G        N/A  30,541      500K   1,000K        N/A    
    /home/woody           184.1G  1000.0G  1500.0G        N/A     841K   5,000K   7,500K        N/A    
    /home/vault           857.3G  1048.6G  2097.2G        N/A   4,825      200K     400K        N/A    
======================
=== GPU utilization ==
gpu_name, gpu_bus_id, pid, gpu_utilization [%], mem_utilization [%], max_memory_usage [MiB], time [ms]
NVIDIA A100-SXM4-40GB, 00000000:81:00.0, 3700789, 30 %, 9 %, 12530 MiB, 6435728 ms
