### Starting TaskPrologue of job 1464357 on tg073 at Tue Dec 16 07:01:45 PM CET 2025
Running on cores 6-7,14-15,22-23,30-31 with governor ondemand
Tue Dec 16 19:01:45 2025       
+-----------------------------------------------------------------------------------------+
| NVIDIA-SMI 570.195.03             Driver Version: 570.195.03     CUDA Version: 12.8     |
|-----------------------------------------+------------------------+----------------------+
| GPU  Name                 Persistence-M | Bus-Id          Disp.A | Volatile Uncorr. ECC |
| Fan  Temp   Perf          Pwr:Usage/Cap |           Memory-Usage | GPU-Util  Compute M. |
|                                         |                        |               MIG M. |
|=========================================+========================+======================|
|   0  Tesla V100-PCIE-32GB           On  |   00000000:AF:00.0 Off |                    0 |
| N/A   47C    P0             47W /  250W |       0MiB /  32768MiB |      0%      Default |
|                                         |                        |                  N/A |
+-----------------------------------------+------------------------+----------------------+
                                                                                         
+-----------------------------------------------------------------------------------------+
| Processes:                                                                              |
|  GPU   GI   CI              PID   Type   Process name                        GPU Memory |
|        ID   ID                                                               Usage      |
|=========================================================================================|
|  No running processes found                                                             |
+-----------------------------------------------------------------------------------------+
### Finished TaskPrologue

Starting training at: Tue Dec 16 07:01:47 PM CET 2025
Finished at: Tue Dec 16 07:02:14 PM CET 2025
Exit status: 2
=== JOB_STATISTICS ===
=== current date     : Tue Dec 16 07:02:14 PM CET 2025
= Job-ID             : 1464357 on tinygpu
= Job-Name           : phi_multidataset
= Job-Command        : /home/hpc/iwi5/iwi5298h/Uddipan-Thesis/jobfiles/job_phi2.sh
= Initial workdir    : /home/hpc/iwi5/iwi5298h/Uddipan-Thesis/jobfiles
= Queue/Partition    : v100
= Slurm account      : iwi5 with QOS=normal
= Requested resources:  for 1-00:00:00
= Elapsed runtime    : 00:00:31
= Total RAM usage    : 1.2 GiB of requested  GiB (%)   
= Node list          : tg073
= Subm/Elig/Start/End: 2025-12-13T17:32:37 / 2025-12-13T17:32:37 / 2025-12-16T19:01:43 / 2025-12-16T19:02:14
======================
=== Quota infos ======
    Path                 Used     SoftQ    HardQ    Gracetime  Filec    FileQ    FiHaQ    FileGrace    
    /home/hpc              88.1G   104.9G   209.7G        N/A  28,747      500K   1,000K        N/A    
    /home/woody           219.5G  1000.0G  1500.0G        N/A   1,015K   5,000K   7,500K        N/A    
======================
=== GPU utilization ==
gpu_name, gpu_bus_id, pid, gpu_utilization [%], mem_utilization [%], max_memory_usage [MiB], time [ms]
