### Starting TaskPrologue of job 1244767 on tg080 at Tue Oct 21 05:54:38 PM CEST 2025
Running on cores 10-11,26-27,42-43,58-59 with governor powersave
Tue Oct 21 17:54:38 2025       
+-----------------------------------------------------------------------------------------+
| NVIDIA-SMI 580.95.05              Driver Version: 580.95.05      CUDA Version: 13.0     |
+-----------------------------------------+------------------------+----------------------+
| GPU  Name                 Persistence-M | Bus-Id          Disp.A | Volatile Uncorr. ECC |
| Fan  Temp   Perf          Pwr:Usage/Cap |           Memory-Usage | GPU-Util  Compute M. |
|                                         |                        |               MIG M. |
|=========================================+========================+======================|
|   0  NVIDIA GeForce RTX 3080        On  |   00000000:B2:00.0 Off |                  N/A |
| 30%   34C    P8             17W /  300W |       1MiB /  10240MiB |      0%      Default |
|                                         |                        |                  N/A |
+-----------------------------------------+------------------------+----------------------+

+-----------------------------------------------------------------------------------------+
| Processes:                                                                              |
|  GPU   GI   CI              PID   Type   Process name                        GPU Memory |
|        ID   ID                                                               Usage      |
|=========================================================================================|
|  No running processes found                                                             |
+-----------------------------------------------------------------------------------------+
### Finished TaskPrologue

Starting training at: Tue Oct 21 05:54:39 PM CEST 2025
Finished at: Tue Oct 21 05:54:58 PM CEST 2025
Exit status: 1
=== JOB_STATISTICS ===
=== current date     : Tue Oct 21 05:54:58 PM CEST 2025
= Job-ID             : 1244767 on tinygpu
= Job-Name           : stair_phi
= Job-Command        : /home/hpc/iwi5/iwi5298h/Uddipan-Thesis/jobfiles/job_phi.sh
= Initial workdir    : /home/hpc/iwi5/iwi5298h/Uddipan-Thesis/jobfiles
= Queue/Partition    : rtx3080
= Slurm account      : iwi5 with QOS=normal
= Requested resources:  for 1-00:00:00
= Elapsed runtime    : 00:00:41
= Total RAM usage    : 1.8 GiB of requested  GiB (%)   
= Node list          : tg080
= Subm/Elig/Start/End: 2025-10-21T17:54:15 / 2025-10-21T17:54:15 / 2025-10-21T17:54:17 / 2025-10-21T17:54:58
======================
=== Quota infos ======
    Path                 Used     SoftQ    HardQ    Gracetime  Filec    FileQ    FiHaQ    FileGrace    
    /home/woody           180.7G  1000.0G  1500.0G        N/A     802K   5,000K   7,500K        N/A    
    /home/hpc             100.8G   104.9G   209.7G        N/A  33,117      500K   1,000K        N/A    
    /home/vault           838.2G  1048.6G  2097.2G        N/A   4,255      200K     400K        N/A    
======================
=== GPU utilization ==
gpu_name, gpu_bus_id, pid, gpu_utilization [%], mem_utilization [%], max_memory_usage [MiB], time [ms]
