### Starting TaskPrologue of job 1242771 on tg071 at Fri Oct 17 02:49:09 PM CEST 2025
Running on cores 4-5,12-13,20-21,28-29 with governor ondemand
Fri Oct 17 14:49:09 2025       
+-----------------------------------------------------------------------------------------+
| NVIDIA-SMI 570.195.03             Driver Version: 570.195.03     CUDA Version: 12.8     |
|-----------------------------------------+------------------------+----------------------+
| GPU  Name                 Persistence-M | Bus-Id          Disp.A | Volatile Uncorr. ECC |
| Fan  Temp   Perf          Pwr:Usage/Cap |           Memory-Usage | GPU-Util  Compute M. |
|                                         |                        |               MIG M. |
|=========================================+========================+======================|
|   0  Tesla V100-PCIE-32GB           On  |   00000000:86:00.0 Off |                    0 |
| N/A   31C    P0             26W /  250W |       0MiB /  32768MiB |      0%      Default |
|                                         |                        |                  N/A |
+-----------------------------------------+------------------------+----------------------+
                                                                                         
+-----------------------------------------------------------------------------------------+
| Processes:                                                                              |
|  GPU   GI   CI              PID   Type   Process name                        GPU Memory |
|        ID   ID                                                               Usage      |
|=========================================================================================|
|  No running processes found                                                             |
+-----------------------------------------------------------------------------------------+
### Finished TaskPrologue

============================================================
NANONETS-OCR-S FEW-SHOT STAIRCASE OCR PROCESSING
============================================================

Loading test data...
Loaded 26 test samples

Loading training data...
Loaded 26 training samples

Selecting specific diverse few-shot examples...
✓ Selected INNENTREPPE: FMIS_FormblätterMielke_gefüllt (8).jpg
  Actual type in JSON: INNENTREPPE
  Path: /home/woody/iwi5/iwi5298h/staircase_images/FMIS_FormblätterMielke_gefüllt (8).jpg
✗ NOT FOUND: FMIS_FormblätterMielke_gefüllt (1).jpg

WARNING: Could not find specified images. Using fallback...
✓ Fallback 1: FMIS_FormblätterMielke_gefüllt (14).jpg
✓ Fallback 2: FMIS_FormblätterMielke_gefüllt (18).jpg

============================================================
FINAL: Using 2 DIVERSE few-shot examples:
  1. FMIS_FormblätterMielke_gefüllt (14).jpg
     Type: INNENTREPPE
     Path: /home/woody/iwi5/iwi5298h/staircase_images/FMIS_FormblätterMielke_gefüllt (14).jpg
  2. FMIS_FormblätterMielke_gefüllt (18).jpg
     Type: WENDELTREPPE
     Path: /home/woody/iwi5/iwi5298h/staircase_images/FMIS_FormblätterMielke_gefüllt (18).jpg
============================================================
Loading Nanonets-OCR-s model...
Model location: /home/vault/iwi5/iwi5298h/models/Nanonets-OCR-s
Model found at /home/vault/iwi5/iwi5298h/models/Nanonets-OCR-s
Model loaded successfully!
GPU Memory - Allocated: 7.51 GB, Reserved: 7.63 GB

Creating few-shot messages with diverse layouts...
  Few-shot example 1: FMIS_FormblätterMielke_gefüllt (14).jpg
    Type: INNENTREPPE
    Resolved path: /home/woody/iwi5/iwi5298h/staircase_images/FMIS_FormblätterMielke_gefüllt (14).jpg
    Exists: True
    Resizing from 2478x3540 to 716x1024
  Few-shot example 2: FMIS_FormblätterMielke_gefüllt (18).jpg
    Type: WENDELTREPPE
    Resolved path: /home/woody/iwi5/iwi5298h/staircase_images/FMIS_FormblätterMielke_gefüllt (18).jpg
    Exists: True
    Resizing from 2474x3540 to 715x1024
Created few-shot conversation with 5 messages
Total images per inference: 2 few-shot + 1 test = 3

Processing 26 test images...
------------------------------------------------------------

[1/26] Processing: FMIS_FormblätterMielke_gefüllt (14).jpg
  Resolved path: /home/woody/iwi5/iwi5298h/staircase_images/FMIS_FormblätterMielke_gefüllt (14).jpg
    Resizing from 2478x3540 to 716x1024
  CER: 0.3249 (32.49%)
  GPU Memory: 7.52 GB

[2/26] Processing: FMIS_FormblätterMielke_gefüllt (18).jpg
  Resolved path: /home/woody/iwi5/iwi5298h/staircase_images/FMIS_FormblätterMielke_gefüllt (18).jpg
    Resizing from 2474x3540 to 715x1024
  CER: 0.0000 (0.00%)
  GPU Memory: 7.52 GB

[3/26] Processing: FMIS_FormblätterMielke_gefüllt (35).jpg
  Resolved path: /home/woody/iwi5/iwi5298h/staircase_images/FMIS_FormblätterMielke_gefüllt (35).jpg
    Resizing from 2474x3540 to 715x1024
  CER: 0.9984 (99.84%)
  GPU Memory: 7.52 GB

[4/26] Processing: FMIS_FormblätterMielke_gefüllt (12).jpg
  Resolved path: /home/woody/iwi5/iwi5298h/staircase_images/FMIS_FormblätterMielke_gefüllt (12).jpg
    Resizing from 2492x3550 to 718x1024
  CER: 0.9985 (99.85%)
  GPU Memory: 7.52 GB

[5/26] Processing: FMIS_FormblätterMielke_gefüllt (27).jpg
  Resolved path: /home/woody/iwi5/iwi5298h/staircase_images/FMIS_FormblätterMielke_gefüllt (27).jpg
    Resizing from 2490x3534 to 721x1024
  CER: 0.7322 (73.22%)
  GPU Memory: 7.52 GB

[6/26] Processing: FMIS_FormblätterMielke_gefüllt (2).jpg
  Resolved path: /home/woody/iwi5/iwi5298h/staircase_images/FMIS_FormblätterMielke_gefüllt (2).jpg
    Resizing from 2478x3546 to 715x1024
  CER: 0.0978 (9.78%)
  GPU Memory: 7.52 GB

[7/26] Processing: FMIS_FormblätterMielke_gefüllt (3).jpg
  Resolved path: /home/woody/iwi5/iwi5298h/staircase_images/FMIS_FormblätterMielke_gefüllt (3).jpg
    Resizing from 2474x3556 to 712x1024
  CER: 0.0845 (8.45%)
  GPU Memory: 7.52 GB

[8/26] Processing: FMIS_FormblätterMielke_gefüllt (25).jpg
  Resolved path: /home/woody/iwi5/iwi5298h/staircase_images/FMIS_FormblätterMielke_gefüllt (25).jpg
    Resizing from 2478x3542 to 716x1024
  CER: 0.9221 (92.21%)
  GPU Memory: 7.52 GB

[9/26] Processing: FMIS_FormblätterMielke_gefüllt (37).jpg
  Resolved path: /home/woody/iwi5/iwi5298h/staircase_images/FMIS_FormblätterMielke_gefüllt (37).jpg
    Resizing from 2480x3532 to 719x1024
  CER: 0.9982 (99.82%)
  GPU Memory: 7.52 GB

[10/26] Processing: FMIS_FormblätterMielke_gefüllt (15).jpg
  Resolved path: /home/woody/iwi5/iwi5298h/staircase_images/FMIS_FormblätterMielke_gefüllt (15).jpg
    Resizing from 2492x3548 to 719x1024
  CER: 0.9984 (99.84%)
  GPU Memory: 7.52 GB

[11/26] Processing: FMIS_FormblätterMielke_gefüllt (34).jpg
  Resolved path: /home/woody/iwi5/iwi5298h/staircase_images/FMIS_FormblätterMielke_gefüllt (34).jpg
    Resizing from 2480x3548 to 715x1024
  CER: 0.1241 (12.41%)
  GPU Memory: 7.52 GB

[12/26] Processing: FMIS_FormblätterMielke_gefüllt (22).jpg
  Resolved path: /home/woody/iwi5/iwi5298h/staircase_images/FMIS_FormblätterMielke_gefüllt (22).jpg
    Resizing from 2472x3546 to 713x1024
  CER: 0.9983 (99.83%)
  GPU Memory: 7.52 GB

[13/26] Processing: FMIS_FormblätterMielke_gefüllt (38).jpg
  Resolved path: /home/woody/iwi5/iwi5298h/staircase_images/FMIS_FormblätterMielke_gefüllt (38).jpg
    Resizing from 3372x4740 to 728x1024
  CER: 0.9986 (99.86%)
  GPU Memory: 7.52 GB

[14/26] Processing: FMIS_FormblätterMielke_gefüllt (28).jpg
  Resolved path: /home/woody/iwi5/iwi5298h/staircase_images/FMIS_FormblätterMielke_gefüllt (28).jpg
    Resizing from 2484x3534 to 719x1024
  CER: 0.9985 (99.85%)
  GPU Memory: 7.52 GB

[15/26] Processing: FMIS_FormblätterMielke_gefüllt (4).jpg
  Resolved path: /home/woody/iwi5/iwi5298h/staircase_images/FMIS_FormblätterMielke_gefüllt (4).jpg
    Resizing from 2488x3548 to 718x1024
  CER: 0.6801 (68.01%)
  GPU Memory: 7.52 GB

[16/26] Processing: FMIS_FormblätterMielke_gefüllt (16).jpg
  Resolved path: /home/woody/iwi5/iwi5298h/staircase_images/FMIS_FormblätterMielke_gefüllt (16).jpg
    Resizing from 2476x3544 to 715x1024
  CER: 0.5081 (50.81%)
  GPU Memory: 7.52 GB

[17/26] Processing: FMIS_FormblätterMielke_gefüllt (24).jpg
  Resolved path: /home/woody/iwi5/iwi5298h/staircase_images/FMIS_FormblätterMielke_gefüllt (24).jpg
    Resizing from 2474x3538 to 716x1024
  CER: 0.2160 (21.60%)
  GPU Memory: 7.52 GB

[18/26] Processing: FMIS_FormblätterMielke_gefüllt (11).jpg
  Resolved path: /home/woody/iwi5/iwi5298h/staircase_images/FMIS_FormblätterMielke_gefüllt (11).jpg
    Resizing from 2504x3564 to 719x1024
  CER: 0.7487 (74.87%)
  GPU Memory: 7.52 GB

[19/26] Processing: FMIS_FormblätterMielke_gefüllt (39).jpg
  Resolved path: /home/woody/iwi5/iwi5298h/staircase_images/FMIS_FormblätterMielke_gefüllt (39).jpg
    Resizing from 2480x3538 to 717x1024
  CER: 0.9488 (94.88%)
  GPU Memory: 7.52 GB

[20/26] Processing: FMIS_FormblätterMielke_gefüllt (41).jpg
  Resolved path: /home/woody/iwi5/iwi5298h/staircase_images/FMIS_FormblätterMielke_gefüllt (41).jpg
    Resizing from 2486x3536 to 719x1024
  CER: 0.9982 (99.82%)
  GPU Memory: 7.52 GB

[21/26] Processing: FMIS_FormblätterMielke_gefüllt (21).jpg
  Resolved path: /home/woody/iwi5/iwi5298h/staircase_images/FMIS_FormblätterMielke_gefüllt (21).jpg
    Resizing from 2466x3538 to 713x1024
  CER: 0.0687 (6.87%)
  GPU Memory: 7.52 GB

[22/26] Processing: FMIS_FormblätterMielke_gefüllt (8).jpg
  Resolved path: /home/woody/iwi5/iwi5298h/staircase_images/FMIS_FormblätterMielke_gefüllt (8).jpg
    Resizing from 2480x3540 to 717x1024
  CER: 0.9984 (99.84%)
  GPU Memory: 7.52 GB

[23/26] Processing: FMIS_FormblätterMielke_gefüllt (7).jpg
  Resolved path: /home/woody/iwi5/iwi5298h/staircase_images/FMIS_FormblätterMielke_gefüllt (7).jpg
    Resizing from 2484x3550 to 716x1024
  CER: 0.2824 (28.24%)
  GPU Memory: 7.52 GB

[24/26] Processing: FMIS_FormblätterMielke_Vorlage1.jpg
  Resolved path: /home/woody/iwi5/iwi5298h/staircase_images/FMIS_FormblätterMielke_Vorlage1.jpg
    Resizing from 2486x3548 to 717x1024
  CER: 0.9980 (99.80%)
  GPU Memory: 7.52 GB

[25/26] Processing: FMIS_FormblätterMielke_gefüllt (36).jpg
  Resolved path: /home/woody/iwi5/iwi5298h/staircase_images/FMIS_FormblätterMielke_gefüllt (36).jpg
    Resizing from 2488x3538 to 720x1024
  CER: 0.1295 (12.95%)
  GPU Memory: 7.52 GB

[26/26] Processing: FMIS_FormblätterMielke_gefüllt (26).jpg
  Resolved path: /home/woody/iwi5/iwi5298h/staircase_images/FMIS_FormblätterMielke_gefüllt (26).jpg
    Resizing from 2484x3542 to 718x1024
  CER: 0.9984 (99.84%)
  GPU Memory: 7.52 GB

Saving results to: /home/vault/iwi5/iwi5298h/models_image_text/nanonets/shots_staircase/run_fewshot_20251017_151321
Predictions saved to: /home/vault/iwi5/iwi5298h/models_image_text/nanonets/shots_staircase/run_fewshot_20251017_151321/predictions_fewshot.jsonl

============================================================
NANONETS-OCR-S FEW-SHOT CER EVALUATION RESULTS
STAIRCASE DOCUMENTATION DATASET
============================================================

CER Statistics across 26 images:
--------------------------------------------------
Average CER: 0.6481 (64.81%)
Minimum CER: 0.0000 (0.00%)
Maximum CER: 0.9986 (99.86%)

Weighted CER: 0.6332 (63.32%)
Total characters: 32743
Total errors: 20733
Perfect matches: 1/26 (3.8%)

Summary saved to: /home/vault/iwi5/iwi5298h/models_image_text/nanonets/shots_staircase/run_fewshot_20251017_151321/evaluation_summary_fewshot.json

============================================================
FEW-SHOT PROCESSING COMPLETE!
============================================================
Model: Nanonets-OCR-s
Dataset: Staircase Documentation
Method: Few-Shot Learning (2 diverse examples)
Results saved to: /home/vault/iwi5/iwi5298h/models_image_text/nanonets/shots_staircase/run_fewshot_20251017_151321
Total images processed: 26
Average CER on test set: 0.6481 (64.81%)
============================================================

Nano training completed at: Fri Oct 17 03:13:24 PM CEST 2025
=== JOB_STATISTICS ===
=== current date     : Fri Oct 17 03:13:24 PM CEST 2025
= Job-ID             : 1242771 on tinygpu
= Job-Name           : few_stair_nano
= Job-Command        : /home/hpc/iwi5/iwi5298h/Uddipan-Thesis/jobfiles/job_nano.sh
= Initial workdir    : /home/hpc/iwi5/iwi5298h/Uddipan-Thesis/jobfiles
= Queue/Partition    : v100
= Slurm account      : iwi5 with QOS=normal
= Requested resources:  for 1-00:00:00
= Elapsed runtime    : 00:24:18
= Total RAM usage    : 9.1 GiB of requested  GiB (%)   
= Node list          : tg071
= Subm/Elig/Start/End: 2025-10-17T14:48:57 / 2025-10-17T14:48:57 / 2025-10-17T14:48:58 / 2025-10-17T15:13:16
======================
=== Quota infos ======
    Path                 Used     SoftQ    HardQ    Gracetime  Filec    FileQ    FiHaQ    FileGrace    
    /home/hpc              87.3G   104.9G   209.7G        N/A  32,941      500K   1,000K        N/A    
    /home/woody           122.1G  1000.0G  1500.0G        N/A     606K   5,000K   7,500K        N/A    
    /home/vault           578.6G  1048.6G  2097.2G        N/A   3,874      200K     400K        N/A    
======================
=== GPU utilization ==
gpu_name, gpu_bus_id, pid, gpu_utilization [%], mem_utilization [%], max_memory_usage [MiB], time [ms]
Tesla V100-PCIE-32GB, 00000000:86:00.0, 153193, 41 %, 31 %, 10482 MiB, 1373244 ms
