No label_names provided for model class `PeftModelForCausalLM`. Since `PeftModel` hides base models input arguments, if label_names is not given, label_names can't be set automatically within `Trainer`. Note that empty label_names list will be used instead.
Using EarlyStoppingCallback without load_best_model_at_end=True. Once training is finished, the best model will not be loaded automatically.
  0%|          | 0/280 [00:00<?, ?it/s]Traceback (most recent call last):
  File "/home/hpc/iwi5/iwi5298h/Uddipan-Thesis/florence2/finetune_with_image_text/stair2.py", line 700, in <module>
    main()
  File "/home/hpc/iwi5/iwi5298h/Uddipan-Thesis/florence2/finetune_with_image_text/stair2.py", line 691, in main
    trainer_obj.train(train_data, val_data, images_dir)
  File "/home/hpc/iwi5/iwi5298h/Uddipan-Thesis/florence2/finetune_with_image_text/stair2.py", line 522, in train
    trainer.train()
  File "/home/woody/iwi5/iwi5298h/software/private/conda/envs/florence2_env/lib/python3.11/site-packages/transformers/trainer.py", line 2241, in train
    return inner_training_loop(
           ^^^^^^^^^^^^^^^^^^^^
  File "/home/woody/iwi5/iwi5298h/software/private/conda/envs/florence2_env/lib/python3.11/site-packages/transformers/trainer.py", line 2548, in _inner_training_loop
    tr_loss_step = self.training_step(model, inputs, num_items_in_batch)
                   ^^^^^^^^^^^^^^^^^^^^^^^^^^^^^^^^^^^^^^^^^^^^^^^^^^^^^
  File "/home/woody/iwi5/iwi5298h/software/private/conda/envs/florence2_env/lib/python3.11/site-packages/transformers/trainer.py", line 3698, in training_step
    loss = self.compute_loss(model, inputs, num_items_in_batch=num_items_in_batch)
           ^^^^^^^^^^^^^^^^^^^^^^^^^^^^^^^^^^^^^^^^^^^^^^^^^^^^^^^^^^^^^^^^^^^^^^^
  File "/home/woody/iwi5/iwi5298h/software/private/conda/envs/florence2_env/lib/python3.11/site-packages/transformers/trainer.py", line 3759, in compute_loss
    outputs = model(**inputs)
              ^^^^^^^^^^^^^^^
  File "/home/woody/iwi5/iwi5298h/software/private/conda/envs/florence2_env/lib/python3.11/site-packages/torch/nn/modules/module.py", line 1751, in _wrapped_call_impl
    return self._call_impl(*args, **kwargs)
           ^^^^^^^^^^^^^^^^^^^^^^^^^^^^^^^^
  File "/home/woody/iwi5/iwi5298h/software/private/conda/envs/florence2_env/lib/python3.11/site-packages/torch/nn/modules/module.py", line 1762, in _call_impl
    return forward_call(*args, **kwargs)
           ^^^^^^^^^^^^^^^^^^^^^^^^^^^^^
  File "/home/woody/iwi5/iwi5298h/software/private/conda/envs/florence2_env/lib/python3.11/site-packages/peft/peft_model.py", line 1850, in forward
    return self.base_model(
           ^^^^^^^^^^^^^^^^
  File "/home/woody/iwi5/iwi5298h/software/private/conda/envs/florence2_env/lib/python3.11/site-packages/torch/nn/modules/module.py", line 1751, in _wrapped_call_impl
    return self._call_impl(*args, **kwargs)
           ^^^^^^^^^^^^^^^^^^^^^^^^^^^^^^^^
  File "/home/woody/iwi5/iwi5298h/software/private/conda/envs/florence2_env/lib/python3.11/site-packages/torch/nn/modules/module.py", line 1762, in _call_impl
    return forward_call(*args, **kwargs)
           ^^^^^^^^^^^^^^^^^^^^^^^^^^^^^
  File "/home/woody/iwi5/iwi5298h/software/private/conda/envs/florence2_env/lib/python3.11/site-packages/peft/tuners/tuners_utils.py", line 222, in forward
    return self.model.forward(*args, **kwargs)
           ^^^^^^^^^^^^^^^^^^^^^^^^^^^^^^^^^^^
  File "/home/hpc/iwi5/iwi5298h/.cache/huggingface/modules/transformers_modules/microsoft/Florence-2-large/21a599d414c4d928c9032694c424fb94458e3594/modeling_florence2.py", line 2740, in forward
    outputs = self.language_model(
              ^^^^^^^^^^^^^^^^^^^^
  File "/home/woody/iwi5/iwi5298h/software/private/conda/envs/florence2_env/lib/python3.11/site-packages/torch/nn/modules/module.py", line 1751, in _wrapped_call_impl
    return self._call_impl(*args, **kwargs)
           ^^^^^^^^^^^^^^^^^^^^^^^^^^^^^^^^
  File "/home/woody/iwi5/iwi5298h/software/private/conda/envs/florence2_env/lib/python3.11/site-packages/torch/nn/modules/module.py", line 1762, in _call_impl
    return forward_call(*args, **kwargs)
           ^^^^^^^^^^^^^^^^^^^^^^^^^^^^^
  File "/home/hpc/iwi5/iwi5298h/.cache/huggingface/modules/transformers_modules/microsoft/Florence-2-large/21a599d414c4d928c9032694c424fb94458e3594/modeling_florence2.py", line 2139, in forward
    outputs = self.model(
              ^^^^^^^^^^^
  File "/home/woody/iwi5/iwi5298h/software/private/conda/envs/florence2_env/lib/python3.11/site-packages/torch/nn/modules/module.py", line 1751, in _wrapped_call_impl
    return self._call_impl(*args, **kwargs)
           ^^^^^^^^^^^^^^^^^^^^^^^^^^^^^^^^
  File "/home/woody/iwi5/iwi5298h/software/private/conda/envs/florence2_env/lib/python3.11/site-packages/torch/nn/modules/module.py", line 1762, in _call_impl
    return forward_call(*args, **kwargs)
           ^^^^^^^^^^^^^^^^^^^^^^^^^^^^^
  File "/home/hpc/iwi5/iwi5298h/.cache/huggingface/modules/transformers_modules/microsoft/Florence-2-large/21a599d414c4d928c9032694c424fb94458e3594/modeling_florence2.py", line 1989, in forward
    raise ValueError(
ValueError: If no `decoder_input_ids` or `decoder_inputs_embeds` are passed, `input_ids` cannot be `None`. Please pass either `input_ids` or `decoder_input_ids` or `decoder_inputs_embeds`.
  0%|          | 0/280 [00:04<?, ?it/s]
