### Starting TaskPrologue of job 1238457 on tg074 at Sun Oct 12 07:15:44 PM CEST 2025
Running on cores 4-5,12-13,20-21,28-29 with governor ondemand
Sun Oct 12 19:15:44 2025       
+-----------------------------------------------------------------------------------------+
| NVIDIA-SMI 570.172.08             Driver Version: 570.172.08     CUDA Version: 12.8     |
|-----------------------------------------+------------------------+----------------------+
| GPU  Name                 Persistence-M | Bus-Id          Disp.A | Volatile Uncorr. ECC |
| Fan  Temp   Perf          Pwr:Usage/Cap |           Memory-Usage | GPU-Util  Compute M. |
|                                         |                        |               MIG M. |
|=========================================+========================+======================|
|   0  Tesla V100-PCIE-32GB           On  |   00000000:86:00.0 Off |                    0 |
| N/A   33C    P0             42W /  250W |       0MiB /  32768MiB |      0%      Default |
|                                         |                        |                  N/A |
+-----------------------------------------+------------------------+----------------------+
                                                                                         
+-----------------------------------------------------------------------------------------+
| Processes:                                                                              |
|  GPU   GI   CI              PID   Type   Process name                        GPU Memory |
|        ID   ID                                                               Usage      |
|=========================================================================================|
|  No running processes found                                                             |
+-----------------------------------------------------------------------------------------+
### Finished TaskPrologue

============================================================
DONUT-CORD-V2 ZERO-SHOT INVENTORY OCR PROCESSING
============================================================

Loading test data...
Loaded 48 test samples

Note: Using ZERO-SHOT with task prompt <s_cord-v2>
WARNING: Donut-CORD outputs receipt format, NOT inventory JSON!
Model fine-tuned on CORD (receipt parsing) dataset
Loading Donut-CORD-v2 model...
Donut-CORD-v2 model loaded successfully!

Processing 48 test images with Donut-CORD...
------------------------------------------------------------
Processing image 1/48: inventarbuch-022.jpg
  Processed successfully. CER: 0.9282
Processing image 2/48: inventarbuch-099.jpg
  Processed successfully. CER: 0.7864
Processing image 3/48: inventarbuch-245.jpg
  Processed successfully. CER: 1.3636
Processing image 4/48: inventarbuch-263.jpg
  Processed successfully. CER: 0.8327
Processing image 5/48: inventarbuch-033.jpg
  Processed successfully. CER: 0.6726
Processing image 6/48: inventarbuch-143.jpg
  Processed successfully. CER: 0.7464
Processing image 7/48: inventarbuch-244.jpg
  Processed successfully. CER: 0.8715
Processing image 8/48: inventarbuch-024.jpg
  Processed successfully. CER: 0.7407
Processing image 9/48: inventarbuch-141.jpg
  Processed successfully. CER: 0.7389
Processing image 10/48: inventarbuch-183.jpg
  Processed successfully. CER: 0.7380
Processing image 11/48: inventarbuch-191.jpg
  Processed successfully. CER: 0.8296
Processing image 12/48: inventarbuch-051.jpg
  Processed successfully. CER: 0.8007
Processing image 13/48: inventarbuch-203.jpg
  Processed successfully. CER: 0.7791
Processing image 14/48: inventarbuch-296.jpg
  Processed successfully. CER: 2.8314
Processing image 15/48: inventarbuch-302.jpg
  Processed successfully. CER: 0.7056
Processing image 16/48: inventarbuch-179.jpg
  Processed successfully. CER: 0.7803
Processing image 17/48: inventarbuch-114.jpg
  Processed successfully. CER: 0.7991
Processing image 18/48: inventarbuch-082.jpg
  Processed successfully. CER: 0.7275
Processing image 19/48: inventarbuch-287.jpg
  Processed successfully. CER: 1.3197
Processing image 20/48: inventarbuch-181.jpg
  Processed successfully. CER: 2.5308
Processing image 21/48: inventarbuch-299.jpg
  Processed successfully. CER: 0.7542
Processing image 22/48: inventarbuch-084.jpg
  Processed successfully. CER: 1.1544
Processing image 23/48: inventarbuch-004.jpg
  Processed successfully. CER: 2.5804
Processing image 24/48: inventarbuch-148.jpg
  Processed successfully. CER: 0.7188
Processing image 25/48: inventarbuch-238.jpg
  Processed successfully. CER: 0.7329
Processing image 26/48: inventarbuch-116.jpg
  Processed successfully. CER: 0.8159
Processing image 27/48: inventarbuch-223.jpg
  Processed successfully. CER: 0.8028
Processing image 28/48: inventarbuch-104.jpg
  Processed successfully. CER: 0.9434
Processing image 29/48: inventarbuch-015.jpg
  Processed successfully. CER: 0.8416
Processing image 30/48: inventarbuch-272.jpg
  Processed successfully. CER: 0.7872
Processing image 31/48: inventarbuch-124.jpg
  Processed successfully. CER: 0.6832
Processing image 32/48: inventarbuch-115.jpg
  Processed successfully. CER: 0.8177
Processing image 33/48: inventarbuch-049.jpg
  Processed successfully. CER: 0.8895
Processing image 34/48: inventarbuch-017.jpg
  Processed successfully. CER: 0.8263
Processing image 35/48: inventarbuch-018.jpg
  Processed successfully. CER: 0.7381
Processing image 36/48: inventarbuch-225.jpg
  Processed successfully. CER: 1.1061
Processing image 37/48: inventarbuch-046.jpg
  Processed successfully. CER: 0.7600
Processing image 38/48: inventarbuch-294.jpg
  Processed successfully. CER: 0.9327
Processing image 39/48: inventarbuch-054.jpg
  Processed successfully. CER: 0.8847
Processing image 40/48: inventarbuch-073.jpg
  Processed successfully. CER: 0.9128
Processing image 41/48: inventarbuch-118.jpg
  Processed successfully. CER: 1.0187
Processing image 42/48: inventarbuch-130.jpg
  Processed successfully. CER: 0.8856
Processing image 43/48: inventarbuch-146.jpg
  Processed successfully. CER: 0.7690
Processing image 44/48: inventarbuch-014.jpg
  Processed successfully. CER: 0.9422
Processing image 45/48: inventarbuch-059.jpg
  Processed successfully. CER: 0.6280
Processing image 46/48: inventarbuch-256.jpg
  Processed successfully. CER: 0.8552
Processing image 47/48: inventarbuch-260.jpg
  Processed successfully. CER: 0.7697
Processing image 48/48: inventarbuch-279.jpg
  Processed successfully. CER: 0.8773

Saving results to: /home/vault/iwi5/iwi5298h/models_image_text/donut/inven_few_shot_zero_shot/donut_cord_zeroshot_20251012_191740
Predictions saved to: /home/vault/iwi5/iwi5298h/models_image_text/donut/inven_few_shot_zero_shot/donut_cord_zeroshot_20251012_191740/predictions_zeroshot.jsonl

============================================================
DONUT-CORD-V2 ZERO-SHOT CER EVALUATION RESULTS
============================================================

CER Statistics across 48 images:
--------------------------------------------------
Average CER: 0.9573 (95.73%)
Minimum CER: 0.6280 (62.80%)
Maximum CER: 2.8314 (283.14%)

Weighted CER: 0.9619 (96.19%)
Total characters: 33277
Total errors: 32009
Perfect matches: 0/48 (0.0%)

Summary saved to: /home/vault/iwi5/iwi5298h/models_image_text/donut/inven_few_shot_zero_shot/donut_cord_zeroshot_20251012_191740/evaluation_summary_zeroshot.json

============================================================
DONUT-CORD-V2 ZERO-SHOT PROCESSING COMPLETE!
============================================================
Model: Donut-base-finetuned-CORD-v2
Method: Zero-Shot with task prompt <s_cord-v2>
Results saved to: /home/vault/iwi5/iwi5298h/models_image_text/donut/inven_few_shot_zero_shot/donut_cord_zeroshot_20251012_191740
Total images processed: 48
Average CER on test set: 0.9573 (95.73%)

IMPORTANT: Donut-CORD outputs receipt format (menu items, prices)
Not suitable for inventory extraction without fine-tuning!
============================================================

DONUT zero-shot inference completed at: Sun Oct 12 07:17:42 PM CEST 2025
=== JOB_STATISTICS ===
=== current date     : Sun Oct 12 07:17:42 PM CEST 2025
= Job-ID             : 1238457 on tinygpu
= Job-Name           : donutcord_zero_inven
= Job-Command        : /home/hpc/iwi5/iwi5298h/Uddipan-Thesis/jobfiles/job_donut_shots.sh
= Initial workdir    : /home/hpc/iwi5/iwi5298h/Uddipan-Thesis/jobfiles
= Queue/Partition    : v100
= Slurm account      : iwi5 with QOS=normal
= Requested resources:  for 01:30:00
= Elapsed runtime    : 00:02:00
= Total RAM usage    : 2.4 GiB of requested  GiB (%)   
= Node list          : tg074
= Subm/Elig/Start/End: 2025-10-12T18:24:54 / 2025-10-12T18:24:54 / 2025-10-12T19:16:03 / 2025-10-12T19:18:03
======================
=== Quota infos ======
    Path                 Used     SoftQ    HardQ    Gracetime  Filec    FileQ    FiHaQ    FileGrace    
    /home/hpc              88.4G   104.9G   209.7G        N/A  29,301      500K   1,000K        N/A    
    /home/woody           103.5G  1000.0G  1500.0G        N/A     450K   5,000K   7,500K        N/A    
    /home/vault           998.8G  1048.6G  2097.2G        N/A   5,084      200K     400K        N/A    
======================
=== GPU utilization ==
gpu_name, gpu_bus_id, pid, gpu_utilization [%], mem_utilization [%], max_memory_usage [MiB], time [ms]
Tesla V100-PCIE-32GB, 00000000:86:00.0, 66911, 35 %, 12 %, 1896 MiB, 101795 ms
