### Starting TaskPrologue of job 1243308 on tg073 at Sun Oct 19 02:19:48 AM CEST 2025
Running on cores 2-3,10-11,18-19,26-27 with governor ondemand
Sun Oct 19 02:19:48 2025       
+-----------------------------------------------------------------------------------------+
| NVIDIA-SMI 570.195.03             Driver Version: 570.195.03     CUDA Version: 12.8     |
|-----------------------------------------+------------------------+----------------------+
| GPU  Name                 Persistence-M | Bus-Id          Disp.A | Volatile Uncorr. ECC |
| Fan  Temp   Perf          Pwr:Usage/Cap |           Memory-Usage | GPU-Util  Compute M. |
|                                         |                        |               MIG M. |
|=========================================+========================+======================|
|   0  Tesla V100-PCIE-32GB           Off |   00000000:3B:00.0 Off |                    0 |
| N/A   30C    P0             25W /  250W |       0MiB /  32768MiB |      0%      Default |
|                                         |                        |                  N/A |
+-----------------------------------------+------------------------+----------------------+
                                                                                         
+-----------------------------------------------------------------------------------------+
| Processes:                                                                              |
|  GPU   GI   CI              PID   Type   Process name                        GPU Memory |
|        ID   ID                                                               Usage      |
|=========================================================================================|
|  No running processes found                                                             |
+-----------------------------------------------------------------------------------------+
### Finished TaskPrologue

============================================================
NANONETS-OCR-S FEW-SHOT STAIRCASE OCR
============================================================
Loading test.jsonl ...
Loaded 26 samples.
Loading Nanonets-OCR-s...
Model loaded.
Building few-shot messages ...
Few-shot conversation length: 6 messages (user/assistant alternating).
[1/26] FMIS_FormblätterMielke_gefüllt (14).jpg -> /home/woody/iwi5/iwi5298h/staircase_images/FMIS_FormblätterMielke_gefüllt (14).jpg
  CER: 0.2802
[2/26] FMIS_FormblätterMielke_gefüllt (18).jpg -> /home/woody/iwi5/iwi5298h/staircase_images/FMIS_FormblätterMielke_gefüllt (18).jpg
  CER: 1.0000
[3/26] FMIS_FormblätterMielke_gefüllt (35).jpg -> /home/woody/iwi5/iwi5298h/staircase_images/FMIS_FormblätterMielke_gefüllt (35).jpg
  CER: 0.2811
[4/26] FMIS_FormblätterMielke_gefüllt (12).jpg -> /home/woody/iwi5/iwi5298h/staircase_images/FMIS_FormblätterMielke_gefüllt (12).jpg
  CER: 1.0000
[5/26] FMIS_FormblätterMielke_gefüllt (27).jpg -> /home/woody/iwi5/iwi5298h/staircase_images/FMIS_FormblätterMielke_gefüllt (27).jpg
  CER: 0.2931
[6/26] FMIS_FormblätterMielke_gefüllt (2).jpg -> /home/woody/iwi5/iwi5298h/staircase_images/FMIS_FormblätterMielke_gefüllt (2).jpg
  CER: 0.8564
[7/26] FMIS_FormblätterMielke_gefüllt (3).jpg -> /home/woody/iwi5/iwi5298h/staircase_images/FMIS_FormblätterMielke_gefüllt (3).jpg
  CER: 1.0000
[8/26] FMIS_FormblätterMielke_gefüllt (25).jpg -> /home/woody/iwi5/iwi5298h/staircase_images/FMIS_FormblätterMielke_gefüllt (25).jpg
  CER: 0.2777
[9/26] FMIS_FormblätterMielke_gefüllt (37).jpg -> /home/woody/iwi5/iwi5298h/staircase_images/FMIS_FormblätterMielke_gefüllt (37).jpg
  CER: 0.2767
[10/26] FMIS_FormblätterMielke_gefüllt (15).jpg -> /home/woody/iwi5/iwi5298h/staircase_images/FMIS_FormblätterMielke_gefüllt (15).jpg
  CER: 0.2463
[11/26] FMIS_FormblätterMielke_gefüllt (34).jpg -> /home/woody/iwi5/iwi5298h/staircase_images/FMIS_FormblätterMielke_gefüllt (34).jpg
  CER: 1.0000
[12/26] FMIS_FormblätterMielke_gefüllt (22).jpg -> /home/woody/iwi5/iwi5298h/staircase_images/FMIS_FormblätterMielke_gefüllt (22).jpg
  CER: 0.3410
[13/26] FMIS_FormblätterMielke_gefüllt (38).jpg -> /home/woody/iwi5/iwi5298h/staircase_images/FMIS_FormblätterMielke_gefüllt (38).jpg
  CER: 0.6798
[14/26] FMIS_FormblätterMielke_gefüllt (28).jpg -> /home/woody/iwi5/iwi5298h/staircase_images/FMIS_FormblätterMielke_gefüllt (28).jpg
  CER: 0.1797
[15/26] FMIS_FormblätterMielke_gefüllt (4).jpg -> /home/woody/iwi5/iwi5298h/staircase_images/FMIS_FormblätterMielke_gefüllt (4).jpg
  CER: 0.2830
[16/26] FMIS_FormblätterMielke_gefüllt (16).jpg -> /home/woody/iwi5/iwi5298h/staircase_images/FMIS_FormblätterMielke_gefüllt (16).jpg
  CER: 0.3289
[17/26] FMIS_FormblätterMielke_gefüllt (24).jpg -> /home/woody/iwi5/iwi5298h/staircase_images/FMIS_FormblätterMielke_gefüllt (24).jpg
  CER: 0.7219
[18/26] FMIS_FormblätterMielke_gefüllt (11).jpg -> /home/woody/iwi5/iwi5298h/staircase_images/FMIS_FormblätterMielke_gefüllt (11).jpg
  CER: 0.1646
[19/26] FMIS_FormblätterMielke_gefüllt (39).jpg -> /home/woody/iwi5/iwi5298h/staircase_images/FMIS_FormblätterMielke_gefüllt (39).jpg
  CER: 0.1845
[20/26] FMIS_FormblätterMielke_gefüllt (41).jpg -> /home/woody/iwi5/iwi5298h/staircase_images/FMIS_FormblätterMielke_gefüllt (41).jpg
  CER: 0.1845
[21/26] FMIS_FormblätterMielke_gefüllt (21).jpg -> /home/woody/iwi5/iwi5298h/staircase_images/FMIS_FormblätterMielke_gefüllt (21).jpg
  CER: 0.7444
[22/26] FMIS_FormblätterMielke_gefüllt (8).jpg -> /home/woody/iwi5/iwi5298h/staircase_images/FMIS_FormblätterMielke_gefüllt (8).jpg
  CER: 0.2512
[23/26] FMIS_FormblätterMielke_gefüllt (7).jpg -> /home/woody/iwi5/iwi5298h/staircase_images/FMIS_FormblätterMielke_gefüllt (7).jpg
  CER: 0.8879
[24/26] FMIS_FormblätterMielke_Vorlage1.jpg -> /home/woody/iwi5/iwi5298h/staircase_images/FMIS_FormblätterMielke_Vorlage1.jpg
  CER: 0.9446
[25/26] FMIS_FormblätterMielke_gefüllt (36).jpg -> /home/woody/iwi5/iwi5298h/staircase_images/FMIS_FormblätterMielke_gefüllt (36).jpg
  CER: 1.0000
[26/26] FMIS_FormblätterMielke_gefüllt (26).jpg -> /home/woody/iwi5/iwi5298h/staircase_images/FMIS_FormblätterMielke_gefüllt (26).jpg
  CER: 0.0543

Predictions saved -> /home/vault/iwi5/iwi5298h/models_image_text/nanonets/shots_staircase/few_shot_20251019_022051/predictions_fewshot.jsonl

============================================================
NANONETS-OCR-S FEW-SHOT CER EVALUATION RESULTS
STAIRCASE DOCUMENTATION DATASET
============================================================
Average CER:  0.5178 (51.78%)
Minimum CER:  0.0543 (5.43%)
Maximum CER:  1.0000 (100.00%)
Weighted CER: 0.5240 (52.40%)
Perfect:      0/26
Summary saved -> /home/vault/iwi5/iwi5298h/models_image_text/nanonets/shots_staircase/few_shot_20251019_022051/evaluation_summary_fewshot.json

DONE. Outputs in: /home/vault/iwi5/iwi5298h/models_image_text/nanonets/shots_staircase/few_shot_20251019_022051
Nano training completed at: Sun Oct 19 02:49:43 AM CEST 2025
=== JOB_STATISTICS ===
=== current date     : Sun Oct 19 02:49:43 AM CEST 2025
= Job-ID             : 1243308 on tinygpu
= Job-Name           : few_stair_nano
= Job-Command        : /home/hpc/iwi5/iwi5298h/Uddipan-Thesis/jobfiles/job_nano.sh
= Initial workdir    : /home/hpc/iwi5/iwi5298h/Uddipan-Thesis/jobfiles
= Queue/Partition    : v100
= Slurm account      : iwi5 with QOS=normal
= Requested resources:  for 1-00:00:00
= Elapsed runtime    : 00:29:55
= Total RAM usage    : 9.2 GiB of requested  GiB (%)   
= Node list          : tg073
= Subm/Elig/Start/End: 2025-10-19T02:19:30 / 2025-10-19T02:19:30 / 2025-10-19T02:19:31 / 2025-10-19T02:49:26
======================
=== Quota infos ======
    Path                 Used     SoftQ    HardQ    Gracetime  Filec    FileQ    FiHaQ    FileGrace    
    /home/hpc              96.6G   104.9G   209.7G        N/A  33,169      500K   1,000K        N/A    
    /home/woody           127.7G  1000.0G  1500.0G        N/A     630K   5,000K   7,500K        N/A    
    /home/vault           547.2G  1048.6G  2097.2G        N/A   3,630      200K     400K        N/A    
======================
=== GPU utilization ==
gpu_name, gpu_bus_id, pid, gpu_utilization [%], mem_utilization [%], max_memory_usage [MiB], time [ms]
Tesla V100-PCIE-32GB, 00000000:3B:00.0, 74952, 54 %, 47 %, 18712 MiB, 1734620 ms
