### Starting TaskPrologue of job 1288323 on tg072 at Fri Oct 24 02:20:27 PM CEST 2025
Running on cores 4-5,12-13,20-21,28-29 with governor ondemand
Fri Oct 24 14:20:27 2025       
+-----------------------------------------------------------------------------------------+
| NVIDIA-SMI 570.195.03             Driver Version: 570.195.03     CUDA Version: 12.8     |
|-----------------------------------------+------------------------+----------------------+
| GPU  Name                 Persistence-M | Bus-Id          Disp.A | Volatile Uncorr. ECC |
| Fan  Temp   Perf          Pwr:Usage/Cap |           Memory-Usage | GPU-Util  Compute M. |
|                                         |                        |               MIG M. |
|=========================================+========================+======================|
|   0  Tesla V100-PCIE-32GB           Off |   00000000:86:00.0 Off |                    0 |
| N/A   32C    P0             26W /  250W |       0MiB /  32768MiB |      0%      Default |
|                                         |                        |                  N/A |
+-----------------------------------------+------------------------+----------------------+
                                                                                         
+-----------------------------------------------------------------------------------------+
| Processes:                                                                              |
|  GPU   GI   CI              PID   Type   Process name                        GPU Memory |
|        ID   ID                                                               Usage      |
|=========================================================================================|
|  No running processes found                                                             |
+-----------------------------------------------------------------------------------------+
### Finished TaskPrologue

========================================
Florence-2 OCR Fine-tuning Job Configuration:
========================================
Job ID: 1288323
Log Directory: /home/hpc/iwi5/iwi5298h/Uddipan-Thesis/logs/Florence2/1288323
CUDA Device: 0
Job started at: Fri Oct 24 02:20:28 PM CEST 2025
========================================
============================================================
FLORENCE-2 LARGE ZERO-SHOT OCR EVALUATION
SCHMUCK JEWELRY CATALOG DATASET
============================================================

📁 Output directory: /home/vault/iwi5/iwi5298h/models_image_text/florence2/shots_schmuck/run_zeroshot_20251024_142044

Loading test data...
✅ Loaded 89 test samples

============================================================
Loading Florence-2-large model from local cache...
============================================================
Device: cuda
Dtype: torch.float16
⏳ Loading model (this may take 1-2 minutes)...
⏳ Loading processor...
✅ Model loaded successfully!
Model parameters: 0.78B
============================================================

============================================================
Processing 89 test images with Florence-2 zero-shot OCR...
============================================================


────────────────────────────────────────────────────────────
[1/89] SCH_2891_118.jpg
────────────────────────────────────────────────────────────
  🔄 Processing with Florence-2...
  ❌ Error: name 'self' is not defined

────────────────────────────────────────────────────────────
[2/89] SCH_2891_225.jpg
────────────────────────────────────────────────────────────
  🔄 Processing with Florence-2...
  ❌ Error: name 'self' is not defined

────────────────────────────────────────────────────────────
[3/89] SCH_3071.jpg
────────────────────────────────────────────────────────────
  🔄 Processing with Florence-2...
  ❌ Error: name 'self' is not defined

────────────────────────────────────────────────────────────
[4/89] SCH_3213.jpg
────────────────────────────────────────────────────────────
  🔄 Processing with Florence-2...
  ❌ Error: name 'self' is not defined

────────────────────────────────────────────────────────────
[5/89] SCH_3129.jpg
────────────────────────────────────────────────────────────
  🔄 Processing with Florence-2...
  ❌ Error: name 'self' is not defined

────────────────────────────────────────────────────────────
[6/89] SCH_2984.jpg
────────────────────────────────────────────────────────────
  🔄 Processing with Florence-2...
  ❌ Error: name 'self' is not defined

────────────────────────────────────────────────────────────
[7/89] SCH_2891_162.jpg
────────────────────────────────────────────────────────────
  🔄 Processing with Florence-2...
  ❌ Error: name 'self' is not defined

────────────────────────────────────────────────────────────
[8/89] SCH_3043.jpg
────────────────────────────────────────────────────────────
  🔄 Processing with Florence-2...
  ❌ Error: name 'self' is not defined

────────────────────────────────────────────────────────────
[9/89] SCH_3005.jpg
────────────────────────────────────────────────────────────
  🔄 Processing with Florence-2...
  ❌ Error: name 'self' is not defined

────────────────────────────────────────────────────────────
[10/89] SCH_3192_41.jpg
────────────────────────────────────────────────────────────
  🔄 Processing with Florence-2...
  ❌ Error: name 'self' is not defined

────────────────────────────────────────────────────────────
[11/89] SCH_2106.jpg
────────────────────────────────────────────────────────────
  🔄 Processing with Florence-2...
  ❌ Error: name 'self' is not defined

────────────────────────────────────────────────────────────
[12/89] SCH_2891_143.jpg
────────────────────────────────────────────────────────────
  🔄 Processing with Florence-2...
  ❌ Error: name 'self' is not defined

────────────────────────────────────────────────────────────
[13/89] SCH_2892.jpg
────────────────────────────────────────────────────────────
  🔄 Processing with Florence-2...
  ❌ Error: name 'self' is not defined

────────────────────────────────────────────────────────────
[14/89] SCH_2891_211.jpg
────────────────────────────────────────────────────────────
  🔄 Processing with Florence-2...
  ❌ Error: name 'self' is not defined

────────────────────────────────────────────────────────────
[15/89] SCH_3170.jpg
────────────────────────────────────────────────────────────
  🔄 Processing with Florence-2...
  ❌ Error: name 'self' is not defined

────────────────────────────────────────────────────────────
[16/89] SCH_2891_73.jpg
────────────────────────────────────────────────────────────
  🔄 Processing with Florence-2...
  ❌ Error: name 'self' is not defined

────────────────────────────────────────────────────────────
[17/89] SCH_2087.jpg
────────────────────────────────────────────────────────────
  🔄 Processing with Florence-2...
  ❌ Error: name 'self' is not defined

────────────────────────────────────────────────────────────
[18/89] SCH_2891_222.jpg
────────────────────────────────────────────────────────────
  🔄 Processing with Florence-2...
  ❌ Error: name 'self' is not defined

────────────────────────────────────────────────────────────
[19/89] SCH_2891_63.jpg
────────────────────────────────────────────────────────────
  🔄 Processing with Florence-2...
  ❌ Error: name 'self' is not defined

────────────────────────────────────────────────────────────
[20/89] SCH_2891_145.jpg
────────────────────────────────────────────────────────────
  🔄 Processing with Florence-2...
  ❌ Error: name 'self' is not defined

────────────────────────────────────────────────────────────
[21/89] SCH_2891_292.jpg
────────────────────────────────────────────────────────────
  🔄 Processing with Florence-2...
  ❌ Error: name 'self' is not defined

────────────────────────────────────────────────────────────
[22/89] SCH_3030.jpg
────────────────────────────────────────────────────────────
  🔄 Processing with Florence-2...
  ❌ Error: name 'self' is not defined

────────────────────────────────────────────────────────────
[23/89] SCH_3220.jpg
────────────────────────────────────────────────────────────
  🔄 Processing with Florence-2...
  ❌ Error: name 'self' is not defined

────────────────────────────────────────────────────────────
[24/89] SCH_3179.jpg
────────────────────────────────────────────────────────────
  🔄 Processing with Florence-2...
  ❌ Error: name 'self' is not defined

────────────────────────────────────────────────────────────
[25/89] SCH_3239.jpg
────────────────────────────────────────────────────────────
  🔄 Processing with Florence-2...
  ❌ Error: name 'self' is not defined

────────────────────────────────────────────────────────────
[26/89] SCH_3192_6.jpg
────────────────────────────────────────────────────────────
  🔄 Processing with Florence-2...
  ❌ Error: name 'self' is not defined

────────────────────────────────────────────────────────────
[27/89] SCH_2891_142.jpg
────────────────────────────────────────────────────────────
  🔄 Processing with Florence-2...
  ❌ Error: name 'self' is not defined

────────────────────────────────────────────────────────────
[28/89] SCH_2891_53.jpg
────────────────────────────────────────────────────────────
  🔄 Processing with Florence-2...
  ❌ Error: name 'self' is not defined

────────────────────────────────────────────────────────────
[29/89] SCH_2891_262_263.jpg
────────────────────────────────────────────────────────────
  🔄 Processing with Florence-2...
  ❌ Error: name 'self' is not defined

────────────────────────────────────────────────────────────
[30/89] SCH_2891_282.jpg
────────────────────────────────────────────────────────────
  🔄 Processing with Florence-2...
  ❌ Error: name 'self' is not defined

────────────────────────────────────────────────────────────
[31/89] SCH_3218.jpg
────────────────────────────────────────────────────────────
  🔄 Processing with Florence-2...
  ❌ Error: name 'self' is not defined

────────────────────────────────────────────────────────────
[32/89] SCH_2891_275.jpg
────────────────────────────────────────────────────────────
  🔄 Processing with Florence-2...
  ❌ Error: name 'self' is not defined

────────────────────────────────────────────────────────────
[33/89] SCH_3002.jpg
────────────────────────────────────────────────────────────
  🔄 Processing with Florence-2...
  ❌ Error: name 'self' is not defined

────────────────────────────────────────────────────────────
[34/89] SCH_3137_a.jpg
────────────────────────────────────────────────────────────
  🔄 Processing with Florence-2...
  ❌ Error: name 'self' is not defined

────────────────────────────────────────────────────────────
[35/89] SCH_3131.jpg
────────────────────────────────────────────────────────────
  🔄 Processing with Florence-2...
  ❌ Error: name 'self' is not defined

────────────────────────────────────────────────────────────
[36/89] SCH_3192_36.jpg
────────────────────────────────────────────────────────────
  🔄 Processing with Florence-2...
  ❌ Error: name 'self' is not defined

────────────────────────────────────────────────────────────
[37/89] SCH_3165.jpg
────────────────────────────────────────────────────────────
  🔄 Processing with Florence-2...
  ❌ Error: name 'self' is not defined

────────────────────────────────────────────────────────────
[38/89] SCH_3192_14.jpg
────────────────────────────────────────────────────────────
  🔄 Processing with Florence-2...
  ❌ Error: name 'self' is not defined

────────────────────────────────────────────────────────────
[39/89] SCH_2891_173.jpg
────────────────────────────────────────────────────────────
  🔄 Processing with Florence-2...
  ❌ Error: name 'self' is not defined

────────────────────────────────────────────────────────────
[40/89] SCH_2891_72.jpg
────────────────────────────────────────────────────────────
  🔄 Processing with Florence-2...
  ❌ Error: name 'self' is not defined

────────────────────────────────────────────────────────────
[41/89] SCH_2067_recto.jpg
────────────────────────────────────────────────────────────
  🔄 Processing with Florence-2...
  ❌ Error: name 'self' is not defined

────────────────────────────────────────────────────────────
[42/89] SCH_3192_4.jpg
────────────────────────────────────────────────────────────
  🔄 Processing with Florence-2...
  ❌ Error: name 'self' is not defined

────────────────────────────────────────────────────────────
[43/89] SCH_2891_29_30.jpg
────────────────────────────────────────────────────────────
  🔄 Processing with Florence-2...
  ❌ Error: name 'self' is not defined

────────────────────────────────────────────────────────────
[44/89] SCH_2891_272.jpg
────────────────────────────────────────────────────────────
  🔄 Processing with Florence-2...
  ❌ Error: name 'self' is not defined

────────────────────────────────────────────────────────────
[45/89] SCH_2891_177.jpg
────────────────────────────────────────────────────────────
  🔄 Processing with Florence-2...
  ❌ Error: name 'self' is not defined

────────────────────────────────────────────────────────────
[46/89] SCH_3192_13.jpg
────────────────────────────────────────────────────────────
  🔄 Processing with Florence-2...
  ❌ Error: name 'self' is not defined

────────────────────────────────────────────────────────────
[47/89] SCH_2891_291.jpg
────────────────────────────────────────────────────────────
  🔄 Processing with Florence-2...
  ❌ Error: name 'self' is not defined

────────────────────────────────────────────────────────────
[48/89] SCH_3192_60.jpg
────────────────────────────────────────────────────────────
  🔄 Processing with Florence-2...
  ❌ Error: name 'self' is not defined

────────────────────────────────────────────────────────────
[49/89] SCH_3124.jpg
────────────────────────────────────────────────────────────
  🔄 Processing with Florence-2...
  ❌ Error: name 'self' is not defined

────────────────────────────────────────────────────────────
[50/89] SCH_3026.jpg
────────────────────────────────────────────────────────────
  🔄 Processing with Florence-2...
  ❌ Error: name 'self' is not defined

────────────────────────────────────────────────────────────
[51/89] SCH_2065.jpg
────────────────────────────────────────────────────────────
  🔄 Processing with Florence-2...
  ❌ Error: name 'self' is not defined

────────────────────────────────────────────────────────────
[52/89] SCH_2891_138.jpg
────────────────────────────────────────────────────────────
  🔄 Processing with Florence-2...
  ❌ Error: name 'self' is not defined

────────────────────────────────────────────────────────────
[53/89] SCH_2891_245.jpg
────────────────────────────────────────────────────────────
  🔄 Processing with Florence-2...
  ❌ Error: name 'self' is not defined

────────────────────────────────────────────────────────────
[54/89] SCH_2891_268.jpg
────────────────────────────────────────────────────────────
  🔄 Processing with Florence-2...
  ❌ Error: name 'self' is not defined

────────────────────────────────────────────────────────────
[55/89] SCH_3192_32.jpg
────────────────────────────────────────────────────────────
  🔄 Processing with Florence-2...
  ❌ Error: name 'self' is not defined

────────────────────────────────────────────────────────────
[56/89] SCH_2891_293.jpg
────────────────────────────────────────────────────────────
  🔄 Processing with Florence-2...
  ❌ Error: name 'self' is not defined

────────────────────────────────────────────────────────────
[57/89] SCH_3192_27.jpg
────────────────────────────────────────────────────────────
  🔄 Processing with Florence-2...
  ❌ Error: name 'self' is not defined

────────────────────────────────────────────────────────────
[58/89] SCH_3174.jpg
────────────────────────────────────────────────────────────
  🔄 Processing with Florence-2...
  ❌ Error: name 'self' is not defined

────────────────────────────────────────────────────────────
[59/89] SCH_2891_235_236.jpg
────────────────────────────────────────────────────────────
  🔄 Processing with Florence-2...
  ❌ Error: name 'self' is not defined

────────────────────────────────────────────────────────────
[60/89] SCH_2891_59.jpg
────────────────────────────────────────────────────────────
  🔄 Processing with Florence-2...
  ❌ Error: name 'self' is not defined

────────────────────────────────────────────────────────────
[61/89] SCH_3211.jpg
────────────────────────────────────────────────────────────
  🔄 Processing with Florence-2...
  ❌ Error: name 'self' is not defined

────────────────────────────────────────────────────────────
[62/89] SCH_3141.jpg
────────────────────────────────────────────────────────────
  🔄 Processing with Florence-2...
  ❌ Error: name 'self' is not defined

────────────────────────────────────────────────────────────
[63/89] SCH_2891_241.jpg
────────────────────────────────────────────────────────────
  🔄 Processing with Florence-2...
  ❌ Error: name 'self' is not defined

────────────────────────────────────────────────────────────
[64/89] SCH_3171.jpg
────────────────────────────────────────────────────────────
  🔄 Processing with Florence-2...
  ❌ Error: name 'self' is not defined

────────────────────────────────────────────────────────────
[65/89] SCH_3215.jpg
────────────────────────────────────────────────────────────
  🔄 Processing with Florence-2...
  ❌ Error: name 'self' is not defined

────────────────────────────────────────────────────────────
[66/89] SCH_1938.jpg
────────────────────────────────────────────────────────────
  🔄 Processing with Florence-2...
  ❌ Error: name 'self' is not defined

────────────────────────────────────────────────────────────
[67/89] SCH_2891_153_154.jpg
────────────────────────────────────────────────────────────
  🔄 Processing with Florence-2...
  ❌ Error: name 'self' is not defined

────────────────────────────────────────────────────────────
[68/89] SCH_2997.jpg
────────────────────────────────────────────────────────────
  🔄 Processing with Florence-2...
  ❌ Error: name 'self' is not defined

────────────────────────────────────────────────────────────
[69/89] SCH_2891_64.jpg
────────────────────────────────────────────────────────────
  🔄 Processing with Florence-2...
  ❌ Error: name 'self' is not defined

────────────────────────────────────────────────────────────
[70/89] SCH_2944.jpg
────────────────────────────────────────────────────────────
  🔄 Processing with Florence-2...
=== JOB_STATISTICS ===
=== current date     : Fri Oct 24 02:24:56 PM CEST 2025
= Job-ID             : 1288323 on tinygpu
= Job-Name           : zero_schmuck
= Job-Command        : /home/hpc/iwi5/iwi5298h/Uddipan-Thesis/jobfiles/job_florence.sh
= Initial workdir    : /home/hpc/iwi5/iwi5298h/Uddipan-Thesis/jobfiles
= Queue/Partition    : v100
= Slurm account      : iwi5 with QOS=normal
= Requested resources:  for 10:00:00
= Elapsed runtime    : 00:04:26
= Total RAM usage    : 3.3 GiB of requested  GiB (%)   
= Node list          : tg072
= Subm/Elig/Start/End: 2025-10-24T14:19:29 / 2025-10-24T14:19:29 / 2025-10-24T14:19:30 / 2025-10-24T14:23:56
======================
=== Quota infos ======
    Path                 Used     SoftQ    HardQ    Gracetime  Filec    FileQ    FiHaQ    FileGrace    
    /home/woody           183.8G  1000.0G  1500.0G        N/A     833K   5,000K   7,500K        N/A    
    /home/hpc             101.7G   104.9G   209.7G        N/A  29,777      500K   1,000K        N/A    
    /home/vault           847.1G  1048.6G  2097.2G        N/A   4,438      200K     400K        N/A    
======================
=== GPU utilization ==
gpu_name, gpu_bus_id, pid, gpu_utilization [%], mem_utilization [%], max_memory_usage [MiB], time [ms]
Tesla V100-PCIE-32GB, 00000000:86:00.0, 1638449, 37 %, 8 %, 2242 MiB, 249828 ms
