### Starting TaskPrologue of job 1479514 on tg074 at Tue Jan  6 02:16:31 PM CET 2026
Running on cores 4-5,12-13,20-21,28-29 with governor ondemand
Tue Jan  6 14:16:31 2026       
+-----------------------------------------------------------------------------------------+
| NVIDIA-SMI 570.195.03             Driver Version: 570.195.03     CUDA Version: 12.8     |
|-----------------------------------------+------------------------+----------------------+
| GPU  Name                 Persistence-M | Bus-Id          Disp.A | Volatile Uncorr. ECC |
| Fan  Temp   Perf          Pwr:Usage/Cap |           Memory-Usage | GPU-Util  Compute M. |
|                                         |                        |               MIG M. |
|=========================================+========================+======================|
|   0  Tesla V100-PCIE-32GB           On  |   00000000:86:00.0 Off |                    0 |
| N/A   32C    P0             26W /  250W |       0MiB /  32768MiB |      0%      Default |
|                                         |                        |                  N/A |
+-----------------------------------------+------------------------+----------------------+
                                                                                         
+-----------------------------------------------------------------------------------------+
| Processes:                                                                              |
|  GPU   GI   CI              PID   Type   Process name                        GPU Memory |
|        ID   ID                                                               Usage      |
|=========================================================================================|
|  No running processes found                                                             |
+-----------------------------------------------------------------------------------------+
### Finished TaskPrologue

========================================
Florence-2 OCR Fine-tuning Job Configuration:
========================================
Job ID: 1479514
Log Directory: /home/hpc/iwi5/iwi5298h/Uddipan-Thesis/logs/Florence2/1479514
CUDA Device: 0
Job started at: Tue Jan  6 02:16:33 PM CET 2026
========================================
Dataset: Staircase Dataset
Loading datasets...
Loaded 115 training samples
Loaded 25 validation samples
Loaded 24 test samples
Using device: cuda
Output directory: /home/vault/iwi5/iwi5298h/models_image_text/florence2/staircase/lora_run_20260106_141749
Augmentation factor (train only): 1
Augmented image temp dir: /tmp/1479514.tinygpu/florence2_stair_aug_82hmskiy
Loading Florence-2 model...
Applying LoRA...
✅ Model with LoRA loaded!
Trainable params: 11,321,344 (1.44%)
LoRA modules: 408
Preparing datasets...
Augmentation created 115 images. Train samples now: 230
Train dataset size: 230
Validation dataset size: 25
Starting LoRA training...
{'loss': 8.7138, 'grad_norm': 18.721364974975586, 'learning_rate': 3.6e-05, 'epoch': 0.35}
{'loss': 5.4239, 'grad_norm': 13.459985733032227, 'learning_rate': 7.6e-05, 'epoch': 0.7}
{'eval_cer_token_level': 0.010249141520299458, 'eval_loss': 1.8898022174835205, 'eval_runtime': 18.8781, 'eval_samples_per_second': 1.324, 'eval_steps_per_second': 0.689, 'epoch': 1.0}

🔎 Running autoregressive validation CER (generation)...
🔚 Autoregressive validation CER: 0.7873 (78.73%)

📊 Epoch 1 - Generation-based Validation CER: 0.7873 (78.73%)
🎯 New best CER: 0.7873 (improved by inf)
✅ Model saved to /home/vault/iwi5/iwi5298h/models_image_text/florence2/staircase/lora_run_20260106_141749/best_model

{'loss': 2.6596, 'grad_norm': 2.08369779586792, 'learning_rate': 0.000116, 'epoch': 1.03}
{'loss': 1.7568, 'grad_norm': 1.8499319553375244, 'learning_rate': 0.00015600000000000002, 'epoch': 1.38}
{'loss': 1.6394, 'grad_norm': 0.5228804349899292, 'learning_rate': 0.000196, 'epoch': 1.73}
{'eval_cer_token_level': 0.00046949708162556214, 'eval_loss': 1.553354024887085, 'eval_runtime': 18.745, 'eval_samples_per_second': 1.334, 'eval_steps_per_second': 0.694, 'epoch': 2.0}

🔎 Running autoregressive validation CER (generation)...
🔚 Autoregressive validation CER: 0.7728 (77.28%)

📊 Epoch 2 - Generation-based Validation CER: 0.7728 (77.28%)
🎯 New best CER: 0.7728 (improved by 0.0145)
✅ Model saved to /home/vault/iwi5/iwi5298h/models_image_text/florence2/staircase/lora_run_20260106_141749/best_model

{'loss': 1.5831, 'grad_norm': 0.45881417393684387, 'learning_rate': 0.00019660377358490566, 'epoch': 2.07}
{'loss': 1.5651, 'grad_norm': 1.8275030851364136, 'learning_rate': 0.0001928301886792453, 'epoch': 2.42}
{'loss': 1.5328, 'grad_norm': 1.0528755187988281, 'learning_rate': 0.00018905660377358492, 'epoch': 2.77}
{'eval_cer_token_level': 0.001022547667170923, 'eval_loss': 1.5650101900100708, 'eval_runtime': 18.9148, 'eval_samples_per_second': 1.322, 'eval_steps_per_second': 0.687, 'epoch': 3.0}

🔎 Running autoregressive validation CER (generation)...
🔚 Autoregressive validation CER: 0.7892 (78.92%)

📊 Epoch 3 - Generation-based Validation CER: 0.7892 (78.92%)
   Best CER so far: 0.7728

{'loss': 1.5165, 'grad_norm': 0.7746282815933228, 'learning_rate': 0.00018528301886792454, 'epoch': 3.1}
{'loss': 1.4968, 'grad_norm': 0.6339238882064819, 'learning_rate': 0.00018150943396226415, 'epoch': 3.45}
{'loss': 1.4825, 'grad_norm': 0.6903881430625916, 'learning_rate': 0.0001777358490566038, 'epoch': 3.8}
{'eval_cer_token_level': 0.0, 'eval_loss': 1.4746830463409424, 'eval_runtime': 19.0304, 'eval_samples_per_second': 1.314, 'eval_steps_per_second': 0.683, 'epoch': 4.0}

🔎 Running autoregressive validation CER (generation)...
🔚 Autoregressive validation CER: 0.7891 (78.91%)

📊 Epoch 4 - Generation-based Validation CER: 0.7891 (78.91%)
   Best CER so far: 0.7728

{'loss': 1.4736, 'grad_norm': 0.22233641147613525, 'learning_rate': 0.00017396226415094341, 'epoch': 4.14}
{'loss': 1.4693, 'grad_norm': 0.25954434275627136, 'learning_rate': 0.00017018867924528303, 'epoch': 4.49}
{'loss': 1.465, 'grad_norm': 0.34780004620552063, 'learning_rate': 0.00016641509433962265, 'epoch': 4.83}
{'eval_cer_token_level': 0.0, 'eval_loss': 1.4903101921081543, 'eval_runtime': 18.6946, 'eval_samples_per_second': 1.337, 'eval_steps_per_second': 0.695, 'epoch': 5.0}

🔎 Running autoregressive validation CER (generation)...
🔚 Autoregressive validation CER: 0.8119 (81.19%)

📊 Epoch 5 - Generation-based Validation CER: 0.8119 (81.19%)
   Best CER so far: 0.7728

{'loss': 1.4613, 'grad_norm': 0.3036069869995117, 'learning_rate': 0.0001626415094339623, 'epoch': 5.17}
{'loss': 1.4587, 'grad_norm': 0.14026468992233276, 'learning_rate': 0.0001588679245283019, 'epoch': 5.52}
{'loss': 1.4575, 'grad_norm': 0.7419116497039795, 'learning_rate': 0.00015509433962264152, 'epoch': 5.87}
{'eval_cer_token_level': 0.0, 'eval_loss': 1.4572967290878296, 'eval_runtime': 19.0129, 'eval_samples_per_second': 1.315, 'eval_steps_per_second': 0.684, 'epoch': 6.0}

🔎 Running autoregressive validation CER (generation)...
🔚 Autoregressive validation CER: 0.8246 (82.46%)

📊 Epoch 6 - Generation-based Validation CER: 0.8246 (82.46%)
   Best CER so far: 0.7728

{'loss': 1.4553, 'grad_norm': 0.11484291404485703, 'learning_rate': 0.00015132075471698114, 'epoch': 6.21}
{'loss': 1.4536, 'grad_norm': 0.5322571992874146, 'learning_rate': 0.00014754716981132076, 'epoch': 6.56}
{'loss': 1.4525, 'grad_norm': 0.25729256868362427, 'learning_rate': 0.00014377358490566037, 'epoch': 6.9}
{'eval_cer_token_level': 0.0, 'eval_loss': 1.4616752862930298, 'eval_runtime': 19.0434, 'eval_samples_per_second': 1.313, 'eval_steps_per_second': 0.683, 'epoch': 7.0}

🔎 Running autoregressive validation CER (generation)...
🔚 Autoregressive validation CER: 0.8562 (85.62%)

📊 Epoch 7 - Generation-based Validation CER: 0.8562 (85.62%)
   Best CER so far: 0.7728

{'loss': 1.4511, 'grad_norm': 0.48649051785469055, 'learning_rate': 0.00014, 'epoch': 7.24}
{'loss': 1.4504, 'grad_norm': 0.1463494598865509, 'learning_rate': 0.00013622641509433963, 'epoch': 7.59}
{'loss': 1.4494, 'grad_norm': 0.1619013100862503, 'learning_rate': 0.00013245283018867925, 'epoch': 7.94}
{'eval_cer_token_level': 0.0, 'eval_loss': 1.472204566001892, 'eval_runtime': 19.0479, 'eval_samples_per_second': 1.312, 'eval_steps_per_second': 0.682, 'epoch': 8.0}

🔎 Running autoregressive validation CER (generation)...
🔚 Autoregressive validation CER: 0.8517 (85.17%)

📊 Epoch 8 - Generation-based Validation CER: 0.8517 (85.17%)
   Best CER so far: 0.7728

{'loss': 1.4489, 'grad_norm': 0.6995232701301575, 'learning_rate': 0.00012867924528301886, 'epoch': 8.28}
{'loss': 1.4481, 'grad_norm': 0.13300465047359467, 'learning_rate': 0.00012490566037735848, 'epoch': 8.63}
{'loss': 1.4468, 'grad_norm': 0.301617830991745, 'learning_rate': 0.00012113207547169811, 'epoch': 8.97}
{'eval_cer_token_level': 0.0, 'eval_loss': 1.4700909852981567, 'eval_runtime': 19.0999, 'eval_samples_per_second': 1.309, 'eval_steps_per_second': 0.681, 'epoch': 9.0}

🔎 Running autoregressive validation CER (generation)...
🔚 Autoregressive validation CER: 0.8555 (85.55%)

📊 Epoch 9 - Generation-based Validation CER: 0.8555 (85.55%)
   Best CER so far: 0.7728

{'loss': 1.4466, 'grad_norm': 0.23141498863697052, 'learning_rate': 0.00011735849056603774, 'epoch': 9.31}
{'loss': 1.4457, 'grad_norm': 0.12624222040176392, 'learning_rate': 0.00011358490566037736, 'epoch': 9.66}
{'loss': 1.4454, 'grad_norm': 0.2703235149383545, 'learning_rate': 0.00010981132075471699, 'epoch': 10.0}
{'eval_cer_token_level': 0.0, 'eval_loss': 1.456083059310913, 'eval_runtime': 19.1518, 'eval_samples_per_second': 1.305, 'eval_steps_per_second': 0.679, 'epoch': 10.0}

🔎 Running autoregressive validation CER (generation)...
🔚 Autoregressive validation CER: 0.8960 (89.60%)

📊 Epoch 10 - Generation-based Validation CER: 0.8960 (89.60%)
   Best CER so far: 0.7728

{'loss': 1.4446, 'grad_norm': 0.07001075148582458, 'learning_rate': 0.0001060377358490566, 'epoch': 10.35}
{'loss': 1.4446, 'grad_norm': 0.09592582285404205, 'learning_rate': 0.00010226415094339623, 'epoch': 10.7}
{'eval_cer_token_level': 0.0, 'eval_loss': 1.4567397832870483, 'eval_runtime': 19.0946, 'eval_samples_per_second': 1.309, 'eval_steps_per_second': 0.681, 'epoch': 11.0}

🔎 Running autoregressive validation CER (generation)...
🔚 Autoregressive validation CER: 0.8506 (85.06%)

📊 Epoch 11 - Generation-based Validation CER: 0.8506 (85.06%)
   Best CER so far: 0.7728

{'loss': 1.4438, 'grad_norm': 0.1040133610367775, 'learning_rate': 9.849056603773585e-05, 'epoch': 11.03}
{'loss': 1.4437, 'grad_norm': 0.24716414511203766, 'learning_rate': 9.471698113207548e-05, 'epoch': 11.38}
{'loss': 1.4431, 'grad_norm': 0.31166502833366394, 'learning_rate': 9.09433962264151e-05, 'epoch': 11.73}
{'eval_cer_token_level': 0.0, 'eval_loss': 1.455682396888733, 'eval_runtime': 18.9417, 'eval_samples_per_second': 1.32, 'eval_steps_per_second': 0.686, 'epoch': 12.0}

🔎 Running autoregressive validation CER (generation)...
🔚 Autoregressive validation CER: 0.8795 (87.95%)

📊 Epoch 12 - Generation-based Validation CER: 0.8795 (87.95%)
   Best CER so far: 0.7728

{'loss': 1.4428, 'grad_norm': 0.05475709214806557, 'learning_rate': 8.716981132075472e-05, 'epoch': 12.07}
{'loss': 1.4425, 'grad_norm': 0.18472318351268768, 'learning_rate': 8.339622641509434e-05, 'epoch': 12.42}
{'loss': 1.4424, 'grad_norm': 0.11109238117933273, 'learning_rate': 7.962264150943397e-05, 'epoch': 12.77}
{'eval_cer_token_level': 0.0, 'eval_loss': 1.4599330425262451, 'eval_runtime': 19.0105, 'eval_samples_per_second': 1.315, 'eval_steps_per_second': 0.684, 'epoch': 13.0}

🔎 Running autoregressive validation CER (generation)...
🔚 Autoregressive validation CER: 0.8820 (88.20%)

📊 Epoch 13 - Generation-based Validation CER: 0.8820 (88.20%)
   Best CER so far: 0.7728

{'loss': 1.4425, 'grad_norm': 0.14166752994060516, 'learning_rate': 7.584905660377359e-05, 'epoch': 13.1}
{'loss': 1.4418, 'grad_norm': 0.11982101947069168, 'learning_rate': 7.20754716981132e-05, 'epoch': 13.45}
{'loss': 1.4418, 'grad_norm': 0.19638954102993011, 'learning_rate': 6.830188679245283e-05, 'epoch': 13.8}
{'eval_cer_token_level': 0.0, 'eval_loss': 1.452693223953247, 'eval_runtime': 19.6488, 'eval_samples_per_second': 1.272, 'eval_steps_per_second': 0.662, 'epoch': 14.0}

🔎 Running autoregressive validation CER (generation)...
🔚 Autoregressive validation CER: 0.9252 (92.52%)

📊 Epoch 14 - Generation-based Validation CER: 0.9252 (92.52%)
   Best CER so far: 0.7728

{'loss': 1.4414, 'grad_norm': 0.04276259243488312, 'learning_rate': 6.452830188679245e-05, 'epoch': 14.14}
{'loss': 1.4412, 'grad_norm': 0.26822343468666077, 'learning_rate': 6.075471698113207e-05, 'epoch': 14.49}
{'loss': 1.4413, 'grad_norm': 0.10960161685943604, 'learning_rate': 5.6981132075471696e-05, 'epoch': 14.83}
{'eval_cer_token_level': 0.0, 'eval_loss': 1.4551299810409546, 'eval_runtime': 19.261, 'eval_samples_per_second': 1.298, 'eval_steps_per_second': 0.675, 'epoch': 15.0}

🔎 Running autoregressive validation CER (generation)...
🔚 Autoregressive validation CER: 0.8671 (86.71%)

📊 Epoch 15 - Generation-based Validation CER: 0.8671 (86.71%)
   Best CER so far: 0.7728

{'loss': 1.4409, 'grad_norm': 0.32579901814460754, 'learning_rate': 5.3207547169811326e-05, 'epoch': 15.17}
{'loss': 1.4412, 'grad_norm': 0.28538012504577637, 'learning_rate': 4.943396226415095e-05, 'epoch': 15.52}
{'loss': 1.4407, 'grad_norm': 0.12893129885196686, 'learning_rate': 4.566037735849057e-05, 'epoch': 15.87}
{'eval_cer_token_level': 0.0, 'eval_loss': 1.4515026807785034, 'eval_runtime': 19.0699, 'eval_samples_per_second': 1.311, 'eval_steps_per_second': 0.682, 'epoch': 16.0}

🔎 Running autoregressive validation CER (generation)...
🔚 Autoregressive validation CER: 0.9433 (94.33%)

📊 Epoch 16 - Generation-based Validation CER: 0.9433 (94.33%)
   Best CER so far: 0.7728

{'loss': 1.4404, 'grad_norm': 0.27055779099464417, 'learning_rate': 4.1886792452830195e-05, 'epoch': 16.21}
{'loss': 1.4403, 'grad_norm': 0.09089323878288269, 'learning_rate': 3.811320754716982e-05, 'epoch': 16.56}
{'loss': 1.4405, 'grad_norm': 0.10590646415948868, 'learning_rate': 3.4339622641509435e-05, 'epoch': 16.9}
{'eval_cer_token_level': 0.0, 'eval_loss': 1.4536149501800537, 'eval_runtime': 19.1196, 'eval_samples_per_second': 1.308, 'eval_steps_per_second': 0.68, 'epoch': 17.0}

🔎 Running autoregressive validation CER (generation)...
🔚 Autoregressive validation CER: 0.9396 (93.96%)

📊 Epoch 17 - Generation-based Validation CER: 0.9396 (93.96%)
   Best CER so far: 0.7728

{'loss': 1.4403, 'grad_norm': 0.17394043505191803, 'learning_rate': 3.056603773584906e-05, 'epoch': 17.24}
{'loss': 1.4403, 'grad_norm': 0.04749216511845589, 'learning_rate': 2.679245283018868e-05, 'epoch': 17.59}
{'loss': 1.44, 'grad_norm': 0.03938385099172592, 'learning_rate': 2.3018867924528304e-05, 'epoch': 17.94}
{'eval_cer_token_level': 0.0, 'eval_loss': 1.4539904594421387, 'eval_runtime': 19.0951, 'eval_samples_per_second': 1.309, 'eval_steps_per_second': 0.681, 'epoch': 18.0}

🔎 Running autoregressive validation CER (generation)...
🔚 Autoregressive validation CER: 0.9070 (90.70%)

📊 Epoch 18 - Generation-based Validation CER: 0.9070 (90.70%)
   Best CER so far: 0.7728

{'loss': 1.44, 'grad_norm': 0.062387172132730484, 'learning_rate': 1.9245283018867927e-05, 'epoch': 18.28}
{'loss': 1.44, 'grad_norm': 0.20663951337337494, 'learning_rate': 1.5471698113207547e-05, 'epoch': 18.63}
{'loss': 1.4398, 'grad_norm': 0.03657975420355797, 'learning_rate': 1.169811320754717e-05, 'epoch': 18.97}
{'eval_cer_token_level': 0.0, 'eval_loss': 1.453940987586975, 'eval_runtime': 19.0835, 'eval_samples_per_second': 1.31, 'eval_steps_per_second': 0.681, 'epoch': 19.0}

🔎 Running autoregressive validation CER (generation)...
🔚 Autoregressive validation CER: 0.8957 (89.57%)

📊 Epoch 19 - Generation-based Validation CER: 0.8957 (89.57%)
   Best CER so far: 0.7728

{'loss': 1.4401, 'grad_norm': 0.090809166431427, 'learning_rate': 7.924528301886793e-06, 'epoch': 19.31}
{'loss': 1.4399, 'grad_norm': 0.06338772177696228, 'learning_rate': 4.150943396226415e-06, 'epoch': 19.66}
{'loss': 1.4398, 'grad_norm': 0.13312308490276337, 'learning_rate': 3.773584905660378e-07, 'epoch': 20.0}
{'eval_cer_token_level': 0.0, 'eval_loss': 1.4519386291503906, 'eval_runtime': 19.041, 'eval_samples_per_second': 1.313, 'eval_steps_per_second': 0.683, 'epoch': 20.0}

🔎 Running autoregressive validation CER (generation)...
🔚 Autoregressive validation CER: 0.8895 (88.95%)

📊 Epoch 20 - Generation-based Validation CER: 0.8895 (88.95%)
   Best CER so far: 0.7728

{'train_runtime': 24038.5347, 'train_samples_per_second': 0.191, 'train_steps_per_second': 0.024, 'train_loss': 1.6784682142323462, 'epoch': 20.0}

✅ Training completed!
Best generation-based validation CER: 0.7728
Best model: /home/vault/iwi5/iwi5298h/models_image_text/florence2/staircase/lora_run_20260106_141749/best_model
Making predictions on 24 test images...
[1/24] FMIS_FormblätterMielke_gefüllt (83).jpg
  ✅ CER: 0.8432
[2/24] FMIS_FormblätterMielke_gefüllt (45).jpg
  ✅ CER: 1.5819
[3/24] FMIS_FormblätterMielke_gefüllt (27).jpg
  ✅ CER: 0.8640
[4/24] FMIS_FormblätterMielke_gefüllt (130).jpg
  ✅ CER: 0.8858
[5/24] FMIS_FormblätterMielke_gefüllt (129).jpg
  ✅ CER: 0.8883
[6/24] FMIS_FormblätterMielke_gefüllt (88).jpg
  ✅ CER: 0.8668
[7/24] FMIS_FormblätterMielke_gefüllt (102).jpg
  ✅ CER: 1.9375
[8/24] FMIS_FormblätterMielke_gefüllt (103).jpg
  ✅ CER: 0.8610
[9/24] FMIS_FormblätterMielke_gefüllt (165).jpg
  ✅ CER: 0.8126
[10/24] FMIS_FormblätterMielke_gefüllt (43).jpg
  ✅ CER: 0.8613
[11/24] FMIS_FormblätterMielke_gefüllt (11).jpg
  ✅ CER: 0.8496
[12/24] FMIS_FormblätterMielke_gefüllt (36).jpg
  ✅ CER: 0.8580
[13/24] FMIS_FormblätterMielke_gefüllt (87).jpg
  ✅ CER: 0.8758
[14/24] FMIS_FormblätterMielke_gefüllt (94).jpg
  ✅ CER: 0.8671
[15/24] FMIS_FormblätterMielke_gefüllt (58).jpg
  ✅ CER: 0.9294
[16/24] FMIS_FormblätterMielke_gefüllt (111).jpg
  ✅ CER: 0.8655
[17/24] FMIS_FormblätterMielke_gefüllt (99).jpg
  ✅ CER: 0.8431
[18/24] FMIS_FormblätterMielke_gefüllt (116).jpg
  ✅ CER: 1.7750
[19/24] FMIS_FormblätterMielke_Vorlage3.jpg
  ✅ CER: 0.8229
[20/24] FMIS_FormblätterMielke_gefüllt (132).jpg
  ✅ CER: 0.8763
[21/24] FMIS_FormblätterMielke_gefüllt (139).jpg
  ✅ CER: 0.8444
[22/24] FMIS_FormblätterMielke_gefüllt (66).jpg
  ✅ CER: 0.8520
[23/24] FMIS_FormblätterMielke_gefüllt (105).jpg
  ✅ CER: 0.8199
[24/24] FMIS_FormblätterMielke_gefüllt (13).jpg
  ✅ CER: 0.8499

============================================================
TEST RESULTS (Staircase)
============================================================
Average CER: 0.9721 (97.21%)
Perfect matches: 0/24
JSON success rate: 0.0%
============================================================

Cleaned up temp dir: /tmp/1479514.tinygpu/florence2_stair_aug_82hmskiy
LoRA finetuning pipeline completed successfully!
Results saved in: /home/vault/iwi5/iwi5298h/models_image_text/florence2/staircase/lora_run_20260106_141749
========================================
Job completed at: Tue Jan  6 09:16:28 PM CET 2026
========================================
=== JOB_STATISTICS ===
=== current date     : Tue Jan  6 09:16:28 PM CET 2026
= Job-ID             : 1479514 on tinygpu
= Job-Name           : florence_stair_preprocess
= Job-Command        : ./job_florence.sh
= Initial workdir    : /home/hpc/iwi5/iwi5298h/Uddipan-Thesis/jobfiles
= Queue/Partition    : v100
= Slurm account      : iwi5 with QOS=normal
= Requested resources:  for 1-00:00:00
= Elapsed runtime    : 06:59:58
= Total RAM usage    : 8.2 GiB of requested  GiB (%)   
= Node list          : tg074
= Subm/Elig/Start/End: 2026-01-06T14:16:28 / 2026-01-06T14:16:28 / 2026-01-06T14:16:30 / 2026-01-06T21:16:28
======================
=== Quota infos ======
    Path                 Used     SoftQ    HardQ    Gracetime  Filec    FileQ    FiHaQ    FileGrace    
    /home/woody           219.6G  1000.0G  1500.0G        N/A   1,017K   5,000K   7,500K        N/A    
    /home/hpc              88.6G   104.9G   209.7G        N/A  29,308      500K   1,000K        N/A    
    /home/vault           982.5G  1048.6G  2097.2G        N/A   7,885      200K     400K        N/A    
======================
=== GPU utilization ==
gpu_name, gpu_bus_id, pid, gpu_utilization [%], mem_utilization [%], max_memory_usage [MiB], time [ms]
Tesla V100-PCIE-32GB, 00000000:86:00.0, 128279, 62 %, 20 %, 31898 MiB, 25143031 ms
