### Starting TaskPrologue of job 1243307 on tg073 at Sun Oct 19 02:13:47 AM CEST 2025
Running on cores 0-1,8-9,16-17,24-25 with governor ondemand
Sun Oct 19 02:13:47 2025       
+-----------------------------------------------------------------------------------------+
| NVIDIA-SMI 570.195.03             Driver Version: 570.195.03     CUDA Version: 12.8     |
|-----------------------------------------+------------------------+----------------------+
| GPU  Name                 Persistence-M | Bus-Id          Disp.A | Volatile Uncorr. ECC |
| Fan  Temp   Perf          Pwr:Usage/Cap |           Memory-Usage | GPU-Util  Compute M. |
|                                         |                        |               MIG M. |
|=========================================+========================+======================|
|   0  Tesla V100-PCIE-32GB           Off |   00000000:18:00.0 Off |                    0 |
| N/A   33C    P0             27W /  250W |       0MiB /  32768MiB |      0%      Default |
|                                         |                        |                  N/A |
+-----------------------------------------+------------------------+----------------------+
                                                                                         
+-----------------------------------------------------------------------------------------+
| Processes:                                                                              |
|  GPU   GI   CI              PID   Type   Process name                        GPU Memory |
|        ID   ID                                                               Usage      |
|=========================================================================================|
|  No running processes found                                                             |
+-----------------------------------------------------------------------------------------+
### Finished TaskPrologue

Starting training at: Sun Oct 19 02:13:49 AM CEST 2025
============================================================
PHI-3.5-VISION FEW-SHOT STAIRCASE OCR PROCESSING
============================================================

Loading test data...
Loaded 26 test samples

Loading training data...
Loaded 26 training samples

Selecting specific diverse few-shot examples...

Available WENDELTREPPE images in train.jsonl:
  - FMIS_FormblätterMielke_gefüllt (18).jpg
  - FMIS_FormblätterMielke_gefüllt (2).jpg
  - FMIS_FormblätterMielke_gefüllt (3).jpg
  - FMIS_FormblätterMielke_gefüllt (34).jpg
  - FMIS_FormblätterMielke_gefüllt (24).jpg
  - FMIS_FormblätterMielke_gefüllt (21).jpg
  - FMIS_FormblätterMielke_gefüllt (7).jpg

Using WENDELTREPPE: FMIS_FormblätterMielke_gefüllt (18).jpg
✓ Selected INNENTREPPE: FMIS_FormblätterMielke_gefüllt (8).jpg
  Actual type in JSON: INNENTREPPE
  Path: /home/woody/iwi5/iwi5298h/staircase_images/FMIS_FormblätterMielke_gefüllt (8).jpg
✓ Selected WENDELTREPPE: FMIS_FormblätterMielke_gefüllt (18).jpg
  Actual type in JSON: WENDELTREPPE
  Path: /home/woody/iwi5/iwi5298h/staircase_images/FMIS_FormblätterMielke_gefüllt (18).jpg

============================================================
FINAL: Using 2 DIVERSE few-shot examples:
  1. FMIS_FormblätterMielke_gefüllt (8).jpg
     Type: INNENTREPPE
     Path: /home/woody/iwi5/iwi5298h/staircase_images/FMIS_FormblätterMielke_gefüllt (8).jpg
  2. FMIS_FormblätterMielke_gefüllt (18).jpg
     Type: WENDELTREPPE
     Path: /home/woody/iwi5/iwi5298h/staircase_images/FMIS_FormblätterMielke_gefüllt (18).jpg
============================================================
Checking for Phi-3.5-vision model...
Model not found locally. Downloading from HuggingFace...
Source: microsoft/Phi-3.5-vision-instruct
Destination: /home/vault/iwi5/iwi5298h/models/phi_3_5_vision
This may take 10-15 minutes (model size ~8GB)...
✓ Model downloaded successfully to: /home/vault/iwi5/iwi5298h/models/phi_3_5_vision
Loading Phi-3.5-vision-instruct model...
Model path: /home/vault/iwi5/iwi5298h/models/phi_3_5_vision
Model loaded successfully!
GPU Memory - Allocated: 8.29 GB, Reserved: 8.31 GB

Creating few-shot messages with diverse layouts...
  Few-shot example 1: FMIS_FormblätterMielke_gefüllt (8).jpg
    Type: INNENTREPPE
    Resolved path: /home/woody/iwi5/iwi5298h/staircase_images/FMIS_FormblätterMielke_gefüllt (8).jpg
    Exists: True
  Few-shot example 2: FMIS_FormblätterMielke_gefüllt (18).jpg
    Type: WENDELTREPPE
    Resolved path: /home/woody/iwi5/iwi5298h/staircase_images/FMIS_FormblätterMielke_gefüllt (18).jpg
    Exists: True
Created few-shot messages: 4 messages
Total images per inference: 2 few-shot + 1 test = 3

Processing 26 test images...
------------------------------------------------------------

[1/26] Processing: FMIS_FormblätterMielke_gefüllt (14).jpg
  Resolved path: /home/woody/iwi5/iwi5298h/staircase_images/FMIS_FormblätterMielke_gefüllt (14).jpg
  CER: 0.9986 (99.86%)
  GPU Memory: 8.30 GB

[2/26] Processing: FMIS_FormblätterMielke_gefüllt (18).jpg
  Resolved path: /home/woody/iwi5/iwi5298h/staircase_images/FMIS_FormblätterMielke_gefüllt (18).jpg
  CER: 0.9985 (99.85%)
  GPU Memory: 8.30 GB

[3/26] Processing: FMIS_FormblätterMielke_gefüllt (35).jpg
  Resolved path: /home/woody/iwi5/iwi5298h/staircase_images/FMIS_FormblätterMielke_gefüllt (35).jpg
  CER: 0.9984 (99.84%)
  GPU Memory: 8.30 GB

[4/26] Processing: FMIS_FormblätterMielke_gefüllt (12).jpg
  Resolved path: /home/woody/iwi5/iwi5298h/staircase_images/FMIS_FormblätterMielke_gefüllt (12).jpg
  CER: 0.9985 (99.85%)
  GPU Memory: 8.30 GB

[5/26] Processing: FMIS_FormblätterMielke_gefüllt (27).jpg
  Resolved path: /home/woody/iwi5/iwi5298h/staircase_images/FMIS_FormblätterMielke_gefüllt (27).jpg
  CER: 0.2254 (22.54%)
  GPU Memory: 8.30 GB

[6/26] Processing: FMIS_FormblätterMielke_gefüllt (2).jpg
  Resolved path: /home/woody/iwi5/iwi5298h/staircase_images/FMIS_FormblätterMielke_gefüllt (2).jpg
  CER: 0.1141 (11.41%)
  GPU Memory: 8.30 GB

[7/26] Processing: FMIS_FormblätterMielke_gefüllt (3).jpg
  Resolved path: /home/woody/iwi5/iwi5298h/staircase_images/FMIS_FormblätterMielke_gefüllt (3).jpg
  CER: 0.1964 (19.64%)
  GPU Memory: 8.30 GB

[8/26] Processing: FMIS_FormblätterMielke_gefüllt (25).jpg
  Resolved path: /home/woody/iwi5/iwi5298h/staircase_images/FMIS_FormblätterMielke_gefüllt (25).jpg
  CER: 0.4663 (46.63%)
  GPU Memory: 8.30 GB

[9/26] Processing: FMIS_FormblätterMielke_gefüllt (37).jpg
  Resolved path: /home/woody/iwi5/iwi5298h/staircase_images/FMIS_FormblätterMielke_gefüllt (37).jpg
  CER: 0.2044 (20.44%)
  GPU Memory: 8.30 GB

[10/26] Processing: FMIS_FormblätterMielke_gefüllt (15).jpg
  Resolved path: /home/woody/iwi5/iwi5298h/staircase_images/FMIS_FormblätterMielke_gefüllt (15).jpg
  CER: 0.2713 (27.13%)
  GPU Memory: 8.30 GB

[11/26] Processing: FMIS_FormblätterMielke_gefüllt (34).jpg
  Resolved path: /home/woody/iwi5/iwi5298h/staircase_images/FMIS_FormblätterMielke_gefüllt (34).jpg
  CER: 0.9984 (99.84%)
  GPU Memory: 8.30 GB

[12/26] Processing: FMIS_FormblätterMielke_gefüllt (22).jpg
  Resolved path: /home/woody/iwi5/iwi5298h/staircase_images/FMIS_FormblätterMielke_gefüllt (22).jpg
  CER: 0.4962 (49.62%)
  GPU Memory: 8.30 GB

[13/26] Processing: FMIS_FormblätterMielke_gefüllt (38).jpg
  Resolved path: /home/woody/iwi5/iwi5298h/staircase_images/FMIS_FormblätterMielke_gefüllt (38).jpg
  CER: 0.2611 (26.11%)
  GPU Memory: 8.30 GB

[14/26] Processing: FMIS_FormblätterMielke_gefüllt (28).jpg
  Resolved path: /home/woody/iwi5/iwi5298h/staircase_images/FMIS_FormblätterMielke_gefüllt (28).jpg
  CER: 0.9985 (99.85%)
  GPU Memory: 8.30 GB

[15/26] Processing: FMIS_FormblätterMielke_gefüllt (4).jpg
  Resolved path: /home/woody/iwi5/iwi5298h/staircase_images/FMIS_FormblätterMielke_gefüllt (4).jpg
  CER: 0.9984 (99.84%)
  GPU Memory: 8.30 GB

[16/26] Processing: FMIS_FormblätterMielke_gefüllt (16).jpg
  Resolved path: /home/woody/iwi5/iwi5298h/staircase_images/FMIS_FormblätterMielke_gefüllt (16).jpg
  CER: 0.9987 (99.87%)
  GPU Memory: 8.30 GB

[17/26] Processing: FMIS_FormblätterMielke_gefüllt (24).jpg
  Resolved path: /home/woody/iwi5/iwi5298h/staircase_images/FMIS_FormblätterMielke_gefüllt (24).jpg
  CER: 0.9985 (99.85%)
  GPU Memory: 8.30 GB

[18/26] Processing: FMIS_FormblätterMielke_gefüllt (11).jpg
  Resolved path: /home/woody/iwi5/iwi5298h/staircase_images/FMIS_FormblätterMielke_gefüllt (11).jpg
  CER: 0.1673 (16.73%)
  GPU Memory: 8.30 GB

[19/26] Processing: FMIS_FormblätterMielke_gefüllt (39).jpg
  Resolved path: /home/woody/iwi5/iwi5298h/staircase_images/FMIS_FormblätterMielke_gefüllt (39).jpg
  CER: 0.4907 (49.07%)
  GPU Memory: 8.30 GB

[20/26] Processing: FMIS_FormblätterMielke_gefüllt (41).jpg
  Resolved path: /home/woody/iwi5/iwi5298h/staircase_images/FMIS_FormblätterMielke_gefüllt (41).jpg
  CER: 0.2079 (20.79%)
  GPU Memory: 8.30 GB

[21/26] Processing: FMIS_FormblätterMielke_gefüllt (21).jpg
  Resolved path: /home/woody/iwi5/iwi5298h/staircase_images/FMIS_FormblätterMielke_gefüllt (21).jpg
  CER: 0.9985 (99.85%)
  GPU Memory: 8.30 GB

[22/26] Processing: FMIS_FormblätterMielke_gefüllt (8).jpg
  Resolved path: /home/woody/iwi5/iwi5298h/staircase_images/FMIS_FormblätterMielke_gefüllt (8).jpg
  CER: 0.0000 (0.00%)
  GPU Memory: 8.30 GB

[23/26] Processing: FMIS_FormblätterMielke_gefüllt (7).jpg
  Resolved path: /home/woody/iwi5/iwi5298h/staircase_images/FMIS_FormblätterMielke_gefüllt (7).jpg
  CER: 0.3048 (30.48%)
  GPU Memory: 8.30 GB

[24/26] Processing: FMIS_FormblätterMielke_Vorlage1.jpg
  Resolved path: /home/woody/iwi5/iwi5298h/staircase_images/FMIS_FormblätterMielke_Vorlage1.jpg
  CER: 0.9980 (99.80%)
  GPU Memory: 8.30 GB

[25/26] Processing: FMIS_FormblätterMielke_gefüllt (36).jpg
  Resolved path: /home/woody/iwi5/iwi5298h/staircase_images/FMIS_FormblätterMielke_gefüllt (36).jpg
  CER: 0.1564 (15.64%)
  GPU Memory: 8.30 GB

[26/26] Processing: FMIS_FormblätterMielke_gefüllt (26).jpg
  Resolved path: /home/woody/iwi5/iwi5298h/staircase_images/FMIS_FormblätterMielke_gefüllt (26).jpg
  CER: 0.9984 (99.84%)
  GPU Memory: 8.30 GB

Saving results to: /home/vault/iwi5/iwi5298h/models_image_text/phi/stair_shots/run_fewshot_20251020_004455
Predictions saved to: /home/vault/iwi5/iwi5298h/models_image_text/phi/stair_shots/run_fewshot_20251020_004455/predictions_fewshot.jsonl

============================================================
PHI-3.5-VISION FEW-SHOT CER EVALUATION RESULTS
STAIRCASE DOCUMENTATION DATASET
============================================================

CER Statistics across 26 images:
--------------------------------------------------
Average CER: 0.5978 (59.78%)
Minimum CER: 0.0000 (0.00%)
Maximum CER: 0.9987 (99.87%)

Weighted CER: 0.6045 (60.45%)
Total characters: 32743
Total errors: 19794
Perfect matches: 1/26 (3.8%)

Summary saved to: /home/vault/iwi5/iwi5298h/models_image_text/phi/stair_shots/run_fewshot_20251020_004455/evaluation_summary_fewshot.json

============================================================
FEW-SHOT PROCESSING COMPLETE!
============================================================
Model: microsoft/Phi-3.5-vision-instruct (4.2B)
Dataset: Staircase Documentation
Method: Few-Shot Learning (2 diverse examples)
Results saved to: /home/vault/iwi5/iwi5298h/models_image_text/phi/stair_shots/run_fewshot_20251020_004455
Total images processed: 26
Average CER on test set: 0.5978 (59.78%)
============================================================

Finished at: Mon Oct 20 12:44:58 AM CEST 2025
Exit status: 0
=== JOB_STATISTICS ===
=== current date     : Mon Oct 20 12:44:59 AM CEST 2025
= Job-ID             : 1243307 on tinygpu
= Job-Name           : _phifew_shot_stair
= Job-Command        : /home/hpc/iwi5/iwi5298h/Uddipan-Thesis/jobfiles/job_phi.sh
= Initial workdir    : /home/hpc/iwi5/iwi5298h/Uddipan-Thesis/jobfiles
= Queue/Partition    : v100
= Slurm account      : iwi5 with QOS=normal
= Requested resources:  for 1-00:00:00
= Elapsed runtime    : 22:31:11
= Total RAM usage    : 9.0 GiB of requested  GiB (%)   
= Node list          : tg073
= Subm/Elig/Start/End: 2025-10-19T02:13:29 / 2025-10-19T02:13:29 / 2025-10-19T02:13:30 / 2025-10-20T00:44:41
======================
=== Quota infos ======
    Path                 Used     SoftQ    HardQ    Gracetime  Filec    FileQ    FiHaQ    FileGrace    
!!! /home/hpc             119.9G   104.9G   209.7G  -29323days  34,629      500K   1,000K        N/A !!!
    /home/woody           144.7G  1000.0G  1500.0G        N/A     729K   5,000K   7,500K        N/A    
    /home/vault           820.0G  1048.6G  2097.2G        N/A   3,994      200K     400K        N/A    
======================
=== GPU utilization ==
gpu_name, gpu_bus_id, pid, gpu_utilization [%], mem_utilization [%], max_memory_usage [MiB], time [ms]
Tesla V100-PCIE-32GB, 00000000:18:00.0, 74779, 99 %, 28 %, 19500 MiB, 80979739 ms
