### Starting TaskPrologue of job 1487960 on tg092 at Tue Jan 13 06:57:40 PM CET 2026
Running on cores 0-7,40-63 with governor ondemand
Tue Jan 13 18:57:40 2026       
+-----------------------------------------------------------------------------------------+
| NVIDIA-SMI 580.105.08             Driver Version: 580.105.08     CUDA Version: 13.0     |
+-----------------------------------------+------------------------+----------------------+
| GPU  Name                 Persistence-M | Bus-Id          Disp.A | Volatile Uncorr. ECC |
| Fan  Temp   Perf          Pwr:Usage/Cap |           Memory-Usage | GPU-Util  Compute M. |
|                                         |                        |               MIG M. |
|=========================================+========================+======================|
|   0  NVIDIA A100-SXM4-40GB          On  |   00000000:01:00.0 Off |                    0 |
| N/A   38C    P0             58W /  400W |       0MiB /  40960MiB |      0%      Default |
|                                         |                        |             Disabled |
+-----------------------------------------+------------------------+----------------------+

+-----------------------------------------------------------------------------------------+
| Processes:                                                                              |
|  GPU   GI   CI              PID   Type   Process name                        GPU Memory |
|        ID   ID                                                               Usage      |
|=========================================================================================|
|  No running processes found                                                             |
+-----------------------------------------------------------------------------------------+
### Finished TaskPrologue

======================================================================
GEMMA-3 ZERO-SHOT SCHMUCK OCR (FIXED)
======================================================================
Loading test JSONL ...
✅ Loaded 89 samples

======================================================================
Loading Gemma-3 for Schmuck zero-shot OCR (transformers)
======================================================================
Detected GPU: NVIDIA A100-SXM4-40GB (cc 8.0)
Using dtype: torch.bfloat16
✅ Model + processor loaded.

======================================================================
Processing 89 images ...
======================================================================

──────────────────────────────────────────────────────────────────────
[1/89] SCH_2891_118.jpg
──────────────────────────────────────────────────────────────────────
[DEBUG] used_sampling_fallback: False
[DEBUG] raw_output_len: 400
[DEBUG] raw_preview: ```json {   "Gegenstand": "Halskette",   "Inv.Nr.": "Sch 2891/118",   "Herkunft": "Baalbeck",   "Foto Notes": "Foto Nr. 2279",   "Standort": "L 207",   "Material": "Silber",   "Datierung": "",   "Maße": "L ca. 30 cm",   
✅ CER: 0.0470 (4.70%)
📈 Running Avg CER: 0.0470 (4.70%)

──────────────────────────────────────────────────────────────────────
[2/89] SCH_2891_225.jpg
──────────────────────────────────────────────────────────────────────
[DEBUG] used_sampling_fallback: False
[DEBUG] raw_output_len: 424
[DEBUG] raw_preview: ```json {   "Gegenstand": "Schläfenschmuck",   "Inv.Nr": "Sch 2891/225",   "Herkunft": "Sendschirli",   "Foto Notes": "Foto Nr.2040",   "Standort": "L 205",   "Material": "Tombakleg., ver-goldet",   "Datierung": "",   "M
✅ CER: 0.0145 (1.45%)
📈 Running Avg CER: 0.0308 (3.08%)

──────────────────────────────────────────────────────────────────────
[3/89] SCH_3071.jpg
──────────────────────────────────────────────────────────────────────
[DEBUG] used_sampling_fallback: False
[DEBUG] raw_output_len: 444
[DEBUG] raw_preview: ```json {   "Gegenstand": "Krawattenadel",   "Inv.Nr": "Sch 3071",   "Herkunft": "Pforzheim",   "Foto Notes": "1246 + Neg. Schl 2409",   "Standort": "L 30 b",   "Material": "Silber, oxydiert, vergoldet",   "Datierung": "
✅ CER: 0.0348 (3.48%)
📈 Running Avg CER: 0.0321 (3.21%)

──────────────────────────────────────────────────────────────────────
[4/89] SCH_3213.jpg
──────────────────────────────────────────────────────────────────────
[DEBUG] used_sampling_fallback: False
[DEBUG] raw_output_len: 374
[DEBUG] raw_preview: ```json {   "Gegenstand": "Anhänger",   "Inv.Nr": "Sch 3213",   "Herkunft": "Foto Nr. 1376",   "Foto Notes": "",   "Standort": "",   "Material": "Silber",   "Datierung": "",   "Maße": "H 5,9 cm\nB 4,8 cm",   "Gewicht": "
✅ CER: 0.1051 (10.51%)
📈 Running Avg CER: 0.0504 (5.04%)

──────────────────────────────────────────────────────────────────────
[5/89] SCH_3129.jpg
──────────────────────────────────────────────────────────────────────
[DEBUG] used_sampling_fallback: False
[DEBUG] raw_output_len: 414
[DEBUG] raw_preview: ```json {   "Gegenstand": "Anhänger",   "Inv.Nr.": "Sch 3129",   "Herkunt": "Italien",   "Foto Notes": "Foto Nr. 65",   "Standort": "L 14",   "Material": "Gold,Perlen",   "Datierung": "",   "Maße": "L 9,4 cm gz.B 5,1 cm"
✅ CER: 0.0475 (4.75%)
📈 Running Avg CER: 0.0498 (4.98%)

──────────────────────────────────────────────────────────────────────
[6/89] SCH_2984.jpg
──────────────────────────────────────────────────────────────────────
[DEBUG] used_sampling_fallback: False
[DEBUG] raw_output_len: 374
[DEBUG] raw_preview: ```json {   "Gegenstand": "Armreif",   "Inv.Nr": "Sch 2984",   "Herkunft": "China",   "Foto Notes": "Foto Nr.2711",   "Standort": "L 238",   "Material": "",   "Datierung": "",   "Maße": "",   "Gewicht": "",   "erworben v
✅ CER: 0.0000 (0.00%)
📈 Running Avg CER: 0.0415 (4.15%)

──────────────────────────────────────────────────────────────────────
[7/89] SCH_2891_162.jpg
──────────────────────────────────────────────────────────────────────
[DEBUG] used_sampling_fallback: False
[DEBUG] raw_output_len: 410
[DEBUG] raw_preview: ```json {   "Gegenstand": "Anhänger",   "Inv.Nr": "Sch 2891/162",   "Herkunft": "Damaskus",   "Foto Notes": "Foto Nr.2171",   "Standort": "L 209",   "Material": "Silberleg.",   "Datierung": "",   "Maße": "B 6,7 cm\nH 6,8
✅ CER: 0.0151 (1.51%)
📈 Running Avg CER: 0.0377 (3.77%)

──────────────────────────────────────────────────────────────────────
[8/89] SCH_3043.jpg
──────────────────────────────────────────────────────────────────────
[DEBUG] used_sampling_fallback: False
[DEBUG] raw_output_len: 414
[DEBUG] raw_preview: ```json {   "Gegenstand": "Brosche",   "Inv.Nr": "Sch 3043",   "Herkunft": "Pforzheim",   "Foto Notes": "Foto Nr. 1074",   "Standort": "L 30 b",   "Material": "Stahl",   "Datierung": "verm.1916",   "Maße": "H 1,8 cm B 4,
✅ CER: 0.0000 (0.00%)
📈 Running Avg CER: 0.0330 (3.30%)

──────────────────────────────────────────────────────────────────────
[9/89] SCH_3005.jpg
──────────────────────────────────────────────────────────────────────
[DEBUG] used_sampling_fallback: False
[DEBUG] raw_output_len: 390
[DEBUG] raw_preview: ```json {   "Gegenstand": "Schnalle",   "Inv.Nr": "Sch 3005",   "Herkunft": "Foto Nr.1685",   "Foto Notes": "Neg. s.",   "Standort": "",   "Material": "Silber",   "Datierung": "",   "Maße": "H 2,8 cm B 2,1 cm",   "Gewich
✅ CER: 0.0719 (7.19%)
📈 Running Avg CER: 0.0373 (3.73%)

──────────────────────────────────────────────────────────────────────
[10/89] SCH_3192_41.jpg
──────────────────────────────────────────────────────────────────────
[DEBUG] used_sampling_fallback: False
[DEBUG] raw_output_len: 500
[DEBUG] raw_preview: ```json {   "Gegenstand": "Anhänger",   "Inv.Nr": "Sch 3192/41",   "Herkunft": "Pforzheim",   "Foto Notes": "Foto Nr.982",   "Standort": "L 63",   "Material": "Silber, Kupfer, Email",   "Datierung": "1915-1919",   "Maße"
✅ CER: 0.0191 (1.91%)
📈 Running Avg CER: 0.0355 (3.55%)

──────────────────────────────────────────────────────────────────────
[11/89] SCH_2106.jpg
──────────────────────────────────────────────────────────────────────
[DEBUG] used_sampling_fallback: False
[DEBUG] raw_output_len: 447
[DEBUG] raw_preview: ```json {   "Gegenstand": "Anhanger",   "Inv. Nr.": "Sch 2106",   "Herkunft": "Pforzheim",   "Foto Notes": "Foto Nr.1185",   "Standort": "L 38",   "Material": "Gold, Email, synth. Rubine Perlen, Simili",   "Datierung": "
✅ CER: 0.0386 (3.86%)
📈 Running Avg CER: 0.0358 (3.58%)

──────────────────────────────────────────────────────────────────────
[12/89] SCH_2891_143.jpg
──────────────────────────────────────────────────────────────────────
[DEBUG] used_sampling_fallback: False
[DEBUG] raw_output_len: 421
[DEBUG] raw_preview: ```json {   "Gegenstand": "Halsring",   "Inv.Nr": "Sch 2891/143",   "Herkunft": "Damaskus",   "Foto Notes": "Foto Nr.1675",   "Standort": "L 208",   "Material": "Silber, verm. Elfenbein",   "Datierung": "Maße: Dm 11.8 cm
✅ CER: 0.0486 (4.86%)
📈 Running Avg CER: 0.0368 (3.68%)

──────────────────────────────────────────────────────────────────────
[13/89] SCH_2892.jpg
──────────────────────────────────────────────────────────────────────
[DEBUG] used_sampling_fallback: False
[DEBUG] raw_output_len: 445
[DEBUG] raw_preview: ```json {   "Gegenstand": "Medallion-Brosche/Anhänger",   "Inv.Nr": "Sch 2892",   "Herkunft": "",   "Foto Notes": "Foto Nr. 434 + Neg. Sch 2892",   "Standort": "L 32 d",   "Material": "Gold,Steinmozaik",   "Datierung": "
✅ CER: 0.0245 (2.45%)
📈 Running Avg CER: 0.0359 (3.59%)

──────────────────────────────────────────────────────────────────────
[14/89] SCH_2891_211.jpg
──────────────────────────────────────────────────────────────────────
[DEBUG] used_sampling_fallback: False
[DEBUG] raw_output_len: 432
[DEBUG] raw_preview: ```json {   "Gegenstand": "Armreif",   "Inv.Nr.": "Sch 2891/211",   "Herkunt": "Adijaman/Türkei",   "Foto Notes": "Foto Nr. 2206",   "Standort": "L 210",   "Material": "Silberleg.",   "Datierung": "",   "Maße": "B 3,0 cm
✅ CER: 0.1257 (12.57%)
📈 Running Avg CER: 0.0423 (4.23%)

──────────────────────────────────────────────────────────────────────
[15/89] SCH_3170.jpg
──────────────────────────────────────────────────────────────────────
[DEBUG] used_sampling_fallback: False
[DEBUG] raw_output_len: 413
[DEBUG] raw_preview: ```json {   "Gegenstand": "Brosche",   "Inv.Nr": "Sch 3170",   "Herkunft": "",   "Foto Notes": "Foto Nr. 234",   "Standort": "L 17",   "Material": "Silber, Email, Perlen, Brillanten",   "Datierung": "Louis XVI",   "Maße"
✅ CER: 0.0148 (1.48%)
📈 Running Avg CER: 0.0405 (4.05%)

──────────────────────────────────────────────────────────────────────
[16/89] SCH_2891_73.jpg
──────────────────────────────────────────────────────────────────────
[DEBUG] used_sampling_fallback: False
[DEBUG] raw_output_len: 405
[DEBUG] raw_preview: ```json {   "Gegenstand": "Ein Ohrring",   "Inv.Nr": "Sch 2891/73",   "Herkunft": "Aidin/Türkei",   "Foto Notes": "Foto Nr.2083",   "Standort": "L 206",   "Material": "Neusilber",   "Datierung": "",   "Maße": "H 3,8 cm",
✅ CER: 0.0061 (0.61%)
📈 Running Avg CER: 0.0383 (3.83%)

──────────────────────────────────────────────────────────────────────
[17/89] SCH_2087.jpg
──────────────────────────────────────────────────────────────────────
[DEBUG] used_sampling_fallback: False
[DEBUG] raw_output_len: 433
[DEBUG] raw_preview: ```json {   "Gegenstand": "Brosche",   "Inv.Nr": "Sch 2087",   "Herkunft": "",   "Foto Notes": "Foto Nr.862",   "Standort": "L 37",   "Material": "Silber, emailliert",   "Datierung": "um 1905",   "Maße": "B 3,0 cm H 4,7 
✅ CER: 0.0028 (0.28%)
📈 Running Avg CER: 0.0362 (3.62%)

──────────────────────────────────────────────────────────────────────
[18/89] SCH_2891_222.jpg
──────────────────────────────────────────────────────────────────────
[DEBUG] used_sampling_fallback: False
[DEBUG] raw_output_len: 438
[DEBUG] raw_preview: ```json {   "Gegenstand": "SchLÄfenschmuck",   "Inv.Nr": "Sch 2891/222",   "Herkunt": "Sendschirli/Türkei",   "Foto Notes": "Foto Nr.1585",   "Standort": "L 205",   "Material": "TombakLeg., vergoldet",   "Datierung": "",
✅ CER: 0.0974 (9.74%)
📈 Running Avg CER: 0.0396 (3.96%)

──────────────────────────────────────────────────────────────────────
[19/89] SCH_2891_63.jpg
──────────────────────────────────────────────────────────────────────
[DEBUG] used_sampling_fallback: False
[DEBUG] raw_output_len: 471
[DEBUG] raw_preview: ```json {   "Gegenstand": "Stirnschmuck",   "Inv.Nr": "Sch 2891/63",   "Herkunft": "Sendchirli/Türkei",   "Foto Notes": "Foto Nr.2258",   "Standort": "L 204",   "Material": "vern. Silberleg., Korallen, Glasfarb-stein",  
✅ CER: 0.0152 (1.52%)
📈 Running Avg CER: 0.0384 (3.84%)

──────────────────────────────────────────────────────────────────────
[20/89] SCH_2891_145.jpg
──────────────────────────────────────────────────────────────────────
[DEBUG] used_sampling_fallback: False
[DEBUG] raw_output_len: 412
[DEBUG] raw_preview: ```json {   "Gegenstand": "Armreif",   "Inv.Nr": "Sch 2891/145",   "Herkunft": "Damaskus",   "Foto Notes": "Foto Nr.2183",   "Standort": "L. 208",   "Material": "Silberleg.",   "Datierung": "",   "Maße": "Dm innen:5,3x 4
✅ CER: 0.0090 (0.90%)
📈 Running Avg CER: 0.0369 (3.69%)

──────────────────────────────────────────────────────────────────────
[21/89] SCH_2891_292.jpg
──────────────────────────────────────────────────────────────────────
[DEBUG] used_sampling_fallback: False
[DEBUG] raw_output_len: 385
[DEBUG] raw_preview: ```json {   "Gegenstand": "Armreif",   "Inv.Nr.": "Sch 2891/292",   "Herkunft": "Mittl. Osten",   "Foto Notes": "SCH 2891/295",   "Standort": "L 213",   "Material": "Messing",   "Datierung": "Dm 6.3 cm",   "Maße": "19,7 
✅ CER: 0.1667 (16.67%)
📈 Running Avg CER: 0.0431 (4.31%)

──────────────────────────────────────────────────────────────────────
[22/89] SCH_3030.jpg
──────────────────────────────────────────────────────────────────────
[DEBUG] used_sampling_fallback: False
[DEBUG] raw_output_len: 392
[DEBUG] raw_preview: ```json {   "Gegenstand": "Brosche",   "Inv.Nr.": "Sch 3030",   "Herkunft": "Foto Nr.2143",   "Foto Notes": "",   "Standort": "",   "Material": "Glasfaden",   "Datierung": "",   "Maße": "L 6,8 cm\nB 2,8 cm",   "Gewicht":
✅ CER: 0.0863 (8.63%)
📈 Running Avg CER: 0.0450 (4.50%)

──────────────────────────────────────────────────────────────────────
[23/89] SCH_3220.jpg
──────────────────────────────────────────────────────────────────────
[DEBUG] used_sampling_fallback: False
[DEBUG] raw_output_len: 403
[DEBUG] raw_preview: ```json {   "Gegenstand": "Uhranhänger (Chatelaine)",   "Inv.Nr": "Sch 3220",   "Herkunft": "",   "Foto Notes": "Foto Nr.1434",   "Standort": "",   "Material": "Bronze vergoldet",   "Datierung": "",   "Maße": "L 12,3 cm 
✅ CER: 0.0248 (2.48%)
📈 Running Avg CER: 0.0442 (4.42%)

──────────────────────────────────────────────────────────────────────
[24/89] SCH_3179.jpg
──────────────────────────────────────────────────────────────────────
[DEBUG] used_sampling_fallback: False
[DEBUG] raw_output_len: 416
[DEBUG] raw_preview: ```json {   "Gegenstand": "Teil eines Brustschmucks",   "Inv.Nr.": "Sch 3179",   "Herkunft": "",   "Foto Notes": "Foto Nr. 205",   "Standort": "L 16",   "Material": "Silber, Almandine, Diamanten",   "Datierung": "1921", 
✅ CER: 0.0473 (4.73%)
📈 Running Avg CER: 0.0443 (4.43%)

──────────────────────────────────────────────────────────────────────
[25/89] SCH_3239.jpg
──────────────────────────────────────────────────────────────────────
[DEBUG] used_sampling_fallback: False
[DEBUG] raw_output_len: 423
[DEBUG] raw_preview: ```json {   "Gegenstand": "Anhänger (Kopie)",   "Inv.Nr": "Sch 3239",   "Herkunt": "L 33 b",   "Foto Notes": "Foto Nr.2758",   "Standort": "L 33 b",   "Material": "Silber, Email, Simili, Farbglassteine",   "Datierung": "
✅ CER: 0.0147 (1.47%)
📈 Running Avg CER: 0.0431 (4.31%)

──────────────────────────────────────────────────────────────────────
[26/89] SCH_3192_6.jpg
──────────────────────────────────────────────────────────────────────
[DEBUG] used_sampling_fallback: False
[DEBUG] raw_output_len: 427
[DEBUG] raw_preview: ```json {   "Gegenstand": " Brosche",   "Inv.Nr.": "Sch 3192/6",   "Herkunft": "Pforzheim",   "Foto Notes": "Foto Nr.969",   "Standort": "L 63",   "Material": "Silber, Jade",   "Datierung": "um 1908-1910",   "Maße": "Dm 
✅ CER: 0.0590 (5.90%)
📈 Running Avg CER: 0.0437 (4.37%)

──────────────────────────────────────────────────────────────────────
[27/89] SCH_2891_142.jpg
──────────────────────────────────────────────────────────────────────
[DEBUG] used_sampling_fallback: False
[DEBUG] raw_output_len: 392
[DEBUG] raw_preview: ```json {   "Gegenstand": "Nadel",   "Inv.Nr": "Sch 2891/142",   "Herkunft": "Damaskus",   "Foto Notes": "Foto Nr.2085",   "Standort": "L 208",   "Material": "Silber",   "Datierung": "",   "Maße": "L 7,0 cm",   "Gewicht"
✅ CER: 0.0064 (0.64%)
📈 Running Avg CER: 0.0423 (4.23%)

──────────────────────────────────────────────────────────────────────
[28/89] SCH_2891_53.jpg
──────────────────────────────────────────────────────────────────────
[DEBUG] used_sampling_fallback: False
[DEBUG] raw_output_len: 424
[DEBUG] raw_preview: ```json {   "Gegenstand": "Anhänger",   "Inv.Nr": "Sch 2891/53",   "Herkunft": "Orient",   "Foto Notes": "Foto Nr.1619",   "Standort": "L 203",   "Material": "Silber, Panther-klauen",   "Datierung": "",   "Maße": "L ca. 
✅ CER: 0.0418 (4.18%)
📈 Running Avg CER: 0.0423 (4.23%)

──────────────────────────────────────────────────────────────────────
[29/89] SCH_2891_262_263.jpg
──────────────────────────────────────────────────────────────────────
[DEBUG] used_sampling_fallback: False
[DEBUG] raw_output_len: 444
[DEBUG] raw_preview: ```json {   "Gegenstand": "1 Paar Ohrringe",   "Inv.Nr": "Sch 2891/262/263",   "Herkunft": "Orient",   "Foto Notes": "Foto Nr.2166",   "Standort": "L 211",   "Material": "verm. Silberleg., vergoldet",   "Datierung": "", 
✅ CER: 0.0192 (1.92%)
📈 Running Avg CER: 0.0415 (4.15%)

──────────────────────────────────────────────────────────────────────
[30/89] SCH_2891_282.jpg
──────────────────────────────────────────────────────────────────────
[DEBUG] used_sampling_fallback: False
[DEBUG] raw_output_len: 473
[DEBUG] raw_preview: ```json {   "Gegenstand": "Amulettbehältser",   "Inv.Nr": "Sch 2891/282",   "Herkunft": "verm.Mittl.Osten",   "Foto Notes": "2254",   "Standort": "L 212",   "Material": "Tombakleg., vergoldet, Farbglassstein",   "Datieru
✅ CER: 0.0348 (3.48%)
📈 Running Avg CER: 0.0413 (4.13%)

──────────────────────────────────────────────────────────────────────
[31/89] SCH_3218.jpg
──────────────────────────────────────────────────────────────────────
[DEBUG] used_sampling_fallback: False
[DEBUG] raw_output_len: 390
[DEBUG] raw_preview: ```json {   "Gegenstand": "Anhäng\u00e3",   "Inv.Nr": "Sch 3218",   "Herkunft": "",   "Foto Notes": "Nr.1473, 1472",   "Standort": "L 250",   "Material": "Silber, ver-goldet",   "Datierung": "",   "Ma\u00dfe": "H 3,5 cm\
✅ CER: 0.0391 (3.91%)
📈 Running Avg CER: 0.0412 (4.12%)

──────────────────────────────────────────────────────────────────────
[32/89] SCH_2891_275.jpg
──────────────────────────────────────────────────────────────────────
[DEBUG] used_sampling_fallback: False
[DEBUG] raw_output_len: 414
[DEBUG] raw_preview: ```json {   "Gegenstand": "Anhänger",   "Inv.Nr": "Sch 2891/275",   "Herkunft": "Mittl.Osten",   "Foto Notes": "Foto Nr.2271",   "Standort": "L 212",   "Material": "Silberleg.",   "Datierung": "",   "Maße": "L 9,4 cm\nB 
✅ CER: 0.0149 (1.49%)
📈 Running Avg CER: 0.0404 (4.04%)

──────────────────────────────────────────────────────────────────────
[33/89] SCH_3002.jpg
──────────────────────────────────────────────────────────────────────
[DEBUG] used_sampling_fallback: False
[DEBUG] raw_output_len: 384
[DEBUG] raw_preview: ```json {   "Gegenstand": "Ohrring",   "Inv.Nr": "Sch 3002",   "Herkunt": "verm.Bayern",   "Foto Notes": "Nr.1591 a Neg. KV 1947",   "Standort": "L 216",   "Material": "Silber,vergoldet",   "Datierung": "",   "Maße": "",
✅ CER: 0.0571 (5.71%)
📈 Running Avg CER: 0.0409 (4.09%)

──────────────────────────────────────────────────────────────────────
[34/89] SCH_3137_a.jpg
──────────────────────────────────────────────────────────────────────
[DEBUG] used_sampling_fallback: False
[DEBUG] raw_output_len: 506
[DEBUG] raw_preview: ```json {   "Gegenstand": "Anhänger",   "Inv.Nr": "Sch 3137 a",   "Herkunft": "flämisch",   "Foto Notes": "Foto Nr. 209 + Naz, SCH 3137 u",   "Standort": "L 16",   "Material": "Gold, Silber, Diamanten",   "Datierung": "M
✅ CER: 0.0894 (8.94%)
📈 Running Avg CER: 0.0423 (4.23%)

──────────────────────────────────────────────────────────────────────
[35/89] SCH_3131.jpg
──────────────────────────────────────────────────────────────────────
[DEBUG] used_sampling_fallback: False
[DEBUG] raw_output_len: 386
[DEBUG] raw_preview: ```json {   "Gegenstand": "Anhänger",   "Inv.Nr.": "Sch 3131",   "Herkunt": "Schweiz",   "Foto Notes": "Foto Nr.1623",   "Standort": "L 216",   "Material": "Silber,vergoldet",   "Datierung": "",   "Maße": "",   "Gewicht"
✅ CER: 0.0485 (4.85%)
📈 Running Avg CER: 0.0425 (4.25%)

──────────────────────────────────────────────────────────────────────
[36/89] SCH_3192_36.jpg
──────────────────────────────────────────────────────────────────────
[DEBUG] used_sampling_fallback: False
[DEBUG] raw_output_len: 460
[DEBUG] raw_preview: ```json {   "Gegenstand": "Brosche",   "Inv.Nr.": "Sch 3192/36",   "Herkunft": "Pforzheim",   "Foto Notes": "Foto Nr.963",   "Standort": "L 63",   "Material": "Silber, Email",   "Datierung": "1915-1919",   "Maße": "H 4,6
✅ CER: 0.0394 (3.94%)
📈 Running Avg CER: 0.0424 (4.24%)

──────────────────────────────────────────────────────────────────────
[37/89] SCH_3165.jpg
──────────────────────────────────────────────────────────────────────
[DEBUG] used_sampling_fallback: False
[DEBUG] raw_output_len: 415
[DEBUG] raw_preview: ```json {   "Gegenstand": "Zwei Ohrringe",   "Inv.Nr.": "Sch 3165",   "Herkunft": "Portugal",   "Foto Notes": "Foto Nr.1678",   "Standort": "L 214",   "Material": "vermutlich Gold,Glas-steine",   "Datierung": "",   "Maße
✅ CER: 0.0266 (2.66%)
📈 Running Avg CER: 0.0420 (4.20%)

──────────────────────────────────────────────────────────────────────
[38/89] SCH_3192_14.jpg
──────────────────────────────────────────────────────────────────────
[DEBUG] used_sampling_fallback: False
[DEBUG] raw_output_len: 451
[DEBUG] raw_preview: ```json {   "Gegenstand": "Anhänger",   "Inv.Nr": "Sch 3192/14",   "Herkunft": "Pforzheim",   "Foto Notes": "Foto Nr.886",   "Standort": "L 63",   "Material": "Silber,Lapis",   "Datierung": "um 1919",   "Maße": "H 7,3 cm
✅ CER: 0.0135 (1.35%)
📈 Running Avg CER: 0.0412 (4.12%)

──────────────────────────────────────────────────────────────────────
[39/89] SCH_2891_173.jpg
──────────────────────────────────────────────────────────────────────
[DEBUG] used_sampling_fallback: False
[DEBUG] raw_output_len: 431
[DEBUG] raw_preview: ```json {   "Gegenstand": "Instrument zum Schleifen",   "Inv.Nr": "Sch 2891/173",   "Herkunft": "Damaskus",   "Foto Notes": "Neg. r. Sel. Sch 2891/174",   "Standort": "L 209",   "Material": "Silber, Eisen",   "Datierung"
✅ CER: 0.0416 (4.16%)
📈 Running Avg CER: 0.0413 (4.13%)

──────────────────────────────────────────────────────────────────────
[40/89] SCH_2891_72.jpg
──────────────────────────────────────────────────────────────────────
[DEBUG] used_sampling_fallback: False
[DEBUG] raw_output_len: 450
[DEBUG] raw_preview: ```json {   "Gegenstand": "Armband, beschädigt",   "Inv.Nr": "Sch 2891/72",   "Herkunt": "Aidin, Türkei",   "Foto Notes": "Neg. SCH 2891/124",   "Standort": "L 206",   "Material": "Silber",   "Datierung": "17,6 cm B 4,9 
✅ CER: 0.1496 (14.96%)
📈 Running Avg CER: 0.0440 (4.40%)

──────────────────────────────────────────────────────────────────────
[41/89] SCH_2067_recto.jpg
──────────────────────────────────────────────────────────────────────
[DEBUG] used_sampling_fallback: False
[DEBUG] raw_output_len: 476
[DEBUG] raw_preview: ```json {   "Gegenstand": "Gürtelschließe",   "Inv.Nr.": "Sch 2067",   "Herkunft": "London",   "Foto Notes": "Foto Nr.1275",   "Standort": "L 36",   "Material": "Silber, Kupfer, Email, Zitrine",   "Datierung": "UM 1902",
✅ CER: 0.1318 (13.18%)
📈 Running Avg CER: 0.0461 (4.61%)

──────────────────────────────────────────────────────────────────────
[42/89] SCH_3192_4.jpg
──────────────────────────────────────────────────────────────────────
[DEBUG] used_sampling_fallback: False
[DEBUG] raw_output_len: 487
[DEBUG] raw_preview: ```json {   "Gegenstand": "Brosche",   "Inv.Nr": "Sch 3192/4",   "Herkunft": "Pforzheim",   "Foto Notes": "Foto Nr.975",   "Standort": "L 63",   "Material": "Silber, Email, Perlen, Lapis",   "Datierung": "1906-08",   "Ma
✅ CER: 0.0246 (2.46%)
📈 Running Avg CER: 0.0456 (4.56%)

──────────────────────────────────────────────────────────────────────
[43/89] SCH_2891_29_30.jpg
──────────────────────────────────────────────────────────────────────
[DEBUG] used_sampling_fallback: False
[DEBUG] raw_output_len: 436
[DEBUG] raw_preview: ```json {   "Gegenstand": "vermutlich Kettenlieder, zwei Stück",   "Inv.Nr": "Sch 2891/29/30",   "Herkunft": "Sendshirli/Türkei",   "Foto Notes": "Foto Nr.2167",   "Standort": "L 202",   "Material": "Silber",   "Datierun
✅ CER: 0.0111 (1.11%)
📈 Running Avg CER: 0.0448 (4.48%)

──────────────────────────────────────────────────────────────────────
[44/89] SCH_2891_272.jpg
──────────────────────────────────────────────────────────────────────
[DEBUG] used_sampling_fallback: False
[DEBUG] raw_output_len: 420
[DEBUG] raw_preview: ```json {   "Gegenstand": "Gürtelschließe",   "Inv.Nr": "Sch 2891/272",   "Herkunft": "Mittl. Osten",   "Foto Notes": "Mittl.Osten",   "Standort": "L212",   "Material": "Silberleg.",   "Datierung": "",   "Maße": "L 7,6 c
✅ CER: 0.0408 (4.08%)
📈 Running Avg CER: 0.0447 (4.47%)

──────────────────────────────────────────────────────────────────────
[45/89] SCH_2891_177.jpg
──────────────────────────────────────────────────────────────────────
[DEBUG] used_sampling_fallback: False
[DEBUG] raw_output_len: 418
[DEBUG] raw_preview: ```json {   "Gegenstand": "Anhänger",   "Inv.Nr.": "Sch 2891/177",   "Herkunft": "Damaskus",   "Foto Notes": "Foto Nr. 2267",   "Standort": "L 209",   "Material": "Silber, Zahn",   "Datierung": "",   "Maße": "H ca. 3,2 c
✅ CER: 0.1036 (10.36%)
📈 Running Avg CER: 0.0460 (4.60%)

──────────────────────────────────────────────────────────────────────
[46/89] SCH_3192_13.jpg
──────────────────────────────────────────────────────────────────────
[DEBUG] used_sampling_fallback: False
[DEBUG] raw_output_len: 460
[DEBUG] raw_preview: ```json {   "Gegenstand": "Brosche",   "Inv.Nr": "Sch 3192/13",   "Herkunft": "Pforzheim",   "Foto Notes": "Foto Nr.995",   "Standort": "L 63",   "Material": "Silber, Koralle, Lapis",   "Datierung": "1912-1914",   "Maße"
✅ CER: 0.0236 (2.36%)
📈 Running Avg CER: 0.0455 (4.55%)

──────────────────────────────────────────────────────────────────────
[47/89] SCH_2891_291.jpg
──────────────────────────────────────────────────────────────────────
[DEBUG] used_sampling_fallback: False
[DEBUG] raw_output_len: 456
[DEBUG] raw_preview: ```json {   "Gegenstand": "Gürtelschnuck",   "Inv.Nr": "Sch 2891/291",   "Herkunft": "Mittl.Osten",   "Foto Notes": "Foto Nr.2192",   "Standort": "L 213",   "Material": "Messing, Karneol, Farbglassteine, Glasmasse",   "D
✅ CER: 0.0381 (3.81%)
📈 Running Avg CER: 0.0454 (4.54%)

──────────────────────────────────────────────────────────────────────
[48/89] SCH_3192_60.jpg
──────────────────────────────────────────────────────────────────────
[DEBUG] used_sampling_fallback: False
[DEBUG] raw_output_len: 442
[DEBUG] raw_preview: ```json {   "Gegenstand": "Brosche",   "Inv.Nr.": "Sch 3192/60",   "Herkunft": "Pforzheim",   "Foto Notes": "Foto Nr.1006",   "Standort": "L 63",   "Material": "Silber,Festungsachat",   "Datierung": "verm. 1915-1918",   
✅ CER: 0.0585 (5.85%)
📈 Running Avg CER: 0.0456 (4.56%)

──────────────────────────────────────────────────────────────────────
[49/89] SCH_3124.jpg
──────────────────────────────────────────────────────────────────────
[DEBUG] used_sampling_fallback: False
[DEBUG] raw_output_len: 538
[DEBUG] raw_preview: ```json {   "Gegenstand": "Anhänger vgl. Sch 3126 a+b",   "Inv.Nr": "Sch 3124",   "Herkunt": "Prof.Dr.M.Rosenberg",   "Foto Notes": "Foto Nr. 118 Neg. & siehe Sch 3126 a+b",   "Standort": "L 15",   "Material": "Silber, v
✅ CER: 0.0391 (3.91%)
📈 Running Avg CER: 0.0455 (4.55%)

──────────────────────────────────────────────────────────────────────
[50/89] SCH_3026.jpg
──────────────────────────────────────────────────────────────────────
[DEBUG] used_sampling_fallback: False
[DEBUG] raw_output_len: 390
[DEBUG] raw_preview: ```json {   "Gegenstand": "Schließe",   "Inv.Nr.": "Sch 3026",   "Herkunft": "Foto Nr. 2355",   "Standort": "",   "Material": "Silber, Holz",   "Datierung": "",   "Maße": "L geschlossen 15,3 cm B 4,9 cm",   "Gewicht": "3
✅ CER: 0.0818 (8.18%)
📈 Running Avg CER: 0.0462 (4.62%)

──────────────────────────────────────────────────────────────────────
[51/89] SCH_2065.jpg
──────────────────────────────────────────────────────────────────────
[DEBUG] used_sampling_fallback: False
[DEBUG] raw_output_len: 494
[DEBUG] raw_preview: ```json {   "Gegenstand": "Gürtelschließe",   "Inv. Nr.": "Sch 2065",   "Herkunft": "vern. Pforzheim",   "Foto Notes": "Foto Nr.1171",   "Standort": "L 37",   "Material": "Silber oxydiert, emailliert",   "Datierung": "um
✅ CER: 0.0439 (4.39%)
📈 Running Avg CER: 0.0462 (4.62%)

──────────────────────────────────────────────────────────────────────
[52/89] SCH_2891_138.jpg
──────────────────────────────────────────────────────────────────────
[DEBUG] used_sampling_fallback: False
[DEBUG] raw_output_len: 396
[DEBUG] raw_preview: ```json {   "Gegenstand": "Armband",   "Inv.Nr": "Sch 2891/138",   "Herkunft": "Damaskus",   "Foto Notes": "",   "Standort": "L 208",   "Material": "Silberleg.,Türkise",   "Datierung": "",   "Maße": "L 17 cm",   "Gewicht
✅ CER: 0.0426 (4.26%)
📈 Running Avg CER: 0.0461 (4.61%)

──────────────────────────────────────────────────────────────────────
[53/89] SCH_2891_245.jpg
──────────────────────────────────────────────────────────────────────
[DEBUG] used_sampling_fallback: False
[DEBUG] raw_output_len: 461
[DEBUG] raw_preview: ```json {   "Gegenstand": "Anhänger für Kopfschmuck",   "Inv.Nr": "Sch 2891/245",   "Herkunt": "Kleinastien",   "Foto Notes": "Foto Nr.2214",   "Standort": "L 211",   "Material": "verm. Silber, vergoldet, Datierung Glass
✅ CER: 0.0620 (6.20%)
📈 Running Avg CER: 0.0464 (4.64%)

──────────────────────────────────────────────────────────────────────
[54/89] SCH_2891_268.jpg
──────────────────────────────────────────────────────────────────────
[DEBUG] used_sampling_fallback: False
[DEBUG] raw_output_len: 411
[DEBUG] raw_preview: ```json {   "Gegenstand": "Armreif",   "Inv.Nr": "Sch 2891/268",   "Herkunft": "Mittl.Osten",   "Foto Notes": "Foto Nr.2010",   "Standort": "L 212",   "Material": "Silberleg.",   "Datierung": "",   "Maße": "Dm 6,6 cm B 3
✅ CER: 0.0030 (0.30%)
📈 Running Avg CER: 0.0456 (4.56%)

──────────────────────────────────────────────────────────────────────
[55/89] SCH_3192_32.jpg
──────────────────────────────────────────────────────────────────────
[DEBUG] used_sampling_fallback: False
[DEBUG] raw_output_len: 467
[DEBUG] raw_preview: ```json {   "Gegenstand": "Brosche",   "Inv.Nr": "Sch 3192/32",   "Herkunt": "Pforzheim",   "Foto Notes": "Foto Nr.954",   "Standort": "L 63",   "Material": "Silber vergoldet, Kupfer, Email",   "Datierung": "um 1915",   
✅ CER: 0.0336 (3.36%)
📈 Running Avg CER: 0.0454 (4.54%)

──────────────────────────────────────────────────────────────────────
[56/89] SCH_2891_293.jpg
──────────────────────────────────────────────────────────────────────
[DEBUG] used_sampling_fallback: False
[DEBUG] raw_output_len: 422
[DEBUG] raw_preview: ```json {   "Gegenstand": "Armreif",   "Inv.Nr": "Sch 2891/293",   "Herkunft": "Mittl.Osten",   "Foto Notes": "Foto Nr. 2891 Neg. s. SCH 2891/293",   "Standort": "L 213",   "Material": "Messing",   "Datierung": "",   "Ma
✅ CER: 0.0058 (0.58%)
📈 Running Avg CER: 0.0447 (4.47%)

──────────────────────────────────────────────────────────────────────
[57/89] SCH_3192_27.jpg
──────────────────────────────────────────────────────────────────────
[DEBUG] used_sampling_fallback: False
[DEBUG] raw_output_len: 452
[DEBUG] raw_preview: ```json {   "Gegenstand": "Brosche",   "Inv.Nr.": "Sch 3192/27",   "Herkunft": "Pforzheim",   "Foto Notes": "Foto Nr.989",   "Standort": "L 63",   "Material": "Silber oxydiert, Mondsteine, Ame-thysst",   "Datierung": "um
✅ CER: 0.0511 (5.11%)
📈 Running Avg CER: 0.0448 (4.48%)

──────────────────────────────────────────────────────────────────────
[58/89] SCH_3174.jpg
──────────────────────────────────────────────────────────────────────
[DEBUG] used_sampling_fallback: False
[DEBUG] raw_output_len: 467
[DEBUG] raw_preview: ```json {   "Gegenstand": "Halskette mit Schließe",   "Inv.Nr": "Sch 3174",   "Herkunft": "",   "Foto Notes": "Foto Nr.1387",   "Standort": "L 250",   "Material": "Silber, z.T. vergoldet, Farbglassteine",   "Datierung": 
✅ CER: 0.0809 (8.09%)
📈 Running Avg CER: 0.0454 (4.54%)

──────────────────────────────────────────────────────────────────────
[59/89] SCH_2891_235_236.jpg
──────────────────────────────────────────────────────────────────────
[DEBUG] used_sampling_fallback: False
[DEBUG] raw_output_len: 450
[DEBUG] raw_preview: ```json {   "Gegenstand": "Kopfschmuck 2-teilig",   "Inv.Nr": "Sch 2891/235/236",   "Herkunt": "Kiakhta",   "Foto Notes": "Foto Nr.2263",   "Standort": "L 211",   "Material": "verm.Silberleg., U. Tombakleg.",   "Datierun
✅ CER: 0.0267 (2.67%)
📈 Running Avg CER: 0.0451 (4.51%)

──────────────────────────────────────────────────────────────────────
[60/89] SCH_2891_59.jpg
──────────────────────────────────────────────────────────────────────
[DEBUG] used_sampling_fallback: False
[DEBUG] raw_output_len: 434
[DEBUG] raw_preview: ```json {   "Gegenstand": "Stirnschmuck",   "Inv.Nr.": "Sch 2891/59",   "Herkunft": "vorderer Orient",   "Foto Notes": "Foto Nr.2110",   "Standort": "L 203",   "Material": "Silberleg., Türkis, Korallen",   "Datierung": "
✅ CER: 0.0510 (5.10%)
📈 Running Avg CER: 0.0452 (4.52%)

──────────────────────────────────────────────────────────────────────
[61/89] SCH_3211.jpg
──────────────────────────────────────────────────────────────────────
[DEBUG] used_sampling_fallback: False
[DEBUG] raw_output_len: 384
[DEBUG] raw_preview: ```json {   "Gegenstand": "Stielbrille (Lorgnon)",   "Inv.Nr": "Sch 3211",   "Herkunft": "",   "Foto Notes": "Foto Nr. 554",   "Standort": "L 20",   "Material": "Gold",   "Datierung": "",   "Maße": "L 8,5 cm",   "Gewicht
✅ CER: 0.0000 (0.00%)
📈 Running Avg CER: 0.0445 (4.45%)

──────────────────────────────────────────────────────────────────────
[62/89] SCH_3141.jpg
──────────────────────────────────────────────────────────────────────
[DEBUG] used_sampling_fallback: False
[DEBUG] raw_output_len: 430
[DEBUG] raw_preview: ```json {   "Gegenstand": "Brosche",   "Inv.Nr.": "Sch 3141",   "Herkunft": "Pforzheim",   "Foto Notes": "Foto Nr. 288",   "Standort": "L 22",   "Material": "Gold, Email, Holz, Perlmutт",   "Datierung": "um 1850",   "Maß
✅ CER: 0.0739 (7.39%)
📈 Running Avg CER: 0.0449 (4.49%)

──────────────────────────────────────────────────────────────────────
[63/89] SCH_2891_241.jpg
──────────────────────────────────────────────────────────────────────
[DEBUG] used_sampling_fallback: False
[DEBUG] raw_output_len: 430
[DEBUG] raw_preview: ```json {   "Gegenstand": "Anhänger",   "Inv.Nr": "Sch 2891/241",   "Herkunft": "Kiahkta",   "Foto Notes": "Foto Nr.2170",   "Standort": "L 211",   "Material": "Silberleg., vergoldet Glassteine",   "Datierung": "",   "Ma
✅ CER: 0.0171 (1.71%)
📈 Running Avg CER: 0.0445 (4.45%)

──────────────────────────────────────────────────────────────────────
[64/89] SCH_3171.jpg
──────────────────────────────────────────────────────────────────────
[DEBUG] used_sampling_fallback: False
[DEBUG] raw_output_len: 428
[DEBUG] raw_preview: ```json {   "Gegenstand": "Brustschmuck ( Anhänger )",   "Inv.Nr": "Sch 3171",   "Herkunft": "",   "Foto Notes": "Foto Nr. 223",   "Standort": "L 16",   "Material": "Silber, vergoldet, Tür kise, Brillanten",   "Datierung
✅ CER: 0.0458 (4.58%)
📈 Running Avg CER: 0.0445 (4.45%)

──────────────────────────────────────────────────────────────────────
[65/89] SCH_3215.jpg
──────────────────────────────────────────────────────────────────────
[DEBUG] used_sampling_fallback: False
[DEBUG] raw_output_len: 431
[DEBUG] raw_preview: ```json {   "Gegenstand": "Schließe",   "Inv.Nr.": "Sch 3215",   "Herkunft": "vermutlich Bulgarien",   "Foto Notes": "Foto Nr.1581",   "Standort": "L 240",   "Material": "Silberleg., vergoldet, Perlmutz, Email",   "Datie
✅ CER: 0.0399 (3.99%)
📈 Running Avg CER: 0.0444 (4.44%)

──────────────────────────────────────────────────────────────────────
[66/89] SCH_1938.jpg
──────────────────────────────────────────────────────────────────────
[DEBUG] used_sampling_fallback: False
[DEBUG] raw_output_len: 470
[DEBUG] raw_preview: ```json {   "Gegenstand": "Anhänger",   "Inv.Nr": "Sch 1938",   "Herkunft": "Budapest",   "Foto Notes": "+ Neg. SCH 1937",   "Standort": "L 36",   "Material": "Silber, verzoldet, Email",   "Datierung": "1902",   "Maße": 
✅ CER: 0.0525 (5.25%)
📈 Running Avg CER: 0.0446 (4.46%)

──────────────────────────────────────────────────────────────────────
[67/89] SCH_2891_153_154.jpg
──────────────────────────────────────────────────────────────────────
[DEBUG] used_sampling_fallback: False
[DEBUG] raw_output_len: 445
[DEBUG] raw_preview: ```json {   "Gegenstand": "1 Paar Ohrringe",   "Inv.Nr": "Sch 2891/153/154",   "Herkunft": "verm.Baalbeck",   "Foto Notes": "Foto Nr.2301",   "Standort": "L 207",   "Material": "verm.Tombakleg.,Glas farbsteine",   "Datie
✅ CER: 0.0082 (0.82%)
📈 Running Avg CER: 0.0440 (4.40%)

──────────────────────────────────────────────────────────────────────
[68/89] SCH_2997.jpg
──────────────────────────────────────────────────────────────────────
[DEBUG] used_sampling_fallback: False
[DEBUG] raw_output_len: 401
[DEBUG] raw_preview: ```json {   "Gegenstand": "Halskette",   "Inv.Nr": "Sch 2997",   "Herkunft": "Pforzheim",   "Foto Notes": "Foto Nr.2137",   "Standort": "L 30 b",   "Material": "Silber",   "Datierung": "1919",   "Maße": "L 125 cm",   "Ge
✅ CER: 0.0370 (3.70%)
📈 Running Avg CER: 0.0439 (4.39%)

──────────────────────────────────────────────────────────────────────
[69/89] SCH_2891_64.jpg
──────────────────────────────────────────────────────────────────────
[DEBUG] used_sampling_fallback: False
[DEBUG] raw_output_len: 481
[DEBUG] raw_preview: ```json {   "Gegenstand": "Frauenkopfschmuck",   "Inv.Nr": "Sch 2891/64",   "Herkunft": "Sendschirl",   "Foto Notes": "Foto Nr.2217",   "Standort": "L 204",   "Material": "Alpakaleg., Farbglasstein, Quarzperlen, Koralle"
✅ CER: 0.0450 (4.50%)
📈 Running Avg CER: 0.0439 (4.39%)

──────────────────────────────────────────────────────────────────────
[70/89] SCH_2944.jpg
──────────────────────────────────────────────────────────────────────
[DEBUG] used_sampling_fallback: False
[DEBUG] raw_output_len: 504
[DEBUG] raw_preview: ```json {   "Gegenstand": "Brosche",   "Inv.Nr": "Sch 2944",   "Herkunft": "Pforzheim",   "Foto Notes": "Foto Nr.1082",   "Standort": "L 30 a",   "Material": "Kupferleg.,bronziert, Glasfarbstein",   "Datierung": "1915", 
✅ CER: 0.0141 (1.41%)
📈 Running Avg CER: 0.0435 (4.35%)

──────────────────────────────────────────────────────────────────────
[71/89] SCH_3173_ab.jpg
──────────────────────────────────────────────────────────────────────
[DEBUG] used_sampling_fallback: False
[DEBUG] raw_output_len: 415
[DEBUG] raw_preview: ```json {   "Gegenstand": "Ein Paar Ohrringe",   "Inv.Nr": "Sch 3173 a+b",   "Herkunft": "",   "Foto Notes": "Foto Nr. 197",   "Standort": "L 17",   "Material": "Silber, tw. vergoldet, verm.Simili",   "Datierung": "um 18
✅ CER: 0.0148 (1.48%)
📈 Running Avg CER: 0.0431 (4.31%)

──────────────────────────────────────────────────────────────────────
[72/89] SCH_2891_41.jpg
──────────────────────────────────────────────────────────────────────
[DEBUG] used_sampling_fallback: False
[DEBUG] raw_output_len: 431
[DEBUG] raw_preview: ```json {   "Gegenstand": "Anhänger",   "Inv.Nr": "Sch 2891/41",   "Herkunft": "Sendschirl",   "Foto Notes": "Foto Nr.2119",   "Standort": "L 203",   "Material": "Silberleg.,tw.ver-goldet, Farbglasstein",   "Datierung": 
✅ CER: 0.0113 (1.13%)
📈 Running Avg CER: 0.0427 (4.27%)

──────────────────────────────────────────────────────────────────────
[73/89] SCH_2032.jpg
──────────────────────────────────────────────────────────────────────
[DEBUG] used_sampling_fallback: False
[DEBUG] raw_output_len: 457
[DEBUG] raw_preview: ```json {   "Gegenstand": "Anhänger",   "Inv.Nr": "Sch 2032",   "Herkunft": "",   "Foto Notes": "Foto Nr. 169 + Neg. Sch 3789",   "Standort": "L 17",   "Material": "Silber, vergoldet, verm. Glassteine",   "Datierung": "1
✅ CER: 0.0324 (3.24%)
📈 Running Avg CER: 0.0425 (4.25%)

──────────────────────────────────────────────────────────────────────
[74/89] SCH_3078.jpg
──────────────────────────────────────────────────────────────────────
[DEBUG] used_sampling_fallback: False
[DEBUG] raw_output_len: 422
[DEBUG] raw_preview: ```json {   "Gegenstand": "Medaillon",   "Inv.Nr": "Sch 3078",   "Herkunft": "Foto Nr. 77",   "Foto Notes": "",   "Standort": "L 15 a",   "Material": "verm.Gold, Email",   "Datierung": "",   "Maße": "oval 8,4 cm x 6,5 cm
✅ CER: 0.0494 (4.94%)
📈 Running Avg CER: 0.0426 (4.26%)

──────────────────────────────────────────────────────────────────────
[75/89] SCH_2891_77_78.jpg
──────────────────────────────────────────────────────────────────────
[DEBUG] used_sampling_fallback: False
[DEBUG] raw_output_len: 437
[DEBUG] raw_preview: ```json {   "Gegenstand": "Zwei Anhänger",   "Inv.Nr": "Sch 2891/77/78",   "Herkunt": "Aidin/Türkei",   "Foto Notes": "Foto Nr.2238",   "Standort": "L 206",   "Material": "vermutlich Tombak",   "Datierung": "",   "Maße":
✅ CER: 0.0417 (4.17%)
📈 Running Avg CER: 0.0426 (4.26%)

──────────────────────────────────────────────────────────────────────
[76/89] SCH_2891_62.jpg
──────────────────────────────────────────────────────────────────────
[DEBUG] used_sampling_fallback: False
[DEBUG] raw_output_len: 402
[DEBUG] raw_preview: ```json {   "Gegenstand": "Anhänger",   "Inv.Nr": "Sch 2891/62",   "Herkunft": "Sendschirl",   "Foto Notes": "Foto Nr. 2115",   "Standort": "L 204",   "Material": "Alpakaleg.",   "Datierung": "",   "Maße": "L 8,7 cm",   
✅ CER: 0.0092 (0.92%)
📈 Running Avg CER: 0.0422 (4.22%)

──────────────────────────────────────────────────────────────────────
[77/89] SCH_3192_28.jpg
──────────────────────────────────────────────────────────────────────
[DEBUG] used_sampling_fallback: False
[DEBUG] raw_output_len: 539
[DEBUG] raw_preview: ```json {   "Gegenstand": "Brosche",   "Inv.Nr": "Sch 3192/28",   "Herkunft": "Pforzheim",   "Foto Notes": "Foto Nr.988",   "Standort": "L 63",   "Material": "Silber, Koralle",   "Datierung": "verm.1912-1914",   "Maße": 
✅ CER: 0.0638 (6.38%)
📈 Running Avg CER: 0.0424 (4.24%)

──────────────────────────────────────────────────────────────────────
[78/89] SCH_2043_recto.jpg
──────────────────────────────────────────────────────────────────────
[DEBUG] used_sampling_fallback: False
[DEBUG] raw_output_len: 449
[DEBUG] raw_preview: ```json {   "Gegenstand": "Halskette mit Anhänger",   "Inv.Nr.": "Sch 2043",   "Herkunft": "",   "Foto Notes": "Foto Nr.1277",   "Standort": "L 37",   "Material": "Silber, vergoldet Türkisimitation.",   "Datierung": "190
✅ CER: 0.0499 (4.99%)
📈 Running Avg CER: 0.0425 (4.25%)

──────────────────────────────────────────────────────────────────────
[79/89] SCH_2045.jpg
──────────────────────────────────────────────────────────────────────
[DEBUG] used_sampling_fallback: False
[DEBUG] raw_output_len: 448
[DEBUG] raw_preview: ```json {   "Gegenstand": "Gürtelmedal",   "Inv.Nr": "Sch 2045",   "Herkunft": "Foto Nr.1129 + Neg. SCH 2046",   "Foto Notes": "",   "Standort": "L 37",   "Material": "Silber, emailliert, ge-färbte Chalcedone",   "Datier
✅ CER: 0.1027 (10.27%)
📈 Running Avg CER: 0.0433 (4.33%)

──────────────────────────────────────────────────────────────────────
[80/89] SCH_2965.jpg
──────────────────────────────────────────────────────────────────────
[DEBUG] used_sampling_fallback: False
[DEBUG] raw_output_len: 391
[DEBUG] raw_preview: ```json {   "Gegenstand": "Siegelstock",   "Inv.Nr": "Sch 2965",   "Herkunft": "Foto Nr.1520 Neg. s. Sch 2964",   "Standort": "",   "Material": "Elfenbein, Silber",   "Datierung": "",   "Maße": "L 8,9 cm",   "Gewicht": "
✅ CER: 0.0991 (9.91%)
📈 Running Avg CER: 0.0440 (4.40%)

──────────────────────────────────────────────────────────────────────
[81/89] SCH_3192_22.jpg
──────────────────────────────────────────────────────────────────────
[DEBUG] used_sampling_fallback: False
[DEBUG] raw_output_len: 436
[DEBUG] raw_preview: ```json {   "Gegenstand": "Brosche",   "Inv.Nr": "Sch 3192/22",   "Herkunft": "Pførzheim",   "Foto Notes": "Foto Nr.962",   "Standort": "L 63",   "Material": "Silber, Hämatit",   "Datierung": "um 1914",   "Maße": "H 3,85
✅ CER: 0.0169 (1.69%)
📈 Running Avg CER: 0.0437 (4.37%)

──────────────────────────────────────────────────────────────────────
[82/89] SCH_3133_a.jpg
──────────────────────────────────────────────────────────────────────
[DEBUG] used_sampling_fallback: False
[DEBUG] raw_output_len: 398
[DEBUG] raw_preview: ```json {   "Gegenstand": "Schnalle",   "Inv.Nr.": "Sch 3133/a",   "Herkunft": "",   "Foto Notes": "Foto Nr.1592",   "Standort": "",   "Material": "Silber, vergoldet",   "Datierung": "",   "Maße": "Dm 5,1 cm",   "Gewicht
✅ CER: 0.0345 (3.45%)
📈 Running Avg CER: 0.0436 (4.36%)

──────────────────────────────────────────────────────────────────────
[83/89] SCH_3192_37.jpg
──────────────────────────────────────────────────────────────────────
[DEBUG] used_sampling_fallback: False
[DEBUG] raw_output_len: 451
[DEBUG] raw_preview: ```json {   "Gegenstand": "Anhänger",   "Inv.Nr": "Sch 3192/37",   "Herkunft": "Pforzheim",   "Foto Notes": "Neg. v. 964 3192/25",   "Standort": "L 63",   "Material": "Silber,Goldpail-lons, Email",   "Datierung": "1910-1
✅ CER: 0.0625 (6.25%)
📈 Running Avg CER: 0.0438 (4.38%)

──────────────────────────────────────────────────────────────────────
[84/89] SCH_3195_9.jpg
──────────────────────────────────────────────────────────────────────
[DEBUG] used_sampling_fallback: False
[DEBUG] raw_output_len: 371
[DEBUG] raw_preview: ```json {   "Gegenstand": "",   "Inv.Nr": "Sch 3195/9",   "Herkunt": "Holland",   "Foto Notes": "Foto Nr.1488",   "Standort": "",   "Material": "Silber",   "Datierung": "",   "Maße": "L 14,4 cm",   "Gewicht": "22,6 g",  
✅ CER: 0.0237 (2.37%)
📈 Running Avg CER: 0.0435 (4.35%)

──────────────────────────────────────────────────────────────────────
[85/89] SCH_2891_67_recto.jpg
──────────────────────────────────────────────────────────────────────
[DEBUG] used_sampling_fallback: False
[DEBUG] raw_output_len: 458
[DEBUG] raw_preview: ```json {   "Gegenstand": "Kette mit Anhänger",   "Inv.Nr.": "Sch 2891/67",   "Herkunft": "Sendschirlir",   "Foto Notes": "Foto Nr.2142",   "Standort": "L 204",   "Material": "Silber, Farbglas-steine",   "Datierung": "",
✅ CER: 0.0507 (5.07%)
📈 Running Avg CER: 0.0436 (4.36%)

──────────────────────────────────────────────────────────────────────
[86/89] SCH_2891_99.jpg
──────────────────────────────────────────────────────────────────────
[DEBUG] used_sampling_fallback: False
[DEBUG] raw_output_len: 405
[DEBUG] raw_preview: ```json {   "Gegenstand": "Ohrring",   "Inv.Nr": "Sch 2891/99",   "Herkunft": "Baalbeck",   "Foto Notes": "Foto Nr.2247",   "Standort": "L 207",   "Material": "Tombakleg.,Türkisch",   "Datierung": "",   "Maße": "H 1,8 cm
✅ CER: 0.0636 (6.36%)
📈 Running Avg CER: 0.0439 (4.39%)

──────────────────────────────────────────────────────────────────────
[87/89] SCH_2891_150.jpg
──────────────────────────────────────────────────────────────────────
[DEBUG] used_sampling_fallback: False
[DEBUG] raw_output_len: 455
[DEBUG] raw_preview: ```json {   "Gegenstand": "Collier",   "Inv.Nr": "Sch 2891/150",   "Herkunft": "Baalbeck",   "Foto Notes": "Foto Nr.2219",   "Standort": "L 207",   "Material": "Silber, vergoldet, Glasfarbstaine",   "Datierung": "",   "M
✅ CER: 0.0080 (0.80%)
📈 Running Avg CER: 0.0434 (4.34%)

──────────────────────────────────────────────────────────────────────
[88/89] SCH_2025.jpg
──────────────────────────────────────────────────────────────────────
[DEBUG] used_sampling_fallback: False
[DEBUG] raw_output_len: 458
[DEBUG] raw_preview: ```json {   "Gegenstand": "Anhänger mit Ketten",   "Inv.Nr": "Sch 2025",   "Herkunft": "Pforzheim",   "Foto Notes": "Foto Nr.1273",   "Standort": "L 40",   "Material": "Silber, Email, ge-färbte Chalze-done",   "Datierung
✅ CER: 0.0211 (2.11%)
📈 Running Avg CER: 0.0432 (4.32%)

──────────────────────────────────────────────────────────────────────
[89/89] SCH_3192_48.jpg
──────────────────────────────────────────────────────────────────────
[DEBUG] used_sampling_fallback: False
[DEBUG] raw_output_len: 434
[DEBUG] raw_preview: ```json {   "Gegenstand": "Brosche",   "Inv.Nr": "Sch 3192/48",   "Herkunt": "Pforzheim",   "Foto Notes": "Foto Nr.1031",   "Standort": "L 63",   "Material": "Silber vergoldet, Email",   "Datierung": "1908-1910",   "Maße
✅ CER: 0.1170 (11.70%)
📈 Running Avg CER: 0.0440 (4.40%)

======================================================================
Saved predictions: /home/vault/iwi5/iwi5298h/models_image_text/gemma/schmuck/few_zero_schmuck/run_zeroshot_20260113_193619/predictions_zeroshot.jsonl
Summary: /home/vault/iwi5/iwi5298h/models_image_text/gemma/schmuck/few_zero_schmuck/run_zeroshot_20260113_193619/evaluation_summary_zeroshot.json
Avg CER: 0.0440 (4.40%)
======================================================================

======================================================================
DONE ✅
Saved to: /home/vault/iwi5/iwi5298h/models_image_text/gemma/schmuck/few_zero_schmuck/run_zeroshot_20260113_193619
Average CER: 0.0440 (4.40%)
======================================================================
Gemma-3 training completed at: Tue Jan 13 07:36:21 PM CET 2026
=== JOB_STATISTICS ===
=== current date     : Tue Jan 13 07:36:21 PM CET 2026
= Job-ID             : 1487960 on tinygpu
= Job-Name           : zero_schmuck
= Job-Command        : /home/hpc/iwi5/iwi5298h/Uddipan-Thesis/jobfiles/job_gemma2.sh
= Initial workdir    : /home/hpc/iwi5/iwi5298h/Uddipan-Thesis/jobfiles
= Queue/Partition    : a100
= Slurm account      : iwi5 with QOS=normal
= Requested resources:  for 04:00:00
= Elapsed runtime    : 00:38:42
= Total RAM usage    : 6.7 GiB of requested  GiB (%)   
= Node list          : tg092
= Subm/Elig/Start/End: 2026-01-13T15:47:33 / 2026-01-13T15:47:33 / 2026-01-13T18:57:39 / 2026-01-13T19:36:21
======================
=== Quota infos ======
    Path                 Used     SoftQ    HardQ    Gracetime  Filec    FileQ    FiHaQ    FileGrace    
    /home/hpc              88.6G   104.9G   209.7G        N/A  29,208      500K   1,000K        N/A    
    /home/woody           219.6G  1000.0G  1500.0G        N/A   1,017K   5,000K   7,500K        N/A    
    /home/vault          1047.9G  1048.6G  2097.2G        N/A   8,031      200K     400K        N/A    
======================
=== GPU utilization ==
gpu_name, gpu_bus_id, pid, gpu_utilization [%], mem_utilization [%], max_memory_usage [MiB], time [ms]
NVIDIA A100-SXM4-40GB, 00000000:01:00.0, 3977813, 23 %, 2 %, 5320 MiB, 2309141 ms
