### Starting TaskPrologue of job 1525789 on tg073 at Fri Feb  6 11:52:47 PM CET 2026
Running on cores 2-3,10-11,18-19,26-27 with governor ondemand
Fri Feb  6 23:52:47 2026       
+-----------------------------------------------------------------------------------------+
| NVIDIA-SMI 570.211.01             Driver Version: 570.211.01     CUDA Version: 12.8     |
|-----------------------------------------+------------------------+----------------------+
| GPU  Name                 Persistence-M | Bus-Id          Disp.A | Volatile Uncorr. ECC |
| Fan  Temp   Perf          Pwr:Usage/Cap |           Memory-Usage | GPU-Util  Compute M. |
|                                         |                        |               MIG M. |
|=========================================+========================+======================|
|   0  Tesla V100-PCIE-32GB           On  |   00000000:3B:00.0 Off |                    0 |
| N/A   33C    P0             25W /  250W |       0MiB /  32768MiB |      0%      Default |
|                                         |                        |                  N/A |
+-----------------------------------------+------------------------+----------------------+
                                                                                         
+-----------------------------------------------------------------------------------------+
| Processes:                                                                              |
|  GPU   GI   CI              PID   Type   Process name                        GPU Memory |
|        ID   ID                                                               Usage      |
|=========================================================================================|
|  No running processes found                                                             |
+-----------------------------------------------------------------------------------------+
### Finished TaskPrologue


============================================================
PADDLEOCR-VL FINETUNING - INVENTORY DATASET
CER-BASED MODEL SELECTION (answer-only decoding; no User/Assistant)
============================================================
Model: PaddlePaddle/PaddleOCR-VL
Local cache: /home/vault/iwi5/iwi5298h/models/PaddleOCR-VL
Output run dir: /home/vault/iwi5/iwi5298h/models_image_text/paddleocr/inven/run_20260206_235303_cer
Prompt task: ocr -> 'OCR:'
============================================================

Using device: cuda
Loading PaddleOCR-VL from local cache: /home/vault/iwi5/iwi5298h/models/PaddleOCR-VL
Enabled gradient checkpointing on model.
Disabled use_cache for training.
Loaded 215 samples from /home/woody/iwi5/iwi5298h/updated_json_inven/train.jsonl
Loaded 46 samples from /home/woody/iwi5/iwi5298h/updated_json_inven/val.jsonl
Loaded 47 samples from /home/woody/iwi5/iwi5298h/updated_json_inven/test.jsonl
TensorBoard logging to: /home/vault/iwi5/iwi5298h/models_image_text/paddleocr/inven/run_20260206_235303_cer/tensorboard

============================================================
Epoch 1/10
============================================================
Epoch 1 - train loss: 5.4850

Running validation (CER-based model selection)...
Validation CER (avg): 1.2216 (122.16%)
Validation structured distance (%): 122.1552%
🎯 New BEST validation CER: 1.2216 (122.16%), improvement 0.0000

============================================================
Epoch 2/10
============================================================
Epoch 2 - train loss: 0.1390

Running validation (CER-based model selection)...
Validation CER (avg): 0.4092 (40.92%)
Validation structured distance (%): 40.9237%
🎯 New BEST validation CER: 0.4092 (40.92%), improvement 0.8123

============================================================
Epoch 3/10
============================================================
Epoch 3 - train loss: 0.0391

Running validation (CER-based model selection)...
Validation CER (avg): 0.6796 (67.96%)
Validation structured distance (%): 67.9551%
No improvement. Best CER remains 0.4092 (40.92%) from epoch 2

============================================================
Epoch 4/10
============================================================
Epoch 4 - train loss: 0.0136

Running validation (CER-based model selection)...
Validation CER (avg): 0.4533 (45.33%)
Validation structured distance (%): 45.3275%
No improvement. Best CER remains 0.4092 (40.92%) from epoch 2

============================================================
Epoch 5/10
============================================================
Epoch 5 - train loss: 0.0046

Running validation (CER-based model selection)...
Validation CER (avg): 0.7850 (78.50%)
Validation structured distance (%): 78.5004%
No improvement. Best CER remains 0.4092 (40.92%) from epoch 2

============================================================
Epoch 6/10
============================================================
Epoch 6 - train loss: 0.0016

Running validation (CER-based model selection)...
Validation CER (avg): 0.9270 (92.70%)
Validation structured distance (%): 92.7043%
No improvement. Best CER remains 0.4092 (40.92%) from epoch 2

============================================================
Epoch 7/10
============================================================
Epoch 7 - train loss: 0.0010

Running validation (CER-based model selection)...
Validation CER (avg): 0.9983 (99.83%)
Validation structured distance (%): 99.8263%
No improvement. Best CER remains 0.4092 (40.92%) from epoch 2

============================================================
Epoch 8/10
============================================================
Epoch 8 - train loss: 0.0008

Running validation (CER-based model selection)...
Validation CER (avg): 0.9332 (93.32%)
Validation structured distance (%): 93.3200%
No improvement. Best CER remains 0.4092 (40.92%) from epoch 2

============================================================
Epoch 9/10
============================================================
Epoch 9 - train loss: 0.0008

Running validation (CER-based model selection)...
Validation CER (avg): 0.8978 (89.78%)
Validation structured distance (%): 89.7833%
No improvement. Best CER remains 0.4092 (40.92%) from epoch 2

============================================================
Epoch 10/10
============================================================
Epoch 10 - train loss: 0.0008

Running validation (CER-based model selection)...
Validation CER (avg): 0.8818 (88.18%)
Validation structured distance (%): 88.1775%
No improvement. Best CER remains 0.4092 (40.92%) from epoch 2

Training finished.
Best epoch: 2, best val CER: 0.4092 (40.92%)

Loading best model from /home/vault/iwi5/iwi5298h/models_image_text/paddleocr/inven/run_20260206_235303_cer/best_model for test evaluation...
Saved 47 test predictions to /home/vault/iwi5/iwi5298h/models_image_text/paddleocr/inven/run_20260206_235303_cer/test_predictions.jsonl

============================================================
FINAL RESULTS - CER-BASED MODEL SELECTION (PaddleOCR-VL, INVENTORY)
============================================================
Best validation CER: 0.4092 (40.92%)
Test average CER: 0.4270 (42.70%)
Test median CER: 0.0729 (7.29%)

Run directory: /home/vault/iwi5/iwi5298h/models_image_text/paddleocr/inven/run_20260206_235303_cer
TensorBoard: tensorboard --logdir /home/vault/iwi5/iwi5298h/models_image_text/paddleocr/inven/run_20260206_235303_cer/tensorboard
============================================================

Paddle training completed at: Sat Feb  7 02:00:23 AM CET 2026
=== JOB_STATISTICS ===
=== current date     : Sat Feb  7 02:00:23 AM CET 2026
= Job-ID             : 1525789 on tinygpu
= Job-Name           : inven_updated
= Job-Command        : /home/hpc/iwi5/iwi5298h/Uddipan-Thesis/jobfiles/job_paddle2.sh
= Initial workdir    : /home/hpc/iwi5/iwi5298h/Uddipan-Thesis/jobfiles
= Queue/Partition    : v100
= Slurm account      : iwi5 with QOS=normal
= Requested resources:  for 1-00:00:00
= Elapsed runtime    : 02:07:37
= Total RAM usage    : 10.8 GiB of requested  GiB (%)   
= Node list          : tg073
= Subm/Elig/Start/End: 2026-02-06T16:56:15 / 2026-02-06T16:56:15 / 2026-02-06T23:52:46 / 2026-02-07T02:00:23
======================
=== Quota infos ======
    Path                 Used     SoftQ    HardQ    Gracetime  Filec    FileQ    FiHaQ    FileGrace    
    /home/woody           408.1G  1000.0G  1500.0G        N/A   1,018K   5,000K   7,500K        N/A    
    /home/hpc              91.5G   104.9G   209.7G        N/A  29,940      500K   1,000K        N/A    
    /home/vault           910.0G  1048.6G  2097.2G        N/A   9,283      200K     400K        N/A    
======================
=== GPU utilization ==
gpu_name, gpu_bus_id, pid, gpu_utilization [%], mem_utilization [%], max_memory_usage [MiB], time [ms]
Tesla V100-PCIE-32GB, 00000000:3B:00.0, 2892272, 53 %, 15 %, 11474 MiB, 7640315 ms
