### Starting TaskPrologue of job 1295832 on tg073 at Mon Nov  3 02:47:35 PM CET 2025
Running on cores 0-1,8-9,16-17,24-25 with governor ondemand
Mon Nov  3 14:47:35 2025       
+-----------------------------------------------------------------------------------------+
| NVIDIA-SMI 570.195.03             Driver Version: 570.195.03     CUDA Version: 12.8     |
|-----------------------------------------+------------------------+----------------------+
| GPU  Name                 Persistence-M | Bus-Id          Disp.A | Volatile Uncorr. ECC |
| Fan  Temp   Perf          Pwr:Usage/Cap |           Memory-Usage | GPU-Util  Compute M. |
|                                         |                        |               MIG M. |
|=========================================+========================+======================|
|   0  Tesla V100-PCIE-32GB           Off |   00000000:18:00.0 Off |                    0 |
| N/A   28C    P0             26W /  250W |       0MiB /  32768MiB |      0%      Default |
|                                         |                        |                  N/A |
+-----------------------------------------+------------------------+----------------------+
                                                                                         
+-----------------------------------------------------------------------------------------+
| Processes:                                                                              |
|  GPU   GI   CI              PID   Type   Process name                        GPU Memory |
|        ID   ID                                                               Usage      |
|=========================================================================================|
|  No running processes found                                                             |
+-----------------------------------------------------------------------------------------+
### Finished TaskPrologue

Starting training at: Mon Nov  3 02:47:37 PM CET 2025

================================================================================
PHI-3.5-VISION MULTI-STAGE FINETUNING (QLoRA 4-bit)
================================================================================
Output dir: /home/vault/iwi5/iwi5298h/models_image_text/phi/multistage/inven
✅ Processor loaded
✅ Model loaded in 4-bit
GPU allocated: 2.27 GB
✅ LoRA applied | Trainable: 25,165,824 / 4,171,787,264

📊 Loading datasets...
   📊 Loaded 213 valid samples (out of 213 total)
   🔄 Data augmentation ENABLED
   📊 Loaded 47 valid samples (out of 47 total)

================================================================================
STAGE 1: warmup, no eval, teacher forcing
================================================================================
Stage 1: NOT freezing vision (better for OCR).
{'loss': 28.0176, 'grad_norm': 5.738729476928711, 'learning_rate': 0.00015766803221148673, 'epoch': 0.75}
{'loss': 22.4164, 'grad_norm': 6.015082359313965, 'learning_rate': 3.174468567813461e-05, 'epoch': 1.5}
{'train_runtime': 3980.8828, 'train_samples_per_second': 0.107, 'train_steps_per_second': 0.007, 'train_loss': 24.257996485783504, 'epoch': 1.95}
✅ Stage 1 done.

================================================================================
STAGE 2: normal LR, eval per epoch, CER callback, save best
================================================================================
{'loss': 20.6419, 'grad_norm': 6.204563617706299, 'learning_rate': 0.00018181818181818183, 'epoch': 0.75}
{'eval_loss': 1.3109877109527588, 'eval_runtime': 169.0434, 'eval_samples_per_second': 0.278, 'eval_steps_per_second': 0.278, 'epoch': 0.98}

================================================================================
🔍 COMPUTING CER ON VALIDATION SET (Epoch 0)
================================================================================
   ✅ Validation CER: 3.4706 (347.06%)
   🎯 NEW BEST CER: 3.4706 (improved inf)
   💾 Saving best model to: /home/vault/iwi5/iwi5298h/models_image_text/phi/multistage/inven/best_model
================================================================================

{'loss': 18.5852, 'grad_norm': 9.4629545211792, 'learning_rate': 0.00019541392564000488, 'epoch': 1.5}
{'eval_loss': 1.2474491596221924, 'eval_runtime': 168.7074, 'eval_samples_per_second': 0.279, 'eval_steps_per_second': 0.279, 'epoch': 1.95}

================================================================================
🔍 COMPUTING CER ON VALIDATION SET (Epoch 1)
================================================================================
   ✅ Validation CER: 3.7598 (375.98%)
   📊 No improvement. Best CER remains: 3.4706
================================================================================

{'loss': 16.3928, 'grad_norm': 9.266021728515625, 'learning_rate': 0.00018010010944693848, 'epoch': 2.25}
{'eval_loss': 1.23820161819458, 'eval_runtime': 169.1805, 'eval_samples_per_second': 0.278, 'eval_steps_per_second': 0.278, 'epoch': 2.93}

================================================================================
🔍 COMPUTING CER ON VALIDATION SET (Epoch 2)
================================================================================
   ✅ Validation CER: 3.8505 (385.05%)
   📊 No improvement. Best CER remains: 3.4706
================================================================================

{'loss': 14.7421, 'grad_norm': 13.177226066589355, 'learning_rate': 0.00015573244631224365, 'epoch': 3.0}
{'loss': 11.7717, 'grad_norm': 15.616324424743652, 'learning_rate': 0.00012506525322587207, 'epoch': 3.76}
{'eval_loss': 1.2720991373062134, 'eval_runtime': 169.1114, 'eval_samples_per_second': 0.278, 'eval_steps_per_second': 0.278, 'epoch': 3.98}

================================================================================
🔍 COMPUTING CER ON VALIDATION SET (Epoch 3)
================================================================================
   ✅ Validation CER: 4.0192 (401.92%)
   📊 No improvement. Best CER remains: 3.4706
================================================================================

{'loss': 10.8299, 'grad_norm': 11.759249687194824, 'learning_rate': 9.156489339569554e-05, 'epoch': 4.51}
{'eval_loss': 1.3666452169418335, 'eval_runtime': 169.5847, 'eval_samples_per_second': 0.277, 'eval_steps_per_second': 0.277, 'epoch': 4.96}

================================================================================
🔍 COMPUTING CER ON VALIDATION SET (Epoch 4)
================================================================================
   ✅ Validation CER: 4.3122 (431.22%)
   📊 No improvement. Best CER remains: 3.4706
================================================================================

{'loss': 9.6765, 'grad_norm': 14.99453353881836, 'learning_rate': 5.901796752034128e-05, 'epoch': 5.26}
{'eval_loss': 1.436111330986023, 'eval_runtime': 169.1931, 'eval_samples_per_second': 0.278, 'eval_steps_per_second': 0.278, 'epoch': 5.93}

================================================================================
🔍 COMPUTING CER ON VALIDATION SET (Epoch 5)
================================================================================
   ✅ Validation CER: 4.2712 (427.12%)
   📊 No improvement. Best CER remains: 3.4706
================================================================================

{'loss': 8.1774, 'grad_norm': 16.09520149230957, 'learning_rate': 3.110330809243134e-05, 'epoch': 6.01}
{'loss': 6.759, 'grad_norm': 13.373753547668457, 'learning_rate': 1.097615491916485e-05, 'epoch': 6.76}
{'eval_loss': 1.47991144657135, 'eval_runtime': 168.9462, 'eval_samples_per_second': 0.278, 'eval_steps_per_second': 0.278, 'epoch': 6.99}

================================================================================
🔍 COMPUTING CER ON VALIDATION SET (Epoch 6)
================================================================================
   ✅ Validation CER: 4.3890 (438.90%)
   📊 No improvement. Best CER remains: 3.4706
================================================================================

{'loss': 7.318, 'grad_norm': 16.22351837158203, 'learning_rate': 9.11513184176116e-07, 'epoch': 7.51}
{'eval_loss': 1.4861177206039429, 'eval_runtime': 168.6173, 'eval_samples_per_second': 0.279, 'eval_steps_per_second': 0.279, 'epoch': 7.81}

================================================================================
🔍 COMPUTING CER ON VALIDATION SET (Epoch 7)
================================================================================
   ✅ Validation CER: 4.3613 (436.13%)
   📊 No improvement. Best CER remains: 3.4706
================================================================================

{'train_runtime': 39943.569, 'train_samples_per_second': 0.043, 'train_steps_per_second': 0.003, 'train_loss': 12.293048253426186, 'epoch': 7.81}
✅ Stage 2 done.
   🎯 Best Validation CER: 3.4706
   💾 Best model saved at: /home/vault/iwi5/iwi5298h/models_image_text/phi/multistage/inven/best_model

================================================================================
PHASE 3: EVALUATION ON TEST SET (autoregressive)
================================================================================
⏳ Loading best model from: /home/vault/iwi5/iwi5298h/models_image_text/phi/multistage/inven/best_model
📊 Running inference on 48 test samples...
[1/48] inventarbuch-022.jpg
[2/48] inventarbuch-099.jpg
[3/48] inventarbuch-245.jpg
[4/48] inventarbuch-263.jpg
[5/48] inventarbuch-033.jpg
[6/48] inventarbuch-143.jpg
[7/48] inventarbuch-244.jpg
[8/48] inventarbuch-024.jpg
[9/48] inventarbuch-141.jpg
[10/48] inventarbuch-183.jpg
[11/48] inventarbuch-191.jpg
[12/48] inventarbuch-051.jpg
[13/48] inventarbuch-203.jpg
[14/48] inventarbuch-296.jpg
[15/48] inventarbuch-302.jpg
[16/48] inventarbuch-179.jpg
[17/48] inventarbuch-114.jpg
[18/48] inventarbuch-082.jpg
[19/48] inventarbuch-287.jpg
[20/48] inventarbuch-181.jpg
[21/48] inventarbuch-299.jpg
[22/48] inventarbuch-084.jpg
[23/48] inventarbuch-004.jpg
[24/48] inventarbuch-148.jpg
[25/48] inventarbuch-238.jpg
[26/48] inventarbuch-116.jpg
[27/48] inventarbuch-223.jpg
[28/48] inventarbuch-104.jpg
[29/48] inventarbuch-015.jpg
[30/48] inventarbuch-272.jpg
[31/48] inventarbuch-124.jpg
[32/48] inventarbuch-115.jpg
[33/48] inventarbuch-049.jpg
[34/48] inventarbuch-017.jpg
[35/48] inventarbuch-018.jpg
[36/48] inventarbuch-225.jpg
[37/48] inventarbuch-046.jpg
[38/48] inventarbuch-294.jpg
[39/48] inventarbuch-054.jpg
[40/48] inventarbuch-073.jpg
[41/48] inventarbuch-118.jpg
[42/48] inventarbuch-130.jpg
[43/48] inventarbuch-146.jpg
[44/48] inventarbuch-014.jpg
[45/48] inventarbuch-059.jpg
[46/48] inventarbuch-256.jpg
[47/48] inventarbuch-260.jpg
[48/48] inventarbuch-279.jpg

================================================================================
📊 FINAL TEST RESULTS
================================================================================
Total: 48
Avg CER: 3.7516 (375.16%)
Perfect (CER=0): 0/48
Good (CER<0.1): 0/48
Results saved to: /home/vault/iwi5/iwi5298h/models_image_text/phi/multistage/inven/test_predictions.jsonl

✅ Summary saved to: /home/vault/iwi5/iwi5298h/models_image_text/phi/multistage/inven/training_summary.txt
🎉 Done!
Finished at: Tue Nov  4 04:19:20 AM CET 2025
Exit status: 0
=== JOB_STATISTICS ===
=== current date     : Tue Nov  4 04:19:20 AM CET 2025
= Job-ID             : 1295832 on tinygpu
= Job-Name           : inven2_with_ms
= Job-Command        : /home/hpc/iwi5/iwi5298h/Uddipan-Thesis/jobfiles/job_phi.sh
= Initial workdir    : /home/hpc/iwi5/iwi5298h/Uddipan-Thesis/jobfiles
= Queue/Partition    : v100
= Slurm account      : iwi5 with QOS=normal
= Requested resources:  for 1-00:00:00
= Elapsed runtime    : 13:31:45
= Total RAM usage    : 11.3 GiB of requested  GiB (%)   
= Node list          : tg073
= Subm/Elig/Start/End: 2025-11-03T14:47:03 / 2025-11-03T14:47:03 / 2025-11-03T14:47:04 / 2025-11-04T04:18:49
======================
=== Quota infos ======
    Path                 Used     SoftQ    HardQ    Gracetime  Filec    FileQ    FiHaQ    FileGrace    
    /home/woody           184.1G  1000.0G  1500.0G        N/A     841K   5,000K   7,500K        N/A    
    /home/hpc             102.2G   104.9G   209.7G        N/A  30,563      500K   1,000K        N/A    
    /home/vault           868.0G  1048.6G  2097.2G        N/A   5,095      200K     400K        N/A    
======================
=== GPU utilization ==
gpu_name, gpu_bus_id, pid, gpu_utilization [%], mem_utilization [%], max_memory_usage [MiB], time [ms]
Tesla V100-PCIE-32GB, 00000000:18:00.0, 394305, 6 %, 2 %, 1782 MiB, 11408 ms
Tesla V100-PCIE-32GB, 00000000:18:00.0, 394364, 10 %, 4 %, 1782 MiB, 7339 ms
Tesla V100-PCIE-32GB, 00000000:18:00.0, 394596, 65 %, 24 %, 9896 MiB, 48687132 ms
