### Starting TaskPrologue of job 1242097 on tg068 at Thu Oct 16 12:44:12 PM CEST 2025
Running on cores 6-7,14-15,22-23,30-31 with governor ondemand
Thu Oct 16 12:44:12 2025       
+-----------------------------------------------------------------------------------------+
| NVIDIA-SMI 580.65.06              Driver Version: 580.65.06      CUDA Version: 13.0     |
+-----------------------------------------+------------------------+----------------------+
| GPU  Name                 Persistence-M | Bus-Id          Disp.A | Volatile Uncorr. ECC |
| Fan  Temp   Perf          Pwr:Usage/Cap |           Memory-Usage | GPU-Util  Compute M. |
|                                         |                        |               MIG M. |
|=========================================+========================+======================|
|   0  NVIDIA GeForce RTX 2080 Ti     On  |   00000000:AF:00.0 Off |                  N/A |
| 29%   26C    P8             13W /  250W |       1MiB /  11264MiB |      0%      Default |
|                                         |                        |                  N/A |
+-----------------------------------------+------------------------+----------------------+

+-----------------------------------------------------------------------------------------+
| Processes:                                                                              |
|  GPU   GI   CI              PID   Type   Process name                        GPU Memory |
|        ID   ID                                                               Usage      |
|=========================================================================================|
|  No running processes found                                                             |
+-----------------------------------------------------------------------------------------+
### Finished TaskPrologue

============================================================
NANONETS-OCR-S ZERO-SHOT INVENTORY OCR PROCESSING
============================================================

Loading test data...
Loaded 48 test samples

Note: Using ZERO-SHOT learning (no training examples)
Loading Nanonets-OCR-s model...
Model not found at /home/vault/iwi5/iwi5298h/models/Nanonets-OCR-s. Downloading...
Model downloaded successfully to /home/vault/iwi5/iwi5298h/models/Nanonets-OCR-s
Model loaded successfully!

Processing 48 test images with zero-shot prompting...
------------------------------------------------------------
Processing image 1/48: inventarbuch-022.jpg
  Processed successfully. CER: 0.5144
Processing image 2/48: inventarbuch-099.jpg
  Processed successfully. CER: 0.5492
Processing image 3/48: inventarbuch-245.jpg
  Processed successfully. CER: 0.4399
Processing image 4/48: inventarbuch-263.jpg
  Processed successfully. CER: 0.3944
Processing image 5/48: inventarbuch-033.jpg
  Processed successfully. CER: 0.3961
Processing image 6/48: inventarbuch-143.jpg
  Processed successfully. CER: 0.2894
Processing image 7/48: inventarbuch-244.jpg
  Processed successfully. CER: 0.4815
Processing image 8/48: inventarbuch-024.jpg
  Processed successfully. CER: 0.7449
Processing image 9/48: inventarbuch-141.jpg
  Processed successfully. CER: 0.2369
Processing image 10/48: inventarbuch-183.jpg
  Processed successfully. CER: 0.5845
Processing image 11/48: inventarbuch-191.jpg
  Processed successfully. CER: 0.3303
Processing image 12/48: inventarbuch-051.jpg
  Processed successfully. CER: 0.1993
Processing image 13/48: inventarbuch-203.jpg
  Processed successfully. CER: 0.8060
Processing image 14/48: inventarbuch-296.jpg
  Processed successfully. CER: 0.3089
Processing image 15/48: inventarbuch-302.jpg
  Processed successfully. CER: 0.3185
Processing image 16/48: inventarbuch-179.jpg
  Processed successfully. CER: 0.3946
Processing image 17/48: inventarbuch-114.jpg
  Processed successfully. CER: 0.3383
Processing image 18/48: inventarbuch-082.jpg
  Processed successfully. CER: 0.4260
Processing image 19/48: inventarbuch-287.jpg
  Processed successfully. CER: 0.5212
Processing image 20/48: inventarbuch-181.jpg
  Processed successfully. CER: 0.3945
Processing image 21/48: inventarbuch-299.jpg
  Processed successfully. CER: 0.5403
Processing image 22/48: inventarbuch-084.jpg
  Processed successfully. CER: 0.4658
Processing image 23/48: inventarbuch-004.jpg
  Processed successfully. CER: 0.4303
Processing image 24/48: inventarbuch-148.jpg
  Processed successfully. CER: 0.2641
Processing image 25/48: inventarbuch-238.jpg
  Processed successfully. CER: 0.4481
Processing image 26/48: inventarbuch-116.jpg
  Processed successfully. CER: 0.2455
Processing image 27/48: inventarbuch-223.jpg
  Processed successfully. CER: 0.3725
Processing image 28/48: inventarbuch-104.jpg
  Processed successfully. CER: 0.2947
Processing image 29/48: inventarbuch-015.jpg
  Processed successfully. CER: 0.3487
Processing image 30/48: inventarbuch-272.jpg
  Processed successfully. CER: 0.3857
Processing image 31/48: inventarbuch-124.jpg
  Processed successfully. CER: 0.2590
Processing image 32/48: inventarbuch-115.jpg
  Processed successfully. CER: 0.2995
Processing image 33/48: inventarbuch-049.jpg
  Processed successfully. CER: 0.5359
Processing image 34/48: inventarbuch-017.jpg
  Processed successfully. CER: 0.4131
Processing image 35/48: inventarbuch-018.jpg
  Processed successfully. CER: 0.3747
Processing image 36/48: inventarbuch-225.jpg
  Processed successfully. CER: 0.4154
Processing image 37/48: inventarbuch-046.jpg
  Processed successfully. CER: 0.3663
Processing image 38/48: inventarbuch-294.jpg
  Processed successfully. CER: 0.2709
Processing image 39/48: inventarbuch-054.jpg
  Processed successfully. CER: 0.4120
Processing image 40/48: inventarbuch-073.jpg
  Processed successfully. CER: 0.4809
Processing image 41/48: inventarbuch-118.jpg
  Processed successfully. CER: 0.3507
Processing image 42/48: inventarbuch-130.jpg
  Processed successfully. CER: 0.3392
Processing image 43/48: inventarbuch-146.jpg
  Processed successfully. CER: 0.3644
Processing image 44/48: inventarbuch-014.jpg
  Processed successfully. CER: 0.5236
Processing image 45/48: inventarbuch-059.jpg
  Processed successfully. CER: 1.0823
Processing image 46/48: inventarbuch-256.jpg
  Processed successfully. CER: 0.3224
Processing image 47/48: inventarbuch-260.jpg
  Processed successfully. CER: 0.4288
Processing image 48/48: inventarbuch-279.jpg
  Processed successfully. CER: 0.3617

Saving results to: /home/vault/iwi5/iwi5298h/models_image_text/nanonets/shots_inven/run_zeroshot_20251016_130216
Predictions saved to: /home/vault/iwi5/iwi5298h/models_image_text/nanonets/shots_inven/run_zeroshot_20251016_130216/predictions_zeroshot.jsonl

============================================================
NANONETS-OCR-S ZERO-SHOT CER EVALUATION RESULTS
============================================================

CER Statistics across 48 images:
--------------------------------------------------
Average CER: 0.4180 (41.80%)
Minimum CER: 0.1993 (19.93%)
Maximum CER: 1.0823 (108.23%)

Weighted CER: 0.4107 (41.07%)
Total characters: 33277
Total errors: 13667
Perfect matches: 0/48 (0.0%)

Summary saved to: /home/vault/iwi5/iwi5298h/models_image_text/nanonets/shots_inven/run_zeroshot_20251016_130216/evaluation_summary_zeroshot.json

============================================================
ZERO-SHOT PROCESSING COMPLETE!
============================================================
Model: Nanonets-OCR-s
Method: Zero-Shot Learning (no training examples)
Results saved to: /home/vault/iwi5/iwi5298h/models_image_text/nanonets/shots_inven/run_zeroshot_20251016_130216
Total images processed: 48
Average CER on test set: 0.4180 (41.80%)
============================================================

Nano training completed at: Thu Oct 16 01:02:18 PM CEST 2025
=== JOB_STATISTICS ===
=== current date     : Thu Oct 16 01:02:18 PM CEST 2025
= Job-ID             : 1242097 on tinygpu
= Job-Name           : nano_zero
= Job-Command        : /home/hpc/iwi5/iwi5298h/Uddipan-Thesis/jobfiles/job_nano.sh
= Initial workdir    : /home/hpc/iwi5/iwi5298h/Uddipan-Thesis/jobfiles
= Queue/Partition    : work
= Slurm account      : iwi5 with QOS=normal
= Requested resources:  for 04:00:00
= Elapsed runtime    : 00:18:06
= Total RAM usage    : 20.7 GiB of requested  GiB (%)   
= Node list          : tg068
= Subm/Elig/Start/End: 2025-10-16T12:44:18 / 2025-10-16T12:44:18 / 2025-10-16T12:44:19 / 2025-10-16T13:02:25
======================
=== Quota infos ======
    Path                 Used     SoftQ    HardQ    Gracetime  Filec    FileQ    FiHaQ    FileGrace    
    /home/hpc             100.1G   104.9G   209.7G        N/A  31,999      500K   1,000K        N/A    
    /home/woody           113.6G  1000.0G  1500.0G        N/A     529K   5,000K   7,500K        N/A    
    /home/vault           840.7G  1048.6G  2097.2G        N/A   6,072      200K     400K        N/A    
======================
=== GPU utilization ==
gpu_name, gpu_bus_id, pid, gpu_utilization [%], mem_utilization [%], max_memory_usage [MiB], time [ms]
NVIDIA GeForce RTX 2080 Ti, 00000000:AF:00.0, 174151, 27 %, 19 %, 7950 MiB, 1067221 ms
