### Starting TaskPrologue of job 1409292 on tg072 at Sat Nov 22 04:37:23 PM CET 2025
Running on cores 0-1,8-9,16-17,24-25 with governor ondemand
Sat Nov 22 16:37:24 2025       
+-----------------------------------------------------------------------------------------+
| NVIDIA-SMI 570.195.03             Driver Version: 570.195.03     CUDA Version: 12.8     |
|-----------------------------------------+------------------------+----------------------+
| GPU  Name                 Persistence-M | Bus-Id          Disp.A | Volatile Uncorr. ECC |
| Fan  Temp   Perf          Pwr:Usage/Cap |           Memory-Usage | GPU-Util  Compute M. |
|                                         |                        |               MIG M. |
|=========================================+========================+======================|
|   0  Tesla V100-PCIE-32GB           On  |   00000000:18:00.0 Off |                    0 |
| N/A   31C    P0             26W /  250W |       0MiB /  32768MiB |      0%      Default |
|                                         |                        |                  N/A |
+-----------------------------------------+------------------------+----------------------+
                                                                                         
+-----------------------------------------------------------------------------------------+
| Processes:                                                                              |
|  GPU   GI   CI              PID   Type   Process name                        GPU Memory |
|        ID   ID                                                               Usage      |
|=========================================================================================|
|  No running processes found                                                             |
+-----------------------------------------------------------------------------------------+
### Finished TaskPrologue

Starting training at: Sat Nov 22 04:37:29 PM CET 2025
============================================================
PHI-3.5-VISION ZERO-SHOT OCR (Staircase Forms) — single generic schema
============================================================
Loading test data...
Loaded 24 samples from /home/woody/iwi5/iwi5298h/json_staircase/test.jsonl
Loading Phi-3.5-Vision-Instruct model for zero-shot Staircase OCR...
  Device: cuda
  Model and processor loaded.
  GPU Memory - Allocated: 8.29 GB, Reserved: 8.31 GB

Processing 24 images (zero-shot, single-schema)...

[1/24] Processing: FMIS_FormblätterMielke_gefüllt (83).jpg
  Resolved path: /home/woody/iwi5/iwi5298h/staircase_images/FMIS_FormblätterMielke_gefüllt (83).jpg
  raw output length: 2203
  raw preview: {   "stair_type": "Eichstatt",   "Name des Hauses": "Reinhold-A.",   "Adresse": "143-156",   "Bauherr": "Bauhaus",   "Baumeister": "Laufform",   "Bauzeit": "193
  CER: 0.2554 (25.54%)
  GPU Memory: 8.30 GB

[2/24] Processing: FMIS_FormblätterMielke_gefüllt (45).jpg
  Resolved path: /home/woody/iwi5/iwi5298h/staircase_images/FMIS_FormblätterMielke_gefüllt (45).jpg
  raw output length: 2219
  raw preview: {   "stair_type": "HANDLAUFPROFIL",   "Name des Hauses": "Haus Herrenzimmern",   "Adresse": "Innenrechte",   "Bauherr": "Sauherr",   "Baumeister": "Sauheit",   
  CER: 0.1944 (19.44%)
  GPU Memory: 8.30 GB

[3/24] Processing: FMIS_FormblätterMielke_gefüllt (27).jpg
  Resolved path: /home/woody/iwi5/iwi5298h/staircase_images/FMIS_FormblätterMielke_gefüllt (27).jpg
  raw output length: 2239
  raw preview: {   "stair_type": "Laufform",   "Name des Hauses": "Schloss",   "Adresse": "Innenrechte",   "Bauherr": "Johann",   "Baumeister": "Max",   "Bauzeit": "1738",   "
  CER: 0.2033 (20.33%)
  GPU Memory: 8.30 GB

[4/24] Processing: FMIS_FormblätterMielke_gefüllt (130).jpg
  Resolved path: /home/woody/iwi5/iwi5298h/staircase_images/FMIS_FormblätterMielke_gefüllt (130).jpg
  raw output length: 2243
  raw preview: {   "stair_type": "Laufform",   "Name des Hauses": "Haus E",   "Adresse": "Dresden, 26, Bautzner Str. 4",   "Bauherr": "Einheim",   "Baumeister": "Einheim",   "
  CER: 0.2505 (25.05%)
  GPU Memory: 8.30 GB

[5/24] Processing: FMIS_FormblätterMielke_gefüllt (129).jpg
  Resolved path: /home/woody/iwi5/iwi5298h/staircase_images/FMIS_FormblätterMielke_gefüllt (129).jpg
  raw output length: 2215
  raw preview: {   "stair_type": "Laufform",   "Name des Hauses": "Einhaus",   "Adresse": "Adalbert-Meyer-Str. 6",   "Bauherr": "Euphor",   "Baumeister": "Sauzeiter",   "Bauze
  CER: 0.2127 (21.27%)
  GPU Memory: 8.30 GB

[6/24] Processing: FMIS_FormblätterMielke_gefüllt (88).jpg
  Resolved path: /home/woody/iwi5/iwi5298h/staircase_images/FMIS_FormblätterMielke_gefüllt (88).jpg
  raw output length: 2230
  raw preview: {   "stair_type": "Innenentwurf",   "Name des Hauses": "Waltersheim",   "Adresse": "Bauhaus, Dessau",   "Bauherr": "Walter Gropius",   "Baumeister": "Ludwig Mie
  CER: 0.2181 (21.81%)
  GPU Memory: 8.30 GB

[7/24] Processing: FMIS_FormblätterMielke_gefüllt (102).jpg
  Resolved path: /home/woody/iwi5/iwi5298h/staircase_images/FMIS_FormblätterMielke_gefüllt (102).jpg
  raw output length: 2114
  raw preview: {   "stair_type": "Leingang",   "Name des Hauses": "Griesmühlstr. 2",   "Adresse": "Ingolstadt",   "Bauherr": "Euphuer",   "Baumeister": "Bauzeit",   "Bauzeit":
  CER: 0.2381 (23.81%)
  GPU Memory: 8.30 GB

[8/24] Processing: FMIS_FormblätterMielke_gefüllt (103).jpg
  Resolved path: /home/woody/iwi5/iwi5298h/staircase_images/FMIS_FormblätterMielke_gefüllt (103).jpg
  raw output length: 2221
  raw preview: {   "stair_type": "INENTREPE",   "Name des Hauses": "NEUE JUELT",   "Adresse": "Griesmohslir JUELT",   "Bauherr": "Bauermeister",   "Baumeister": "Bauzeit",   "
  CER: 0.1981 (19.81%)
  GPU Memory: 8.30 GB

[9/24] Processing: FMIS_FormblätterMielke_gefüllt (165).jpg
  Resolved path: /home/woody/iwi5/iwi5298h/staircase_images/FMIS_FormblätterMielke_gefüllt (165).jpg
  raw output length: 2220
  raw preview: {   "stair_type": "Opernring 2",   "Name des Hauses": "Bauherr",   "Adresse": "Bauzeit",   "Bauherr": "Bauermeister",   "Baumeister": "August v. Siccardsburg", 
  CER: 0.1679 (16.79%)
  GPU Memory: 8.30 GB

[10/24] Processing: FMIS_FormblätterMielke_gefüllt (43).jpg
  Resolved path: /home/woody/iwi5/iwi5298h/staircase_images/FMIS_FormblätterMielke_gefüllt (43).jpg
  raw output length: 2263
  raw preview: {   "stair_type": "Le Lingapodest",   "Name des Hauses": "Ek Kepodest",   "Adresse": "Ws Wendepodest",   "Bauherr": "Zwischenwellelung",   "Baumeister": "GPHLIH
  CER: 0.2162 (21.62%)
  GPU Memory: 8.30 GB

[11/24] Processing: FMIS_FormblätterMielke_gefüllt (11).jpg
  Resolved path: /home/woody/iwi5/iwi5298h/staircase_images/FMIS_FormblätterMielke_gefüllt (11).jpg
  raw output length: 2212
  raw preview: {   "stair_type": "Laufform",   "Name des Hauses": "Residenz",   "Adresse": "Bauhaus",   "Bauherr": "Bauhaus",   "Baumeister": "Bauhaus",   "Bauzeit": "1927",  
  CER: 0.1818 (18.18%)
  GPU Memory: 8.30 GB

[12/24] Processing: FMIS_FormblätterMielke_gefüllt (36).jpg
  Resolved path: /home/woody/iwi5/iwi5298h/staircase_images/FMIS_FormblätterMielke_gefüllt (36).jpg
  raw output length: 2290
  raw preview: {   "stair_type": "Kaltegrad",   "Name des Hauses": "Lorenz Gata",   "Adresse": "1691-1702",   "Bauherr": "Euphor",   "Baumeister": "Lorenz Gata",   "Bauzeit": 
  CER: 0.7604 (76.04%)
  GPU Memory: 8.30 GB

[13/24] Processing: FMIS_FormblätterMielke_gefüllt (87).jpg
  Resolved path: /home/woody/iwi5/iwi5298h/staircase_images/FMIS_FormblätterMielke_gefüllt (87).jpg
  raw output length: 2189
  raw preview: {   "stair_type": "Eichstatt",   "Name des Hauses": "Windmühle 2",   "Adresse": "Windmühle 2",   "Bauherr": "Windmühle 2",   "Baumeister": "Windmühle 2",   "Bau
  CER: 0.1792 (17.92%)
  GPU Memory: 8.30 GB

[14/24] Processing: FMIS_FormblätterMielke_gefüllt (94).jpg
  Resolved path: /home/woody/iwi5/iwi5298h/staircase_images/FMIS_FormblätterMielke_gefüllt (94).jpg
  raw output length: 2254
  raw preview: {   "stair_type": "Laufform",   "Name des Hauses": "Schloss",   "Adresse": "Bauhausstr. 47-75, 1700",   "Bauherr": "Bauhaus",   "Baumeister": "Eingel",   "Bauze
  CER: 0.2389 (23.89%)
  GPU Memory: 8.30 GB

[15/24] Processing: FMIS_FormblätterMielke_gefüllt (58).jpg
  Resolved path: /home/woody/iwi5/iwi5298h/staircase_images/FMIS_FormblätterMielke_gefüllt (58).jpg
  raw output length: 2232
  raw preview: {   "stair_type": "Eichstatt",   "Name des Hauses": "Wendelstahl",   "Adresse": "Bauherr Bildt Moritz V. Grün",   "Bauherr": "Erhard Reid",   "Baumeister": "Erh
  CER: 0.7046 (70.46%)
  GPU Memory: 8.30 GB

[16/24] Processing: FMIS_FormblätterMielke_gefüllt (111).jpg
  Resolved path: /home/woody/iwi5/iwi5298h/staircase_images/FMIS_FormblätterMielke_gefüllt (111).jpg
  raw output length: 2175
  raw preview: {   "stair_type": "Laufform",   "Name des Hauses": "Haus 6",   "Adresse": "Hauptstraße 6, Dendelheppe",   "Bauherr": "Euphor",   "Baumeister": "Euphor",   "Bauz
  CER: 0.1785 (17.85%)
  GPU Memory: 8.30 GB

[17/24] Processing: FMIS_FormblätterMielke_gefüllt (99).jpg
  Resolved path: /home/woody/iwi5/iwi5298h/staircase_images/FMIS_FormblätterMielke_gefüllt (99).jpg
  raw output length: 2009
  raw preview: {   "stair_type": "Laufform",   "Name des Hauses": "GOLDKNOPF GALICE",   "Adresse": "Bauhaus",   "Bauherr": "Bauhaus",   "Baumeister": "Bauhaus",   "Bauzeit": "
  CER: 0.2455 (24.55%)
  GPU Memory: 8.30 GB

[18/24] Processing: FMIS_FormblätterMielke_gefüllt (116).jpg
  Resolved path: /home/woody/iwi5/iwi5298h/staircase_images/FMIS_FormblätterMielke_gefüllt (116).jpg
  raw output length: 2230
  raw preview: {   "stair_type": "Laubenspitz",   "Name des Hauses": "Konst. 1/8",   "Adresse": "Bauhaus",   "Bauherr": "Mies van der Rohe",   "Baumeister": "Ludwig Mies van d
  CER: 0.2199 (21.99%)
  GPU Memory: 8.30 GB

[19/24] Processing: FMIS_FormblätterMielke_Vorlage3.jpg
  Resolved path: /home/woody/iwi5/iwi5298h/staircase_images/FMIS_FormblätterMielke_Vorlage3.jpg
  raw output length: 2221
  raw preview: {   "stair_type": "Staircase",   "Name des Hauses": "Wendekreis",   "Adresse": "Pro Dr. Melle",   "Bauherr": "Wendekreis",   "Baumeister": "Wendekreis",   "Bauz
  CER: 0.7174 (71.74%)
  GPU Memory: 8.30 GB

[20/24] Processing: FMIS_FormblätterMielke_gefüllt (132).jpg
  Resolved path: /home/woody/iwi5/iwi5298h/staircase_images/FMIS_FormblätterMielke_gefüllt (132).jpg
  raw output length: 2246
  raw preview: {   "stair_type": "Laufform",   "Name des Hauses": "Schloss",   "Adresse": "Schlossstraße 27",   "Bauherr": "Sauermann",   "Baumeister": "Sauzeit",   "Bauzeit":
  CER: 0.2028 (20.28%)
  GPU Memory: 8.30 GB

[21/24] Processing: FMIS_FormblätterMielke_gefüllt (139).jpg
  Resolved path: /home/woody/iwi5/iwi5298h/staircase_images/FMIS_FormblätterMielke_gefüllt (139).jpg
  raw output length: 2238
  raw preview: {   "stair_type": "Möbel",   "Name des Hauses": "Thevenay 27",   "Adresse": "Bauhaus",   "Bauherr": "I. M.A. 1954",   "Baumeister": "Th. Bauhaus",   "Bauzeit": 
  CER: 0.2535 (25.35%)
  GPU Memory: 8.30 GB

[22/24] Processing: FMIS_FormblätterMielke_gefüllt (66).jpg
  Resolved path: /home/woody/iwi5/iwi5298h/staircase_images/FMIS_FormblätterMielke_gefüllt (66).jpg
  raw output length: 2282
  raw preview: {   "stair_type": "Laufform",   "Name des Hauses": "Haus 18",   "Adresse": "Bauhaus",   "Bauherr": "Albert",   "Baumeister": "Ludwig",   "Bauzeit": "1927",   "L
  CER: 0.2572 (25.72%)
  GPU Memory: 8.30 GB

[23/24] Processing: FMIS_FormblätterMielke_gefüllt (105).jpg
  Resolved path: /home/woody/iwi5/iwi5298h/staircase_images/FMIS_FormblätterMielke_gefüllt (105).jpg
  raw output length: 2248
  raw preview: {   "stair_type": "Lingapodest",   "Name des Hauses": "W. Wendepodest",   "Adresse": "Zur Schächmendeleg",   "Bauherr": "Hardersstr. 13",   "Baumeister": "Mülle
  CER: 0.2615 (26.15%)
  GPU Memory: 8.30 GB

[24/24] Processing: FMIS_FormblätterMielke_gefüllt (13).jpg
  Resolved path: /home/woody/iwi5/iwi5298h/staircase_images/FMIS_FormblätterMielke_gefüllt (13).jpg
  raw output length: 2300
  raw preview: {   "stair_type": "Längpendest",   "Name des Hauses": "Guttenberg",   "Adresse": "Residenzpol. 14",   "Bauherr": "W.C.W. C. Gutenberg",   "Baumeister": "Domdech
  CER: 0.3061 (30.61%)
  GPU Memory: 8.30 GB

Saving results to: /home/vault/iwi5/iwi5298h/models_image_text/phi/stair_shots/run_zeroshot_20251122_165847
Predictions saved to: /home/vault/iwi5/iwi5298h/models_image_text/phi/stair_shots/run_zeroshot_20251122_165847/predictions_zero_shot.jsonl

============================================================
CER EVALUATION RESULTS (Zero-shot, Phi-3.5-Vision, single generic schema)
============================================================

CER over 24 images:
--------------------------------------------------
Average CER: 0.2859 (28.59%)
Minimum CER: 0.1679 (16.79%)
Maximum CER: 0.7604 (76.04%)

Weighted CER: 0.2869 (28.69%)
Total characters: 33973
Total errors: 9746
Perfect matches: 0/24 (0.0%)

Summary saved to: /home/vault/iwi5/iwi5298h/models_image_text/phi/stair_shots/run_zeroshot_20251122_165847/cer_evaluation_summary_zero_shot.json

============================================================
Processing complete! (Zero-shot, single generic schema, Phi-3.5-Vision)
Results saved to: /home/vault/iwi5/iwi5298h/models_image_text/phi/stair_shots/run_zeroshot_20251122_165847
Total images processed: 24
Average CER on test set: 0.2859 (28.59%)
============================================================

Finished at: Sat Nov 22 04:58:56 PM CET 2025
Exit status: 0
=== JOB_STATISTICS ===
=== current date     : Sat Nov 22 04:58:56 PM CET 2025
= Job-ID             : 1409292 on tinygpu
= Job-Name           : phi_zero_stair
= Job-Command        : /home/hpc/iwi5/iwi5298h/Uddipan-Thesis/jobfiles/job_phi.sh
= Initial workdir    : /home/hpc/iwi5/iwi5298h/Uddipan-Thesis/jobfiles
= Queue/Partition    : v100
= Slurm account      : iwi5 with QOS=normal
= Requested resources:  for 06:00:00
= Elapsed runtime    : 00:21:39
= Total RAM usage    : 9.5 GiB of requested  GiB (%)   
= Node list          : tg072
= Subm/Elig/Start/End: 2025-11-22T16:37:15 / 2025-11-22T16:37:15 / 2025-11-22T16:37:17 / 2025-11-22T16:58:56
======================
=== Quota infos ======
    Path                 Used     SoftQ    HardQ    Gracetime  Filec    FileQ    FiHaQ    FileGrace    
    /home/hpc              68.3G   104.9G   209.7G        N/A  26,969      500K   1,000K        N/A    
    /home/woody           197.4G  1000.0G  1500.0G        N/A     876K   5,000K   7,500K        N/A    
    /home/vault           957.6G  1048.6G  2097.2G        N/A   6,815      200K     400K        N/A    
======================
=== GPU utilization ==
gpu_name, gpu_bus_id, pid, gpu_utilization [%], mem_utilization [%], max_memory_usage [MiB], time [ms]
Tesla V100-PCIE-32GB, 00000000:18:00.0, 2202679, 45 %, 30 %, 10700 MiB, 1267201 ms
