### Starting TaskPrologue of job 1288306 on tg071 at Fri Oct 24 01:55:13 PM CEST 2025
Running on cores 0-1,8-9,17-18,24-25 with governor ondemand
Fri Oct 24 13:55:13 2025       
+-----------------------------------------------------------------------------------------+
| NVIDIA-SMI 570.195.03             Driver Version: 570.195.03     CUDA Version: 12.8     |
|-----------------------------------------+------------------------+----------------------+
| GPU  Name                 Persistence-M | Bus-Id          Disp.A | Volatile Uncorr. ECC |
| Fan  Temp   Perf          Pwr:Usage/Cap |           Memory-Usage | GPU-Util  Compute M. |
|                                         |                        |               MIG M. |
|=========================================+========================+======================|
|   0  Tesla V100-PCIE-32GB           Off |   00000000:18:00.0 Off |                    0 |
| N/A   28C    P0             26W /  250W |       0MiB /  32768MiB |      0%      Default |
|                                         |                        |                  N/A |
+-----------------------------------------+------------------------+----------------------+
                                                                                         
+-----------------------------------------------------------------------------------------+
| Processes:                                                                              |
|  GPU   GI   CI              PID   Type   Process name                        GPU Memory |
|        ID   ID                                                               Usage      |
|=========================================================================================|
|  No running processes found                                                             |
+-----------------------------------------------------------------------------------------+
### Finished TaskPrologue

========================================
Florence-2 OCR Fine-tuning Job Configuration:
========================================
Job ID: 1288306
Log Directory: /home/hpc/iwi5/iwi5298h/Uddipan-Thesis/logs/Florence2/1288306
CUDA Device: 0
Job started at: Fri Oct 24 01:55:30 PM CEST 2025
========================================
============================================================
FLORENCE-2 SCHMUCK FINE-TUNING (ENHANCED)
CER-Based Selection + Custom Prompt + MLP Layers
============================================================

📂 Loading datasets...
✅ Train: 413 samples
✅ Validation: 88 samples

============================================================
Florence-2 Schmuck Fine-tuning (Enhanced)
============================================================
Device: cuda
Output: /home/vault/iwi5/iwi5298h/models_image_text/florence2/schmuck/run_cer_20251024_135808
Custom prompt: Enabled
LoRA: Attention + MLP layers
============================================================

⏳ Loading Florence-2-large model...
⏳ Applying enhanced LoRA (Attention + MLP layers)...
✅ Model loaded successfully!
Trainable params: 11,321,344 (1.44%)
LoRA modules: 408
============================================================

📂 Preparing datasets...
✅ Train: 413 samples
✅ Validation: 88 samples
✅ Using custom prompt: Extract jewelry catalog information as JSON with fields: Gegenstand, Inv.Nr, Her...

============================================================
STARTING TRAINING
============================================================
Model selection: Based on eval_cer (lowest CER)
LoRA: Attention + MLP layers
Custom prompt: Enabled
============================================================

========================================
Job completed at: Fri Oct 24 01:58:48 PM CEST 2025
========================================
=== JOB_STATISTICS ===
=== current date     : Fri Oct 24 01:58:48 PM CEST 2025
= Job-ID             : 1288306 on tinygpu
= Job-Name           : schmuck_finetune
= Job-Command        : /home/hpc/iwi5/iwi5298h/Uddipan-Thesis/jobfiles/job_florence.sh
= Initial workdir    : /home/hpc/iwi5/iwi5298h/Uddipan-Thesis/jobfiles
= Queue/Partition    : v100
= Slurm account      : iwi5 with QOS=normal
= Requested resources:  for 10:00:00
= Elapsed runtime    : 00:03:35
= Total RAM usage    : 5.1 GiB of requested  GiB (%)   
= Node list          : tg071
= Subm/Elig/Start/End: 2025-10-24T13:54:57 / 2025-10-24T13:54:57 / 2025-10-24T13:54:58 / 2025-10-24T13:58:33
======================
=== Quota infos ======
    Path                 Used     SoftQ    HardQ    Gracetime  Filec    FileQ    FiHaQ    FileGrace    
    /home/woody           183.8G  1000.0G  1500.0G        N/A     833K   5,000K   7,500K        N/A    
    /home/hpc             101.6G   104.9G   209.7G        N/A  29,761      500K   1,000K        N/A    
    /home/vault           847.1G  1048.6G  2097.2G        N/A   4,433      200K     400K        N/A    
======================
=== GPU utilization ==
gpu_name, gpu_bus_id, pid, gpu_utilization [%], mem_utilization [%], max_memory_usage [MiB], time [ms]
Tesla V100-PCIE-32GB, 00000000:18:00.0, 3246524, 0 %, 0 %, 3332 MiB, 70202 ms
