### Starting TaskPrologue of job 1243253 on tg073 at Sat Oct 18 09:54:05 PM CEST 2025
Running on cores 6-7,14-15,22-23,30-31 with governor ondemand
Sat Oct 18 21:54:05 2025       
+-----------------------------------------------------------------------------------------+
| NVIDIA-SMI 570.195.03             Driver Version: 570.195.03     CUDA Version: 12.8     |
|-----------------------------------------+------------------------+----------------------+
| GPU  Name                 Persistence-M | Bus-Id          Disp.A | Volatile Uncorr. ECC |
| Fan  Temp   Perf          Pwr:Usage/Cap |           Memory-Usage | GPU-Util  Compute M. |
|                                         |                        |               MIG M. |
|=========================================+========================+======================|
|   0  Tesla V100-PCIE-32GB           Off |   00000000:AF:00.0 Off |                    0 |
| N/A   34C    P0             27W /  250W |       0MiB /  32768MiB |      0%      Default |
|                                         |                        |                  N/A |
+-----------------------------------------+------------------------+----------------------+
                                                                                         
+-----------------------------------------------------------------------------------------+
| Processes:                                                                              |
|  GPU   GI   CI              PID   Type   Process name                        GPU Memory |
|        ID   ID                                                               Usage      |
|=========================================================================================|
|  No running processes found                                                             |
+-----------------------------------------------------------------------------------------+
### Finished TaskPrologue

======================================================================
GEMMA-3 ZERO-SHOT OCR (chat, Nanonets-style prompt, V100-safe)
======================================================================
Loading test JSONL ...
 Test: 26
Loading Gemma-3 (official transformers) ...
Loaded. Using dtype=torch.float16

Processing test images (zero-shot) ...
[1/26] FMIS_FormblätterMielke_gefüllt (14).jpg
    [DEBUG] resolved path: /home/woody/iwi5/iwi5298h/staircase_images/FMIS_FormblätterMielke_gefüllt (14).jpg
    [DEBUG] prompt image markers counted: 2, collected images: 2
    ERROR: CUDA error: device-side assert triggered
Compile with `TORCH_USE_CUDA_DSA` to enable device-side assertions.

[2/26] FMIS_FormblätterMielke_gefüllt (18).jpg
    [DEBUG] resolved path: /home/woody/iwi5/iwi5298h/staircase_images/FMIS_FormblätterMielke_gefüllt (18).jpg
    [DEBUG] prompt image markers counted: 2, collected images: 2
    ERROR: CUDA error: device-side assert triggered
Compile with `TORCH_USE_CUDA_DSA` to enable device-side assertions.

[3/26] FMIS_FormblätterMielke_gefüllt (35).jpg
    [DEBUG] resolved path: /home/woody/iwi5/iwi5298h/staircase_images/FMIS_FormblätterMielke_gefüllt (35).jpg
    [DEBUG] prompt image markers counted: 2, collected images: 2
    ERROR: CUDA error: device-side assert triggered
Compile with `TORCH_USE_CUDA_DSA` to enable device-side assertions.

[4/26] FMIS_FormblätterMielke_gefüllt (12).jpg
    [DEBUG] resolved path: /home/woody/iwi5/iwi5298h/staircase_images/FMIS_FormblätterMielke_gefüllt (12).jpg
    [DEBUG] prompt image markers counted: 2, collected images: 2
    ERROR: CUDA error: device-side assert triggered
Compile with `TORCH_USE_CUDA_DSA` to enable device-side assertions.

[5/26] FMIS_FormblätterMielke_gefüllt (27).jpg
    [DEBUG] resolved path: /home/woody/iwi5/iwi5298h/staircase_images/FMIS_FormblätterMielke_gefüllt (27).jpg
    [DEBUG] prompt image markers counted: 2, collected images: 2
    ERROR: CUDA error: device-side assert triggered
Compile with `TORCH_USE_CUDA_DSA` to enable device-side assertions.

[6/26] FMIS_FormblätterMielke_gefüllt (2).jpg
    [DEBUG] resolved path: /home/woody/iwi5/iwi5298h/staircase_images/FMIS_FormblätterMielke_gefüllt (2).jpg
    [DEBUG] prompt image markers counted: 2, collected images: 2
    ERROR: CUDA error: device-side assert triggered
Compile with `TORCH_USE_CUDA_DSA` to enable device-side assertions.

[7/26] FMIS_FormblätterMielke_gefüllt (3).jpg
    [DEBUG] resolved path: /home/woody/iwi5/iwi5298h/staircase_images/FMIS_FormblätterMielke_gefüllt (3).jpg
    [DEBUG] prompt image markers counted: 2, collected images: 2
    ERROR: CUDA error: device-side assert triggered
Compile with `TORCH_USE_CUDA_DSA` to enable device-side assertions.

[8/26] FMIS_FormblätterMielke_gefüllt (25).jpg
    [DEBUG] resolved path: /home/woody/iwi5/iwi5298h/staircase_images/FMIS_FormblätterMielke_gefüllt (25).jpg
    [DEBUG] prompt image markers counted: 2, collected images: 2
    ERROR: CUDA error: device-side assert triggered
Compile with `TORCH_USE_CUDA_DSA` to enable device-side assertions.

[9/26] FMIS_FormblätterMielke_gefüllt (37).jpg
    [DEBUG] resolved path: /home/woody/iwi5/iwi5298h/staircase_images/FMIS_FormblätterMielke_gefüllt (37).jpg
    [DEBUG] prompt image markers counted: 2, collected images: 2
    ERROR: CUDA error: device-side assert triggered
Compile with `TORCH_USE_CUDA_DSA` to enable device-side assertions.

[10/26] FMIS_FormblätterMielke_gefüllt (15).jpg
    [DEBUG] resolved path: /home/woody/iwi5/iwi5298h/staircase_images/FMIS_FormblätterMielke_gefüllt (15).jpg
    [DEBUG] prompt image markers counted: 2, collected images: 2
    ERROR: CUDA error: device-side assert triggered
Compile with `TORCH_USE_CUDA_DSA` to enable device-side assertions.

[11/26] FMIS_FormblätterMielke_gefüllt (34).jpg
    [DEBUG] resolved path: /home/woody/iwi5/iwi5298h/staircase_images/FMIS_FormblätterMielke_gefüllt (34).jpg
    [DEBUG] prompt image markers counted: 2, collected images: 2
    ERROR: CUDA error: device-side assert triggered
Compile with `TORCH_USE_CUDA_DSA` to enable device-side assertions.

[12/26] FMIS_FormblätterMielke_gefüllt (22).jpg
    [DEBUG] resolved path: /home/woody/iwi5/iwi5298h/staircase_images/FMIS_FormblätterMielke_gefüllt (22).jpg
    [DEBUG] prompt image markers counted: 2, collected images: 2
    ERROR: CUDA error: device-side assert triggered
Compile with `TORCH_USE_CUDA_DSA` to enable device-side assertions.

[13/26] FMIS_FormblätterMielke_gefüllt (38).jpg
    [DEBUG] resolved path: /home/woody/iwi5/iwi5298h/staircase_images/FMIS_FormblätterMielke_gefüllt (38).jpg
    [DEBUG] prompt image markers counted: 2, collected images: 2
    ERROR: CUDA error: device-side assert triggered
Compile with `TORCH_USE_CUDA_DSA` to enable device-side assertions.

[14/26] FMIS_FormblätterMielke_gefüllt (28).jpg
    [DEBUG] resolved path: /home/woody/iwi5/iwi5298h/staircase_images/FMIS_FormblätterMielke_gefüllt (28).jpg
    [DEBUG] prompt image markers counted: 2, collected images: 2
    ERROR: CUDA error: device-side assert triggered
Compile with `TORCH_USE_CUDA_DSA` to enable device-side assertions.

[15/26] FMIS_FormblätterMielke_gefüllt (4).jpg
    [DEBUG] resolved path: /home/woody/iwi5/iwi5298h/staircase_images/FMIS_FormblätterMielke_gefüllt (4).jpg
    [DEBUG] prompt image markers counted: 2, collected images: 2
    ERROR: CUDA error: device-side assert triggered
Compile with `TORCH_USE_CUDA_DSA` to enable device-side assertions.

[16/26] FMIS_FormblätterMielke_gefüllt (16).jpg
    [DEBUG] resolved path: /home/woody/iwi5/iwi5298h/staircase_images/FMIS_FormblätterMielke_gefüllt (16).jpg
    [DEBUG] prompt image markers counted: 2, collected images: 2
    ERROR: CUDA error: device-side assert triggered
Compile with `TORCH_USE_CUDA_DSA` to enable device-side assertions.

[17/26] FMIS_FormblätterMielke_gefüllt (24).jpg
    [DEBUG] resolved path: /home/woody/iwi5/iwi5298h/staircase_images/FMIS_FormblätterMielke_gefüllt (24).jpg
    [DEBUG] prompt image markers counted: 2, collected images: 2
    ERROR: CUDA error: device-side assert triggered
Compile with `TORCH_USE_CUDA_DSA` to enable device-side assertions.

[18/26] FMIS_FormblätterMielke_gefüllt (11).jpg
    [DEBUG] resolved path: /home/woody/iwi5/iwi5298h/staircase_images/FMIS_FormblätterMielke_gefüllt (11).jpg
    [DEBUG] prompt image markers counted: 2, collected images: 2
    ERROR: CUDA error: device-side assert triggered
Compile with `TORCH_USE_CUDA_DSA` to enable device-side assertions.

[19/26] FMIS_FormblätterMielke_gefüllt (39).jpg
    [DEBUG] resolved path: /home/woody/iwi5/iwi5298h/staircase_images/FMIS_FormblätterMielke_gefüllt (39).jpg
    [DEBUG] prompt image markers counted: 2, collected images: 2
    ERROR: CUDA error: device-side assert triggered
Compile with `TORCH_USE_CUDA_DSA` to enable device-side assertions.

[20/26] FMIS_FormblätterMielke_gefüllt (41).jpg
    [DEBUG] resolved path: /home/woody/iwi5/iwi5298h/staircase_images/FMIS_FormblätterMielke_gefüllt (41).jpg
    [DEBUG] prompt image markers counted: 2, collected images: 2
    ERROR: CUDA error: device-side assert triggered
Compile with `TORCH_USE_CUDA_DSA` to enable device-side assertions.

[21/26] FMIS_FormblätterMielke_gefüllt (21).jpg
    [DEBUG] resolved path: /home/woody/iwi5/iwi5298h/staircase_images/FMIS_FormblätterMielke_gefüllt (21).jpg
    [DEBUG] prompt image markers counted: 2, collected images: 2
    ERROR: CUDA error: device-side assert triggered
Compile with `TORCH_USE_CUDA_DSA` to enable device-side assertions.

[22/26] FMIS_FormblätterMielke_gefüllt (8).jpg
    [DEBUG] resolved path: /home/woody/iwi5/iwi5298h/staircase_images/FMIS_FormblätterMielke_gefüllt (8).jpg
    [DEBUG] prompt image markers counted: 2, collected images: 2
    ERROR: CUDA error: device-side assert triggered
Compile with `TORCH_USE_CUDA_DSA` to enable device-side assertions.

[23/26] FMIS_FormblätterMielke_gefüllt (7).jpg
    [DEBUG] resolved path: /home/woody/iwi5/iwi5298h/staircase_images/FMIS_FormblätterMielke_gefüllt (7).jpg
    [DEBUG] prompt image markers counted: 2, collected images: 2
    ERROR: CUDA error: device-side assert triggered
Compile with `TORCH_USE_CUDA_DSA` to enable device-side assertions.

[24/26] FMIS_FormblätterMielke_Vorlage1.jpg
    [DEBUG] resolved path: /home/woody/iwi5/iwi5298h/staircase_images/FMIS_FormblätterMielke_Vorlage1.jpg
    [DEBUG] prompt image markers counted: 2, collected images: 2
    ERROR: CUDA error: device-side assert triggered
Compile with `TORCH_USE_CUDA_DSA` to enable device-side assertions.

[25/26] FMIS_FormblätterMielke_gefüllt (36).jpg
    [DEBUG] resolved path: /home/woody/iwi5/iwi5298h/staircase_images/FMIS_FormblätterMielke_gefüllt (36).jpg
    [DEBUG] prompt image markers counted: 2, collected images: 2
    ERROR: CUDA error: device-side assert triggered
Compile with `TORCH_USE_CUDA_DSA` to enable device-side assertions.

[26/26] FMIS_FormblätterMielke_gefüllt (26).jpg
    [DEBUG] resolved path: /home/woody/iwi5/iwi5298h/staircase_images/FMIS_FormblätterMielke_gefüllt (26).jpg
    [DEBUG] prompt image markers counted: 2, collected images: 2
    ERROR: CUDA error: device-side assert triggered
Compile with `TORCH_USE_CUDA_DSA` to enable device-side assertions.


======================================================================
DONE (zero-shot)
Saved to: /home/vault/iwi5/iwi5298h/models_image_text/gemma/zero_shot_stair/run_20251018_220038
Average CER: 1.0000 (100.00%)
======================================================================
Gemma-3 training completed at: Sat Oct 18 10:00:40 PM CEST 2025
=== JOB_STATISTICS ===
=== current date     : Sat Oct 18 10:00:40 PM CEST 2025
= Job-ID             : 1243253 on tinygpu
= Job-Name           : gemma_zero_shot_staircase
= Job-Command        : /home/hpc/iwi5/iwi5298h/Uddipan-Thesis/jobfiles/job_gemma2.sh
= Initial workdir    : /home/hpc/iwi5/iwi5298h/Uddipan-Thesis/jobfiles
= Queue/Partition    : v100
= Slurm account      : iwi5 with QOS=normal
= Requested resources:  for 05:00:00
= Elapsed runtime    : 00:06:37
= Total RAM usage    : 6.7 GiB of requested  GiB (%)   
= Node list          : tg073
= Subm/Elig/Start/End: 2025-10-18T21:53:46 / 2025-10-18T21:53:46 / 2025-10-18T21:53:47 / 2025-10-18T22:00:24
======================
=== Quota infos ======
    Path                 Used     SoftQ    HardQ    Gracetime  Filec    FileQ    FiHaQ    FileGrace    
    /home/woody           127.7G  1000.0G  1500.0G        N/A     630K   5,000K   7,500K        N/A    
    /home/hpc              96.7G   104.9G   209.7G        N/A  33,139      500K   1,000K        N/A    
    /home/vault           547.2G  1048.6G  2097.2G        N/A   3,618      200K     400K        N/A    
======================
=== GPU utilization ==
gpu_name, gpu_bus_id, pid, gpu_utilization [%], mem_utilization [%], max_memory_usage [MiB], time [ms]
Tesla V100-PCIE-32GB, 00000000:AF:00.0, 63501, 18 %, 4 %, 6528 MiB, 301872 ms
