### Starting TaskPrologue of job 1481686 on tg074 at Thu Jan  8 09:28:55 PM CET 2026
Running on cores 4-5,12-13,20-21,28-29 with governor ondemand
Thu Jan  8 21:28:55 2026       
+-----------------------------------------------------------------------------------------+
| NVIDIA-SMI 570.195.03             Driver Version: 570.195.03     CUDA Version: 12.8     |
|-----------------------------------------+------------------------+----------------------+
| GPU  Name                 Persistence-M | Bus-Id          Disp.A | Volatile Uncorr. ECC |
| Fan  Temp   Perf          Pwr:Usage/Cap |           Memory-Usage | GPU-Util  Compute M. |
|                                         |                        |               MIG M. |
|=========================================+========================+======================|
|   0  Tesla V100-PCIE-32GB           On  |   00000000:86:00.0 Off |                    0 |
| N/A   46C    P0             29W /  250W |       0MiB /  32768MiB |      0%      Default |
|                                         |                        |                  N/A |
+-----------------------------------------+------------------------+----------------------+
                                                                                         
+-----------------------------------------------------------------------------------------+
| Processes:                                                                              |
|  GPU   GI   CI              PID   Type   Process name                        GPU Memory |
|        ID   ID                                                               Usage      |
|=========================================================================================|
|  No running processes found                                                             |
+-----------------------------------------------------------------------------------------+
### Finished TaskPrologue

Starting training at: Thu Jan  8 09:29:05 PM CET 2026
============================================================
PHI-3.5-VISION FEW-SHOT STAIRCASE OCR (v2)
============================================================

Loading test data...
Loaded 24 test samples

Loading training data...
Loaded 115 training samples

Selecting diverse few-shot examples...
Using WENDELTREPPE: FMIS_FormblätterMielke_gefüllt (10).jpg
✓ Selected INNENTREPPE: FMIS_FormblätterMielke_gefüllt (8).jpg | stair_type=INNENTREPPE
✓ Selected WENDELTREPPE: FMIS_FormblätterMielke_gefüllt (10).jpg | stair_type=WENDELTREPPE

============================================================
Using 2 few-shot examples (=> 2 example images + 1 test image per inference):
  1. FMIS_FormblätterMielke_gefüllt (8).jpg | type=INNENTREPPE | path=/home/woody/iwi5/iwi5298h/staircase_images/FMIS_FormblätterMielke_gefüllt (8).jpg
  2. FMIS_FormblätterMielke_gefüllt (10).jpg | type=WENDELTREPPE | path=/home/woody/iwi5/iwi5298h/staircase_images/FMIS_FormblätterMielke_gefüllt (10).jpg
============================================================
Checking for Phi-3.5-vision-instruct model...
Model not found locally. Downloading from HuggingFace...
  Source: microsoft/Phi-3.5-vision-instruct
  Destination: /home/vault/iwi5/iwi5298h/models/phi_3_5_vision
✓ Model downloaded successfully to: /home/vault/iwi5/iwi5298h/models/phi_3_5_vision
Loading Phi-3.5-vision-instruct...
Model path: /home/vault/iwi5/iwi5298h/models/phi_3_5_vision
Model loaded successfully.

Creating few-shot messages...
  Few-shot example 1: FMIS_FormblätterMielke_gefüllt (8).jpg
    Type: INNENTREPPE
    Resolved path: /home/woody/iwi5/iwi5298h/staircase_images/FMIS_FormblätterMielke_gefüllt (8).jpg
    Exists: True
  Few-shot example 2: FMIS_FormblätterMielke_gefüllt (10).jpg
    Type: WENDELTREPPE
    Resolved path: /home/woody/iwi5/iwi5298h/staircase_images/FMIS_FormblätterMielke_gefüllt (10).jpg
    Exists: True
Created 4 few-shot messages
Total images per inference: 2 few-shot + 1 test = 3

Processing 24 test images...
------------------------------------------------------------

[1/24] FMIS_FormblätterMielke_gefüllt (83).jpg
  Resolved path: /home/woody/iwi5/iwi5298h/staircase_images/FMIS_FormblätterMielke_gefüllt (83).jpg
  CER: 0.7280 (72.80%)

[2/24] FMIS_FormblätterMielke_gefüllt (45).jpg
  Resolved path: /home/woody/iwi5/iwi5298h/staircase_images/FMIS_FormblätterMielke_gefüllt (45).jpg
  CER: 0.7332 (73.32%)

[3/24] FMIS_FormblätterMielke_gefüllt (27).jpg
  Resolved path: /home/woody/iwi5/iwi5298h/staircase_images/FMIS_FormblätterMielke_gefüllt (27).jpg
  CER: 0.1592 (15.92%)

[4/24] FMIS_FormblätterMielke_gefüllt (130).jpg
  Resolved path: /home/woody/iwi5/iwi5298h/staircase_images/FMIS_FormblätterMielke_gefüllt (130).jpg
  CER: 0.7199 (71.99%)

[5/24] FMIS_FormblätterMielke_gefüllt (129).jpg
  Resolved path: /home/woody/iwi5/iwi5298h/staircase_images/FMIS_FormblätterMielke_gefüllt (129).jpg
  CER: 0.7333 (73.33%)

[6/24] FMIS_FormblätterMielke_gefüllt (88).jpg
  Resolved path: /home/woody/iwi5/iwi5298h/staircase_images/FMIS_FormblätterMielke_gefüllt (88).jpg
  CER: 1.0000 (100.00%)

[7/24] FMIS_FormblätterMielke_gefüllt (102).jpg
  Resolved path: /home/woody/iwi5/iwi5298h/staircase_images/FMIS_FormblätterMielke_gefüllt (102).jpg
  CER: 0.7524 (75.24%)

[8/24] FMIS_FormblätterMielke_gefüllt (103).jpg
  Resolved path: /home/woody/iwi5/iwi5298h/staircase_images/FMIS_FormblätterMielke_gefüllt (103).jpg
  CER: 0.6871 (68.71%)

[9/24] FMIS_FormblätterMielke_gefüllt (165).jpg
  Resolved path: /home/woody/iwi5/iwi5298h/staircase_images/FMIS_FormblätterMielke_gefüllt (165).jpg
  CER: 0.6852 (68.52%)

[10/24] FMIS_FormblätterMielke_gefüllt (43).jpg
  Resolved path: /home/woody/iwi5/iwi5298h/staircase_images/FMIS_FormblätterMielke_gefüllt (43).jpg
  CER: 0.6956 (69.56%)

[11/24] FMIS_FormblätterMielke_gefüllt (11).jpg
  Resolved path: /home/woody/iwi5/iwi5298h/staircase_images/FMIS_FormblätterMielke_gefüllt (11).jpg
  CER: 0.7213 (72.13%)

[12/24] FMIS_FormblätterMielke_gefüllt (36).jpg
  Resolved path: /home/woody/iwi5/iwi5298h/staircase_images/FMIS_FormblätterMielke_gefüllt (36).jpg
  CER: 0.2389 (23.89%)

[13/24] FMIS_FormblätterMielke_gefüllt (87).jpg
  Resolved path: /home/woody/iwi5/iwi5298h/staircase_images/FMIS_FormblätterMielke_gefüllt (87).jpg
  CER: 0.7045 (70.45%)

[14/24] FMIS_FormblätterMielke_gefüllt (94).jpg
  Resolved path: /home/woody/iwi5/iwi5298h/staircase_images/FMIS_FormblätterMielke_gefüllt (94).jpg
  CER: 0.6950 (69.50%)

[15/24] FMIS_FormblätterMielke_gefüllt (58).jpg
  Resolved path: /home/woody/iwi5/iwi5298h/staircase_images/FMIS_FormblätterMielke_gefüllt (58).jpg
  CER: 1.0000 (100.00%)

[16/24] FMIS_FormblätterMielke_gefüllt (111).jpg
  Resolved path: /home/woody/iwi5/iwi5298h/staircase_images/FMIS_FormblätterMielke_gefüllt (111).jpg
  CER: 0.7406 (74.06%)

[17/24] FMIS_FormblätterMielke_gefüllt (99).jpg
  Resolved path: /home/woody/iwi5/iwi5298h/staircase_images/FMIS_FormblätterMielke_gefüllt (99).jpg
  CER: 0.7127 (71.27%)

[18/24] FMIS_FormblätterMielke_gefüllt (116).jpg
  Resolved path: /home/woody/iwi5/iwi5298h/staircase_images/FMIS_FormblätterMielke_gefüllt (116).jpg
  CER: 0.7453 (74.53%)

[19/24] FMIS_FormblätterMielke_Vorlage3.jpg
  Resolved path: /home/woody/iwi5/iwi5298h/staircase_images/FMIS_FormblätterMielke_Vorlage3.jpg
  CER: 0.1268 (12.68%)

[20/24] FMIS_FormblätterMielke_gefüllt (132).jpg
  Resolved path: /home/woody/iwi5/iwi5298h/staircase_images/FMIS_FormblätterMielke_gefüllt (132).jpg
  CER: 0.7108 (71.08%)

[21/24] FMIS_FormblätterMielke_gefüllt (139).jpg
  Resolved path: /home/woody/iwi5/iwi5298h/staircase_images/FMIS_FormblätterMielke_gefüllt (139).jpg
  CER: 0.7009 (70.09%)

[22/24] FMIS_FormblätterMielke_gefüllt (66).jpg
  Resolved path: /home/woody/iwi5/iwi5298h/staircase_images/FMIS_FormblätterMielke_gefüllt (66).jpg
  CER: 0.7280 (72.80%)

[23/24] FMIS_FormblätterMielke_gefüllt (105).jpg
  Resolved path: /home/woody/iwi5/iwi5298h/staircase_images/FMIS_FormblätterMielke_gefüllt (105).jpg
  CER: 0.7302 (73.02%)

[24/24] FMIS_FormblätterMielke_gefüllt (13).jpg
  Resolved path: /home/woody/iwi5/iwi5298h/staircase_images/FMIS_FormblätterMielke_gefüllt (13).jpg
  CER: 0.7107 (71.07%)

Saving results to: /home/vault/iwi5/iwi5298h/models_image_text/phi/stair_shots/run_fewshot_20260108_215310
Predictions saved to: /home/vault/iwi5/iwi5298h/models_image_text/phi/stair_shots/run_fewshot_20260108_215310/predictions_fewshot.jsonl

============================================================
PHI-3.5-VISION FEW-SHOT CER EVALUATION RESULTS (v2)
STAIRCASE DOCUMENTATION DATASET
============================================================
Images evaluated: 24
Average CER:  0.6733 (67.33%)
Min CER:      0.1268 (12.68%)
Max CER:      1.0000 (100.00%)
Weighted CER: 0.6744 (67.44%)
Perfect matches: 0/24 (0.0%)
Summary saved to: /home/vault/iwi5/iwi5298h/models_image_text/phi/stair_shots/run_fewshot_20260108_215310/evaluation_summary_fewshot_v2.json

============================================================
FEW-SHOT PROCESSING COMPLETE! (v2)
============================================================
Model: microsoft/Phi-3.5-vision-instruct
Dataset: Staircase Documentation
Method: Few-shot (2 examples + 1 test image), canonical CER
Results saved to: /home/vault/iwi5/iwi5298h/models_image_text/phi/stair_shots/run_fewshot_20260108_215310
Total images processed: 24
Average CER on test set: 0.6733 (67.33%)
============================================================

Finished at: Thu Jan  8 09:53:13 PM CET 2026
Exit status: 0
=== JOB_STATISTICS ===
=== current date     : Thu Jan  8 09:53:13 PM CET 2026
= Job-ID             : 1481686 on tinygpu
= Job-Name           : few_stair2
= Job-Command        : /home/hpc/iwi5/iwi5298h/Uddipan-Thesis/jobfiles/job_phi.sh
= Initial workdir    : /home/hpc/iwi5/iwi5298h/Uddipan-Thesis/jobfiles
= Queue/Partition    : v100
= Slurm account      : iwi5 with QOS=normal
= Requested resources:  for 04:00:00
= Elapsed runtime    : 00:24:24
= Total RAM usage    : 9.9 GiB of requested  GiB (%)   
= Node list          : tg074
= Subm/Elig/Start/End: 2026-01-08T20:18:44 / 2026-01-08T20:18:44 / 2026-01-08T21:28:49 / 2026-01-08T21:53:13
======================
=== Quota infos ======
    Path                 Used     SoftQ    HardQ    Gracetime  Filec    FileQ    FiHaQ    FileGrace    
    /home/woody           219.6G  1000.0G  1500.0G        N/A   1,017K   5,000K   7,500K        N/A    
    /home/hpc              88.1G   104.9G   209.7G        N/A  28,983      500K   1,000K        N/A    
    /home/vault          1047.1G  1048.6G  2097.2G        N/A   7,918      200K     400K        N/A    
======================
=== GPU utilization ==
gpu_name, gpu_bus_id, pid, gpu_utilization [%], mem_utilization [%], max_memory_usage [MiB], time [ms]
Tesla V100-PCIE-32GB, 00000000:86:00.0, 231447, 71 %, 44 %, 30880 MiB, 1226176 ms
