### Starting TaskPrologue of job 1517158 on tg097 at Sun Jan 25 10:10:55 AM CET 2026
Running on cores 96-127 with governor ondemand
Sun Jan 25 10:10:55 2026       
+-----------------------------------------------------------------------------------------+
| NVIDIA-SMI 580.105.08             Driver Version: 580.105.08     CUDA Version: 13.0     |
+-----------------------------------------+------------------------+----------------------+
| GPU  Name                 Persistence-M | Bus-Id          Disp.A | Volatile Uncorr. ECC |
| Fan  Temp   Perf          Pwr:Usage/Cap |           Memory-Usage | GPU-Util  Compute M. |
|                                         |                        |               MIG M. |
|=========================================+========================+======================|
|   0  NVIDIA A100-SXM4-40GB          On  |   00000000:C1:00.0 Off |                    0 |
| N/A   37C    P0             55W /  400W |       0MiB /  40960MiB |      0%      Default |
|                                         |                        |             Disabled |
+-----------------------------------------+------------------------+----------------------+

+-----------------------------------------------------------------------------------------+
| Processes:                                                                              |
|  GPU   GI   CI              PID   Type   Process name                        GPU Memory |
|        ID   ID                                                               Usage      |
|=========================================================================================|
|  No running processes found                                                             |
+-----------------------------------------------------------------------------------------+
### Finished TaskPrologue

🦥 Unsloth: Will patch your computer to enable 2x faster free finetuning.
🦥 Unsloth Zoo will now patch everything to make training faster!
Created run directory: /home/vault/iwi5/iwi5298h/models_image_text/gemma/inventory_dataset/run_A100_CER_20260125_101122

============================================================
GEMMA-3 INVENTORY - A100 OPTIMIZED + OPTIONAL AUGMENTATION
============================================================
Loading Gemma-3 vision model with Unsloth for INVENTORY...
Temporary directory for augmented images: /tmp/1517158.tinygpu/inventory_gemma_aug_wed0drv_
Augmentation factor (per original image): 1
Unsloth: WARNING `trust_remote_code` is True.
Are you certain you want to do remote code execution?
==((====))==  Unsloth 2025.7.3: Fast Gemma3 patching. Transformers: 4.51.3.
   \\   /|    NVIDIA A100-SXM4-40GB. Num GPUs = 1. Max memory: 39.494 GB. Platform: Linux.
O^O/ \_/ \    Torch: 2.7.1+cu126. CUDA: 8.0. CUDA Toolkit: 12.6. Triton: 3.3.1
\        /    Bfloat16 = TRUE. FA [Xformers = 0.0.31.post1. FA2 = False]
 "-____-"     Free license: http://github.com/unslothai/unsloth
Unsloth: Fast downloading is enabled - ignore downloading bars which are red colored!
Unsloth: Gemma3 does not support SDPA - switching to eager!
Model loaded - Unsloth auto-configured dtype and attention
Unsloth: Making `base_model.model.vision_tower.vision_model` require gradients
Gemma-3 vision model loaded with A100-optimized LoRA config

============================================================
STARTING TRAINING (A100-OPTIMIZED, INVENTORY)
============================================================
Preparing training and validation datasets for INVENTORY...
Preparing INVENTORY TRAIN data with augmentation factor = 1
  Augmenting [1/213] inventarbuch-265.jpg (1/1)
  Augmenting [2/213] inventarbuch-189.jpg (1/1)
  Augmenting [3/213] inventarbuch-026.jpg (1/1)
  Augmenting [4/213] inventarbuch-021.jpg (1/1)
  Augmenting [5/213] inventarbuch-281.jpg (1/1)
  Augmenting [6/213] inventarbuch-167.jpg (1/1)
  Augmenting [7/213] inventarbuch-280.jpg (1/1)
  Augmenting [8/213] inventarbuch-057.jpg (1/1)
  Augmenting [9/213] inventarbuch-159.jpg (1/1)
  Augmenting [10/213] inventarbuch-094.jpg (1/1)
  Augmenting [11/213] inventarbuch-040.jpg (1/1)
  Augmenting [12/213] inventarbuch-305.jpg (1/1)
  Augmenting [13/213] inventarbuch-220.jpg (1/1)
  Augmenting [14/213] inventarbuch-226.jpg (1/1)
  Augmenting [15/213] inventarbuch-264.jpg (1/1)
  Augmenting [16/213] inventarbuch-089.jpg (1/1)
  Augmenting [17/213] inventarbuch-002.jpg (1/1)
  Augmenting [18/213] inventarbuch-290.jpg (1/1)
  Augmenting [19/213] inventarbuch-109.jpg (1/1)
  Augmenting [20/213] inventarbuch-144.jpg (1/1)
  Augmenting [21/213] inventarbuch-075.jpg (1/1)
  Augmenting [22/213] inventarbuch-239.jpg (1/1)
  Augmenting [23/213] inventarbuch-145.jpg (1/1)
  Augmenting [24/213] inventarbuch-091.jpg (1/1)
  Augmenting [25/213] inventarbuch-007.jpg (1/1)
  Augmenting [26/213] inventarbuch-285.jpg (1/1)
  Augmenting [27/213] inventarbuch-247.jpg (1/1)
  Augmenting [28/213] inventarbuch-117.jpg (1/1)
  Augmenting [29/213] inventarbuch-288.jpg (1/1)
  Augmenting [30/213] inventarbuch-050.jpg (1/1)
  Augmenting [31/213] inventarbuch-063.jpg (1/1)
  Augmenting [32/213] inventarbuch-249.jpg (1/1)
  Augmenting [33/213] inventarbuch-204.jpg (1/1)
  Augmenting [34/213] inventarbuch-172.jpg (1/1)
  Augmenting [35/213] inventarbuch-088.jpg (1/1)
  Augmenting [36/213] inventarbuch-039.jpg (1/1)
  Augmenting [37/213] inventarbuch-300.jpg (1/1)
  Augmenting [38/213] inventarbuch-286.jpg (1/1)
  Augmenting [39/213] inventarbuch-192.jpg (1/1)
  Augmenting [40/213] inventarbuch-085.jpg (1/1)
  Augmenting [41/213] inventarbuch-241.jpg (1/1)
  Augmenting [42/213] inventarbuch-270.jpg (1/1)
  Augmenting [43/213] inventarbuch-180.jpg (1/1)
  Augmenting [44/213] inventarbuch-202.jpg (1/1)
  Augmenting [45/213] inventarbuch-140.jpg (1/1)
  Augmenting [46/213] inventarbuch-008.jpg (1/1)
  Augmenting [47/213] inventarbuch-258.jpg (1/1)
  Augmenting [48/213] inventarbuch-028.jpg (1/1)
  Augmenting [49/213] inventarbuch-209.jpg (1/1)
  Augmenting [50/213] inventarbuch-228.jpg (1/1)
  Augmenting [51/213] inventarbuch-306.jpg (1/1)
  Augmenting [52/213] inventarbuch-277.jpg (1/1)
  Augmenting [53/213] inventarbuch-184.jpg (1/1)
  Augmenting [54/213] inventarbuch-289.jpg (1/1)
  Augmenting [55/213] inventarbuch-067.jpg (1/1)
  Augmenting [56/213] inventarbuch-036.jpg (1/1)
  Augmenting [57/213] inventarbuch-292.jpg (1/1)
  Augmenting [58/213] inventarbuch-092.jpg (1/1)
  Augmenting [59/213] inventarbuch-231.jpg (1/1)
  Augmenting [60/213] inventarbuch-246.jpg (1/1)
  Augmenting [61/213] inventarbuch-081.jpg (1/1)
  Augmenting [62/213] inventarbuch-034.jpg (1/1)
  Augmenting [63/213] inventarbuch-175.jpg (1/1)
  Augmenting [64/213] inventarbuch-044.jpg (1/1)
  Augmenting [65/213] inventarbuch-006.jpg (1/1)
  Augmenting [66/213] inventarbuch-154.jpg (1/1)
  Augmenting [67/213] inventarbuch-234.jpg (1/1)
  Augmenting [68/213] inventarbuch-111.jpg (1/1)
  Augmenting [69/213] inventarbuch-011.jpg (1/1)
  Augmenting [70/213] inventarbuch-126.jpg (1/1)
  Augmenting [71/213] inventarbuch-157.jpg (1/1)
  Augmenting [72/213] inventarbuch-152.jpg (1/1)
  Augmenting [73/213] inventarbuch-190.jpg (1/1)
  Augmenting [74/213] inventarbuch-304.jpg (1/1)
  Augmenting [75/213] inventarbuch-217.jpg (1/1)
  Augmenting [76/213] inventarbuch-103.jpg (1/1)
  Augmenting [77/213] inventarbuch-207.jpg (1/1)
  Augmenting [78/213] inventarbuch-267.jpg (1/1)
  Augmenting [79/213] inventarbuch-297.jpg (1/1)
  Augmenting [80/213] inventarbuch-308.jpg (1/1)
  Augmenting [81/213] inventarbuch-068.jpg (1/1)
  Augmenting [82/213] inventarbuch-259.jpg (1/1)
  Augmenting [83/213] inventarbuch-276.jpg (1/1)
  Augmenting [84/213] inventarbuch-053.jpg (1/1)
  Augmenting [85/213] inventarbuch-269.jpg (1/1)
  Augmenting [86/213] inventarbuch-236.jpg (1/1)
  Augmenting [87/213] inventarbuch-129.jpg (1/1)
  Augmenting [88/213] inventarbuch-138.jpg (1/1)
  Augmenting [89/213] inventarbuch-193.jpg (1/1)
  Augmenting [90/213] inventarbuch-080.jpg (1/1)
  Augmenting [91/213] inventarbuch-125.jpg (1/1)
  Augmenting [92/213] inventarbuch-035.jpg (1/1)
  Augmenting [93/213] inventarbuch-023.jpg (1/1)
  Augmenting [94/213] inventarbuch-072.jpg (1/1)
  Augmenting [95/213] inventarbuch-062.jpg (1/1)
  Augmenting [96/213] inventarbuch-087.jpg (1/1)
  Augmenting [97/213] inventarbuch-128.jpg (1/1)
  Augmenting [98/213] inventarbuch-160.jpg (1/1)
  Augmenting [99/213] inventarbuch-150.jpg (1/1)
  Augmenting [100/213] inventarbuch-218.jpg (1/1)
  Augmenting [101/213] inventarbuch-201.jpg (1/1)
  Augmenting [102/213] inventarbuch-119.jpg (1/1)
  Augmenting [103/213] inventarbuch-237.jpg (1/1)
  Augmenting [104/213] inventarbuch-108.jpg (1/1)
  Augmenting [105/213] inventarbuch-012.jpg (1/1)
  Augmenting [106/213] inventarbuch-074.jpg (1/1)
  Augmenting [107/213] inventarbuch-162.jpg (1/1)
  Augmenting [108/213] inventarbuch-009.jpg (1/1)
  Augmenting [109/213] inventarbuch-032.jpg (1/1)
  Augmenting [110/213] inventarbuch-156.jpg (1/1)
  Augmenting [111/213] inventarbuch-106.jpg (1/1)
  Augmenting [112/213] inventarbuch-110.jpg (1/1)
  Augmenting [113/213] inventarbuch-048.jpg (1/1)
  Augmenting [114/213] inventarbuch-275.jpg (1/1)
  Augmenting [115/213] inventarbuch-250.jpg (1/1)
  Augmenting [116/213] inventarbuch-214.jpg (1/1)
  Augmenting [117/213] inventarbuch-213.jpg (1/1)
  Augmenting [118/213] inventarbuch-137.jpg (1/1)
  Augmenting [119/213] inventarbuch-215.jpg (1/1)
  Augmenting [120/213] inventarbuch-186.jpg (1/1)
  Augmenting [121/213] inventarbuch-216.jpg (1/1)
  Augmenting [122/213] inventarbuch-212.jpg (1/1)
  Augmenting [123/213] inventarbuch-102.jpg (1/1)
  Augmenting [124/213] inventarbuch-127.jpg (1/1)
  Augmenting [125/213] inventarbuch-210.jpg (1/1)
  Augmenting [126/213] inventarbuch-240.jpg (1/1)
  Augmenting [127/213] inventarbuch-219.jpg (1/1)
  Augmenting [128/213] inventarbuch-098.jpg (1/1)
  Augmenting [129/213] inventarbuch-257.jpg (1/1)
  Augmenting [130/213] inventarbuch-052.jpg (1/1)
  Augmenting [131/213] inventarbuch-139.jpg (1/1)
  Augmenting [132/213] inventarbuch-079.jpg (1/1)
  Augmenting [133/213] inventarbuch-029.jpg (1/1)
  Augmenting [134/213] inventarbuch-135.jpg (1/1)
  Augmenting [135/213] inventarbuch-047.jpg (1/1)
  Augmenting [136/213] inventarbuch-133.jpg (1/1)
  Augmenting [137/213] inventarbuch-284.jpg (1/1)
  Augmenting [138/213] inventarbuch-001.jpg (1/1)
  Augmenting [139/213] inventarbuch-233.jpg (1/1)
  Augmenting [140/213] inventarbuch-163.jpg (1/1)
  Augmenting [141/213] inventarbuch-295.jpg (1/1)
  Augmenting [142/213] inventarbuch-261.jpg (1/1)
  Augmenting [143/213] inventarbuch-165.jpg (1/1)
  Augmenting [144/213] inventarbuch-090.jpg (1/1)
  Augmenting [145/213] inventarbuch-198.jpg (1/1)
  Augmenting [146/213] inventarbuch-278.jpg (1/1)
  Augmenting [147/213] inventarbuch-031.jpg (1/1)
  Augmenting [148/213] inventarbuch-003.jpg (1/1)
  Augmenting [149/213] inventarbuch-262.jpg (1/1)
  Augmenting [150/213] inventarbuch-066.jpg (1/1)
  Augmenting [151/213] inventarbuch-271.jpg (1/1)
  Augmenting [152/213] inventarbuch-301.jpg (1/1)
  Augmenting [153/213] inventarbuch-211.jpg (1/1)
  Augmenting [154/213] inventarbuch-101.jpg (1/1)
  Augmenting [155/213] inventarbuch-196.jpg (1/1)
  Augmenting [156/213] inventarbuch-158.jpg (1/1)
  Augmenting [157/213] inventarbuch-112.jpg (1/1)
  Augmenting [158/213] inventarbuch-042.jpg (1/1)
  Augmenting [159/213] inventarbuch-041.jpg (1/1)
  Augmenting [160/213] inventarbuch-030.jpg (1/1)
  Augmenting [161/213] inventarbuch-307.jpg (1/1)
  Augmenting [162/213] inventarbuch-025.jpg (1/1)
  Augmenting [163/213] inventarbuch-131.jpg (1/1)
  Augmenting [164/213] inventarbuch-136.jpg (1/1)
  Augmenting [165/213] inventarbuch-205.jpg (1/1)
  Augmenting [166/213] inventarbuch-242.jpg (1/1)
  Augmenting [167/213] inventarbuch-251.jpg (1/1)
  Augmenting [168/213] inventarbuch-199.jpg (1/1)
  Augmenting [169/213] inventarbuch-177.jpg (1/1)
  Augmenting [170/213] inventarbuch-113.jpg (1/1)
  Augmenting [171/213] inventarbuch-155.jpg (1/1)
  Augmenting [172/213] inventarbuch-208.jpg (1/1)
  Augmenting [173/213] inventarbuch-268.jpg (1/1)
  Augmenting [174/213] inventarbuch-149.jpg (1/1)
  Augmenting [175/213] inventarbuch-065.jpg (1/1)
  Augmenting [176/213] inventarbuch-037.jpg (1/1)
  Augmenting [177/213] inventarbuch-069.jpg (1/1)
  Augmenting [178/213] inventarbuch-038.jpg (1/1)
  Augmenting [179/213] inventarbuch-122.jpg (1/1)
  Augmenting [180/213] inventarbuch-170.jpg (1/1)
  Augmenting [181/213] inventarbuch-291.jpg (1/1)
  Augmenting [182/213] inventarbuch-132.jpg (1/1)
  Augmenting [183/213] inventarbuch-174.jpg (1/1)
  Augmenting [184/213] inventarbuch-195.jpg (1/1)
  Augmenting [185/213] inventarbuch-200.jpg (1/1)
  Augmenting [186/213] inventarbuch-273.jpg (1/1)
  Augmenting [187/213] inventarbuch-151.jpg (1/1)
  Augmenting [188/213] inventarbuch-056.jpg (1/1)
  Augmenting [189/213] inventarbuch-298.jpg (1/1)
  Augmenting [190/213] inventarbuch-224.jpg (1/1)
  Augmenting [191/213] inventarbuch-105.jpg (1/1)
  Augmenting [192/213] inventarbuch-083.jpg (1/1)
  Augmenting [193/213] inventarbuch-010.jpg (1/1)
  Augmenting [194/213] inventarbuch-243.jpg (1/1)
  Augmenting [195/213] inventarbuch-016.jpg (1/1)
  Augmenting [196/213] inventarbuch-086.jpg (1/1)
  Augmenting [197/213] inventarbuch-182.jpg (1/1)
  Augmenting [198/213] inventarbuch-058.jpg (1/1)
  Augmenting [199/213] inventarbuch-282.jpg (1/1)
  Augmenting [200/213] inventarbuch-293.jpg (1/1)
  Augmenting [201/213] inventarbuch-169.jpg (1/1)
  Augmenting [202/213] inventarbuch-071.jpg (1/1)
  Augmenting [203/213] inventarbuch-255.jpg (1/1)
  Augmenting [204/213] inventarbuch-123.jpg (1/1)
  Augmenting [205/213] inventarbuch-254.jpg (1/1)
  Augmenting [206/213] inventarbuch-005.jpg (1/1)
  Augmenting [207/213] inventarbuch-077.jpg (1/1)
  Augmenting [208/213] inventarbuch-107.jpg (1/1)
  Augmenting [209/213] inventarbuch-121.jpg (1/1)
  Augmenting [210/213] inventarbuch-134.jpg (1/1)
  Augmenting [211/213] inventarbuch-173.jpg (1/1)
  Augmenting [212/213] inventarbuch-185.jpg (1/1)
  Augmenting [213/213] inventarbuch-197.jpg (1/1)
Training: 426 samples (original: 213, augmented: 213)
Validation/Test: 47 valid samples out of 47 total (no augmentation)
Training: 426 samples (with augmentation), Validation: 47 samples
GPU = NVIDIA A100-SXM4-40GB. Max memory = 39.494 GB.
4.809 GB of memory reserved.
Starting training with CER-based evaluation (A100-optimized, INVENTORY)...
{'loss': 19.8644, 'grad_norm': 766.934814453125, 'learning_rate': 0.0, 'epoch': 0.01}
{'loss': 19.7847, 'grad_norm': 669.2965698242188, 'learning_rate': 2.558313145397147e-06, 'epoch': 0.05}
{'loss': 15.971, 'grad_norm': 305.0170593261719, 'learning_rate': 5.75620457714358e-06, 'epoch': 0.09}
{'loss': 12.2384, 'grad_norm': 145.968017578125, 'learning_rate': 8.954096008890014e-06, 'epoch': 0.14}
{'loss': 9.9592, 'grad_norm': 222.0589599609375, 'learning_rate': 1.2151987440636447e-05, 'epoch': 0.19}
{'loss': 8.1193, 'grad_norm': 137.0273895263672, 'learning_rate': 1.534987887238288e-05, 'epoch': 0.23}
{'loss': 6.7545, 'grad_norm': 55.79829406738281, 'learning_rate': 1.8547770304129314e-05, 'epoch': 0.28}
{'loss': 6.1298, 'grad_norm': 29.93327522277832, 'learning_rate': 2.174566173587575e-05, 'epoch': 0.33}
{'loss': 5.8001, 'grad_norm': 51.092864990234375, 'learning_rate': 2.4943553167622183e-05, 'epoch': 0.38}
{'loss': 6.3989, 'grad_norm': 39.83673095703125, 'learning_rate': 2.8141444599368616e-05, 'epoch': 0.42}
{'loss': 5.6875, 'grad_norm': 66.31396484375, 'learning_rate': 3.133933603111505e-05, 'epoch': 0.47}
{'loss': 6.0437, 'grad_norm': 49.46563720703125, 'learning_rate': 3.4537227462861485e-05, 'epoch': 0.52}
{'loss': 5.8598, 'grad_norm': 75.63841247558594, 'learning_rate': 3.7735118894607915e-05, 'epoch': 0.56}
{'loss': 5.9438, 'grad_norm': 40.83272171020508, 'learning_rate': 4.093301032635435e-05, 'epoch': 0.61}
{'loss': 5.5196, 'grad_norm': 69.35176086425781, 'learning_rate': 4.413090175810078e-05, 'epoch': 0.66}
{'loss': 6.2105, 'grad_norm': 56.478397369384766, 'learning_rate': 4.7328793189847216e-05, 'epoch': 0.7}
{'loss': 5.5534, 'grad_norm': 26.887834548950195, 'learning_rate': 5.052668462159365e-05, 'epoch': 0.75}
{'loss': 5.1354, 'grad_norm': 25.061908721923828, 'learning_rate': 5.372457605334008e-05, 'epoch': 0.8}
{'loss': 5.2671, 'grad_norm': 39.67020797729492, 'learning_rate': 5.692246748508652e-05, 'epoch': 0.85}
{'loss': 5.1072, 'grad_norm': 147.7870330810547, 'learning_rate': 6.012035891683295e-05, 'epoch': 0.89}
{'loss': 5.4354, 'grad_norm': 86.04621887207031, 'learning_rate': 6.331825034857938e-05, 'epoch': 0.94}
{'loss': 5.1615, 'grad_norm': 30.548017501831055, 'learning_rate': 6.395170274025365e-05, 'epoch': 0.99}
{'eval_loss': 1.4336992502212524, 'eval_cer': 0.11565053425518541, 'eval_cer_percentage': 11.565053425518542, 'eval_runtime': 22.1928, 'eval_samples_per_second': 2.118, 'eval_steps_per_second': 2.118, 'epoch': 1.0}
{'loss': 4.4609, 'grad_norm': 29.493133544921875, 'learning_rate': 6.39268203154563e-05, 'epoch': 1.03}
{'loss': 4.5195, 'grad_norm': 41.14637756347656, 'learning_rate': 6.388281337566673e-05, 'epoch': 1.08}
{'loss': 4.8683, 'grad_norm': 49.2845458984375, 'learning_rate': 6.381970826412578e-05, 'epoch': 1.12}
{'loss': 4.5869, 'grad_norm': 80.99176025390625, 'learning_rate': 6.373754275653776e-05, 'epoch': 1.17}
{'loss': 4.9272, 'grad_norm': 30.875160217285156, 'learning_rate': 6.36363660384575e-05, 'epoch': 1.22}
{'loss': 5.0277, 'grad_norm': 45.82012176513672, 'learning_rate': 6.351623867584705e-05, 'epoch': 1.26}
{'loss': 4.5934, 'grad_norm': 60.64653015136719, 'learning_rate': 6.337723257881992e-05, 'epoch': 1.31}
{'loss': 4.8952, 'grad_norm': 70.97505950927734, 'learning_rate': 6.321943095859461e-05, 'epoch': 1.36}
{'loss': 4.9206, 'grad_norm': 18.16746711730957, 'learning_rate': 6.304292827768307e-05, 'epoch': 1.4}
{'loss': 4.8489, 'grad_norm': 37.22596740722656, 'learning_rate': 6.284783019334394e-05, 'epoch': 1.45}
{'loss': 4.8185, 'grad_norm': 22.445348739624023, 'learning_rate': 6.263425349433447e-05, 'epoch': 1.5}
{'loss': 4.702, 'grad_norm': 43.874183654785156, 'learning_rate': 6.240232603099901e-05, 'epoch': 1.54}
{'loss': 4.8611, 'grad_norm': 63.98269271850586, 'learning_rate': 6.215218663873571e-05, 'epoch': 1.59}
{'loss': 4.9327, 'grad_norm': 32.54755783081055, 'learning_rate': 6.188398505488754e-05, 'epoch': 1.64}
{'loss': 4.8727, 'grad_norm': 21.94594955444336, 'learning_rate': 6.159788182910716e-05, 'epoch': 1.69}
{'loss': 4.6572, 'grad_norm': 25.380390167236328, 'learning_rate': 6.129404822724941e-05, 'epoch': 1.73}
{'loss': 4.469, 'grad_norm': 49.53345489501953, 'learning_rate': 6.097266612884885e-05, 'epoch': 1.78}
{'loss': 4.3489, 'grad_norm': 95.03870391845703, 'learning_rate': 6.0633927918243904e-05, 'epoch': 1.83}
{'loss': 4.3714, 'grad_norm': 31.445154190063477, 'learning_rate': 6.027803636941255e-05, 'epoch': 1.87}
{'loss': 4.4366, 'grad_norm': 39.469234466552734, 'learning_rate': 5.990520452458865e-05, 'epoch': 1.92}
{'loss': 4.3589, 'grad_norm': 24.22782325744629, 'learning_rate': 5.951565556673157e-05, 'epoch': 1.97}
{'eval_loss': 1.4709911346435547, 'eval_cer': 0.10810810810810811, 'eval_cer_percentage': 10.81081081081081, 'eval_runtime': 21.9199, 'eval_samples_per_second': 2.144, 'eval_steps_per_second': 2.144, 'epoch': 2.0}
{'loss': 3.8228, 'grad_norm': 14.263885498046875, 'learning_rate': 5.9109622685925344e-05, 'epoch': 2.01}
{'loss': 3.9301, 'grad_norm': 28.48306655883789, 'learning_rate': 5.8687348939787474e-05, 'epoch': 2.06}
{'loss': 3.8981, 'grad_norm': 24.137510299682617, 'learning_rate': 5.8249087107970885e-05, 'epoch': 2.1}
{'loss': 3.9798, 'grad_norm': 19.01793670654297, 'learning_rate': 5.7795099540845975e-05, 'epoch': 2.15}
{'loss': 4.0062, 'grad_norm': 19.938405990600586, 'learning_rate': 5.73256580024537e-05, 'epoch': 2.2}
{'loss': 3.9325, 'grad_norm': 22.817583084106445, 'learning_rate': 5.684104350782333e-05, 'epoch': 2.24}
{'loss': 4.0121, 'grad_norm': 28.335508346557617, 'learning_rate': 5.634154615475247e-05, 'epoch': 2.29}
{'loss': 3.9877, 'grad_norm': 26.77517318725586, 'learning_rate': 5.582746495014997e-05, 'epoch': 2.34}
{'loss': 3.9256, 'grad_norm': 17.034950256347656, 'learning_rate': 5.5299107631045786e-05, 'epoch': 2.38}
{'loss': 3.9017, 'grad_norm': 16.025554656982422, 'learning_rate': 5.475679048037473e-05, 'epoch': 2.43}
{'loss': 3.8824, 'grad_norm': 8.420838356018066, 'learning_rate': 5.420083813764461e-05, 'epoch': 2.48}
{'loss': 3.8315, 'grad_norm': 12.0317964553833, 'learning_rate': 5.363158340460195e-05, 'epoch': 2.53}
{'loss': 3.7697, 'grad_norm': 38.433555603027344, 'learning_rate': 5.304936704601162e-05, 'epoch': 2.57}
{'loss': 3.8409, 'grad_norm': 21.92815589904785, 'learning_rate': 5.2454537585669824e-05, 'epoch': 2.62}
{'loss': 3.9211, 'grad_norm': 36.38764953613281, 'learning_rate': 5.184745109777224e-05, 'epoch': 2.67}
{'loss': 3.9016, 'grad_norm': 9.649036407470703, 'learning_rate': 5.12284709937625e-05, 'epoch': 2.71}
{'loss': 3.9589, 'grad_norm': 19.449018478393555, 'learning_rate': 5.0597967804788394e-05, 'epoch': 2.76}
{'loss': 3.955, 'grad_norm': 16.159406661987305, 'learning_rate': 4.995631895989614e-05, 'epoch': 2.81}
{'loss': 3.7525, 'grad_norm': 25.453136444091797, 'learning_rate': 4.930390856009553e-05, 'epoch': 2.85}
{'loss': 3.856, 'grad_norm': 17.347087860107422, 'learning_rate': 4.8641127148431e-05, 'epoch': 2.9}
{'loss': 3.7869, 'grad_norm': 19.27229881286621, 'learning_rate': 4.79683714761965e-05, 'epoch': 2.95}
{'loss': 3.7383, 'grad_norm': 25.79079818725586, 'learning_rate': 4.7286044265434e-05, 'epoch': 3.0}
{'eval_loss': 1.5087171792984009, 'eval_cer': 0.1125078566939032, 'eval_cer_percentage': 11.25078566939032, 'eval_runtime': 21.8623, 'eval_samples_per_second': 2.15, 'eval_steps_per_second': 2.15, 'epoch': 3.0}
{'loss': 3.2413, 'grad_norm': 5.644947528839111, 'learning_rate': 4.659455396785775e-05, 'epoch': 3.04}
{'loss': 3.5683, 'grad_norm': 7.59798002243042, 'learning_rate': 4.589431452034873e-05, 'epoch': 3.08}
{'loss': 3.6112, 'grad_norm': 41.159278869628906, 'learning_rate': 4.5185745097165595e-05, 'epoch': 3.13}
{'loss': 3.5891, 'grad_norm': 10.568120002746582, 'learning_rate': 4.44692698590204e-05, 'epoch': 3.18}
{'loss': 3.5753, 'grad_norm': 9.929706573486328, 'learning_rate': 4.374531769916938e-05, 'epoch': 3.23}
{'loss': 3.5604, 'grad_norm': 11.690133094787598, 'learning_rate': 4.301432198667076e-05, 'epoch': 3.27}
{'loss': 3.6375, 'grad_norm': 17.31755828857422, 'learning_rate': 4.227672030696327e-05, 'epoch': 3.32}
{'loss': 3.5929, 'grad_norm': 10.237343788146973, 'learning_rate': 4.153295419992071e-05, 'epoch': 3.37}
{'loss': 3.5743, 'grad_norm': 12.79279899597168, 'learning_rate': 4.078346889553921e-05, 'epoch': 3.41}
{'loss': 3.5757, 'grad_norm': 12.779234886169434, 'learning_rate': 4.002871304741571e-05, 'epoch': 3.46}
{'loss': 3.6327, 'grad_norm': 8.75047492980957, 'learning_rate': 3.926913846417685e-05, 'epoch': 3.51}
{'loss': 3.5512, 'grad_norm': 8.624456405639648, 'learning_rate': 3.850519983901928e-05, 'epoch': 3.55}
{'loss': 3.539, 'grad_norm': 17.81692886352539, 'learning_rate': 3.773735447752324e-05, 'epoch': 3.6}
{'loss': 3.5984, 'grad_norm': 15.556767463684082, 'learning_rate': 3.696606202390232e-05, 'epoch': 3.65}
{'loss': 3.6168, 'grad_norm': 14.636614799499512, 'learning_rate': 3.619178418585318e-05, 'epoch': 3.69}
{'loss': 3.525, 'grad_norm': 11.695478439331055, 'learning_rate': 3.541498445817025e-05, 'epoch': 3.74}
{'loss': 3.5444, 'grad_norm': 10.806921005249023, 'learning_rate': 3.463612784529038e-05, 'epoch': 3.79}
{'loss': 3.5378, 'grad_norm': 11.50717830657959, 'learning_rate': 3.385568058293405e-05, 'epoch': 3.84}
{'loss': 3.5082, 'grad_norm': 6.396968841552734, 'learning_rate': 3.3074109859009275e-05, 'epoch': 3.88}
{'loss': 3.5355, 'grad_norm': 10.970871925354004, 'learning_rate': 3.229188353394572e-05, 'epoch': 3.93}
{'loss': 3.5157, 'grad_norm': 7.436560153961182, 'learning_rate': 3.1509469860626134e-05, 'epoch': 3.98}
{'eval_loss': 1.5350677967071533, 'eval_cer': 0.10559396605908233, 'eval_cer_percentage': 10.559396605908233, 'eval_runtime': 21.8678, 'eval_samples_per_second': 2.149, 'eval_steps_per_second': 2.149, 'epoch': 4.0}
{'train_runtime': 2602.5846, 'train_samples_per_second': 1.146, 'train_steps_per_second': 0.285, 'train_loss': 4.889919528337282, 'epoch': 4.0}
2602.5846 seconds used for training.
43.38 minutes used for training.
Peak reserved memory = 8.355 GB.
Peak reserved memory for training = 3.546 GB.
Peak reserved memory % of max memory = 21.155 %.
Peak reserved memory for training % of max memory = 8.979 %.

Saving model to /home/vault/iwi5/iwi5298h/models_image_text/gemma/inventory_dataset/run_A100_CER_20260125_101122...
Model (LoRA adapters) saved successfully!

============================================================
STARTING EVALUATION ON INVENTORY TEST.JSONL
============================================================
Starting evaluation on INVENTORY test.jsonl with aggressive chunking...
Loaded 48 test samples

============================================================
Chunk 1/10 (5 images)
============================================================

[1/48] Processing: inventarbuch-022.jpg
  ✅ CER: 0.2909 (29.09%)

[2/48] Processing: inventarbuch-099.jpg
  ✅ CER: 0.1531 (15.31%)

[3/48] Processing: inventarbuch-245.jpg
  ✅ CER: 0.3046 (30.46%)

[4/48] Processing: inventarbuch-263.jpg
  ✅ CER: 0.1395 (13.95%)

[5/48] Processing: inventarbuch-033.jpg
  ✅ CER: 0.2990 (29.90%)

Chunk 1 completed. Cleaning memory...

============================================================
Chunk 2/10 (5 images)
============================================================

[6/48] Processing: inventarbuch-143.jpg
  ✅ CER: 0.1390 (13.90%)

[7/48] Processing: inventarbuch-244.jpg
  ✅ CER: 0.4044 (40.44%)

[8/48] Processing: inventarbuch-024.jpg
  ✅ CER: 0.0410 (4.10%)

[9/48] Processing: inventarbuch-141.jpg
  ✅ CER: 0.1868 (18.68%)

[10/48] Processing: inventarbuch-183.jpg
  ✅ CER: 0.2868 (28.68%)

Chunk 2 completed. Cleaning memory...

============================================================
Chunk 3/10 (5 images)
============================================================

[11/48] Processing: inventarbuch-191.jpg
  ✅ CER: 0.2295 (22.95%)

[12/48] Processing: inventarbuch-051.jpg
  ✅ CER: 0.0704 (7.04%)

[13/48] Processing: inventarbuch-203.jpg
  ✅ CER: 0.2069 (20.69%)

[14/48] Processing: inventarbuch-296.jpg
  ✅ CER: 0.2648 (26.48%)

[15/48] Processing: inventarbuch-302.jpg
  ✅ CER: 0.0369 (3.69%)

Chunk 3 completed. Cleaning memory...
Saved intermediate results to: /home/vault/iwi5/iwi5298h/models_image_text/gemma/inventory_dataset/run_A100_CER_20260125_101122/test_predictions_chunk_3.jsonl

============================================================
Chunk 4/10 (5 images)
============================================================

[16/48] Processing: inventarbuch-179.jpg
  ✅ CER: 0.2476 (24.76%)

[17/48] Processing: inventarbuch-114.jpg
  ✅ CER: 0.2889 (28.89%)

[18/48] Processing: inventarbuch-082.jpg
  ✅ CER: 0.3951 (39.51%)

[19/48] Processing: inventarbuch-287.jpg
  ✅ CER: 0.3197 (31.97%)

[20/48] Processing: inventarbuch-181.jpg
  ✅ CER: 0.2177 (21.77%)

Chunk 4 completed. Cleaning memory...

============================================================
Chunk 5/10 (5 images)
============================================================

[21/48] Processing: inventarbuch-299.jpg
  ✅ CER: 0.2470 (24.70%)

[22/48] Processing: inventarbuch-084.jpg
  ✅ CER: 0.5714 (57.14%)

[23/48] Processing: inventarbuch-004.jpg
  ✅ CER: 0.1949 (19.49%)

[24/48] Processing: inventarbuch-148.jpg
  ✅ CER: 0.1245 (12.45%)

[25/48] Processing: inventarbuch-238.jpg
  ✅ CER: 0.2652 (26.52%)

Chunk 5 completed. Cleaning memory...

============================================================
Chunk 6/10 (5 images)
============================================================

[26/48] Processing: inventarbuch-116.jpg
  ✅ CER: 0.1376 (13.76%)

[27/48] Processing: inventarbuch-223.jpg
  ✅ CER: 0.2308 (23.08%)

[28/48] Processing: inventarbuch-104.jpg
  ✅ CER: 0.2845 (28.45%)

[29/48] Processing: inventarbuch-015.jpg
  ✅ CER: 0.2857 (28.57%)

[30/48] Processing: inventarbuch-272.jpg
  ✅ CER: 0.2406 (24.06%)

Chunk 6 completed. Cleaning memory...
Saved intermediate results to: /home/vault/iwi5/iwi5298h/models_image_text/gemma/inventory_dataset/run_A100_CER_20260125_101122/test_predictions_chunk_6.jsonl

============================================================
Chunk 7/10 (5 images)
============================================================

[31/48] Processing: inventarbuch-124.jpg
  ✅ CER: 0.1688 (16.88%)

[32/48] Processing: inventarbuch-115.jpg
  ✅ CER: 0.2604 (26.04%)

[33/48] Processing: inventarbuch-049.jpg
  ✅ CER: 0.0216 (2.16%)

[34/48] Processing: inventarbuch-017.jpg
  ✅ CER: 0.0456 (4.56%)

[35/48] Processing: inventarbuch-018.jpg
  ✅ CER: 0.3267 (32.67%)

Chunk 7 completed. Cleaning memory...

============================================================
Chunk 8/10 (5 images)
============================================================

[36/48] Processing: inventarbuch-225.jpg
  ✅ CER: 0.3884 (38.84%)

[37/48] Processing: inventarbuch-046.jpg
  ✅ CER: 0.2831 (28.31%)

[38/48] Processing: inventarbuch-294.jpg
  ✅ CER: 0.1692 (16.92%)

[39/48] Processing: inventarbuch-054.jpg
  ✅ CER: 0.3435 (34.35%)

[40/48] Processing: inventarbuch-073.jpg
  ❌ Error: p.attn_bias_ptr is not correctly aligned

Chunk 8 completed. Cleaning memory...

============================================================
Chunk 9/10 (5 images)
============================================================

[41/48] Processing: inventarbuch-118.jpg
  ✅ CER: 0.2146 (21.46%)

[42/48] Processing: inventarbuch-130.jpg
  ✅ CER: 0.2372 (23.72%)

[43/48] Processing: inventarbuch-146.jpg
  ✅ CER: 0.2778 (27.78%)

[44/48] Processing: inventarbuch-014.jpg
  ✅ CER: 0.2762 (27.62%)

[45/48] Processing: inventarbuch-059.jpg
  ✅ CER: 0.2450 (24.50%)

Chunk 9 completed. Cleaning memory...
Saved intermediate results to: /home/vault/iwi5/iwi5298h/models_image_text/gemma/inventory_dataset/run_A100_CER_20260125_101122/test_predictions_chunk_9.jsonl

============================================================
Chunk 10/10 (3 images)
============================================================

[46/48] Processing: inventarbuch-256.jpg
  ✅ CER: 1.0000 (100.00%)

[47/48] Processing: inventarbuch-260.jpg
  ✅ CER: 0.1845 (18.45%)

[48/48] Processing: inventarbuch-279.jpg
  ✅ CER: 0.3677 (36.77%)

Chunk 10 completed. Cleaning memory...
Saved intermediate results to: /home/vault/iwi5/iwi5298h/models_image_text/gemma/inventory_dataset/run_A100_CER_20260125_101122/test_predictions_chunk_10.jsonl

CER evaluation results saved to: /home/vault/iwi5/iwi5298h/models_image_text/gemma/inventory_dataset/run_A100_CER_20260125_101122/cer_evaluation_results.txt

🎉 Gemma-3 Inventory training completed!
All outputs saved to: /home/vault/iwi5/iwi5298h/models_image_text/gemma/inventory_dataset/run_A100_CER_20260125_101122

Final CER: 0.2691 (26.91%)
Cleaned up temporary directory: /tmp/1517158.tinygpu/inventory_gemma_aug_wed0drv_
Gemma-3 training completed at: Sun Jan 25 11:30:54 AM CET 2026
=== JOB_STATISTICS ===
=== current date     : Sun Jan 25 11:30:54 AM CET 2026
= Job-ID             : 1517158 on tinygpu
= Job-Name           : inven_updated_hpo_finetuned
= Job-Command        : /home/hpc/iwi5/iwi5298h/Uddipan-Thesis/jobfiles/job_gemma.sh
= Initial workdir    : /home/hpc/iwi5/iwi5298h/Uddipan-Thesis/jobfiles
= Queue/Partition    : a100
= Slurm account      : iwi5 with QOS=normal
= Requested resources:  for 1-00:00:00
= Elapsed runtime    : 01:20:00
= Total RAM usage    : 9.9 GiB of requested  GiB (%)   
= Node list          : tg097
= Subm/Elig/Start/End: 2026-01-25T01:07:41 / 2026-01-25T01:07:41 / 2026-01-25T10:10:54 / 2026-01-25T11:30:54
======================
=== Quota infos ======
    Path                 Used     SoftQ    HardQ    Gracetime  Filec    FileQ    FiHaQ    FileGrace    
    /home/hpc              88.2G   104.9G   209.7G        N/A  29,245      500K   1,000K        N/A    
    /home/woody           219.6G  1000.0G  1500.0G        N/A   1,017K   5,000K   7,500K        N/A    
    /home/vault          1037.9G  1048.6G  2097.2G        N/A   8,441      200K     400K        N/A    
======================
=== GPU utilization ==
gpu_name, gpu_bus_id, pid, gpu_utilization [%], mem_utilization [%], max_memory_usage [MiB], time [ms]
NVIDIA A100-SXM4-40GB, 00000000:C1:00.0, 716496, 29 %, 7 %, 9098 MiB, 4792042 ms
