### Starting TaskPrologue of job 1124407 on tg072 at Fri Jul 18 05:50:03 PM CEST 2025
Running on cores 6-7,14-15,22-23,30-31 with governor ondemand
Fri Jul 18 17:50:03 2025       
+-----------------------------------------------------------------------------------------+
| NVIDIA-SMI 570.133.20             Driver Version: 570.133.20     CUDA Version: 12.8     |
|-----------------------------------------+------------------------+----------------------+
| GPU  Name                 Persistence-M | Bus-Id          Disp.A | Volatile Uncorr. ECC |
| Fan  Temp   Perf          Pwr:Usage/Cap |           Memory-Usage | GPU-Util  Compute M. |
|                                         |                        |               MIG M. |
|=========================================+========================+======================|
|   0  Tesla V100-PCIE-32GB           On  |   00000000:AF:00.0 Off |                    0 |
| N/A   32C    P0             26W /  250W |       0MiB /  32768MiB |      0%      Default |
|                                         |                        |                  N/A |
+-----------------------------------------+------------------------+----------------------+
                                                                                         
+-----------------------------------------------------------------------------------------+
| Processes:                                                                              |
|  GPU   GI   CI              PID   Type   Process name                        GPU Memory |
|        ID   ID                                                               Usage      |
|=========================================================================================|
|  No running processes found                                                             |
+-----------------------------------------------------------------------------------------+
### Finished TaskPrologue

Starting Florence 2 inference...
Job ID: 1124407
Log Directory: /home/hpc/iwi5/iwi5298h/Uddipan-Thesis/logs/Florence2/1124407
Job started at: Fri Jul 18 05:50:18 PM CEST 2025
Loading test data...
Loaded 45 test samples
Loading Florence-2-large model...
[2025-07-18 18:02:11,567] [INFO] [real_accelerator.py:254:get_accelerator] Setting ds_accelerator to cuda (auto detect)
[2025-07-18 18:03:15,795] [INFO] [logging.py:107:log_dist] [Rank -1] [TorchCheckpointEngine] Initialized with serialization = False
Model loaded successfully on cuda!
Processing 45 test images with Florence-2 zero-shot OCR...
Using fair CER calculation (text values only, no JSON keys)
Extracting clean text from Florence-2's structured output
Processing image 1/45: inventarbuch-022.jpg
  Processed successfully. Fair CER: 0.591
Processing image 2/45: inventarbuch-099.jpg
  Processed successfully. Fair CER: 0.479
Processing image 3/45: inventarbuch-245.jpg
  Processed successfully. Fair CER: 0.586
Processing image 4/45: inventarbuch-263.jpg
  Processed successfully. Fair CER: 0.531
Processing image 5/45: inventarbuch-033.jpg
  Processed successfully. Fair CER: 0.531
Processing image 6/45: inventarbuch-143.jpg
  Processed successfully. Fair CER: 0.453
Processing image 7/45: inventarbuch-244.jpg
  Processed successfully. Fair CER: 0.668
Processing image 8/45: inventarbuch-024.jpg
  Processed successfully. Fair CER: 0.327
Processing image 9/45: inventarbuch-141.jpg
  Processed successfully. Fair CER: 0.453
Processing image 10/45: inventarbuch-183.jpg
  Processed successfully. Fair CER: 0.670
Processing image 11/45: inventarbuch-191.jpg
  Processed successfully. Fair CER: 0.522
Processing image 12/45: inventarbuch-051.jpg
  Processed successfully. Fair CER: 0.342
Processing image 13/45: inventarbuch-203.jpg
  Processed successfully. Fair CER: 0.516
Processing image 14/45: inventarbuch-296.jpg
  Processed successfully. Fair CER: 0.593
Processing image 15/45: inventarbuch-302.jpg
  Processed successfully. Fair CER: 0.684
Processing image 16/45: inventarbuch-179.jpg
  Processed successfully. Fair CER: 0.543
Processing image 17/45: inventarbuch-114.jpg
  Processed successfully. Fair CER: 0.562
Processing image 18/45: inventarbuch-082.jpg
  Processed successfully. Fair CER: 0.588
Processing image 19/45: inventarbuch-287.jpg
  Processed successfully. Fair CER: 0.631
Processing image 20/45: inventarbuch-181.jpg
  Processed successfully. Fair CER: 0.610
Processing image 21/45: inventarbuch-299.jpg
  Processed successfully. Fair CER: 0.495
Processing image 22/45: inventarbuch-084.jpg
  Processed successfully. Fair CER: 0.600
Processing image 23/45: inventarbuch-004.jpg
  Processed successfully. Fair CER: 0.506
Processing image 24/45: inventarbuch-148.jpg
  Processed successfully. Fair CER: 0.337
Processing image 25/45: inventarbuch-238.jpg
  Processed successfully. Fair CER: 0.511
Processing image 26/45: inventarbuch-116.jpg
  Processed successfully. Fair CER: 0.424
Processing image 27/45: inventarbuch-223.jpg
  Processed successfully. Fair CER: 0.551
Processing image 28/45: inventarbuch-104.jpg
  Processed successfully. Fair CER: 0.524
Processing image 29/45: inventarbuch-015.jpg
  Processed successfully. Fair CER: 0.526
Processing image 30/45: inventarbuch-272.jpg
  Processed successfully. Fair CER: 0.529
Processing image 31/45: inventarbuch-124.jpg
  Processed successfully. Fair CER: 0.442
Processing image 32/45: inventarbuch-115.jpg
  Processed successfully. Fair CER: 0.442
Processing image 33/45: inventarbuch-049.jpg
  Processed successfully. Fair CER: 0.417
Processing image 34/45: inventarbuch-017.jpg
  Processed successfully. Fair CER: 0.368
Processing image 35/45: inventarbuch-018.jpg
  Processed successfully. Fair CER: 0.543
Processing image 36/45: inventarbuch-225.jpg
  Processed successfully. Fair CER: 0.727
Processing image 37/45: inventarbuch-046.jpg
  Processed successfully. Fair CER: 0.561
Processing image 38/45: inventarbuch-294.jpg
  Processed successfully. Fair CER: 0.453
Processing image 39/45: inventarbuch-054.jpg
  Processed successfully. Fair CER: 0.625
Processing image 40/45: inventarbuch-073.jpg
  Processed successfully. Fair CER: 0.568
Processing image 41/45: inventarbuch-118.jpg
  Processed successfully. Fair CER: 0.455
Processing image 42/45: inventarbuch-130.jpg
  Processed successfully. Fair CER: 0.511
Processing image 43/45: inventarbuch-146.jpg
  Processed successfully. Fair CER: 0.519
Processing image 44/45: inventarbuch-014.jpg
  Processed successfully. Fair CER: 0.590
Processing image 45/45: inventarbuch-059.jpg
  Processed successfully. Fair CER: 0.448

Saving predictions to /home/vault/iwi5/iwi5298h/models_image_text/florence2/inventory/test_predictions_fair_cer_zero_shot_florence2_large.jsonl...

============================================================
FLORENCE-2 FAIR CER EVALUATION RESULTS (Clean Text Only)
============================================================

Fair CER Statistics across 45 images:
--------------------------------------------------
Average CER: 0.523 (52.3%)
Minimum CER: 0.327 (32.7%)
Maximum CER: 0.727 (72.7%)

Weighted CER: 0.536 (53.6%)
Total characters: 24949
Total errors: 13384
Perfect matches: 0/45 (0.0%)

Predictions saved to: /home/vault/iwi5/iwi5298h/models_image_text/florence2/inventory/test_predictions_fair_cer_zero_shot_florence2_large.jsonl
Total images processed: 45
Summary statistics saved to: /home/vault/iwi5/iwi5298h/models_image_text/florence2/inventory/fair_cer_evaluation_summary_zero_shot_florence2.json
Job completed at: Fri Jul 18 06:11:55 PM CEST 2025
=== JOB_STATISTICS ===
=== current date     : Fri Jul 18 06:11:55 PM CEST 2025
= Job-ID             : 1124407 on tinygpu
= Job-Name           : Florence2_inference
= Job-Command        : /home/hpc/iwi5/iwi5298h/Uddipan-Thesis/jobfiles/job_florence_inference.sh
= Initial workdir    : /home/hpc/iwi5/iwi5298h/Uddipan-Thesis/jobfiles
= Queue/Partition    : v100
= Slurm account      : iwi5 with QOS=normal
= Requested resources:  for 02:00:00
= Elapsed runtime    : 00:22:00
= Total RAM usage    : 4.7 GiB of requested  GiB (%)   
= Node list          : tg072
= Subm/Elig/Start/End: 2025-07-18T17:31:46 / 2025-07-18T17:31:46 / 2025-07-18T17:49:25 / 2025-07-18T18:11:25
======================
=== Quota infos ======
    Path                 Used     SoftQ    HardQ    Gracetime  Filec    FileQ    FiHaQ    FileGrace    
    /home/woody            68.4G  1000.0G  1500.0G        N/A     207K   5,000K   7,500K        N/A    
    /home/hpc              59.1G   104.9G   209.7G        N/A  29,788      500K   1,000K        N/A    
!!! /home/vault          1048.6G  1048.6G  2097.2G  -29416days   2,412      200K     400K        N/A !!!
======================
=== GPU utilization ==
gpu_name, gpu_bus_id, pid, gpu_utilization [%], mem_utilization [%], max_memory_usage [MiB], time [ms]
Tesla V100-PCIE-32GB, 00000000:AF:00.0, 1071211, 8 %, 2 %, 2402 MiB, 625093 ms
