### Starting TaskPrologue of job 1516156 on tg083 at Fri Jan 23 07:02:03 AM CET 2026
Running on cores 6-7,22-23,38-39,54-55 with governor powersave
Fri Jan 23 07:02:03 2026       
+-----------------------------------------------------------------------------------------+
| NVIDIA-SMI 580.105.08             Driver Version: 580.105.08     CUDA Version: 13.0     |
+-----------------------------------------+------------------------+----------------------+
| GPU  Name                 Persistence-M | Bus-Id          Disp.A | Volatile Uncorr. ECC |
| Fan  Temp   Perf          Pwr:Usage/Cap |           Memory-Usage | GPU-Util  Compute M. |
|                                         |                        |               MIG M. |
|=========================================+========================+======================|
|   0  NVIDIA GeForce RTX 3080        On  |   00000000:3E:00.0 Off |                  N/A |
| 30%   32C    P8             24W /  300W |       1MiB /  10240MiB |      0%      Default |
|                                         |                        |                  N/A |
+-----------------------------------------+------------------------+----------------------+

+-----------------------------------------------------------------------------------------+
| Processes:                                                                              |
|  GPU   GI   CI              PID   Type   Process name                        GPU Memory |
|        ID   ID                                                               Usage      |
|=========================================================================================|
|  No running processes found                                                             |
+-----------------------------------------------------------------------------------------+
### Finished TaskPrologue

Starting UI at: Fri Jan 23 07:02:04 AM CET 2026
⏳ Loading Phi-3.5-Vision staircase model for inference...
✅ Model loaded on device: cuda:0
=== JOB_STATISTICS ===
=== current date     : Fri Jan 23 02:39:13 PM CET 2026
= Job-ID             : 1516156 on tinygpu
= Job-Name           : phi_stair_ui
= Job-Command        : /home/hpc/iwi5/iwi5298h/Uddipan-Thesis/jobfiles/job_phi_ui.sh
= Initial workdir    : /home/hpc/iwi5/iwi5298h/Uddipan-Thesis/jobfiles
= Queue/Partition    : rtx3080
= Slurm account      : iwi5 with QOS=normal
= Requested resources:  for 1-00:00:00
= Elapsed runtime    : 07:37:16
= Total RAM usage    : 9.7 GiB of requested  GiB (%)   
= Node list          : tg083
= Subm/Elig/Start/End: 2026-01-23T03:08:06 / 2026-01-23T03:08:06 / 2026-01-23T07:01:54 / 2026-01-23T14:39:10
======================
=== Quota infos ======
    Path                 Used     SoftQ    HardQ    Gracetime  Filec    FileQ    FiHaQ    FileGrace    
    /home/hpc              88.1G   104.9G   209.7G        N/A  29,135      500K   1,000K        N/A    
    /home/woody           219.6G  1000.0G  1500.0G        N/A   1,017K   5,000K   7,500K        N/A    
    /home/vault          1033.5G  1048.6G  2097.2G        N/A   8,312      200K     400K        N/A    
======================
=== GPU utilization ==
gpu_name, gpu_bus_id, pid, gpu_utilization [%], mem_utilization [%], max_memory_usage [MiB], time [ms]
NVIDIA GeForce RTX 3080, 00000000:3E:00.0, 3518279, 0 %, 0 %, 6194 MiB, 27403502 ms
