### Starting TaskPrologue of job 1453242 on tg074 at Mon Dec  1 10:41:32 PM CET 2025
Running on cores 0-1,8-9,16-17,24-25 with governor ondemand
Mon Dec  1 22:41:32 2025       
+-----------------------------------------------------------------------------------------+
| NVIDIA-SMI 570.195.03             Driver Version: 570.195.03     CUDA Version: 12.8     |
|-----------------------------------------+------------------------+----------------------+
| GPU  Name                 Persistence-M | Bus-Id          Disp.A | Volatile Uncorr. ECC |
| Fan  Temp   Perf          Pwr:Usage/Cap |           Memory-Usage | GPU-Util  Compute M. |
|                                         |                        |               MIG M. |
|=========================================+========================+======================|
|   0  Tesla V100-PCIE-32GB           On  |   00000000:18:00.0 Off |                    0 |
| N/A   43C    P0             28W /  250W |       0MiB /  32768MiB |      0%      Default |
|                                         |                        |                  N/A |
+-----------------------------------------+------------------------+----------------------+
                                                                                         
+-----------------------------------------------------------------------------------------+
| Processes:                                                                              |
|  GPU   GI   CI              PID   Type   Process name                        GPU Memory |
|        ID   ID                                                               Usage      |
|=========================================================================================|
|  No running processes found                                                             |
+-----------------------------------------------------------------------------------------+
### Finished TaskPrologue

Starting training at: Mon Dec  1 10:41:34 PM CET 2025
=== JOB_STATISTICS ===
=== current date     : Mon Dec  1 10:41:41 PM CET 2025
= Job-ID             : 1453242 on tinygpu
= Job-Name           : phi_image_stair
= Job-Command        : /home/hpc/iwi5/iwi5298h/Uddipan-Thesis/jobfiles/job_phi.sh
= Initial workdir    : /home/hpc/iwi5/iwi5298h/Uddipan-Thesis/jobfiles
= Queue/Partition    : v100
= Slurm account      : iwi5 with QOS=normal
= Requested resources:  for 01:00:00
= Elapsed runtime    : 00:00:12
= Total RAM usage    : 0.5 GiB of requested  GiB (%)   
= Node list          : tg074
= Subm/Elig/Start/End: 2025-12-01T22:41:25 / 2025-12-01T22:41:25 / 2025-12-01T22:41:26 / 2025-12-01T22:41:38
======================
=== Quota infos ======
    Path                 Used     SoftQ    HardQ    Gracetime  Filec    FileQ    FiHaQ    FileGrace    
    /home/hpc              87.9G   104.9G   209.7G        N/A  28,154      500K   1,000K        N/A    
    /home/vault           886.7G  1048.6G  2097.2G        N/A   6,522      200K     400K        N/A    
    /home/woody           197.6G  1000.0G  1500.0G        N/A     878K   5,000K   7,500K        N/A    
======================
=== GPU utilization ==
gpu_name, gpu_bus_id, pid, gpu_utilization [%], mem_utilization [%], max_memory_usage [MiB], time [ms]
