Using a slow image processor as `use_fast` is unset and a slow processor was saved with this model. `use_fast=True` will be the default behavior in v4.52, even if the model was saved with a slow processor. This will result in minor differences in outputs. You'll still be able to use a slow processor with `use_fast=False`.
Training epoch 1:   0%|          | 0/115 [00:00<?, ?it/s]Training epoch 1:   0%|          | 0/115 [00:05<?, ?it/s]
Traceback (most recent call last):
  File "/home/hpc/iwi5/iwi5298h/Uddipan-Thesis/paddleocr/stair.py", line 758, in <module>
    main()
  File "/home/hpc/iwi5/iwi5298h/Uddipan-Thesis/paddleocr/stair.py", line 705, in main
    best_val_cer = train(
  File "/home/hpc/iwi5/iwi5298h/Uddipan-Thesis/paddleocr/stair.py", line 533, in train
    outputs = model(**batch)
  File "/home/woody/iwi5/iwi5298h/software/private/conda/envs/paddleocr/lib/python3.10/site-packages/torch/nn/modules/module.py", line 1775, in _wrapped_call_impl
    return self._call_impl(*args, **kwargs)
  File "/home/woody/iwi5/iwi5298h/software/private/conda/envs/paddleocr/lib/python3.10/site-packages/torch/nn/modules/module.py", line 1786, in _call_impl
    return forward_call(*args, **kwargs)
  File "/home/hpc/iwi5/iwi5298h/.cache/huggingface/modules/transformers_modules/PaddleOCR_hyphen_VL/modeling_paddleocr_vl.py", line 2429, in forward
    outputs = self.model(
  File "/home/woody/iwi5/iwi5298h/software/private/conda/envs/paddleocr/lib/python3.10/site-packages/torch/nn/modules/module.py", line 1775, in _wrapped_call_impl
    return self._call_impl(*args, **kwargs)
  File "/home/woody/iwi5/iwi5298h/software/private/conda/envs/paddleocr/lib/python3.10/site-packages/torch/nn/modules/module.py", line 1786, in _call_impl
    return forward_call(*args, **kwargs)
  File "/home/woody/iwi5/iwi5298h/software/private/conda/envs/paddleocr/lib/python3.10/site-packages/transformers/utils/generic.py", line 1064, in wrapper
    outputs = func(self, *args, **kwargs)
  File "/home/hpc/iwi5/iwi5298h/.cache/huggingface/modules/transformers_modules/PaddleOCR_hyphen_VL/modeling_paddleocr_vl.py", line 619, in forward
    hidden_states = decoder_layer(
  File "/home/woody/iwi5/iwi5298h/software/private/conda/envs/paddleocr/lib/python3.10/site-packages/transformers/modeling_layers.py", line 94, in __call__
    return super().__call__(*args, **kwargs)
  File "/home/woody/iwi5/iwi5298h/software/private/conda/envs/paddleocr/lib/python3.10/site-packages/torch/nn/modules/module.py", line 1775, in _wrapped_call_impl
    return self._call_impl(*args, **kwargs)
  File "/home/woody/iwi5/iwi5298h/software/private/conda/envs/paddleocr/lib/python3.10/site-packages/torch/nn/modules/module.py", line 1786, in _call_impl
    return forward_call(*args, **kwargs)
  File "/home/hpc/iwi5/iwi5298h/.cache/huggingface/modules/transformers_modules/PaddleOCR_hyphen_VL/modeling_paddleocr_vl.py", line 504, in forward
    hidden_states, _ = self.self_attn(
  File "/home/woody/iwi5/iwi5298h/software/private/conda/envs/paddleocr/lib/python3.10/site-packages/torch/nn/modules/module.py", line 1775, in _wrapped_call_impl
    return self._call_impl(*args, **kwargs)
  File "/home/woody/iwi5/iwi5298h/software/private/conda/envs/paddleocr/lib/python3.10/site-packages/torch/nn/modules/module.py", line 1786, in _call_impl
    return forward_call(*args, **kwargs)
  File "/home/hpc/iwi5/iwi5298h/.cache/huggingface/modules/transformers_modules/PaddleOCR_hyphen_VL/modeling_paddleocr_vl.py", line 436, in forward
    attn_output, attn_weights = attention_interface(
  File "/home/woody/iwi5/iwi5298h/software/private/conda/envs/paddleocr/lib/python3.10/site-packages/transformers/integrations/sdpa_attention.py", line 96, in sdpa_attention_forward
    attn_output = torch.nn.functional.scaled_dot_product_attention(
torch.OutOfMemoryError: CUDA out of memory. Tried to allocate 262.00 MiB. GPU 0 has a total capacity of 39.49 GiB of which 17.31 MiB is free. Including non-PyTorch memory, this process has 39.47 GiB memory in use. Of the allocated memory 38.93 GiB is allocated by PyTorch, and 42.93 MiB is reserved by PyTorch but unallocated. If reserved but unallocated memory is large try setting PYTORCH_CUDA_ALLOC_CONF=expandable_segments:True to avoid fragmentation.  See documentation for Memory Management  (https://pytorch.org/docs/stable/notes/cuda.html#environment-variables)
[W1118 14:08:38.875119949 AllocatorConfig.cpp:28] Warning: PYTORCH_CUDA_ALLOC_CONF is deprecated, use PYTORCH_ALLOC_CONF instead (function operator())
