### Starting TaskPrologue of job 1473314 on tg072 at Wed Dec 24 01:03:20 AM CET 2025
Running on cores 6-7,14-15,22-23,30-31 with governor ondemand
Wed Dec 24 01:03:20 2025       
+-----------------------------------------------------------------------------------------+
| NVIDIA-SMI 570.195.03             Driver Version: 570.195.03     CUDA Version: 12.8     |
|-----------------------------------------+------------------------+----------------------+
| GPU  Name                 Persistence-M | Bus-Id          Disp.A | Volatile Uncorr. ECC |
| Fan  Temp   Perf          Pwr:Usage/Cap |           Memory-Usage | GPU-Util  Compute M. |
|                                         |                        |               MIG M. |
|=========================================+========================+======================|
|   0  Tesla V100-PCIE-32GB           On  |   00000000:AF:00.0 Off |                    0 |
| N/A   30C    P0             26W /  250W |       0MiB /  32768MiB |      0%      Default |
|                                         |                        |                  N/A |
+-----------------------------------------+------------------------+----------------------+
                                                                                         
+-----------------------------------------------------------------------------------------+
| Processes:                                                                              |
|  GPU   GI   CI              PID   Type   Process name                        GPU Memory |
|        ID   ID                                                               Usage      |
|=========================================================================================|
|  No running processes found                                                             |
+-----------------------------------------------------------------------------------------+
### Finished TaskPrologue

============================================================
DONUT-BASE ZERO-SHOT STAIRCASE OCR (FIXED DTYPE + ROBUST TOKENS)
============================================================

Loading test data...
Loaded 24 test samples

Note: CER compares GT JSON string (excluding image_name) vs Donut output string (cleaned).
Loading Donut-base (LOCAL)...
Model path: /home/vault/iwi5/iwi5298h/models/donut_base

Token availability check:
  has_docvqa = False
  has_cord   = False
  force_mode = cord
⚠️ force_mode='cord' but <s_cord-v2> not found in tokenizer – will still try.
Model device=cuda, model_dtype=torch.float16

Processing 24 test images with zero-shot inference...
------------------------------------------------------------
Processing image 1/24: FMIS_FormblätterMielke_gefüllt (83).jpg
  Resizing from 2491x3545 to 719x1024
  ✅ Processed. CER: 1.0583 | mode=cord_fallback_forced
Processing image 2/24: FMIS_FormblätterMielke_gefüllt (45).jpg
  Resizing from 2500x3545 to 722x1024
  ✅ Processed. CER: 1.5080 | mode=cord_fallback_forced
Processing image 3/24: FMIS_FormblätterMielke_gefüllt (27).jpg
  Resizing from 2490x3534 to 721x1024
  ✅ Processed. CER: 1.1035 | mode=cord_fallback_forced
Processing image 4/24: FMIS_FormblätterMielke_gefüllt (130).jpg
  Resizing from 2483x3545 to 717x1024
  ✅ Processed. CER: 1.0509 | mode=cord_fallback_forced
Processing image 5/24: FMIS_FormblätterMielke_gefüllt (129).jpg
  Resizing from 2479x3549 to 715x1024
  ✅ Processed. CER: 0.9822 | mode=cord_fallback_forced
Processing image 6/24: FMIS_FormblätterMielke_gefüllt (88).jpg
  Resizing from 2483x3541 to 718x1024
  ✅ Processed. CER: 1.0708 | mode=cord_fallback_forced
Processing image 7/24: FMIS_FormblätterMielke_gefüllt (102).jpg
  Resizing from 2487x3545 to 718x1024
  ✅ Processed. CER: 0.9853 | mode=cord_fallback_forced
Processing image 8/24: FMIS_FormblätterMielke_gefüllt (103).jpg
  Resizing from 2487x3549 to 717x1024
  ✅ Processed. CER: 2.1397 | mode=cord_fallback_forced
Processing image 9/24: FMIS_FormblätterMielke_gefüllt (165).jpg
  Resizing from 2504x3562 to 719x1024
  ✅ Processed. CER: 1.1049 | mode=cord_fallback_forced
Processing image 10/24: FMIS_FormblätterMielke_gefüllt (43).jpg
  Resizing from 2495x3554 to 718x1024
  ✅ Processed. CER: 0.9751 | mode=cord_fallback_forced
Processing image 11/24: FMIS_FormblätterMielke_gefüllt (11).jpg
  Resizing from 2504x3564 to 719x1024
  ✅ Processed. CER: 1.0884 | mode=cord_fallback_forced
Processing image 12/24: FMIS_FormblätterMielke_gefüllt (36).jpg
  Resizing from 2488x3538 to 720x1024
  ✅ Processed. CER: 1.0954 | mode=cord_fallback_forced
Processing image 13/24: FMIS_FormblätterMielke_gefüllt (87).jpg
  Resizing from 2495x3549 to 719x1024
  ✅ Processed. CER: 2.1734 | mode=cord_fallback_forced
Processing image 14/24: FMIS_FormblätterMielke_gefüllt (94).jpg
  Resizing from 2504x3541 to 724x1024
  ✅ Processed. CER: 1.0304 | mode=cord_fallback_forced
Processing image 15/24: FMIS_FormblätterMielke_gefüllt (58).jpg
  Resizing from 2483x3545 to 717x1024
  ✅ Processed. CER: 2.0617 | mode=cord_fallback_forced
Processing image 16/24: FMIS_FormblätterMielke_gefüllt (111).jpg
  Resizing from 2479x3545 to 716x1024
  ✅ Processed. CER: 0.9824 | mode=cord_fallback_forced
Processing image 17/24: FMIS_FormblätterMielke_gefüllt (99).jpg
  Resizing from 2487x3549 to 717x1024
  ✅ Processed. CER: 1.0994 | mode=cord_fallback_forced
Processing image 18/24: FMIS_FormblätterMielke_gefüllt (116).jpg
  Resizing from 2483x3537 to 718x1024
  ✅ Processed. CER: 0.9702 | mode=cord_fallback_forced
Processing image 19/24: FMIS_FormblätterMielke_Vorlage3.jpg
  Resizing from 2500x3562 to 718x1024
  ✅ Processed. CER: 1.0814 | mode=cord_fallback_forced
Processing image 20/24: FMIS_FormblätterMielke_gefüllt (132).jpg
  Resizing from 2491x3574 to 713x1024
  ✅ Processed. CER: 1.1179 | mode=cord_fallback_forced
Processing image 21/24: FMIS_FormblätterMielke_gefüllt (139).jpg
  Resizing from 2479x3545 to 716x1024
  ✅ Processed. CER: 1.0295 | mode=cord_fallback_forced
Processing image 22/24: FMIS_FormblätterMielke_gefüllt (66).jpg
  Resizing from 2479x3545 to 716x1024
  ✅ Processed. CER: 2.0684 | mode=cord_fallback_forced
Processing image 23/24: FMIS_FormblätterMielke_gefüllt (105).jpg
  Resizing from 2483x3545 to 717x1024
  ✅ Processed. CER: 0.9854 | mode=cord_fallback_forced
Processing image 24/24: FMIS_FormblätterMielke_gefüllt (13).jpg
  Resizing from 2482x3538 to 718x1024
  ✅ Processed. CER: 0.9981 | mode=cord_fallback_forced

Saving results to: /home/vault/iwi5/iwi5298h/models_image_text/donut/zero_shot_staircase/donut_base_zeroshot_20251224_010733
Predictions saved to: /home/vault/iwi5/iwi5298h/models_image_text/donut/zero_shot_staircase/donut_base_zeroshot_20251224_010733/predictions_zeroshot.jsonl

============================================================
DONUT-BASE ZERO-SHOT CER EVALUATION RESULTS
STAIRCASE DATASET
============================================================

CER Statistics across 24 images:
--------------------------------------------------
Average CER: 1.2400 (124.00%)
Minimum CER: 0.9702 (97.02%)
Maximum CER: 2.1734 (217.34%)

Weighted CER: 1.2396 (123.96%)
Total characters: 33973
Total errors: 42113
Perfect matches: 0/24 (0.0%)

Summary saved to: /home/vault/iwi5/iwi5298h/models_image_text/donut/zero_shot_staircase/donut_base_zeroshot_20251224_010733/evaluation_summary_zeroshot.json

============================================================
DONUT-BASE ZERO-SHOT PROCESSING COMPLETE!
============================================================
Model: Donut-base (LOCAL)
Dataset: Staircase
Method: Zero-Shot OCR transcription (fixed dtype, robust tokens)
Results saved to: /home/vault/iwi5/iwi5298h/models_image_text/donut/zero_shot_staircase/donut_base_zeroshot_20251224_010733
Total images processed: 24
Average CER on test set: 1.2400 (124.00%)
============================================================

DONUT zero-shot inference completed at: Wed Dec 24 01:07:35 AM CET 2025
=== JOB_STATISTICS ===
=== current date     : Wed Dec 24 01:07:35 AM CET 2025
= Job-ID             : 1473314 on tinygpu
= Job-Name           : donutbase_zero_stair
= Job-Command        : /home/hpc/iwi5/iwi5298h/Uddipan-Thesis/jobfiles/job_donut_shots2.sh
= Initial workdir    : /home/hpc/iwi5/iwi5298h/Uddipan-Thesis/jobfiles
= Queue/Partition    : v100
= Slurm account      : iwi5 with QOS=normal
= Requested resources:  for 02:30:00
= Elapsed runtime    : 00:04:15
= Total RAM usage    : 2.4 GiB of requested  GiB (%)   
= Node list          : tg072
= Subm/Elig/Start/End: 2025-12-24T01:03:01 / 2025-12-24T01:03:01 / 2025-12-24T01:03:20 / 2025-12-24T01:07:35
======================
=== Quota infos ======
    Path                 Used     SoftQ    HardQ    Gracetime  Filec    FileQ    FiHaQ    FileGrace    
    /home/woody           219.5G  1000.0G  1500.0G        N/A   1,015K   5,000K   7,500K        N/A    
    /home/hpc              88.4G   104.9G   209.7G        N/A  29,098      500K   1,000K        N/A    
    /home/vault           959.0G  1048.6G  2097.2G        N/A   7,456      200K     400K        N/A    
======================
=== GPU utilization ==
gpu_name, gpu_bus_id, pid, gpu_utilization [%], mem_utilization [%], max_memory_usage [MiB], time [ms]
Tesla V100-PCIE-32GB, 00000000:AF:00.0, 44364, 41 %, 8 %, 2246 MiB, 241410 ms
