### Starting TaskPrologue of job 1306941 on tg072 at Wed Nov  5 05:19:48 PM CET 2025
Running on cores 4-5,12-13,20-21,28-29 with governor ondemand
Wed Nov  5 17:19:48 2025       
+-----------------------------------------------------------------------------------------+
| NVIDIA-SMI 570.195.03             Driver Version: 570.195.03     CUDA Version: 12.8     |
|-----------------------------------------+------------------------+----------------------+
| GPU  Name                 Persistence-M | Bus-Id          Disp.A | Volatile Uncorr. ECC |
| Fan  Temp   Perf          Pwr:Usage/Cap |           Memory-Usage | GPU-Util  Compute M. |
|                                         |                        |               MIG M. |
|=========================================+========================+======================|
|   0  Tesla V100-PCIE-32GB           Off |   00000000:86:00.0 Off |                    0 |
| N/A   36C    P0             33W /  250W |       0MiB /  32768MiB |      0%      Default |
|                                         |                        |                  N/A |
+-----------------------------------------+------------------------+----------------------+
                                                                                         
+-----------------------------------------------------------------------------------------+
| Processes:                                                                              |
|  GPU   GI   CI              PID   Type   Process name                        GPU Memory |
|        ID   ID                                                               Usage      |
|=========================================================================================|
|  No running processes found                                                             |
+-----------------------------------------------------------------------------------------+
### Finished TaskPrologue

Nano training completed at: Wed Nov  5 05:19:50 PM CET 2025
=== JOB_STATISTICS ===
=== current date     : Wed Nov  5 05:19:50 PM CET 2025
= Job-ID             : 1306941 on tinygpu
= Job-Name           : inven_ms_pre
= Job-Command        : /home/hpc/iwi5/iwi5298h/Uddipan-Thesis/jobfiles/job_nano.sh
= Initial workdir    : /home/hpc/iwi5/iwi5298h/Uddipan-Thesis/jobfiles
= Queue/Partition    : v100
= Slurm account      : iwi5 with QOS=normal
= Requested resources:  for 1-00:00:00
= Elapsed runtime    : 00:00:04
= Total RAM usage    : 0.1 GiB of requested  GiB (%)   
= Node list          : tg072
= Subm/Elig/Start/End: 2025-11-05T16:51:10 / 2025-11-05T16:51:10 / 2025-11-05T17:18:36 / 2025-11-05T17:18:40
======================
=== Quota infos ======
    Path                 Used     SoftQ    HardQ    Gracetime  Filec    FileQ    FiHaQ    FileGrace    
    /home/woody           184.1G  1000.0G  1500.0G        N/A     841K   5,000K   7,500K        N/A    
    /home/hpc             102.2G   104.9G   209.7G        N/A  30,679      500K   1,000K        N/A    
    /home/vault           897.2G  1048.6G  2097.2G        N/A   5,655      200K     400K        N/A    
======================
=== GPU utilization ==
gpu_name, gpu_bus_id, pid, gpu_utilization [%], mem_utilization [%], max_memory_usage [MiB], time [ms]
