### Starting TaskPrologue of job 1242565 on tg071 at Fri Oct 17 07:05:50 AM CEST 2025
Running on cores 6-7,14-15,22-23,30-31 with governor ondemand
Fri Oct 17 07:05:50 2025       
+-----------------------------------------------------------------------------------------+
| NVIDIA-SMI 570.195.03             Driver Version: 570.195.03     CUDA Version: 12.8     |
|-----------------------------------------+------------------------+----------------------+
| GPU  Name                 Persistence-M | Bus-Id          Disp.A | Volatile Uncorr. ECC |
| Fan  Temp   Perf          Pwr:Usage/Cap |           Memory-Usage | GPU-Util  Compute M. |
|                                         |                        |               MIG M. |
|=========================================+========================+======================|
|   0  Tesla V100-PCIE-32GB           On  |   00000000:AF:00.0 Off |                    0 |
| N/A   39C    P0             27W /  250W |       0MiB /  32768MiB |      0%      Default |
|                                         |                        |                  N/A |
+-----------------------------------------+------------------------+----------------------+
                                                                                         
+-----------------------------------------------------------------------------------------+
| Processes:                                                                              |
|  GPU   GI   CI              PID   Type   Process name                        GPU Memory |
|        ID   ID                                                               Usage      |
|=========================================================================================|
|  No running processes found                                                             |
+-----------------------------------------------------------------------------------------+
### Finished TaskPrologue

============================================================
NANONETS-OCR-S FEW-SHOT STAIRCASE OCR
============================================================
Loading test.jsonl ...
Loaded 26 samples.
Loading Nanonets-OCR-s...
Model loaded.
Building few-shot messages ...
Few-shot conversation length: 6 messages (user/assistant alternating).
[1/26] FMIS_FormblätterMielke_gefüllt (14).jpg -> /home/woody/iwi5/iwi5298h/staircase_images/FMIS_FormblätterMielke_gefüllt (14).jpg
  CER: 0.3215
[2/26] FMIS_FormblätterMielke_gefüllt (18).jpg -> /home/woody/iwi5/iwi5298h/staircase_images/FMIS_FormblätterMielke_gefüllt (18).jpg
  CER: 1.0000
[3/26] FMIS_FormblätterMielke_gefüllt (35).jpg -> /home/woody/iwi5/iwi5298h/staircase_images/FMIS_FormblätterMielke_gefüllt (35).jpg
  CER: 0.2244
[4/26] FMIS_FormblätterMielke_gefüllt (12).jpg -> /home/woody/iwi5/iwi5298h/staircase_images/FMIS_FormblätterMielke_gefüllt (12).jpg
  CER: 0.2265
[5/26] FMIS_FormblätterMielke_gefüllt (27).jpg -> /home/woody/iwi5/iwi5298h/staircase_images/FMIS_FormblätterMielke_gefüllt (27).jpg
  CER: 0.2308
[6/26] FMIS_FormblätterMielke_gefüllt (2).jpg -> /home/woody/iwi5/iwi5298h/staircase_images/FMIS_FormblätterMielke_gefüllt (2).jpg
  CER: 1.0000
[7/26] FMIS_FormblätterMielke_gefüllt (3).jpg -> /home/woody/iwi5/iwi5298h/staircase_images/FMIS_FormblätterMielke_gefüllt (3).jpg
  CER: 1.0000
[8/26] FMIS_FormblätterMielke_gefüllt (25).jpg -> /home/woody/iwi5/iwi5298h/staircase_images/FMIS_FormblätterMielke_gefüllt (25).jpg
  CER: 0.2448
[9/26] FMIS_FormblätterMielke_gefüllt (37).jpg -> /home/woody/iwi5/iwi5298h/staircase_images/FMIS_FormblätterMielke_gefüllt (37).jpg
  CER: 0.2062
[10/26] FMIS_FormblätterMielke_gefüllt (15).jpg -> /home/woody/iwi5/iwi5298h/staircase_images/FMIS_FormblätterMielke_gefüllt (15).jpg
  CER: 0.2502
[11/26] FMIS_FormblätterMielke_gefüllt (34).jpg -> /home/woody/iwi5/iwi5298h/staircase_images/FMIS_FormblätterMielke_gefüllt (34).jpg
  CER: 0.6490
[12/26] FMIS_FormblätterMielke_gefüllt (22).jpg -> /home/woody/iwi5/iwi5298h/staircase_images/FMIS_FormblätterMielke_gefüllt (22).jpg
  CER: 0.3572
[13/26] FMIS_FormblätterMielke_gefüllt (38).jpg -> /home/woody/iwi5/iwi5298h/staircase_images/FMIS_FormblätterMielke_gefüllt (38).jpg
  CER: 1.0000
[14/26] FMIS_FormblätterMielke_gefüllt (28).jpg -> /home/woody/iwi5/iwi5298h/staircase_images/FMIS_FormblätterMielke_gefüllt (28).jpg
  CER: 0.1642
[15/26] FMIS_FormblätterMielke_gefüllt (4).jpg -> /home/woody/iwi5/iwi5298h/staircase_images/FMIS_FormblätterMielke_gefüllt (4).jpg
  CER: 0.2535
[16/26] FMIS_FormblätterMielke_gefüllt (16).jpg -> /home/woody/iwi5/iwi5298h/staircase_images/FMIS_FormblätterMielke_gefüllt (16).jpg
  CER: 0.2416
[17/26] FMIS_FormblätterMielke_gefüllt (24).jpg -> /home/woody/iwi5/iwi5298h/staircase_images/FMIS_FormblätterMielke_gefüllt (24).jpg
  CER: 1.0000
[18/26] FMIS_FormblätterMielke_gefüllt (11).jpg -> /home/woody/iwi5/iwi5298h/staircase_images/FMIS_FormblätterMielke_gefüllt (11).jpg
  CER: 0.1938
[19/26] FMIS_FormblätterMielke_gefüllt (39).jpg -> /home/woody/iwi5/iwi5298h/staircase_images/FMIS_FormblätterMielke_gefüllt (39).jpg
  CER: 0.2763
[20/26] FMIS_FormblätterMielke_gefüllt (41).jpg -> /home/woody/iwi5/iwi5298h/staircase_images/FMIS_FormblätterMielke_gefüllt (41).jpg
  CER: 0.2331
[21/26] FMIS_FormblätterMielke_gefüllt (21).jpg -> /home/woody/iwi5/iwi5298h/staircase_images/FMIS_FormblätterMielke_gefüllt (21).jpg
  CER: 1.0000
[22/26] FMIS_FormblätterMielke_gefüllt (8).jpg -> /home/woody/iwi5/iwi5298h/staircase_images/FMIS_FormblätterMielke_gefüllt (8).jpg
  CER: 0.1721
[23/26] FMIS_FormblätterMielke_gefüllt (7).jpg -> /home/woody/iwi5/iwi5298h/staircase_images/FMIS_FormblätterMielke_gefüllt (7).jpg
  CER: 1.0000
[24/26] FMIS_FormblätterMielke_Vorlage1.jpg -> /home/woody/iwi5/iwi5298h/staircase_images/FMIS_FormblätterMielke_Vorlage1.jpg
  CER: 1.0000
[25/26] FMIS_FormblätterMielke_gefüllt (36).jpg -> /home/woody/iwi5/iwi5298h/staircase_images/FMIS_FormblätterMielke_gefüllt (36).jpg
  CER: 1.0000
[26/26] FMIS_FormblätterMielke_gefüllt (26).jpg -> /home/woody/iwi5/iwi5298h/staircase_images/FMIS_FormblätterMielke_gefüllt (26).jpg
  CER: 0.0753

Predictions saved -> /home/vault/iwi5/iwi5298h/models_image_text/nanonets/shots_staircase/few_shot_20251017_070605/predictions_fewshot.jsonl

============================================================
NANONETS-OCR-S FEW-SHOT CER EVALUATION RESULTS
STAIRCASE DOCUMENTATION DATASET
============================================================
Average CER:  0.5123 (51.23%)
Minimum CER:  0.0753 (7.53%)
Maximum CER:  1.0000 (100.00%)
Weighted CER: 0.5204 (52.04%)
Perfect:      0/26
Summary saved -> /home/vault/iwi5/iwi5298h/models_image_text/nanonets/shots_staircase/few_shot_20251017_070605/evaluation_summary_fewshot.json

DONE. Outputs in: /home/vault/iwi5/iwi5298h/models_image_text/nanonets/shots_staircase/few_shot_20251017_070605
Nano training completed at: Fri Oct 17 07:31:35 AM CEST 2025
=== JOB_STATISTICS ===
=== current date     : Fri Oct 17 07:31:35 AM CEST 2025
= Job-ID             : 1242565 on tinygpu
= Job-Name           : few_stair_nano
= Job-Command        : /home/hpc/iwi5/iwi5298h/Uddipan-Thesis/jobfiles/job_nano.sh
= Initial workdir    : /home/hpc/iwi5/iwi5298h/Uddipan-Thesis/jobfiles
= Queue/Partition    : v100
= Slurm account      : iwi5 with QOS=normal
= Requested resources:  for 1-00:00:00
= Elapsed runtime    : 00:25:50
= Total RAM usage    : 8.7 GiB of requested  GiB (%)   
= Node list          : tg071
= Subm/Elig/Start/End: 2025-10-17T02:38:26 / 2025-10-17T02:38:26 / 2025-10-17T07:05:36 / 2025-10-17T07:31:26
======================
=== Quota infos ======
    Path                 Used     SoftQ    HardQ    Gracetime  Filec    FileQ    FiHaQ    FileGrace    
    /home/woody           122.0G  1000.0G  1500.0G        N/A     601K   5,000K   7,500K        N/A    
    /home/hpc              87.2G   104.9G   209.7G        N/A  32,913      500K   1,000K        N/A    
    /home/vault           578.6G  1048.6G  2097.2G        N/A   3,862      200K     400K        N/A    
======================
=== GPU utilization ==
gpu_name, gpu_bus_id, pid, gpu_utilization [%], mem_utilization [%], max_memory_usage [MiB], time [ms]
Tesla V100-PCIE-32GB, 00000000:AF:00.0, 72084, 45 %, 37 %, 12732 MiB, 1531052 ms
