### Starting TaskPrologue of job 1473309 on tg072 at Wed Dec 24 12:28:06 AM CET 2025
Running on cores 0-1,8-9,16-17,24-25 with governor ondemand
Wed Dec 24 00:28:06 2025       
+-----------------------------------------------------------------------------------------+
| NVIDIA-SMI 570.195.03             Driver Version: 570.195.03     CUDA Version: 12.8     |
|-----------------------------------------+------------------------+----------------------+
| GPU  Name                 Persistence-M | Bus-Id          Disp.A | Volatile Uncorr. ECC |
| Fan  Temp   Perf          Pwr:Usage/Cap |           Memory-Usage | GPU-Util  Compute M. |
|                                         |                        |               MIG M. |
|=========================================+========================+======================|
|   0  Tesla V100-PCIE-32GB           On  |   00000000:18:00.0 Off |                    0 |
| N/A   31C    P0             26W /  250W |       0MiB /  32768MiB |      0%      Default |
|                                         |                        |                  N/A |
+-----------------------------------------+------------------------+----------------------+
                                                                                         
+-----------------------------------------------------------------------------------------+
| Processes:                                                                              |
|  GPU   GI   CI              PID   Type   Process name                        GPU Memory |
|        ID   ID                                                               Usage      |
|=========================================================================================|
|  No running processes found                                                             |
+-----------------------------------------------------------------------------------------+
### Finished TaskPrologue

============================================================
DONUT-BASE ZERO-SHOT (SCHMUCK) - OCR (FIXED DTYPE)
============================================================

Loading test data...
Loaded 89 test samples
Loading Donut-base...
❌ No known task tokens found (DocVQA/CORD). Will still generate, but expect poor output.
Model device=cuda, model_dtype=torch.float16

Processing 89 images...
------------------------------------------------------------
[1/89] SCH_2891_118.jpg
  Resizing from 2339x1654 -> 1280x905
  ✅ CER: 1.0000 | mode=no_task_tokens
[2/89] SCH_2891_225.jpg
  Resizing from 2339x1654 -> 1280x905
  ✅ CER: 1.0000 | mode=no_task_tokens
[3/89] SCH_3071.jpg
  Resizing from 2339x1654 -> 1280x905
  ✅ CER: 1.0000 | mode=no_task_tokens
[4/89] SCH_3213.jpg
  Resizing from 2339x1654 -> 1280x905
  ✅ CER: 1.0000 | mode=no_task_tokens
[5/89] SCH_3129.jpg
  Resizing from 2339x1654 -> 1280x905
  ✅ CER: 1.0000 | mode=no_task_tokens
[6/89] SCH_2984.jpg
  Resizing from 2339x1654 -> 1280x905
  ✅ CER: 1.0000 | mode=no_task_tokens
[7/89] SCH_2891_162.jpg
  Resizing from 2339x1654 -> 1280x905
  ✅ CER: 1.0000 | mode=no_task_tokens
[8/89] SCH_3043.jpg
  Resizing from 2339x1654 -> 1280x905
  ✅ CER: 1.0000 | mode=no_task_tokens
[9/89] SCH_3005.jpg
  Resizing from 2339x1654 -> 1280x905
  ✅ CER: 1.0000 | mode=no_task_tokens
[10/89] SCH_3192_41.jpg
  Resizing from 2339x1654 -> 1280x905
  ✅ CER: 1.0000 | mode=no_task_tokens
[11/89] SCH_2106.jpg
  Resizing from 3508x2480 -> 1280x904
  ✅ CER: 1.0000 | mode=no_task_tokens
[12/89] SCH_2891_143.jpg
  Resizing from 2339x1654 -> 1280x905
  ✅ CER: 1.0000 | mode=no_task_tokens
[13/89] SCH_2892.jpg
  Resizing from 2339x1654 -> 1280x905
  ✅ CER: 1.0000 | mode=no_task_tokens
[14/89] SCH_2891_211.jpg
  Resizing from 2339x1654 -> 1280x905
  ✅ CER: 1.0000 | mode=no_task_tokens
[15/89] SCH_3170.jpg
  Resizing from 2339x1654 -> 1280x905
  ✅ CER: 1.0000 | mode=no_task_tokens
[16/89] SCH_2891_73.jpg
  Resizing from 2339x1654 -> 1280x905
  ✅ CER: 1.0000 | mode=no_task_tokens
[17/89] SCH_2087.jpg
  Resizing from 3508x2480 -> 1280x904
  ✅ CER: 1.0000 | mode=no_task_tokens
[18/89] SCH_2891_222.jpg
  Resizing from 2339x1654 -> 1280x905
  ✅ CER: 1.0000 | mode=no_task_tokens
[19/89] SCH_2891_63.jpg
  Resizing from 2339x1654 -> 1280x905
  ✅ CER: 1.0000 | mode=no_task_tokens
[20/89] SCH_2891_145.jpg
  Resizing from 2339x1654 -> 1280x905
  ✅ CER: 1.0000 | mode=no_task_tokens
[21/89] SCH_2891_292.jpg
  Resizing from 2339x1654 -> 1280x905
  ✅ CER: 1.0000 | mode=no_task_tokens
[22/89] SCH_3030.jpg
  Resizing from 2339x1654 -> 1280x905
  ✅ CER: 1.0000 | mode=no_task_tokens
[23/89] SCH_3220.jpg
  Resizing from 2339x1654 -> 1280x905
  ✅ CER: 1.0000 | mode=no_task_tokens
[24/89] SCH_3179.jpg
  Resizing from 2339x1654 -> 1280x905
  ✅ CER: 1.0000 | mode=no_task_tokens
[25/89] SCH_3239.jpg
  Resizing from 2339x1654 -> 1280x905
  ✅ CER: 1.0000 | mode=no_task_tokens
[26/89] SCH_3192_6.jpg
  Resizing from 2339x1654 -> 1280x905
  ✅ CER: 1.0000 | mode=no_task_tokens
[27/89] SCH_2891_142.jpg
  Resizing from 2339x1654 -> 1280x905
  ✅ CER: 1.0000 | mode=no_task_tokens
[28/89] SCH_2891_53.jpg
  Resizing from 2339x1654 -> 1280x905
  ✅ CER: 1.0000 | mode=no_task_tokens
[29/89] SCH_2891_262_263.jpg
  Resizing from 2339x1654 -> 1280x905
  ✅ CER: 1.0000 | mode=no_task_tokens
[30/89] SCH_2891_282.jpg
  Resizing from 2339x1654 -> 1280x905
  ✅ CER: 1.0000 | mode=no_task_tokens
[31/89] SCH_3218.jpg
  Resizing from 2339x1654 -> 1280x905
  ✅ CER: 1.0000 | mode=no_task_tokens
[32/89] SCH_2891_275.jpg
  Resizing from 2339x1654 -> 1280x905
  ✅ CER: 1.0000 | mode=no_task_tokens
[33/89] SCH_3002.jpg
  Resizing from 2339x1654 -> 1280x905
  ✅ CER: 1.0000 | mode=no_task_tokens
[34/89] SCH_3137_a.jpg
  Resizing from 2339x1654 -> 1280x905
  ✅ CER: 1.0000 | mode=no_task_tokens
[35/89] SCH_3131.jpg
  Resizing from 2339x1654 -> 1280x905
  ✅ CER: 1.0000 | mode=no_task_tokens
[36/89] SCH_3192_36.jpg
  Resizing from 2339x1654 -> 1280x905
  ✅ CER: 1.0000 | mode=no_task_tokens
[37/89] SCH_3165.jpg
  Resizing from 2339x1654 -> 1280x905
  ✅ CER: 1.0000 | mode=no_task_tokens
[38/89] SCH_3192_14.jpg
  Resizing from 2339x1654 -> 1280x905
  ✅ CER: 1.0000 | mode=no_task_tokens
[39/89] SCH_2891_173.jpg
  Resizing from 2339x1654 -> 1280x905
  ✅ CER: 1.0000 | mode=no_task_tokens
[40/89] SCH_2891_72.jpg
  Resizing from 2339x1654 -> 1280x905
  ✅ CER: 1.0000 | mode=no_task_tokens
[41/89] SCH_2067_recto.jpg
  Resizing from 3508x2480 -> 1280x904
  ✅ CER: 1.0000 | mode=no_task_tokens
[42/89] SCH_3192_4.jpg
  Resizing from 2339x1654 -> 1280x905
  ✅ CER: 1.0000 | mode=no_task_tokens
[43/89] SCH_2891_29_30.jpg
  Resizing from 2339x1654 -> 1280x905
  ✅ CER: 1.0000 | mode=no_task_tokens
[44/89] SCH_2891_272.jpg
  Resizing from 2339x1654 -> 1280x905
  ✅ CER: 1.0000 | mode=no_task_tokens
[45/89] SCH_2891_177.jpg
  Resizing from 2339x1654 -> 1280x905
  ✅ CER: 1.0000 | mode=no_task_tokens
[46/89] SCH_3192_13.jpg
  Resizing from 2339x1654 -> 1280x905
  ✅ CER: 1.0000 | mode=no_task_tokens
[47/89] SCH_2891_291.jpg
  Resizing from 2339x1654 -> 1280x905
  ✅ CER: 1.0000 | mode=no_task_tokens
[48/89] SCH_3192_60.jpg
  Resizing from 2339x1654 -> 1280x905
  ✅ CER: 1.0000 | mode=no_task_tokens
[49/89] SCH_3124.jpg
  Resizing from 2339x1654 -> 1280x905
  ✅ CER: 1.0000 | mode=no_task_tokens
[50/89] SCH_3026.jpg
  Resizing from 2339x1654 -> 1280x905
  ✅ CER: 1.0000 | mode=no_task_tokens
[51/89] SCH_2065.jpg
  Resizing from 3508x2480 -> 1280x904
  ✅ CER: 1.0000 | mode=no_task_tokens
[52/89] SCH_2891_138.jpg
  Resizing from 2339x1654 -> 1280x905
  ✅ CER: 1.0000 | mode=no_task_tokens
[53/89] SCH_2891_245.jpg
  Resizing from 2339x1654 -> 1280x905
  ✅ CER: 1.0000 | mode=no_task_tokens
[54/89] SCH_2891_268.jpg
  Resizing from 2339x1654 -> 1280x905
  ✅ CER: 1.0000 | mode=no_task_tokens
[55/89] SCH_3192_32.jpg
  Resizing from 2339x1654 -> 1280x905
  ✅ CER: 1.0000 | mode=no_task_tokens
[56/89] SCH_2891_293.jpg
  Resizing from 2339x1654 -> 1280x905
  ✅ CER: 1.0000 | mode=no_task_tokens
[57/89] SCH_3192_27.jpg
  Resizing from 2339x1654 -> 1280x905
  ✅ CER: 1.0000 | mode=no_task_tokens
[58/89] SCH_3174.jpg
  Resizing from 2339x1654 -> 1280x905
  ✅ CER: 1.0000 | mode=no_task_tokens
[59/89] SCH_2891_235_236.jpg
  Resizing from 2339x1654 -> 1280x905
  ✅ CER: 1.0000 | mode=no_task_tokens
[60/89] SCH_2891_59.jpg
  Resizing from 2339x1654 -> 1280x905
  ✅ CER: 1.0000 | mode=no_task_tokens
[61/89] SCH_3211.jpg
  Resizing from 2339x1654 -> 1280x905
  ✅ CER: 1.0000 | mode=no_task_tokens
[62/89] SCH_3141.jpg
  Resizing from 2339x1654 -> 1280x905
  ✅ CER: 1.0000 | mode=no_task_tokens
[63/89] SCH_2891_241.jpg
  Resizing from 2339x1654 -> 1280x905
  ✅ CER: 1.0000 | mode=no_task_tokens
[64/89] SCH_3171.jpg
  Resizing from 2339x1654 -> 1280x905
  ✅ CER: 1.0000 | mode=no_task_tokens
[65/89] SCH_3215.jpg
  Resizing from 2339x1654 -> 1280x905
  ✅ CER: 1.0000 | mode=no_task_tokens
[66/89] SCH_1938.jpg
  Resizing from 3508x2480 -> 1280x904
  ✅ CER: 1.0000 | mode=no_task_tokens
[67/89] SCH_2891_153_154.jpg
  Resizing from 2339x1654 -> 1280x905
  ✅ CER: 1.0000 | mode=no_task_tokens
[68/89] SCH_2997.jpg
  Resizing from 2339x1654 -> 1280x905
  ✅ CER: 1.0000 | mode=no_task_tokens
[69/89] SCH_2891_64.jpg
  Resizing from 2339x1654 -> 1280x905
  ✅ CER: 1.0000 | mode=no_task_tokens
[70/89] SCH_2944.jpg
  Resizing from 2339x1654 -> 1280x905
  ✅ CER: 1.0000 | mode=no_task_tokens
[71/89] SCH_3173_ab.jpg
  Resizing from 2339x1654 -> 1280x905
  ✅ CER: 1.0000 | mode=no_task_tokens
[72/89] SCH_2891_41.jpg
  Resizing from 2339x1654 -> 1280x905
  ✅ CER: 1.0000 | mode=no_task_tokens
[73/89] SCH_2032.jpg
  Resizing from 3508x2480 -> 1280x904
  ✅ CER: 1.0000 | mode=no_task_tokens
[74/89] SCH_3078.jpg
  Resizing from 2339x1654 -> 1280x905
  ✅ CER: 1.0000 | mode=no_task_tokens
[75/89] SCH_2891_77_78.jpg
  Resizing from 2339x1654 -> 1280x905
  ✅ CER: 1.0000 | mode=no_task_tokens
[76/89] SCH_2891_62.jpg
  Resizing from 2339x1654 -> 1280x905
  ✅ CER: 1.0000 | mode=no_task_tokens
[77/89] SCH_3192_28.jpg
  Resizing from 2339x1654 -> 1280x905
  ✅ CER: 1.0000 | mode=no_task_tokens
[78/89] SCH_2043_recto.jpg
  Resizing from 3508x2480 -> 1280x904
  ✅ CER: 1.0000 | mode=no_task_tokens
[79/89] SCH_2045.jpg
  Resizing from 3508x2480 -> 1280x904
  ✅ CER: 1.0000 | mode=no_task_tokens
[80/89] SCH_2965.jpg
  Resizing from 2339x1654 -> 1280x905
  ✅ CER: 1.0000 | mode=no_task_tokens
[81/89] SCH_3192_22.jpg
  Resizing from 2339x1654 -> 1280x905
  ✅ CER: 1.0000 | mode=no_task_tokens
[82/89] SCH_3133_a.jpg
  Resizing from 2339x1654 -> 1280x905
  ✅ CER: 1.0000 | mode=no_task_tokens
[83/89] SCH_3192_37.jpg
  Resizing from 2339x1654 -> 1280x905
  ✅ CER: 1.0000 | mode=no_task_tokens
[84/89] SCH_3195_9.jpg
  Resizing from 2339x1654 -> 1280x905
  ✅ CER: 1.0000 | mode=no_task_tokens
[85/89] SCH_2891_67_recto.jpg
  Resizing from 2339x1654 -> 1280x905
  ✅ CER: 1.0000 | mode=no_task_tokens
[86/89] SCH_2891_99.jpg
  Resizing from 2339x1654 -> 1280x905
  ✅ CER: 1.0000 | mode=no_task_tokens
[87/89] SCH_2891_150.jpg
  Resizing from 2339x1654 -> 1280x905
  ✅ CER: 1.0000 | mode=no_task_tokens
[88/89] SCH_2025.jpg
  Resizing from 3508x2480 -> 1280x904
  ✅ CER: 1.0000 | mode=no_task_tokens
[89/89] SCH_3192_48.jpg
  Resizing from 2339x1654 -> 1280x905
  ✅ CER: 1.0000 | mode=no_task_tokens

Saving results to: /home/vault/iwi5/iwi5298h/models_image_text/donut/zero_shot_schmuck/donut_base_zeroshot_20251224_003000
Predictions saved to: /home/vault/iwi5/iwi5298h/models_image_text/donut/zero_shot_schmuck/donut_base_zeroshot_20251224_003000/predictions_zeroshot.jsonl

============================================================
DONUT-BASE ZERO-SHOT CER EVALUATION RESULTS (SCHMUCK)
============================================================
Images: 89
Average CER:  1.0000 (100.00%)
Min CER:      1.0000 (100.00%)
Max CER:      1.0000 (100.00%)
Weighted CER: 1.0000 (100.00%)
Perfect: 0/89 (0.0%)
Summary saved to: /home/vault/iwi5/iwi5298h/models_image_text/donut/zero_shot_schmuck/donut_base_zeroshot_20251224_003000/evaluation_summary_zeroshot.json

============================================================
DONUT-BASE ZERO-SHOT OCR COMPLETE!
============================================================
Results saved to: /home/vault/iwi5/iwi5298h/models_image_text/donut/zero_shot_schmuck/donut_base_zeroshot_20251224_003000
Total images processed: 89
Average CER: 1.0000 (100.00%)
============================================================

DONUT zero-shot inference completed at: Wed Dec 24 12:30:03 AM CET 2025
=== JOB_STATISTICS ===
=== current date     : Wed Dec 24 12:30:03 AM CET 2025
= Job-ID             : 1473309 on tinygpu
= Job-Name           : donutbase_zero_schmuck
= Job-Command        : /home/hpc/iwi5/iwi5298h/Uddipan-Thesis/jobfiles/job_donut_shots.sh
= Initial workdir    : /home/hpc/iwi5/iwi5298h/Uddipan-Thesis/jobfiles
= Queue/Partition    : v100
= Slurm account      : iwi5 with QOS=normal
= Requested resources:  for 02:30:00
= Elapsed runtime    : 00:01:59
= Total RAM usage    : 2.7 GiB of requested  GiB (%)   
= Node list          : tg072
= Subm/Elig/Start/End: 2025-12-24T00:27:39 / 2025-12-24T00:27:39 / 2025-12-24T00:28:04 / 2025-12-24T00:30:03
======================
=== Quota infos ======
    Path                 Used     SoftQ    HardQ    Gracetime  Filec    FileQ    FiHaQ    FileGrace    
    /home/woody           219.5G  1000.0G  1500.0G        N/A   1,015K   5,000K   7,500K        N/A    
    /home/hpc              88.4G   104.9G   209.7G        N/A  29,085      500K   1,000K        N/A    
    /home/vault           959.0G  1048.6G  2097.2G        N/A   7,450      200K     400K        N/A    
======================
=== GPU utilization ==
gpu_name, gpu_bus_id, pid, gpu_utilization [%], mem_utilization [%], max_memory_usage [MiB], time [ms]
Tesla V100-PCIE-32GB, 00000000:18:00.0, 43540, 14 %, 7 %, 2238 MiB, 96557 ms
