/home/woody/iwi5/iwi5298h/software/private/conda/envs/phi_ocr/lib/python3.10/site-packages/transformers/models/auto/image_processing_auto.py:520: FutureWarning: The image_processor_class argument is deprecated and will be removed in v4.42. Please use `slow_image_processor_class`, or `fast_image_processor_class` instead
  warnings.warn(
Loading checkpoint shards:   0%|          | 0/2 [00:00<?, ?it/s]Loading checkpoint shards:  50%|█████     | 1/2 [01:18<01:18, 78.72s/it]Loading checkpoint shards: 100%|██████████| 2/2 [02:10<00:00, 62.94s/it]Loading checkpoint shards: 100%|██████████| 2/2 [02:10<00:00, 65.30s/it]
/home/woody/iwi5/iwi5298h/software/private/conda/envs/phi_ocr/lib/python3.10/site-packages/transformers/generation/configuration_utils.py:590: UserWarning: `do_sample` is set to `False`. However, `temperature` is set to `0.0` -- this flag is only used in sample-based generation modes. You should set `do_sample=True` or unset `temperature`.
  warnings.warn(
The `seen_tokens` attribute is deprecated and will be removed in v4.41. Use the `cache_position` model input instead.
`get_max_cache()` is deprecated for all Cache classes. Use `get_max_cache_shape()` instead. Calling `get_max_cache()` will raise error from v4.48
You are not running the flash-attention implementation, expect numerical differences.
/pytorch/aten/src/ATen/native/cuda/ScatterGatherKernel.cu:163: operator(): block: [1,0,0], thread: [45,0,0] Assertion `idx_dim >= 0 && idx_dim < index_size && "scatter gather kernel index out of bounds"` failed.
/pytorch/aten/src/ATen/native/cuda/ScatterGatherKernel.cu:163: operator(): block: [1,0,0], thread: [46,0,0] Assertion `idx_dim >= 0 && idx_dim < index_size && "scatter gather kernel index out of bounds"` failed.
/pytorch/aten/src/ATen/native/cuda/ScatterGatherKernel.cu:163: operator(): block: [1,0,0], thread: [47,0,0] Assertion `idx_dim >= 0 && idx_dim < index_size && "scatter gather kernel index out of bounds"` failed.
/pytorch/aten/src/ATen/native/cuda/ScatterGatherKernel.cu:163: operator(): block: [1,0,0], thread: [48,0,0] Assertion `idx_dim >= 0 && idx_dim < index_size && "scatter gather kernel index out of bounds"` failed.
/pytorch/aten/src/ATen/native/cuda/ScatterGatherKernel.cu:163: operator(): block: [1,0,0], thread: [49,0,0] Assertion `idx_dim >= 0 && idx_dim < index_size && "scatter gather kernel index out of bounds"` failed.
/pytorch/aten/src/ATen/native/cuda/ScatterGatherKernel.cu:163: operator(): block: [1,0,0], thread: [50,0,0] Assertion `idx_dim >= 0 && idx_dim < index_size && "scatter gather kernel index out of bounds"` failed.
/pytorch/aten/src/ATen/native/cuda/ScatterGatherKernel.cu:163: operator(): block: [1,0,0], thread: [51,0,0] Assertion `idx_dim >= 0 && idx_dim < index_size && "scatter gather kernel index out of bounds"` failed.
/pytorch/aten/src/ATen/native/cuda/ScatterGatherKernel.cu:163: operator(): block: [1,0,0], thread: [52,0,0] Assertion `idx_dim >= 0 && idx_dim < index_size && "scatter gather kernel index out of bounds"` failed.
/pytorch/aten/src/ATen/native/cuda/ScatterGatherKernel.cu:163: operator(): block: [1,0,0], thread: [53,0,0] Assertion `idx_dim >= 0 && idx_dim < index_size && "scatter gather kernel index out of bounds"` failed.
/pytorch/aten/src/ATen/native/cuda/ScatterGatherKernel.cu:163: operator(): block: [1,0,0], thread: [54,0,0] Assertion `idx_dim >= 0 && idx_dim < index_size && "scatter gather kernel index out of bounds"` failed.
/pytorch/aten/src/ATen/native/cuda/ScatterGatherKernel.cu:163: operator(): block: [1,0,0], thread: [55,0,0] Assertion `idx_dim >= 0 && idx_dim < index_size && "scatter gather kernel index out of bounds"` failed.
/pytorch/aten/src/ATen/native/cuda/ScatterGatherKernel.cu:163: operator(): block: [1,0,0], thread: [56,0,0] Assertion `idx_dim >= 0 && idx_dim < index_size && "scatter gather kernel index out of bounds"` failed.
/pytorch/aten/src/ATen/native/cuda/ScatterGatherKernel.cu:163: operator(): block: [1,0,0], thread: [57,0,0] Assertion `idx_dim >= 0 && idx_dim < index_size && "scatter gather kernel index out of bounds"` failed.
/pytorch/aten/src/ATen/native/cuda/ScatterGatherKernel.cu:163: operator(): block: [1,0,0], thread: [58,0,0] Assertion `idx_dim >= 0 && idx_dim < index_size && "scatter gather kernel index out of bounds"` failed.
/pytorch/aten/src/ATen/native/cuda/ScatterGatherKernel.cu:163: operator(): block: [1,0,0], thread: [59,0,0] Assertion `idx_dim >= 0 && idx_dim < index_size && "scatter gather kernel index out of bounds"` failed.
/pytorch/aten/src/ATen/native/cuda/ScatterGatherKernel.cu:163: operator(): block: [1,0,0], thread: [60,0,0] Assertion `idx_dim >= 0 && idx_dim < index_size && "scatter gather kernel index out of bounds"` failed.
/pytorch/aten/src/ATen/native/cuda/ScatterGatherKernel.cu:163: operator(): block: [1,0,0], thread: [61,0,0] Assertion `idx_dim >= 0 && idx_dim < index_size && "scatter gather kernel index out of bounds"` failed.
/pytorch/aten/src/ATen/native/cuda/ScatterGatherKernel.cu:163: operator(): block: [1,0,0], thread: [62,0,0] Assertion `idx_dim >= 0 && idx_dim < index_size && "scatter gather kernel index out of bounds"` failed.
/pytorch/aten/src/ATen/native/cuda/ScatterGatherKernel.cu:163: operator(): block: [1,0,0], thread: [63,0,0] Assertion `idx_dim >= 0 && idx_dim < index_size && "scatter gather kernel index out of bounds"` failed.
/pytorch/aten/src/ATen/native/cuda/ScatterGatherKernel.cu:163: operator(): block: [0,0,0], thread: [4,0,0] Assertion `idx_dim >= 0 && idx_dim < index_size && "scatter gather kernel index out of bounds"` failed.
/pytorch/aten/src/ATen/native/cuda/ScatterGatherKernel.cu:163: operator(): block: [0,0,0], thread: [5,0,0] Assertion `idx_dim >= 0 && idx_dim < index_size && "scatter gather kernel index out of bounds"` failed.
/pytorch/aten/src/ATen/native/cuda/ScatterGatherKernel.cu:163: operator(): block: [0,0,0], thread: [6,0,0] Assertion `idx_dim >= 0 && idx_dim < index_size && "scatter gather kernel index out of bounds"` failed.
/pytorch/aten/src/ATen/native/cuda/ScatterGatherKernel.cu:163: operator(): block: [0,0,0], thread: [7,0,0] Assertion `idx_dim >= 0 && idx_dim < index_size && "scatter gather kernel index out of bounds"` failed.
/pytorch/aten/src/ATen/native/cuda/ScatterGatherKernel.cu:163: operator(): block: [0,0,0], thread: [8,0,0] Assertion `idx_dim >= 0 && idx_dim < index_size && "scatter gather kernel index out of bounds"` failed.
/pytorch/aten/src/ATen/native/cuda/ScatterGatherKernel.cu:163: operator(): block: [0,0,0], thread: [9,0,0] Assertion `idx_dim >= 0 && idx_dim < index_size && "scatter gather kernel index out of bounds"` failed.
/pytorch/aten/src/ATen/native/cuda/ScatterGatherKernel.cu:163: operator(): block: [0,0,0], thread: [10,0,0] Assertion `idx_dim >= 0 && idx_dim < index_size && "scatter gather kernel index out of bounds"` failed.
/pytorch/aten/src/ATen/native/cuda/ScatterGatherKernel.cu:163: operator(): block: [0,0,0], thread: [11,0,0] Assertion `idx_dim >= 0 && idx_dim < index_size && "scatter gather kernel index out of bounds"` failed.
/pytorch/aten/src/ATen/native/cuda/ScatterGatherKernel.cu:163: operator(): block: [0,0,0], thread: [12,0,0] Assertion `idx_dim >= 0 && idx_dim < index_size && "scatter gather kernel index out of bounds"` failed.
/pytorch/aten/src/ATen/native/cuda/ScatterGatherKernel.cu:163: operator(): block: [0,0,0], thread: [13,0,0] Assertion `idx_dim >= 0 && idx_dim < index_size && "scatter gather kernel index out of bounds"` failed.
/pytorch/aten/src/ATen/native/cuda/ScatterGatherKernel.cu:163: operator(): block: [0,0,0], thread: [14,0,0] Assertion `idx_dim >= 0 && idx_dim < index_size && "scatter gather kernel index out of bounds"` failed.
/pytorch/aten/src/ATen/native/cuda/ScatterGatherKernel.cu:163: operator(): block: [0,0,0], thread: [15,0,0] Assertion `idx_dim >= 0 && idx_dim < index_size && "scatter gather kernel index out of bounds"` failed.
/pytorch/aten/src/ATen/native/cuda/ScatterGatherKernel.cu:163: operator(): block: [0,0,0], thread: [16,0,0] Assertion `idx_dim >= 0 && idx_dim < index_size && "scatter gather kernel index out of bounds"` failed.
/pytorch/aten/src/ATen/native/cuda/ScatterGatherKernel.cu:163: operator(): block: [0,0,0], thread: [17,0,0] Assertion `idx_dim >= 0 && idx_dim < index_size && "scatter gather kernel index out of bounds"` failed.
/pytorch/aten/src/ATen/native/cuda/ScatterGatherKernel.cu:163: operator(): block: [0,0,0], thread: [18,0,0] Assertion `idx_dim >= 0 && idx_dim < index_size && "scatter gather kernel index out of bounds"` failed.
/pytorch/aten/src/ATen/native/cuda/ScatterGatherKernel.cu:163: operator(): block: [0,0,0], thread: [19,0,0] Assertion `idx_dim >= 0 && idx_dim < index_size && "scatter gather kernel index out of bounds"` failed.
/pytorch/aten/src/ATen/native/cuda/ScatterGatherKernel.cu:163: operator(): block: [0,0,0], thread: [20,0,0] Assertion `idx_dim >= 0 && idx_dim < index_size && "scatter gather kernel index out of bounds"` failed.
/pytorch/aten/src/ATen/native/cuda/ScatterGatherKernel.cu:163: operator(): block: [0,0,0], thread: [21,0,0] Assertion `idx_dim >= 0 && idx_dim < index_size && "scatter gather kernel index out of bounds"` failed.
/pytorch/aten/src/ATen/native/cuda/ScatterGatherKernel.cu:163: operator(): block: [0,0,0], thread: [22,0,0] Assertion `idx_dim >= 0 && idx_dim < index_size && "scatter gather kernel index out of bounds"` failed.
/pytorch/aten/src/ATen/native/cuda/ScatterGatherKernel.cu:163: operator(): block: [0,0,0], thread: [23,0,0] Assertion `idx_dim >= 0 && idx_dim < index_size && "scatter gather kernel index out of bounds"` failed.
/pytorch/aten/src/ATen/native/cuda/ScatterGatherKernel.cu:163: operator(): block: [0,0,0], thread: [24,0,0] Assertion `idx_dim >= 0 && idx_dim < index_size && "scatter gather kernel index out of bounds"` failed.
/pytorch/aten/src/ATen/native/cuda/ScatterGatherKernel.cu:163: operator(): block: [0,0,0], thread: [25,0,0] Assertion `idx_dim >= 0 && idx_dim < index_size && "scatter gather kernel index out of bounds"` failed.
/pytorch/aten/src/ATen/native/cuda/ScatterGatherKernel.cu:163: operator(): block: [0,0,0], thread: [26,0,0] Assertion `idx_dim >= 0 && idx_dim < index_size && "scatter gather kernel index out of bounds"` failed.
/pytorch/aten/src/ATen/native/cuda/ScatterGatherKernel.cu:163: operator(): block: [0,0,0], thread: [27,0,0] Assertion `idx_dim >= 0 && idx_dim < index_size && "scatter gather kernel index out of bounds"` failed.
/pytorch/aten/src/ATen/native/cuda/ScatterGatherKernel.cu:163: operator(): block: [0,0,0], thread: [28,0,0] Assertion `idx_dim >= 0 && idx_dim < index_size && "scatter gather kernel index out of bounds"` failed.
/pytorch/aten/src/ATen/native/cuda/ScatterGatherKernel.cu:163: operator(): block: [0,0,0], thread: [29,0,0] Assertion `idx_dim >= 0 && idx_dim < index_size && "scatter gather kernel index out of bounds"` failed.
/pytorch/aten/src/ATen/native/cuda/ScatterGatherKernel.cu:163: operator(): block: [0,0,0], thread: [30,0,0] Assertion `idx_dim >= 0 && idx_dim < index_size && "scatter gather kernel index out of bounds"` failed.
/pytorch/aten/src/ATen/native/cuda/ScatterGatherKernel.cu:163: operator(): block: [0,0,0], thread: [31,0,0] Assertion `idx_dim >= 0 && idx_dim < index_size && "scatter gather kernel index out of bounds"` failed.
/pytorch/aten/src/ATen/native/cuda/ScatterGatherKernel.cu:163: operator(): block: [0,0,0], thread: [96,0,0] Assertion `idx_dim >= 0 && idx_dim < index_size && "scatter gather kernel index out of bounds"` failed.
/pytorch/aten/src/ATen/native/cuda/ScatterGatherKernel.cu:163: operator(): block: [0,0,0], thread: [97,0,0] Assertion `idx_dim >= 0 && idx_dim < index_size && "scatter gather kernel index out of bounds"` failed.
/pytorch/aten/src/ATen/native/cuda/ScatterGatherKernel.cu:163: operator(): block: [0,0,0], thread: [98,0,0] Assertion `idx_dim >= 0 && idx_dim < index_size && "scatter gather kernel index out of bounds"` failed.
/pytorch/aten/src/ATen/native/cuda/ScatterGatherKernel.cu:163: operator(): block: [0,0,0], thread: [99,0,0] Assertion `idx_dim >= 0 && idx_dim < index_size && "scatter gather kernel index out of bounds"` failed.
/pytorch/aten/src/ATen/native/cuda/ScatterGatherKernel.cu:163: operator(): block: [0,0,0], thread: [100,0,0] Assertion `idx_dim >= 0 && idx_dim < index_size && "scatter gather kernel index out of bounds"` failed.
/pytorch/aten/src/ATen/native/cuda/ScatterGatherKernel.cu:163: operator(): block: [0,0,0], thread: [101,0,0] Assertion `idx_dim >= 0 && idx_dim < index_size && "scatter gather kernel index out of bounds"` failed.
/pytorch/aten/src/ATen/native/cuda/ScatterGatherKernel.cu:163: operator(): block: [0,0,0], thread: [102,0,0] Assertion `idx_dim >= 0 && idx_dim < index_size && "scatter gather kernel index out of bounds"` failed.
/pytorch/aten/src/ATen/native/cuda/ScatterGatherKernel.cu:163: operator(): block: [0,0,0], thread: [103,0,0] Assertion `idx_dim >= 0 && idx_dim < index_size && "scatter gather kernel index out of bounds"` failed.
/pytorch/aten/src/ATen/native/cuda/ScatterGatherKernel.cu:163: operator(): block: [0,0,0], thread: [104,0,0] Assertion `idx_dim >= 0 && idx_dim < index_size && "scatter gather kernel index out of bounds"` failed.
/pytorch/aten/src/ATen/native/cuda/ScatterGatherKernel.cu:163: operator(): block: [0,0,0], thread: [105,0,0] Assertion `idx_dim >= 0 && idx_dim < index_size && "scatter gather kernel index out of bounds"` failed.
/pytorch/aten/src/ATen/native/cuda/ScatterGatherKernel.cu:163: operator(): block: [0,0,0], thread: [106,0,0] Assertion `idx_dim >= 0 && idx_dim < index_size && "scatter gather kernel index out of bounds"` failed.
/pytorch/aten/src/ATen/native/cuda/ScatterGatherKernel.cu:163: operator(): block: [0,0,0], thread: [107,0,0] Assertion `idx_dim >= 0 && idx_dim < index_size && "scatter gather kernel index out of bounds"` failed.
/pytorch/aten/src/ATen/native/cuda/ScatterGatherKernel.cu:163: operator(): block: [0,0,0], thread: [108,0,0] Assertion `idx_dim >= 0 && idx_dim < index_size && "scatter gather kernel index out of bounds"` failed.
/pytorch/aten/src/ATen/native/cuda/ScatterGatherKernel.cu:163: operator(): block: [0,0,0], thread: [109,0,0] Assertion `idx_dim >= 0 && idx_dim < index_size && "scatter gather kernel index out of bounds"` failed.
/pytorch/aten/src/ATen/native/cuda/ScatterGatherKernel.cu:163: operator(): block: [0,0,0], thread: [110,0,0] Assertion `idx_dim >= 0 && idx_dim < index_size && "scatter gather kernel index out of bounds"` failed.
/pytorch/aten/src/ATen/native/cuda/ScatterGatherKernel.cu:163: operator(): block: [0,0,0], thread: [111,0,0] Assertion `idx_dim >= 0 && idx_dim < index_size && "scatter gather kernel index out of bounds"` failed.
/pytorch/aten/src/ATen/native/cuda/ScatterGatherKernel.cu:163: operator(): block: [0,0,0], thread: [112,0,0] Assertion `idx_dim >= 0 && idx_dim < index_size && "scatter gather kernel index out of bounds"` failed.
/pytorch/aten/src/ATen/native/cuda/ScatterGatherKernel.cu:163: operator(): block: [0,0,0], thread: [113,0,0] Assertion `idx_dim >= 0 && idx_dim < index_size && "scatter gather kernel index out of bounds"` failed.
/pytorch/aten/src/ATen/native/cuda/ScatterGatherKernel.cu:163: operator(): block: [0,0,0], thread: [114,0,0] Assertion `idx_dim >= 0 && idx_dim < index_size && "scatter gather kernel index out of bounds"` failed.
/pytorch/aten/src/ATen/native/cuda/ScatterGatherKernel.cu:163: operator(): block: [0,0,0], thread: [115,0,0] Assertion `idx_dim >= 0 && idx_dim < index_size && "scatter gather kernel index out of bounds"` failed.
/pytorch/aten/src/ATen/native/cuda/ScatterGatherKernel.cu:163: operator(): block: [0,0,0], thread: [116,0,0] Assertion `idx_dim >= 0 && idx_dim < index_size && "scatter gather kernel index out of bounds"` failed.
/pytorch/aten/src/ATen/native/cuda/ScatterGatherKernel.cu:163: operator(): block: [0,0,0], thread: [117,0,0] Assertion `idx_dim >= 0 && idx_dim < index_size && "scatter gather kernel index out of bounds"` failed.
/pytorch/aten/src/ATen/native/cuda/ScatterGatherKernel.cu:163: operator(): block: [0,0,0], thread: [118,0,0] Assertion `idx_dim >= 0 && idx_dim < index_size && "scatter gather kernel index out of bounds"` failed.
/pytorch/aten/src/ATen/native/cuda/ScatterGatherKernel.cu:163: operator(): block: [0,0,0], thread: [119,0,0] Assertion `idx_dim >= 0 && idx_dim < index_size && "scatter gather kernel index out of bounds"` failed.
/pytorch/aten/src/ATen/native/cuda/ScatterGatherKernel.cu:163: operator(): block: [0,0,0], thread: [120,0,0] Assertion `idx_dim >= 0 && idx_dim < index_size && "scatter gather kernel index out of bounds"` failed.
/pytorch/aten/src/ATen/native/cuda/ScatterGatherKernel.cu:163: operator(): block: [0,0,0], thread: [121,0,0] Assertion `idx_dim >= 0 && idx_dim < index_size && "scatter gather kernel index out of bounds"` failed.
/pytorch/aten/src/ATen/native/cuda/ScatterGatherKernel.cu:163: operator(): block: [0,0,0], thread: [122,0,0] Assertion `idx_dim >= 0 && idx_dim < index_size && "scatter gather kernel index out of bounds"` failed.
/pytorch/aten/src/ATen/native/cuda/ScatterGatherKernel.cu:163: operator(): block: [0,0,0], thread: [123,0,0] Assertion `idx_dim >= 0 && idx_dim < index_size && "scatter gather kernel index out of bounds"` failed.
/pytorch/aten/src/ATen/native/cuda/ScatterGatherKernel.cu:163: operator(): block: [0,0,0], thread: [124,0,0] Assertion `idx_dim >= 0 && idx_dim < index_size && "scatter gather kernel index out of bounds"` failed.
/pytorch/aten/src/ATen/native/cuda/ScatterGatherKernel.cu:163: operator(): block: [0,0,0], thread: [125,0,0] Assertion `idx_dim >= 0 && idx_dim < index_size && "scatter gather kernel index out of bounds"` failed.
/pytorch/aten/src/ATen/native/cuda/ScatterGatherKernel.cu:163: operator(): block: [0,0,0], thread: [126,0,0] Assertion `idx_dim >= 0 && idx_dim < index_size && "scatter gather kernel index out of bounds"` failed.
/pytorch/aten/src/ATen/native/cuda/ScatterGatherKernel.cu:163: operator(): block: [0,0,0], thread: [127,0,0] Assertion `idx_dim >= 0 && idx_dim < index_size && "scatter gather kernel index out of bounds"` failed.
/pytorch/aten/src/ATen/native/cuda/ScatterGatherKernel.cu:163: operator(): block: [0,0,0], thread: [32,0,0] Assertion `idx_dim >= 0 && idx_dim < index_size && "scatter gather kernel index out of bounds"` failed.
/pytorch/aten/src/ATen/native/cuda/ScatterGatherKernel.cu:163: operator(): block: [0,0,0], thread: [33,0,0] Assertion `idx_dim >= 0 && idx_dim < index_size && "scatter gather kernel index out of bounds"` failed.
/pytorch/aten/src/ATen/native/cuda/ScatterGatherKernel.cu:163: operator(): block: [0,0,0], thread: [34,0,0] Assertion `idx_dim >= 0 && idx_dim < index_size && "scatter gather kernel index out of bounds"` failed.
/pytorch/aten/src/ATen/native/cuda/ScatterGatherKernel.cu:163: operator(): block: [0,0,0], thread: [35,0,0] Assertion `idx_dim >= 0 && idx_dim < index_size && "scatter gather kernel index out of bounds"` failed.
/pytorch/aten/src/ATen/native/cuda/ScatterGatherKernel.cu:163: operator(): block: [0,0,0], thread: [36,0,0] Assertion `idx_dim >= 0 && idx_dim < index_size && "scatter gather kernel index out of bounds"` failed.
/pytorch/aten/src/ATen/native/cuda/ScatterGatherKernel.cu:163: operator(): block: [0,0,0], thread: [37,0,0] Assertion `idx_dim >= 0 && idx_dim < index_size && "scatter gather kernel index out of bounds"` failed.
/pytorch/aten/src/ATen/native/cuda/ScatterGatherKernel.cu:163: operator(): block: [0,0,0], thread: [38,0,0] Assertion `idx_dim >= 0 && idx_dim < index_size && "scatter gather kernel index out of bounds"` failed.
/pytorch/aten/src/ATen/native/cuda/ScatterGatherKernel.cu:163: operator(): block: [0,0,0], thread: [39,0,0] Assertion `idx_dim >= 0 && idx_dim < index_size && "scatter gather kernel index out of bounds"` failed.
/pytorch/aten/src/ATen/native/cuda/ScatterGatherKernel.cu:163: operator(): block: [0,0,0], thread: [40,0,0] Assertion `idx_dim >= 0 && idx_dim < index_size && "scatter gather kernel index out of bounds"` failed.
/pytorch/aten/src/ATen/native/cuda/ScatterGatherKernel.cu:163: operator(): block: [0,0,0], thread: [41,0,0] Assertion `idx_dim >= 0 && idx_dim < index_size && "scatter gather kernel index out of bounds"` failed.
/pytorch/aten/src/ATen/native/cuda/ScatterGatherKernel.cu:163: operator(): block: [0,0,0], thread: [42,0,0] Assertion `idx_dim >= 0 && idx_dim < index_size && "scatter gather kernel index out of bounds"` failed.
/pytorch/aten/src/ATen/native/cuda/ScatterGatherKernel.cu:163: operator(): block: [0,0,0], thread: [43,0,0] Assertion `idx_dim >= 0 && idx_dim < index_size && "scatter gather kernel index out of bounds"` failed.
/pytorch/aten/src/ATen/native/cuda/ScatterGatherKernel.cu:163: operator(): block: [0,0,0], thread: [44,0,0] Assertion `idx_dim >= 0 && idx_dim < index_size && "scatter gather kernel index out of bounds"` failed.
/pytorch/aten/src/ATen/native/cuda/ScatterGatherKernel.cu:163: operator(): block: [0,0,0], thread: [45,0,0] Assertion `idx_dim >= 0 && idx_dim < index_size && "scatter gather kernel index out of bounds"` failed.
/pytorch/aten/src/ATen/native/cuda/ScatterGatherKernel.cu:163: operator(): block: [0,0,0], thread: [46,0,0] Assertion `idx_dim >= 0 && idx_dim < index_size && "scatter gather kernel index out of bounds"` failed.
/pytorch/aten/src/ATen/native/cuda/ScatterGatherKernel.cu:163: operator(): block: [0,0,0], thread: [47,0,0] Assertion `idx_dim >= 0 && idx_dim < index_size && "scatter gather kernel index out of bounds"` failed.
/pytorch/aten/src/ATen/native/cuda/ScatterGatherKernel.cu:163: operator(): block: [0,0,0], thread: [48,0,0] Assertion `idx_dim >= 0 && idx_dim < index_size && "scatter gather kernel index out of bounds"` failed.
/pytorch/aten/src/ATen/native/cuda/ScatterGatherKernel.cu:163: operator(): block: [0,0,0], thread: [49,0,0] Assertion `idx_dim >= 0 && idx_dim < index_size && "scatter gather kernel index out of bounds"` failed.
/pytorch/aten/src/ATen/native/cuda/ScatterGatherKernel.cu:163: operator(): block: [0,0,0], thread: [50,0,0] Assertion `idx_dim >= 0 && idx_dim < index_size && "scatter gather kernel index out of bounds"` failed.
/pytorch/aten/src/ATen/native/cuda/ScatterGatherKernel.cu:163: operator(): block: [0,0,0], thread: [51,0,0] Assertion `idx_dim >= 0 && idx_dim < index_size && "scatter gather kernel index out of bounds"` failed.
/pytorch/aten/src/ATen/native/cuda/ScatterGatherKernel.cu:163: operator(): block: [0,0,0], thread: [52,0,0] Assertion `idx_dim >= 0 && idx_dim < index_size && "scatter gather kernel index out of bounds"` failed.
/pytorch/aten/src/ATen/native/cuda/ScatterGatherKernel.cu:163: operator(): block: [0,0,0], thread: [53,0,0] Assertion `idx_dim >= 0 && idx_dim < index_size && "scatter gather kernel index out of bounds"` failed.
/pytorch/aten/src/ATen/native/cuda/ScatterGatherKernel.cu:163: operator(): block: [0,0,0], thread: [54,0,0] Assertion `idx_dim >= 0 && idx_dim < index_size && "scatter gather kernel index out of bounds"` failed.
/pytorch/aten/src/ATen/native/cuda/ScatterGatherKernel.cu:163: operator(): block: [0,0,0], thread: [55,0,0] Assertion `idx_dim >= 0 && idx_dim < index_size && "scatter gather kernel index out of bounds"` failed.
/pytorch/aten/src/ATen/native/cuda/ScatterGatherKernel.cu:163: operator(): block: [0,0,0], thread: [56,0,0] Assertion `idx_dim >= 0 && idx_dim < index_size && "scatter gather kernel index out of bounds"` failed.
/pytorch/aten/src/ATen/native/cuda/ScatterGatherKernel.cu:163: operator(): block: [0,0,0], thread: [57,0,0] Assertion `idx_dim >= 0 && idx_dim < index_size && "scatter gather kernel index out of bounds"` failed.
/pytorch/aten/src/ATen/native/cuda/ScatterGatherKernel.cu:163: operator(): block: [0,0,0], thread: [58,0,0] Assertion `idx_dim >= 0 && idx_dim < index_size && "scatter gather kernel index out of bounds"` failed.
/pytorch/aten/src/ATen/native/cuda/ScatterGatherKernel.cu:163: operator(): block: [0,0,0], thread: [59,0,0] Assertion `idx_dim >= 0 && idx_dim < index_size && "scatter gather kernel index out of bounds"` failed.
/pytorch/aten/src/ATen/native/cuda/ScatterGatherKernel.cu:163: operator(): block: [0,0,0], thread: [60,0,0] Assertion `idx_dim >= 0 && idx_dim < index_size && "scatter gather kernel index out of bounds"` failed.
/pytorch/aten/src/ATen/native/cuda/ScatterGatherKernel.cu:163: operator(): block: [0,0,0], thread: [61,0,0] Assertion `idx_dim >= 0 && idx_dim < index_size && "scatter gather kernel index out of bounds"` failed.
/pytorch/aten/src/ATen/native/cuda/ScatterGatherKernel.cu:163: operator(): block: [0,0,0], thread: [62,0,0] Assertion `idx_dim >= 0 && idx_dim < index_size && "scatter gather kernel index out of bounds"` failed.
/pytorch/aten/src/ATen/native/cuda/ScatterGatherKernel.cu:163: operator(): block: [0,0,0], thread: [63,0,0] Assertion `idx_dim >= 0 && idx_dim < index_size && "scatter gather kernel index out of bounds"` failed.
/pytorch/aten/src/ATen/native/cuda/ScatterGatherKernel.cu:163: operator(): block: [0,0,0], thread: [64,0,0] Assertion `idx_dim >= 0 && idx_dim < index_size && "scatter gather kernel index out of bounds"` failed.
/pytorch/aten/src/ATen/native/cuda/ScatterGatherKernel.cu:163: operator(): block: [0,0,0], thread: [65,0,0] Assertion `idx_dim >= 0 && idx_dim < index_size && "scatter gather kernel index out of bounds"` failed.
/pytorch/aten/src/ATen/native/cuda/ScatterGatherKernel.cu:163: operator(): block: [0,0,0], thread: [66,0,0] Assertion `idx_dim >= 0 && idx_dim < index_size && "scatter gather kernel index out of bounds"` failed.
/pytorch/aten/src/ATen/native/cuda/ScatterGatherKernel.cu:163: operator(): block: [0,0,0], thread: [67,0,0] Assertion `idx_dim >= 0 && idx_dim < index_size && "scatter gather kernel index out of bounds"` failed.
/pytorch/aten/src/ATen/native/cuda/ScatterGatherKernel.cu:163: operator(): block: [0,0,0], thread: [68,0,0] Assertion `idx_dim >= 0 && idx_dim < index_size && "scatter gather kernel index out of bounds"` failed.
/pytorch/aten/src/ATen/native/cuda/ScatterGatherKernel.cu:163: operator(): block: [0,0,0], thread: [69,0,0] Assertion `idx_dim >= 0 && idx_dim < index_size && "scatter gather kernel index out of bounds"` failed.
/pytorch/aten/src/ATen/native/cuda/ScatterGatherKernel.cu:163: operator(): block: [0,0,0], thread: [70,0,0] Assertion `idx_dim >= 0 && idx_dim < index_size && "scatter gather kernel index out of bounds"` failed.
/pytorch/aten/src/ATen/native/cuda/ScatterGatherKernel.cu:163: operator(): block: [0,0,0], thread: [71,0,0] Assertion `idx_dim >= 0 && idx_dim < index_size && "scatter gather kernel index out of bounds"` failed.
/pytorch/aten/src/ATen/native/cuda/ScatterGatherKernel.cu:163: operator(): block: [0,0,0], thread: [72,0,0] Assertion `idx_dim >= 0 && idx_dim < index_size && "scatter gather kernel index out of bounds"` failed.
/pytorch/aten/src/ATen/native/cuda/ScatterGatherKernel.cu:163: operator(): block: [0,0,0], thread: [73,0,0] Assertion `idx_dim >= 0 && idx_dim < index_size && "scatter gather kernel index out of bounds"` failed.
/pytorch/aten/src/ATen/native/cuda/ScatterGatherKernel.cu:163: operator(): block: [0,0,0], thread: [74,0,0] Assertion `idx_dim >= 0 && idx_dim < index_size && "scatter gather kernel index out of bounds"` failed.
/pytorch/aten/src/ATen/native/cuda/ScatterGatherKernel.cu:163: operator(): block: [0,0,0], thread: [75,0,0] Assertion `idx_dim >= 0 && idx_dim < index_size && "scatter gather kernel index out of bounds"` failed.
/pytorch/aten/src/ATen/native/cuda/ScatterGatherKernel.cu:163: operator(): block: [0,0,0], thread: [76,0,0] Assertion `idx_dim >= 0 && idx_dim < index_size && "scatter gather kernel index out of bounds"` failed.
/pytorch/aten/src/ATen/native/cuda/ScatterGatherKernel.cu:163: operator(): block: [0,0,0], thread: [77,0,0] Assertion `idx_dim >= 0 && idx_dim < index_size && "scatter gather kernel index out of bounds"` failed.
/pytorch/aten/src/ATen/native/cuda/ScatterGatherKernel.cu:163: operator(): block: [0,0,0], thread: [78,0,0] Assertion `idx_dim >= 0 && idx_dim < index_size && "scatter gather kernel index out of bounds"` failed.
/pytorch/aten/src/ATen/native/cuda/ScatterGatherKernel.cu:163: operator(): block: [0,0,0], thread: [79,0,0] Assertion `idx_dim >= 0 && idx_dim < index_size && "scatter gather kernel index out of bounds"` failed.
/pytorch/aten/src/ATen/native/cuda/ScatterGatherKernel.cu:163: operator(): block: [0,0,0], thread: [80,0,0] Assertion `idx_dim >= 0 && idx_dim < index_size && "scatter gather kernel index out of bounds"` failed.
/pytorch/aten/src/ATen/native/cuda/ScatterGatherKernel.cu:163: operator(): block: [0,0,0], thread: [81,0,0] Assertion `idx_dim >= 0 && idx_dim < index_size && "scatter gather kernel index out of bounds"` failed.
/pytorch/aten/src/ATen/native/cuda/ScatterGatherKernel.cu:163: operator(): block: [0,0,0], thread: [82,0,0] Assertion `idx_dim >= 0 && idx_dim < index_size && "scatter gather kernel index out of bounds"` failed.
/pytorch/aten/src/ATen/native/cuda/ScatterGatherKernel.cu:163: operator(): block: [0,0,0], thread: [83,0,0] Assertion `idx_dim >= 0 && idx_dim < index_size && "scatter gather kernel index out of bounds"` failed.
/pytorch/aten/src/ATen/native/cuda/ScatterGatherKernel.cu:163: operator(): block: [0,0,0], thread: [84,0,0] Assertion `idx_dim >= 0 && idx_dim < index_size && "scatter gather kernel index out of bounds"` failed.
/pytorch/aten/src/ATen/native/cuda/ScatterGatherKernel.cu:163: operator(): block: [0,0,0], thread: [85,0,0] Assertion `idx_dim >= 0 && idx_dim < index_size && "scatter gather kernel index out of bounds"` failed.
/pytorch/aten/src/ATen/native/cuda/ScatterGatherKernel.cu:163: operator(): block: [0,0,0], thread: [86,0,0] Assertion `idx_dim >= 0 && idx_dim < index_size && "scatter gather kernel index out of bounds"` failed.
/pytorch/aten/src/ATen/native/cuda/ScatterGatherKernel.cu:163: operator(): block: [0,0,0], thread: [87,0,0] Assertion `idx_dim >= 0 && idx_dim < index_size && "scatter gather kernel index out of bounds"` failed.
/pytorch/aten/src/ATen/native/cuda/ScatterGatherKernel.cu:163: operator(): block: [0,0,0], thread: [88,0,0] Assertion `idx_dim >= 0 && idx_dim < index_size && "scatter gather kernel index out of bounds"` failed.
/pytorch/aten/src/ATen/native/cuda/ScatterGatherKernel.cu:163: operator(): block: [0,0,0], thread: [89,0,0] Assertion `idx_dim >= 0 && idx_dim < index_size && "scatter gather kernel index out of bounds"` failed.
/pytorch/aten/src/ATen/native/cuda/ScatterGatherKernel.cu:163: operator(): block: [0,0,0], thread: [90,0,0] Assertion `idx_dim >= 0 && idx_dim < index_size && "scatter gather kernel index out of bounds"` failed.
/pytorch/aten/src/ATen/native/cuda/ScatterGatherKernel.cu:163: operator(): block: [0,0,0], thread: [91,0,0] Assertion `idx_dim >= 0 && idx_dim < index_size && "scatter gather kernel index out of bounds"` failed.
/pytorch/aten/src/ATen/native/cuda/ScatterGatherKernel.cu:163: operator(): block: [0,0,0], thread: [92,0,0] Assertion `idx_dim >= 0 && idx_dim < index_size && "scatter gather kernel index out of bounds"` failed.
/pytorch/aten/src/ATen/native/cuda/ScatterGatherKernel.cu:163: operator(): block: [0,0,0], thread: [93,0,0] Assertion `idx_dim >= 0 && idx_dim < index_size && "scatter gather kernel index out of bounds"` failed.
/pytorch/aten/src/ATen/native/cuda/ScatterGatherKernel.cu:163: operator(): block: [0,0,0], thread: [94,0,0] Assertion `idx_dim >= 0 && idx_dim < index_size && "scatter gather kernel index out of bounds"` failed.
/pytorch/aten/src/ATen/native/cuda/ScatterGatherKernel.cu:163: operator(): block: [0,0,0], thread: [95,0,0] Assertion `idx_dim >= 0 && idx_dim < index_size && "scatter gather kernel index out of bounds"` failed.
/pytorch/aten/src/ATen/native/cuda/ScatterGatherKernel.cu:163: operator(): block: [1,0,0], thread: [96,0,0] Assertion `idx_dim >= 0 && idx_dim < index_size && "scatter gather kernel index out of bounds"` failed.
/pytorch/aten/src/ATen/native/cuda/ScatterGatherKernel.cu:163: operator(): block: [1,0,0], thread: [97,0,0] Assertion `idx_dim >= 0 && idx_dim < index_size && "scatter gather kernel index out of bounds"` failed.
/pytorch/aten/src/ATen/native/cuda/ScatterGatherKernel.cu:163: operator(): block: [1,0,0], thread: [98,0,0] Assertion `idx_dim >= 0 && idx_dim < index_size && "scatter gather kernel index out of bounds"` failed.
/pytorch/aten/src/ATen/native/cuda/ScatterGatherKernel.cu:163: operator(): block: [1,0,0], thread: [99,0,0] Assertion `idx_dim >= 0 && idx_dim < index_size && "scatter gather kernel index out of bounds"` failed.
/pytorch/aten/src/ATen/native/cuda/ScatterGatherKernel.cu:163: operator(): block: [1,0,0], thread: [100,0,0] Assertion `idx_dim >= 0 && idx_dim < index_size && "scatter gather kernel index out of bounds"` failed.
/pytorch/aten/src/ATen/native/cuda/ScatterGatherKernel.cu:163: operator(): block: [1,0,0], thread: [101,0,0] Assertion `idx_dim >= 0 && idx_dim < index_size && "scatter gather kernel index out of bounds"` failed.
/pytorch/aten/src/ATen/native/cuda/ScatterGatherKernel.cu:163: operator(): block: [1,0,0], thread: [102,0,0] Assertion `idx_dim >= 0 && idx_dim < index_size && "scatter gather kernel index out of bounds"` failed.
/pytorch/aten/src/ATen/native/cuda/ScatterGatherKernel.cu:163: operator(): block: [1,0,0], thread: [103,0,0] Assertion `idx_dim >= 0 && idx_dim < index_size && "scatter gather kernel index out of bounds"` failed.
/pytorch/aten/src/ATen/native/cuda/ScatterGatherKernel.cu:163: operator(): block: [1,0,0], thread: [104,0,0] Assertion `idx_dim >= 0 && idx_dim < index_size && "scatter gather kernel index out of bounds"` failed.
/pytorch/aten/src/ATen/native/cuda/ScatterGatherKernel.cu:163: operator(): block: [1,0,0], thread: [105,0,0] Assertion `idx_dim >= 0 && idx_dim < index_size && "scatter gather kernel index out of bounds"` failed.
/pytorch/aten/src/ATen/native/cuda/ScatterGatherKernel.cu:163: operator(): block: [1,0,0], thread: [106,0,0] Assertion `idx_dim >= 0 && idx_dim < index_size && "scatter gather kernel index out of bounds"` failed.
/pytorch/aten/src/ATen/native/cuda/ScatterGatherKernel.cu:163: operator(): block: [1,0,0], thread: [107,0,0] Assertion `idx_dim >= 0 && idx_dim < index_size && "scatter gather kernel index out of bounds"` failed.
/pytorch/aten/src/ATen/native/cuda/ScatterGatherKernel.cu:163: operator(): block: [1,0,0], thread: [108,0,0] Assertion `idx_dim >= 0 && idx_dim < index_size && "scatter gather kernel index out of bounds"` failed.
/pytorch/aten/src/ATen/native/cuda/ScatterGatherKernel.cu:163: operator(): block: [1,0,0], thread: [109,0,0] Assertion `idx_dim >= 0 && idx_dim < index_size && "scatter gather kernel index out of bounds"` failed.
/pytorch/aten/src/ATen/native/cuda/ScatterGatherKernel.cu:163: operator(): block: [1,0,0], thread: [110,0,0] Assertion `idx_dim >= 0 && idx_dim < index_size && "scatter gather kernel index out of bounds"` failed.
/pytorch/aten/src/ATen/native/cuda/ScatterGatherKernel.cu:163: operator(): block: [1,0,0], thread: [111,0,0] Assertion `idx_dim >= 0 && idx_dim < index_size && "scatter gather kernel index out of bounds"` failed.
/pytorch/aten/src/ATen/native/cuda/ScatterGatherKernel.cu:163: operator(): block: [1,0,0], thread: [112,0,0] Assertion `idx_dim >= 0 && idx_dim < index_size && "scatter gather kernel index out of bounds"` failed.
/pytorch/aten/src/ATen/native/cuda/ScatterGatherKernel.cu:163: operator(): block: [1,0,0], thread: [113,0,0] Assertion `idx_dim >= 0 && idx_dim < index_size && "scatter gather kernel index out of bounds"` failed.
/pytorch/aten/src/ATen/native/cuda/ScatterGatherKernel.cu:163: operator(): block: [1,0,0], thread: [114,0,0] Assertion `idx_dim >= 0 && idx_dim < index_size && "scatter gather kernel index out of bounds"` failed.
/pytorch/aten/src/ATen/native/cuda/ScatterGatherKernel.cu:163: operator(): block: [1,0,0], thread: [115,0,0] Assertion `idx_dim >= 0 && idx_dim < index_size && "scatter gather kernel index out of bounds"` failed.
/pytorch/aten/src/ATen/native/cuda/ScatterGatherKernel.cu:163: operator(): block: [1,0,0], thread: [116,0,0] Assertion `idx_dim >= 0 && idx_dim < index_size && "scatter gather kernel index out of bounds"` failed.
/pytorch/aten/src/ATen/native/cuda/ScatterGatherKernel.cu:163: operator(): block: [1,0,0], thread: [117,0,0] Assertion `idx_dim >= 0 && idx_dim < index_size && "scatter gather kernel index out of bounds"` failed.
/pytorch/aten/src/ATen/native/cuda/ScatterGatherKernel.cu:163: operator(): block: [1,0,0], thread: [118,0,0] Assertion `idx_dim >= 0 && idx_dim < index_size && "scatter gather kernel index out of bounds"` failed.
/pytorch/aten/src/ATen/native/cuda/ScatterGatherKernel.cu:163: operator(): block: [1,0,0], thread: [119,0,0] Assertion `idx_dim >= 0 && idx_dim < index_size && "scatter gather kernel index out of bounds"` failed.
/pytorch/aten/src/ATen/native/cuda/ScatterGatherKernel.cu:163: operator(): block: [1,0,0], thread: [120,0,0] Assertion `idx_dim >= 0 && idx_dim < index_size && "scatter gather kernel index out of bounds"` failed.
/pytorch/aten/src/ATen/native/cuda/ScatterGatherKernel.cu:163: operator(): block: [1,0,0], thread: [121,0,0] Assertion `idx_dim >= 0 && idx_dim < index_size && "scatter gather kernel index out of bounds"` failed.
/pytorch/aten/src/ATen/native/cuda/ScatterGatherKernel.cu:163: operator(): block: [1,0,0], thread: [122,0,0] Assertion `idx_dim >= 0 && idx_dim < index_size && "scatter gather kernel index out of bounds"` failed.
/pytorch/aten/src/ATen/native/cuda/ScatterGatherKernel.cu:163: operator(): block: [1,0,0], thread: [123,0,0] Assertion `idx_dim >= 0 && idx_dim < index_size && "scatter gather kernel index out of bounds"` failed.
/pytorch/aten/src/ATen/native/cuda/ScatterGatherKernel.cu:163: operator(): block: [1,0,0], thread: [124,0,0] Assertion `idx_dim >= 0 && idx_dim < index_size && "scatter gather kernel index out of bounds"` failed.
/pytorch/aten/src/ATen/native/cuda/ScatterGatherKernel.cu:163: operator(): block: [1,0,0], thread: [125,0,0] Assertion `idx_dim >= 0 && idx_dim < index_size && "scatter gather kernel index out of bounds"` failed.
/pytorch/aten/src/ATen/native/cuda/ScatterGatherKernel.cu:163: operator(): block: [1,0,0], thread: [126,0,0] Assertion `idx_dim >= 0 && idx_dim < index_size && "scatter gather kernel index out of bounds"` failed.
/pytorch/aten/src/ATen/native/cuda/ScatterGatherKernel.cu:163: operator(): block: [1,0,0], thread: [127,0,0] Assertion `idx_dim >= 0 && idx_dim < index_size && "scatter gather kernel index out of bounds"` failed.
/pytorch/aten/src/ATen/native/cuda/ScatterGatherKernel.cu:163: operator(): block: [1,0,0], thread: [64,0,0] Assertion `idx_dim >= 0 && idx_dim < index_size && "scatter gather kernel index out of bounds"` failed.
/pytorch/aten/src/ATen/native/cuda/ScatterGatherKernel.cu:163: operator(): block: [1,0,0], thread: [65,0,0] Assertion `idx_dim >= 0 && idx_dim < index_size && "scatter gather kernel index out of bounds"` failed.
/pytorch/aten/src/ATen/native/cuda/ScatterGatherKernel.cu:163: operator(): block: [1,0,0], thread: [66,0,0] Assertion `idx_dim >= 0 && idx_dim < index_size && "scatter gather kernel index out of bounds"` failed.
/pytorch/aten/src/ATen/native/cuda/ScatterGatherKernel.cu:163: operator(): block: [1,0,0], thread: [67,0,0] Assertion `idx_dim >= 0 && idx_dim < index_size && "scatter gather kernel index out of bounds"` failed.
/pytorch/aten/src/ATen/native/cuda/ScatterGatherKernel.cu:163: operator(): block: [1,0,0], thread: [68,0,0] Assertion `idx_dim >= 0 && idx_dim < index_size && "scatter gather kernel index out of bounds"` failed.
/pytorch/aten/src/ATen/native/cuda/ScatterGatherKernel.cu:163: operator(): block: [1,0,0], thread: [69,0,0] Assertion `idx_dim >= 0 && idx_dim < index_size && "scatter gather kernel index out of bounds"` failed.
/pytorch/aten/src/ATen/native/cuda/ScatterGatherKernel.cu:163: operator(): block: [1,0,0], thread: [70,0,0] Assertion `idx_dim >= 0 && idx_dim < index_size && "scatter gather kernel index out of bounds"` failed.
/pytorch/aten/src/ATen/native/cuda/ScatterGatherKernel.cu:163: operator(): block: [1,0,0], thread: [71,0,0] Assertion `idx_dim >= 0 && idx_dim < index_size && "scatter gather kernel index out of bounds"` failed.
/pytorch/aten/src/ATen/native/cuda/ScatterGatherKernel.cu:163: operator(): block: [1,0,0], thread: [72,0,0] Assertion `idx_dim >= 0 && idx_dim < index_size && "scatter gather kernel index out of bounds"` failed.
/pytorch/aten/src/ATen/native/cuda/ScatterGatherKernel.cu:163: operator(): block: [1,0,0], thread: [73,0,0] Assertion `idx_dim >= 0 && idx_dim < index_size && "scatter gather kernel index out of bounds"` failed.
/pytorch/aten/src/ATen/native/cuda/ScatterGatherKernel.cu:163: operator(): block: [1,0,0], thread: [74,0,0] Assertion `idx_dim >= 0 && idx_dim < index_size && "scatter gather kernel index out of bounds"` failed.
/pytorch/aten/src/ATen/native/cuda/ScatterGatherKernel.cu:163: operator(): block: [1,0,0], thread: [75,0,0] Assertion `idx_dim >= 0 && idx_dim < index_size && "scatter gather kernel index out of bounds"` failed.
/pytorch/aten/src/ATen/native/cuda/ScatterGatherKernel.cu:163: operator(): block: [1,0,0], thread: [76,0,0] Assertion `idx_dim >= 0 && idx_dim < index_size && "scatter gather kernel index out of bounds"` failed.
/pytorch/aten/src/ATen/native/cuda/ScatterGatherKernel.cu:163: operator(): block: [1,0,0], thread: [77,0,0] Assertion `idx_dim >= 0 && idx_dim < index_size && "scatter gather kernel index out of bounds"` failed.
/pytorch/aten/src/ATen/native/cuda/ScatterGatherKernel.cu:163: operator(): block: [1,0,0], thread: [78,0,0] Assertion `idx_dim >= 0 && idx_dim < index_size && "scatter gather kernel index out of bounds"` failed.
/pytorch/aten/src/ATen/native/cuda/ScatterGatherKernel.cu:163: operator(): block: [1,0,0], thread: [79,0,0] Assertion `idx_dim >= 0 && idx_dim < index_size && "scatter gather kernel index out of bounds"` failed.
/pytorch/aten/src/ATen/native/cuda/ScatterGatherKernel.cu:163: operator(): block: [1,0,0], thread: [80,0,0] Assertion `idx_dim >= 0 && idx_dim < index_size && "scatter gather kernel index out of bounds"` failed.
/pytorch/aten/src/ATen/native/cuda/ScatterGatherKernel.cu:163: operator(): block: [1,0,0], thread: [81,0,0] Assertion `idx_dim >= 0 && idx_dim < index_size && "scatter gather kernel index out of bounds"` failed.
/pytorch/aten/src/ATen/native/cuda/ScatterGatherKernel.cu:163: operator(): block: [1,0,0], thread: [82,0,0] Assertion `idx_dim >= 0 && idx_dim < index_size && "scatter gather kernel index out of bounds"` failed.
/pytorch/aten/src/ATen/native/cuda/ScatterGatherKernel.cu:163: operator(): block: [1,0,0], thread: [83,0,0] Assertion `idx_dim >= 0 && idx_dim < index_size && "scatter gather kernel index out of bounds"` failed.
/pytorch/aten/src/ATen/native/cuda/ScatterGatherKernel.cu:163: operator(): block: [1,0,0], thread: [84,0,0] Assertion `idx_dim >= 0 && idx_dim < index_size && "scatter gather kernel index out of bounds"` failed.
/pytorch/aten/src/ATen/native/cuda/ScatterGatherKernel.cu:163: operator(): block: [1,0,0], thread: [85,0,0] Assertion `idx_dim >= 0 && idx_dim < index_size && "scatter gather kernel index out of bounds"` failed.
/pytorch/aten/src/ATen/native/cuda/ScatterGatherKernel.cu:163: operator(): block: [1,0,0], thread: [86,0,0] Assertion `idx_dim >= 0 && idx_dim < index_size && "scatter gather kernel index out of bounds"` failed.
/pytorch/aten/src/ATen/native/cuda/ScatterGatherKernel.cu:163: operator(): block: [1,0,0], thread: [87,0,0] Assertion `idx_dim >= 0 && idx_dim < index_size && "scatter gather kernel index out of bounds"` failed.
/pytorch/aten/src/ATen/native/cuda/ScatterGatherKernel.cu:163: operator(): block: [1,0,0], thread: [88,0,0] Assertion `idx_dim >= 0 && idx_dim < index_size && "scatter gather kernel index out of bounds"` failed.
/pytorch/aten/src/ATen/native/cuda/ScatterGatherKernel.cu:163: operator(): block: [1,0,0], thread: [89,0,0] Assertion `idx_dim >= 0 && idx_dim < index_size && "scatter gather kernel index out of bounds"` failed.
/pytorch/aten/src/ATen/native/cuda/ScatterGatherKernel.cu:163: operator(): block: [1,0,0], thread: [90,0,0] Assertion `idx_dim >= 0 && idx_dim < index_size && "scatter gather kernel index out of bounds"` failed.
/pytorch/aten/src/ATen/native/cuda/ScatterGatherKernel.cu:163: operator(): block: [1,0,0], thread: [91,0,0] Assertion `idx_dim >= 0 && idx_dim < index_size && "scatter gather kernel index out of bounds"` failed.
/pytorch/aten/src/ATen/native/cuda/ScatterGatherKernel.cu:163: operator(): block: [1,0,0], thread: [92,0,0] Assertion `idx_dim >= 0 && idx_dim < index_size && "scatter gather kernel index out of bounds"` failed.
/pytorch/aten/src/ATen/native/cuda/ScatterGatherKernel.cu:163: operator(): block: [1,0,0], thread: [93,0,0] Assertion `idx_dim >= 0 && idx_dim < index_size && "scatter gather kernel index out of bounds"` failed.
/pytorch/aten/src/ATen/native/cuda/ScatterGatherKernel.cu:163: operator(): block: [1,0,0], thread: [94,0,0] Assertion `idx_dim >= 0 && idx_dim < index_size && "scatter gather kernel index out of bounds"` failed.
/pytorch/aten/src/ATen/native/cuda/ScatterGatherKernel.cu:163: operator(): block: [1,0,0], thread: [95,0,0] Assertion `idx_dim >= 0 && idx_dim < index_size && "scatter gather kernel index out of bounds"` failed.
/pytorch/aten/src/ATen/native/cuda/ScatterGatherKernel.cu:163: operator(): block: [1,0,0], thread: [0,0,0] Assertion `idx_dim >= 0 && idx_dim < index_size && "scatter gather kernel index out of bounds"` failed.
/pytorch/aten/src/ATen/native/cuda/ScatterGatherKernel.cu:163: operator(): block: [1,0,0], thread: [1,0,0] Assertion `idx_dim >= 0 && idx_dim < index_size && "scatter gather kernel index out of bounds"` failed.
/pytorch/aten/src/ATen/native/cuda/ScatterGatherKernel.cu:163: operator(): block: [1,0,0], thread: [2,0,0] Assertion `idx_dim >= 0 && idx_dim < index_size && "scatter gather kernel index out of bounds"` failed.
/pytorch/aten/src/ATen/native/cuda/ScatterGatherKernel.cu:163: operator(): block: [1,0,0], thread: [3,0,0] Assertion `idx_dim >= 0 && idx_dim < index_size && "scatter gather kernel index out of bounds"` failed.
/pytorch/aten/src/ATen/native/cuda/ScatterGatherKernel.cu:163: operator(): block: [1,0,0], thread: [4,0,0] Assertion `idx_dim >= 0 && idx_dim < index_size && "scatter gather kernel index out of bounds"` failed.
/pytorch/aten/src/ATen/native/cuda/ScatterGatherKernel.cu:163: operator(): block: [1,0,0], thread: [5,0,0] Assertion `idx_dim >= 0 && idx_dim < index_size && "scatter gather kernel index out of bounds"` failed.
/pytorch/aten/src/ATen/native/cuda/ScatterGatherKernel.cu:163: operator(): block: [1,0,0], thread: [6,0,0] Assertion `idx_dim >= 0 && idx_dim < index_size && "scatter gather kernel index out of bounds"` failed.
/pytorch/aten/src/ATen/native/cuda/ScatterGatherKernel.cu:163: operator(): block: [1,0,0], thread: [7,0,0] Assertion `idx_dim >= 0 && idx_dim < index_size && "scatter gather kernel index out of bounds"` failed.
/pytorch/aten/src/ATen/native/cuda/ScatterGatherKernel.cu:163: operator(): block: [1,0,0], thread: [8,0,0] Assertion `idx_dim >= 0 && idx_dim < index_size && "scatter gather kernel index out of bounds"` failed.
/pytorch/aten/src/ATen/native/cuda/ScatterGatherKernel.cu:163: operator(): block: [1,0,0], thread: [9,0,0] Assertion `idx_dim >= 0 && idx_dim < index_size && "scatter gather kernel index out of bounds"` failed.
/pytorch/aten/src/ATen/native/cuda/ScatterGatherKernel.cu:163: operator(): block: [1,0,0], thread: [10,0,0] Assertion `idx_dim >= 0 && idx_dim < index_size && "scatter gather kernel index out of bounds"` failed.
/pytorch/aten/src/ATen/native/cuda/ScatterGatherKernel.cu:163: operator(): block: [1,0,0], thread: [11,0,0] Assertion `idx_dim >= 0 && idx_dim < index_size && "scatter gather kernel index out of bounds"` failed.
/pytorch/aten/src/ATen/native/cuda/ScatterGatherKernel.cu:163: operator(): block: [1,0,0], thread: [12,0,0] Assertion `idx_dim >= 0 && idx_dim < index_size && "scatter gather kernel index out of bounds"` failed.
/pytorch/aten/src/ATen/native/cuda/ScatterGatherKernel.cu:163: operator(): block: [1,0,0], thread: [13,0,0] Assertion `idx_dim >= 0 && idx_dim < index_size && "scatter gather kernel index out of bounds"` failed.
/pytorch/aten/src/ATen/native/cuda/ScatterGatherKernel.cu:163: operator(): block: [1,0,0], thread: [14,0,0] Assertion `idx_dim >= 0 && idx_dim < index_size && "scatter gather kernel index out of bounds"` failed.
/pytorch/aten/src/ATen/native/cuda/ScatterGatherKernel.cu:163: operator(): block: [1,0,0], thread: [15,0,0] Assertion `idx_dim >= 0 && idx_dim < index_size && "scatter gather kernel index out of bounds"` failed.
/pytorch/aten/src/ATen/native/cuda/ScatterGatherKernel.cu:163: operator(): block: [1,0,0], thread: [16,0,0] Assertion `idx_dim >= 0 && idx_dim < index_size && "scatter gather kernel index out of bounds"` failed.
/pytorch/aten/src/ATen/native/cuda/ScatterGatherKernel.cu:163: operator(): block: [1,0,0], thread: [17,0,0] Assertion `idx_dim >= 0 && idx_dim < index_size && "scatter gather kernel index out of bounds"` failed.
/pytorch/aten/src/ATen/native/cuda/ScatterGatherKernel.cu:163: operator(): block: [1,0,0], thread: [18,0,0] Assertion `idx_dim >= 0 && idx_dim < index_size && "scatter gather kernel index out of bounds"` failed.
/pytorch/aten/src/ATen/native/cuda/ScatterGatherKernel.cu:163: operator(): block: [1,0,0], thread: [19,0,0] Assertion `idx_dim >= 0 && idx_dim < index_size && "scatter gather kernel index out of bounds"` failed.
/pytorch/aten/src/ATen/native/cuda/ScatterGatherKernel.cu:163: operator(): block: [1,0,0], thread: [20,0,0] Assertion `idx_dim >= 0 && idx_dim < index_size && "scatter gather kernel index out of bounds"` failed.
/pytorch/aten/src/ATen/native/cuda/ScatterGatherKernel.cu:163: operator(): block: [1,0,0], thread: [21,0,0] Assertion `idx_dim >= 0 && idx_dim < index_size && "scatter gather kernel index out of bounds"` failed.
/pytorch/aten/src/ATen/native/cuda/ScatterGatherKernel.cu:163: operator(): block: [1,0,0], thread: [22,0,0] Assertion `idx_dim >= 0 && idx_dim < index_size && "scatter gather kernel index out of bounds"` failed.
/pytorch/aten/src/ATen/native/cuda/ScatterGatherKernel.cu:163: operator(): block: [1,0,0], thread: [23,0,0] Assertion `idx_dim >= 0 && idx_dim < index_size && "scatter gather kernel index out of bounds"` failed.
/pytorch/aten/src/ATen/native/cuda/ScatterGatherKernel.cu:163: operator(): block: [1,0,0], thread: [24,0,0] Assertion `idx_dim >= 0 && idx_dim < index_size && "scatter gather kernel index out of bounds"` failed.
/pytorch/aten/src/ATen/native/cuda/ScatterGatherKernel.cu:163: operator(): block: [1,0,0], thread: [25,0,0] Assertion `idx_dim >= 0 && idx_dim < index_size && "scatter gather kernel index out of bounds"` failed.
/pytorch/aten/src/ATen/native/cuda/ScatterGatherKernel.cu:163: operator(): block: [1,0,0], thread: [26,0,0] Assertion `idx_dim >= 0 && idx_dim < index_size && "scatter gather kernel index out of bounds"` failed.
/pytorch/aten/src/ATen/native/cuda/ScatterGatherKernel.cu:163: operator(): block: [1,0,0], thread: [27,0,0] Assertion `idx_dim >= 0 && idx_dim < index_size && "scatter gather kernel index out of bounds"` failed.
/pytorch/aten/src/ATen/native/cuda/ScatterGatherKernel.cu:163: operator(): block: [1,0,0], thread: [28,0,0] Assertion `idx_dim >= 0 && idx_dim < index_size && "scatter gather kernel index out of bounds"` failed.
/pytorch/aten/src/ATen/native/cuda/ScatterGatherKernel.cu:163: operator(): block: [1,0,0], thread: [29,0,0] Assertion `idx_dim >= 0 && idx_dim < index_size && "scatter gather kernel index out of bounds"` failed.
/pytorch/aten/src/ATen/native/cuda/ScatterGatherKernel.cu:163: operator(): block: [1,0,0], thread: [30,0,0] Assertion `idx_dim >= 0 && idx_dim < index_size && "scatter gather kernel index out of bounds"` failed.
/pytorch/aten/src/ATen/native/cuda/ScatterGatherKernel.cu:163: operator(): block: [1,0,0], thread: [31,0,0] Assertion `idx_dim >= 0 && idx_dim < index_size && "scatter gather kernel index out of bounds"` failed.
/pytorch/aten/src/ATen/native/cuda/ScatterGatherKernel.cu:163: operator(): block: [2,0,0], thread: [0,0,0] Assertion `idx_dim >= 0 && idx_dim < index_size && "scatter gather kernel index out of bounds"` failed.
/pytorch/aten/src/ATen/native/cuda/ScatterGatherKernel.cu:163: operator(): block: [2,0,0], thread: [1,0,0] Assertion `idx_dim >= 0 && idx_dim < index_size && "scatter gather kernel index out of bounds"` failed.
/pytorch/aten/src/ATen/native/cuda/ScatterGatherKernel.cu:163: operator(): block: [2,0,0], thread: [2,0,0] Assertion `idx_dim >= 0 && idx_dim < index_size && "scatter gather kernel index out of bounds"` failed.
/pytorch/aten/src/ATen/native/cuda/ScatterGatherKernel.cu:163: operator(): block: [2,0,0], thread: [3,0,0] Assertion `idx_dim >= 0 && idx_dim < index_size && "scatter gather kernel index out of bounds"` failed.
/pytorch/aten/src/ATen/native/cuda/ScatterGatherKernel.cu:163: operator(): block: [2,0,0], thread: [4,0,0] Assertion `idx_dim >= 0 && idx_dim < index_size && "scatter gather kernel index out of bounds"` failed.
/pytorch/aten/src/ATen/native/cuda/ScatterGatherKernel.cu:163: operator(): block: [2,0,0], thread: [5,0,0] Assertion `idx_dim >= 0 && idx_dim < index_size && "scatter gather kernel index out of bounds"` failed.
/pytorch/aten/src/ATen/native/cuda/ScatterGatherKernel.cu:163: operator(): block: [2,0,0], thread: [6,0,0] Assertion `idx_dim >= 0 && idx_dim < index_size && "scatter gather kernel index out of bounds"` failed.
/pytorch/aten/src/ATen/native/cuda/ScatterGatherKernel.cu:163: operator(): block: [2,0,0], thread: [7,0,0] Assertion `idx_dim >= 0 && idx_dim < index_size && "scatter gather kernel index out of bounds"` failed.
/pytorch/aten/src/ATen/native/cuda/ScatterGatherKernel.cu:163: operator(): block: [2,0,0], thread: [8,0,0] Assertion `idx_dim >= 0 && idx_dim < index_size && "scatter gather kernel index out of bounds"` failed.
/pytorch/aten/src/ATen/native/cuda/ScatterGatherKernel.cu:163: operator(): block: [2,0,0], thread: [9,0,0] Assertion `idx_dim >= 0 && idx_dim < index_size && "scatter gather kernel index out of bounds"` failed.
/pytorch/aten/src/ATen/native/cuda/ScatterGatherKernel.cu:163: operator(): block: [2,0,0], thread: [10,0,0] Assertion `idx_dim >= 0 && idx_dim < index_size && "scatter gather kernel index out of bounds"` failed.
/pytorch/aten/src/ATen/native/cuda/ScatterGatherKernel.cu:163: operator(): block: [2,0,0], thread: [11,0,0] Assertion `idx_dim >= 0 && idx_dim < index_size && "scatter gather kernel index out of bounds"` failed.
/pytorch/aten/src/ATen/native/cuda/ScatterGatherKernel.cu:163: operator(): block: [2,0,0], thread: [12,0,0] Assertion `idx_dim >= 0 && idx_dim < index_size && "scatter gather kernel index out of bounds"` failed.
/pytorch/aten/src/ATen/native/cuda/ScatterGatherKernel.cu:163: operator(): block: [2,0,0], thread: [13,0,0] Assertion `idx_dim >= 0 && idx_dim < index_size && "scatter gather kernel index out of bounds"` failed.
/pytorch/aten/src/ATen/native/cuda/ScatterGatherKernel.cu:163: operator(): block: [2,0,0], thread: [14,0,0] Assertion `idx_dim >= 0 && idx_dim < index_size && "scatter gather kernel index out of bounds"` failed.
/pytorch/aten/src/ATen/native/cuda/ScatterGatherKernel.cu:163: operator(): block: [2,0,0], thread: [15,0,0] Assertion `idx_dim >= 0 && idx_dim < index_size && "scatter gather kernel index out of bounds"` failed.
/pytorch/aten/src/ATen/native/cuda/ScatterGatherKernel.cu:163: operator(): block: [2,0,0], thread: [16,0,0] Assertion `idx_dim >= 0 && idx_dim < index_size && "scatter gather kernel index out of bounds"` failed.
/pytorch/aten/src/ATen/native/cuda/ScatterGatherKernel.cu:163: operator(): block: [2,0,0], thread: [17,0,0] Assertion `idx_dim >= 0 && idx_dim < index_size && "scatter gather kernel index out of bounds"` failed.
/pytorch/aten/src/ATen/native/cuda/ScatterGatherKernel.cu:163: operator(): block: [2,0,0], thread: [18,0,0] Assertion `idx_dim >= 0 && idx_dim < index_size && "scatter gather kernel index out of bounds"` failed.
/pytorch/aten/src/ATen/native/cuda/ScatterGatherKernel.cu:163: operator(): block: [2,0,0], thread: [19,0,0] Assertion `idx_dim >= 0 && idx_dim < index_size && "scatter gather kernel index out of bounds"` failed.
/pytorch/aten/src/ATen/native/cuda/ScatterGatherKernel.cu:163: operator(): block: [2,0,0], thread: [20,0,0] Assertion `idx_dim >= 0 && idx_dim < index_size && "scatter gather kernel index out of bounds"` failed.
/pytorch/aten/src/ATen/native/cuda/ScatterGatherKernel.cu:163: operator(): block: [2,0,0], thread: [21,0,0] Assertion `idx_dim >= 0 && idx_dim < index_size && "scatter gather kernel index out of bounds"` failed.
/pytorch/aten/src/ATen/native/cuda/ScatterGatherKernel.cu:163: operator(): block: [2,0,0], thread: [22,0,0] Assertion `idx_dim >= 0 && idx_dim < index_size && "scatter gather kernel index out of bounds"` failed.
/pytorch/aten/src/ATen/native/cuda/ScatterGatherKernel.cu:163: operator(): block: [2,0,0], thread: [23,0,0] Assertion `idx_dim >= 0 && idx_dim < index_size && "scatter gather kernel index out of bounds"` failed.
/pytorch/aten/src/ATen/native/cuda/ScatterGatherKernel.cu:163: operator(): block: [2,0,0], thread: [24,0,0] Assertion `idx_dim >= 0 && idx_dim < index_size && "scatter gather kernel index out of bounds"` failed.
/pytorch/aten/src/ATen/native/cuda/ScatterGatherKernel.cu:163: operator(): block: [2,0,0], thread: [25,0,0] Assertion `idx_dim >= 0 && idx_dim < index_size && "scatter gather kernel index out of bounds"` failed.
/pytorch/aten/src/ATen/native/cuda/ScatterGatherKernel.cu:163: operator(): block: [2,0,0], thread: [26,0,0] Assertion `idx_dim >= 0 && idx_dim < index_size && "scatter gather kernel index out of bounds"` failed.
/pytorch/aten/src/ATen/native/cuda/ScatterGatherKernel.cu:163: operator(): block: [2,0,0], thread: [27,0,0] Assertion `idx_dim >= 0 && idx_dim < index_size && "scatter gather kernel index out of bounds"` failed.
/pytorch/aten/src/ATen/native/cuda/ScatterGatherKernel.cu:163: operator(): block: [2,0,0], thread: [28,0,0] Assertion `idx_dim >= 0 && idx_dim < index_size && "scatter gather kernel index out of bounds"` failed.
/pytorch/aten/src/ATen/native/cuda/ScatterGatherKernel.cu:163: operator(): block: [2,0,0], thread: [29,0,0] Assertion `idx_dim >= 0 && idx_dim < index_size && "scatter gather kernel index out of bounds"` failed.
/pytorch/aten/src/ATen/native/cuda/ScatterGatherKernel.cu:163: operator(): block: [2,0,0], thread: [30,0,0] Assertion `idx_dim >= 0 && idx_dim < index_size && "scatter gather kernel index out of bounds"` failed.
/pytorch/aten/src/ATen/native/cuda/ScatterGatherKernel.cu:163: operator(): block: [2,0,0], thread: [31,0,0] Assertion `idx_dim >= 0 && idx_dim < index_size && "scatter gather kernel index out of bounds"` failed.
/pytorch/aten/src/ATen/native/cuda/ScatterGatherKernel.cu:163: operator(): block: [2,0,0], thread: [32,0,0] Assertion `idx_dim >= 0 && idx_dim < index_size && "scatter gather kernel index out of bounds"` failed.
/pytorch/aten/src/ATen/native/cuda/ScatterGatherKernel.cu:163: operator(): block: [2,0,0], thread: [33,0,0] Assertion `idx_dim >= 0 && idx_dim < index_size && "scatter gather kernel index out of bounds"` failed.
/pytorch/aten/src/ATen/native/cuda/ScatterGatherKernel.cu:163: operator(): block: [2,0,0], thread: [34,0,0] Assertion `idx_dim >= 0 && idx_dim < index_size && "scatter gather kernel index out of bounds"` failed.
/pytorch/aten/src/ATen/native/cuda/ScatterGatherKernel.cu:163: operator(): block: [2,0,0], thread: [35,0,0] Assertion `idx_dim >= 0 && idx_dim < index_size && "scatter gather kernel index out of bounds"` failed.
/pytorch/aten/src/ATen/native/cuda/ScatterGatherKernel.cu:163: operator(): block: [2,0,0], thread: [36,0,0] Assertion `idx_dim >= 0 && idx_dim < index_size && "scatter gather kernel index out of bounds"` failed.
/pytorch/aten/src/ATen/native/cuda/ScatterGatherKernel.cu:163: operator(): block: [2,0,0], thread: [37,0,0] Assertion `idx_dim >= 0 && idx_dim < index_size && "scatter gather kernel index out of bounds"` failed.
/pytorch/aten/src/ATen/native/cuda/ScatterGatherKernel.cu:163: operator(): block: [2,0,0], thread: [38,0,0] Assertion `idx_dim >= 0 && idx_dim < index_size && "scatter gather kernel index out of bounds"` failed.
/pytorch/aten/src/ATen/native/cuda/ScatterGatherKernel.cu:163: operator(): block: [2,0,0], thread: [39,0,0] Assertion `idx_dim >= 0 && idx_dim < index_size && "scatter gather kernel index out of bounds"` failed.
/pytorch/aten/src/ATen/native/cuda/ScatterGatherKernel.cu:163: operator(): block: [2,0,0], thread: [40,0,0] Assertion `idx_dim >= 0 && idx_dim < index_size && "scatter gather kernel index out of bounds"` failed.
/pytorch/aten/src/ATen/native/cuda/ScatterGatherKernel.cu:163: operator(): block: [2,0,0], thread: [41,0,0] Assertion `idx_dim >= 0 && idx_dim < index_size && "scatter gather kernel index out of bounds"` failed.
/pytorch/aten/src/ATen/native/cuda/ScatterGatherKernel.cu:163: operator(): block: [2,0,0], thread: [42,0,0] Assertion `idx_dim >= 0 && idx_dim < index_size && "scatter gather kernel index out of bounds"` failed.
/pytorch/aten/src/ATen/native/cuda/ScatterGatherKernel.cu:163: operator(): block: [2,0,0], thread: [43,0,0] Assertion `idx_dim >= 0 && idx_dim < index_size && "scatter gather kernel index out of bounds"` failed.
/pytorch/aten/src/ATen/native/cuda/ScatterGatherKernel.cu:163: operator(): block: [2,0,0], thread: [44,0,0] Assertion `idx_dim >= 0 && idx_dim < index_size && "scatter gather kernel index out of bounds"` failed.
/pytorch/aten/src/ATen/native/cuda/ScatterGatherKernel.cu:163: operator(): block: [2,0,0], thread: [45,0,0] Assertion `idx_dim >= 0 && idx_dim < index_size && "scatter gather kernel index out of bounds"` failed.
/pytorch/aten/src/ATen/native/cuda/ScatterGatherKernel.cu:163: operator(): block: [2,0,0], thread: [46,0,0] Assertion `idx_dim >= 0 && idx_dim < index_size && "scatter gather kernel index out of bounds"` failed.
/pytorch/aten/src/ATen/native/cuda/ScatterGatherKernel.cu:163: operator(): block: [2,0,0], thread: [47,0,0] Assertion `idx_dim >= 0 && idx_dim < index_size && "scatter gather kernel index out of bounds"` failed.
/pytorch/aten/src/ATen/native/cuda/ScatterGatherKernel.cu:163: operator(): block: [2,0,0], thread: [48,0,0] Assertion `idx_dim >= 0 && idx_dim < index_size && "scatter gather kernel index out of bounds"` failed.
/pytorch/aten/src/ATen/native/cuda/ScatterGatherKernel.cu:163: operator(): block: [2,0,0], thread: [49,0,0] Assertion `idx_dim >= 0 && idx_dim < index_size && "scatter gather kernel index out of bounds"` failed.
/pytorch/aten/src/ATen/native/cuda/ScatterGatherKernel.cu:163: operator(): block: [2,0,0], thread: [50,0,0] Assertion `idx_dim >= 0 && idx_dim < index_size && "scatter gather kernel index out of bounds"` failed.
/pytorch/aten/src/ATen/native/cuda/ScatterGatherKernel.cu:163: operator(): block: [2,0,0], thread: [51,0,0] Assertion `idx_dim >= 0 && idx_dim < index_size && "scatter gather kernel index out of bounds"` failed.
/pytorch/aten/src/ATen/native/cuda/ScatterGatherKernel.cu:163: operator(): block: [2,0,0], thread: [52,0,0] Assertion `idx_dim >= 0 && idx_dim < index_size && "scatter gather kernel index out of bounds"` failed.
/pytorch/aten/src/ATen/native/cuda/ScatterGatherKernel.cu:163: operator(): block: [2,0,0], thread: [53,0,0] Assertion `idx_dim >= 0 && idx_dim < index_size && "scatter gather kernel index out of bounds"` failed.
/pytorch/aten/src/ATen/native/cuda/ScatterGatherKernel.cu:163: operator(): block: [2,0,0], thread: [54,0,0] Assertion `idx_dim >= 0 && idx_dim < index_size && "scatter gather kernel index out of bounds"` failed.
/pytorch/aten/src/ATen/native/cuda/ScatterGatherKernel.cu:163: operator(): block: [2,0,0], thread: [55,0,0] Assertion `idx_dim >= 0 && idx_dim < index_size && "scatter gather kernel index out of bounds"` failed.
/pytorch/aten/src/ATen/native/cuda/ScatterGatherKernel.cu:163: operator(): block: [2,0,0], thread: [56,0,0] Assertion `idx_dim >= 0 && idx_dim < index_size && "scatter gather kernel index out of bounds"` failed.
/pytorch/aten/src/ATen/native/cuda/ScatterGatherKernel.cu:163: operator(): block: [2,0,0], thread: [57,0,0] Assertion `idx_dim >= 0 && idx_dim < index_size && "scatter gather kernel index out of bounds"` failed.
/pytorch/aten/src/ATen/native/cuda/ScatterGatherKernel.cu:163: operator(): block: [2,0,0], thread: [58,0,0] Assertion `idx_dim >= 0 && idx_dim < index_size && "scatter gather kernel index out of bounds"` failed.
/pytorch/aten/src/ATen/native/cuda/ScatterGatherKernel.cu:163: operator(): block: [2,0,0], thread: [59,0,0] Assertion `idx_dim >= 0 && idx_dim < index_size && "scatter gather kernel index out of bounds"` failed.
/pytorch/aten/src/ATen/native/cuda/ScatterGatherKernel.cu:163: operator(): block: [2,0,0], thread: [60,0,0] Assertion `idx_dim >= 0 && idx_dim < index_size && "scatter gather kernel index out of bounds"` failed.
/pytorch/aten/src/ATen/native/cuda/ScatterGatherKernel.cu:163: operator(): block: [2,0,0], thread: [61,0,0] Assertion `idx_dim >= 0 && idx_dim < index_size && "scatter gather kernel index out of bounds"` failed.
/pytorch/aten/src/ATen/native/cuda/ScatterGatherKernel.cu:163: operator(): block: [2,0,0], thread: [62,0,0] Assertion `idx_dim >= 0 && idx_dim < index_size && "scatter gather kernel index out of bounds"` failed.
/pytorch/aten/src/ATen/native/cuda/ScatterGatherKernel.cu:163: operator(): block: [2,0,0], thread: [63,0,0] Assertion `idx_dim >= 0 && idx_dim < index_size && "scatter gather kernel index out of bounds"` failed.
/pytorch/aten/src/ATen/native/cuda/ScatterGatherKernel.cu:163: operator(): block: [2,0,0], thread: [64,0,0] Assertion `idx_dim >= 0 && idx_dim < index_size && "scatter gather kernel index out of bounds"` failed.
/pytorch/aten/src/ATen/native/cuda/ScatterGatherKernel.cu:163: operator(): block: [2,0,0], thread: [65,0,0] Assertion `idx_dim >= 0 && idx_dim < index_size && "scatter gather kernel index out of bounds"` failed.
/pytorch/aten/src/ATen/native/cuda/ScatterGatherKernel.cu:163: operator(): block: [2,0,0], thread: [66,0,0] Assertion `idx_dim >= 0 && idx_dim < index_size && "scatter gather kernel index out of bounds"` failed.
/pytorch/aten/src/ATen/native/cuda/ScatterGatherKernel.cu:163: operator(): block: [2,0,0], thread: [67,0,0] Assertion `idx_dim >= 0 && idx_dim < index_size && "scatter gather kernel index out of bounds"` failed.
/pytorch/aten/src/ATen/native/cuda/ScatterGatherKernel.cu:163: operator(): block: [2,0,0], thread: [68,0,0] Assertion `idx_dim >= 0 && idx_dim < index_size && "scatter gather kernel index out of bounds"` failed.
/pytorch/aten/src/ATen/native/cuda/ScatterGatherKernel.cu:163: operator(): block: [2,0,0], thread: [69,0,0] Assertion `idx_dim >= 0 && idx_dim < index_size && "scatter gather kernel index out of bounds"` failed.
/pytorch/aten/src/ATen/native/cuda/ScatterGatherKernel.cu:163: operator(): block: [2,0,0], thread: [70,0,0] Assertion `idx_dim >= 0 && idx_dim < index_size && "scatter gather kernel index out of bounds"` failed.
/pytorch/aten/src/ATen/native/cuda/ScatterGatherKernel.cu:163: operator(): block: [2,0,0], thread: [71,0,0] Assertion `idx_dim >= 0 && idx_dim < index_size && "scatter gather kernel index out of bounds"` failed.
/pytorch/aten/src/ATen/native/cuda/ScatterGatherKernel.cu:163: operator(): block: [2,0,0], thread: [72,0,0] Assertion `idx_dim >= 0 && idx_dim < index_size && "scatter gather kernel index out of bounds"` failed.
/pytorch/aten/src/ATen/native/cuda/ScatterGatherKernel.cu:163: operator(): block: [2,0,0], thread: [73,0,0] Assertion `idx_dim >= 0 && idx_dim < index_size && "scatter gather kernel index out of bounds"` failed.
/pytorch/aten/src/ATen/native/cuda/ScatterGatherKernel.cu:163: operator(): block: [2,0,0], thread: [74,0,0] Assertion `idx_dim >= 0 && idx_dim < index_size && "scatter gather kernel index out of bounds"` failed.
/pytorch/aten/src/ATen/native/cuda/ScatterGatherKernel.cu:163: operator(): block: [2,0,0], thread: [75,0,0] Assertion `idx_dim >= 0 && idx_dim < index_size && "scatter gather kernel index out of bounds"` failed.
/pytorch/aten/src/ATen/native/cuda/ScatterGatherKernel.cu:163: operator(): block: [2,0,0], thread: [76,0,0] Assertion `idx_dim >= 0 && idx_dim < index_size && "scatter gather kernel index out of bounds"` failed.
/pytorch/aten/src/ATen/native/cuda/ScatterGatherKernel.cu:163: operator(): block: [2,0,0], thread: [77,0,0] Assertion `idx_dim >= 0 && idx_dim < index_size && "scatter gather kernel index out of bounds"` failed.
/pytorch/aten/src/ATen/native/cuda/ScatterGatherKernel.cu:163: operator(): block: [2,0,0], thread: [78,0,0] Assertion `idx_dim >= 0 && idx_dim < index_size && "scatter gather kernel index out of bounds"` failed.
/pytorch/aten/src/ATen/native/cuda/ScatterGatherKernel.cu:163: operator(): block: [2,0,0], thread: [79,0,0] Assertion `idx_dim >= 0 && idx_dim < index_size && "scatter gather kernel index out of bounds"` failed.
/pytorch/aten/src/ATen/native/cuda/ScatterGatherKernel.cu:163: operator(): block: [2,0,0], thread: [80,0,0] Assertion `idx_dim >= 0 && idx_dim < index_size && "scatter gather kernel index out of bounds"` failed.
/pytorch/aten/src/ATen/native/cuda/ScatterGatherKernel.cu:163: operator(): block: [2,0,0], thread: [81,0,0] Assertion `idx_dim >= 0 && idx_dim < index_size && "scatter gather kernel index out of bounds"` failed.
/pytorch/aten/src/ATen/native/cuda/ScatterGatherKernel.cu:163: operator(): block: [2,0,0], thread: [82,0,0] Assertion `idx_dim >= 0 && idx_dim < index_size && "scatter gather kernel index out of bounds"` failed.
/pytorch/aten/src/ATen/native/cuda/ScatterGatherKernel.cu:163: operator(): block: [2,0,0], thread: [83,0,0] Assertion `idx_dim >= 0 && idx_dim < index_size && "scatter gather kernel index out of bounds"` failed.
/pytorch/aten/src/ATen/native/cuda/ScatterGatherKernel.cu:163: operator(): block: [2,0,0], thread: [84,0,0] Assertion `idx_dim >= 0 && idx_dim < index_size && "scatter gather kernel index out of bounds"` failed.
/pytorch/aten/src/ATen/native/cuda/ScatterGatherKernel.cu:163: operator(): block: [2,0,0], thread: [85,0,0] Assertion `idx_dim >= 0 && idx_dim < index_size && "scatter gather kernel index out of bounds"` failed.
/pytorch/aten/src/ATen/native/cuda/ScatterGatherKernel.cu:163: operator(): block: [2,0,0], thread: [86,0,0] Assertion `idx_dim >= 0 && idx_dim < index_size && "scatter gather kernel index out of bounds"` failed.
/pytorch/aten/src/ATen/native/cuda/ScatterGatherKernel.cu:163: operator(): block: [2,0,0], thread: [87,0,0] Assertion `idx_dim >= 0 && idx_dim < index_size && "scatter gather kernel index out of bounds"` failed.
/pytorch/aten/src/ATen/native/cuda/ScatterGatherKernel.cu:163: operator(): block: [2,0,0], thread: [88,0,0] Assertion `idx_dim >= 0 && idx_dim < index_size && "scatter gather kernel index out of bounds"` failed.
/pytorch/aten/src/ATen/native/cuda/ScatterGatherKernel.cu:163: operator(): block: [2,0,0], thread: [89,0,0] Assertion `idx_dim >= 0 && idx_dim < index_size && "scatter gather kernel index out of bounds"` failed.
/pytorch/aten/src/ATen/native/cuda/ScatterGatherKernel.cu:163: operator(): block: [2,0,0], thread: [90,0,0] Assertion `idx_dim >= 0 && idx_dim < index_size && "scatter gather kernel index out of bounds"` failed.
/pytorch/aten/src/ATen/native/cuda/ScatterGatherKernel.cu:163: operator(): block: [2,0,0], thread: [91,0,0] Assertion `idx_dim >= 0 && idx_dim < index_size && "scatter gather kernel index out of bounds"` failed.
/pytorch/aten/src/ATen/native/cuda/ScatterGatherKernel.cu:163: operator(): block: [2,0,0], thread: [92,0,0] Assertion `idx_dim >= 0 && idx_dim < index_size && "scatter gather kernel index out of bounds"` failed.
/pytorch/aten/src/ATen/native/cuda/ScatterGatherKernel.cu:163: operator(): block: [2,0,0], thread: [93,0,0] Assertion `idx_dim >= 0 && idx_dim < index_size && "scatter gather kernel index out of bounds"` failed.
/pytorch/aten/src/ATen/native/cuda/ScatterGatherKernel.cu:163: operator(): block: [2,0,0], thread: [94,0,0] Assertion `idx_dim >= 0 && idx_dim < index_size && "scatter gather kernel index out of bounds"` failed.
/pytorch/aten/src/ATen/native/cuda/ScatterGatherKernel.cu:163: operator(): block: [2,0,0], thread: [95,0,0] Assertion `idx_dim >= 0 && idx_dim < index_size && "scatter gather kernel index out of bounds"` failed.
/pytorch/aten/src/ATen/native/cuda/ScatterGatherKernel.cu:163: operator(): block: [2,0,0], thread: [96,0,0] Assertion `idx_dim >= 0 && idx_dim < index_size && "scatter gather kernel index out of bounds"` failed.
/pytorch/aten/src/ATen/native/cuda/ScatterGatherKernel.cu:163: operator(): block: [2,0,0], thread: [97,0,0] Assertion `idx_dim >= 0 && idx_dim < index_size && "scatter gather kernel index out of bounds"` failed.
/pytorch/aten/src/ATen/native/cuda/ScatterGatherKernel.cu:163: operator(): block: [2,0,0], thread: [98,0,0] Assertion `idx_dim >= 0 && idx_dim < index_size && "scatter gather kernel index out of bounds"` failed.
/pytorch/aten/src/ATen/native/cuda/ScatterGatherKernel.cu:163: operator(): block: [2,0,0], thread: [99,0,0] Assertion `idx_dim >= 0 && idx_dim < index_size && "scatter gather kernel index out of bounds"` failed.
/pytorch/aten/src/ATen/native/cuda/ScatterGatherKernel.cu:163: operator(): block: [2,0,0], thread: [100,0,0] Assertion `idx_dim >= 0 && idx_dim < index_size && "scatter gather kernel index out of bounds"` failed.
/pytorch/aten/src/ATen/native/cuda/ScatterGatherKernel.cu:163: operator(): block: [2,0,0], thread: [101,0,0] Assertion `idx_dim >= 0 && idx_dim < index_size && "scatter gather kernel index out of bounds"` failed.
/pytorch/aten/src/ATen/native/cuda/ScatterGatherKernel.cu:163: operator(): block: [2,0,0], thread: [102,0,0] Assertion `idx_dim >= 0 && idx_dim < index_size && "scatter gather kernel index out of bounds"` failed.
/pytorch/aten/src/ATen/native/cuda/ScatterGatherKernel.cu:163: operator(): block: [2,0,0], thread: [103,0,0] Assertion `idx_dim >= 0 && idx_dim < index_size && "scatter gather kernel index out of bounds"` failed.
/pytorch/aten/src/ATen/native/cuda/ScatterGatherKernel.cu:163: operator(): block: [2,0,0], thread: [104,0,0] Assertion `idx_dim >= 0 && idx_dim < index_size && "scatter gather kernel index out of bounds"` failed.
/pytorch/aten/src/ATen/native/cuda/ScatterGatherKernel.cu:163: operator(): block: [2,0,0], thread: [105,0,0] Assertion `idx_dim >= 0 && idx_dim < index_size && "scatter gather kernel index out of bounds"` failed.
/pytorch/aten/src/ATen/native/cuda/ScatterGatherKernel.cu:163: operator(): block: [2,0,0], thread: [106,0,0] Assertion `idx_dim >= 0 && idx_dim < index_size && "scatter gather kernel index out of bounds"` failed.
/pytorch/aten/src/ATen/native/cuda/ScatterGatherKernel.cu:163: operator(): block: [2,0,0], thread: [107,0,0] Assertion `idx_dim >= 0 && idx_dim < index_size && "scatter gather kernel index out of bounds"` failed.
/pytorch/aten/src/ATen/native/cuda/ScatterGatherKernel.cu:163: operator(): block: [2,0,0], thread: [108,0,0] Assertion `idx_dim >= 0 && idx_dim < index_size && "scatter gather kernel index out of bounds"` failed.
/pytorch/aten/src/ATen/native/cuda/ScatterGatherKernel.cu:163: operator(): block: [2,0,0], thread: [109,0,0] Assertion `idx_dim >= 0 && idx_dim < index_size && "scatter gather kernel index out of bounds"` failed.
/pytorch/aten/src/ATen/native/cuda/ScatterGatherKernel.cu:163: operator(): block: [2,0,0], thread: [110,0,0] Assertion `idx_dim >= 0 && idx_dim < index_size && "scatter gather kernel index out of bounds"` failed.
/pytorch/aten/src/ATen/native/cuda/ScatterGatherKernel.cu:163: operator(): block: [2,0,0], thread: [111,0,0] Assertion `idx_dim >= 0 && idx_dim < index_size && "scatter gather kernel index out of bounds"` failed.
/pytorch/aten/src/ATen/native/cuda/ScatterGatherKernel.cu:163: operator(): block: [2,0,0], thread: [112,0,0] Assertion `idx_dim >= 0 && idx_dim < index_size && "scatter gather kernel index out of bounds"` failed.
/pytorch/aten/src/ATen/native/cuda/ScatterGatherKernel.cu:163: operator(): block: [2,0,0], thread: [113,0,0] Assertion `idx_dim >= 0 && idx_dim < index_size && "scatter gather kernel index out of bounds"` failed.
/pytorch/aten/src/ATen/native/cuda/ScatterGatherKernel.cu:163: operator(): block: [2,0,0], thread: [114,0,0] Assertion `idx_dim >= 0 && idx_dim < index_size && "scatter gather kernel index out of bounds"` failed.
/pytorch/aten/src/ATen/native/cuda/ScatterGatherKernel.cu:163: operator(): block: [2,0,0], thread: [115,0,0] Assertion `idx_dim >= 0 && idx_dim < index_size && "scatter gather kernel index out of bounds"` failed.
/pytorch/aten/src/ATen/native/cuda/ScatterGatherKernel.cu:163: operator(): block: [2,0,0], thread: [116,0,0] Assertion `idx_dim >= 0 && idx_dim < index_size && "scatter gather kernel index out of bounds"` failed.
/pytorch/aten/src/ATen/native/cuda/ScatterGatherKernel.cu:163: operator(): block: [2,0,0], thread: [117,0,0] Assertion `idx_dim >= 0 && idx_dim < index_size && "scatter gather kernel index out of bounds"` failed.
/pytorch/aten/src/ATen/native/cuda/ScatterGatherKernel.cu:163: operator(): block: [2,0,0], thread: [118,0,0] Assertion `idx_dim >= 0 && idx_dim < index_size && "scatter gather kernel index out of bounds"` failed.
/pytorch/aten/src/ATen/native/cuda/ScatterGatherKernel.cu:163: operator(): block: [2,0,0], thread: [119,0,0] Assertion `idx_dim >= 0 && idx_dim < index_size && "scatter gather kernel index out of bounds"` failed.
/pytorch/aten/src/ATen/native/cuda/ScatterGatherKernel.cu:163: operator(): block: [2,0,0], thread: [120,0,0] Assertion `idx_dim >= 0 && idx_dim < index_size && "scatter gather kernel index out of bounds"` failed.
/pytorch/aten/src/ATen/native/cuda/ScatterGatherKernel.cu:163: operator(): block: [2,0,0], thread: [121,0,0] Assertion `idx_dim >= 0 && idx_dim < index_size && "scatter gather kernel index out of bounds"` failed.
/pytorch/aten/src/ATen/native/cuda/ScatterGatherKernel.cu:163: operator(): block: [2,0,0], thread: [122,0,0] Assertion `idx_dim >= 0 && idx_dim < index_size && "scatter gather kernel index out of bounds"` failed.
/pytorch/aten/src/ATen/native/cuda/ScatterGatherKernel.cu:163: operator(): block: [2,0,0], thread: [123,0,0] Assertion `idx_dim >= 0 && idx_dim < index_size && "scatter gather kernel index out of bounds"` failed.
/pytorch/aten/src/ATen/native/cuda/ScatterGatherKernel.cu:163: operator(): block: [2,0,0], thread: [124,0,0] Assertion `idx_dim >= 0 && idx_dim < index_size && "scatter gather kernel index out of bounds"` failed.
/pytorch/aten/src/ATen/native/cuda/ScatterGatherKernel.cu:163: operator(): block: [2,0,0], thread: [125,0,0] Assertion `idx_dim >= 0 && idx_dim < index_size && "scatter gather kernel index out of bounds"` failed.
/pytorch/aten/src/ATen/native/cuda/ScatterGatherKernel.cu:163: operator(): block: [2,0,0], thread: [126,0,0] Assertion `idx_dim >= 0 && idx_dim < index_size && "scatter gather kernel index out of bounds"` failed.
/pytorch/aten/src/ATen/native/cuda/ScatterGatherKernel.cu:163: operator(): block: [2,0,0], thread: [127,0,0] Assertion `idx_dim >= 0 && idx_dim < index_size && "scatter gather kernel index out of bounds"` failed.
