### Starting TaskPrologue of job 1288341 on tg096 at Sat Oct 25 03:04:00 AM CEST 2025
Running on cores 96-127 with governor ondemand
Sat Oct 25 03:04:00 2025       
+-----------------------------------------------------------------------------------------+
| NVIDIA-SMI 580.95.05              Driver Version: 580.95.05      CUDA Version: 13.0     |
+-----------------------------------------+------------------------+----------------------+
| GPU  Name                 Persistence-M | Bus-Id          Disp.A | Volatile Uncorr. ECC |
| Fan  Temp   Perf          Pwr:Usage/Cap |           Memory-Usage | GPU-Util  Compute M. |
|                                         |                        |               MIG M. |
|=========================================+========================+======================|
|   0  NVIDIA A100-SXM4-40GB          On  |   00000000:C1:00.0 Off |                    0 |
| N/A   35C    P0             55W /  400W |       0MiB /  40960MiB |      0%      Default |
|                                         |                        |             Disabled |
+-----------------------------------------+------------------------+----------------------+

+-----------------------------------------------------------------------------------------+
| Processes:                                                                              |
|  GPU   GI   CI              PID   Type   Process name                        GPU Memory |
|        ID   ID                                                               Usage      |
|=========================================================================================|
|  No running processes found                                                             |
+-----------------------------------------------------------------------------------------+
### Finished TaskPrologue

🦥 Unsloth: Will patch your computer to enable 2x faster free finetuning.
🦥 Unsloth Zoo will now patch everything to make training faster!
Created run directory: /home/vault/iwi5/iwi5298h/models_image_text/gemma/schmuck/finetune/run_V100_FIXED_20251025_030427
============================================================
GEMMA-3 SCHMUCK - V100 OPTIMIZED
============================================================
Loading Gemma-3 vision model with Unsloth...
Unsloth: WARNING `trust_remote_code` is True.
Are you certain you want to do remote code execution?
==((====))==  Unsloth 2025.7.3: Fast Gemma3 patching. Transformers: 4.51.3.
   \\   /|    NVIDIA A100-SXM4-40GB. Num GPUs = 1. Max memory: 39.494 GB. Platform: Linux.
O^O/ \_/ \    Torch: 2.7.1+cu126. CUDA: 8.0. CUDA Toolkit: 12.6. Triton: 3.3.1
\        /    Bfloat16 = TRUE. FA [Xformers = 0.0.31.post1. FA2 = False]
 "-____-"     Free license: http://github.com/unslothai/unsloth
Unsloth: Fast downloading is enabled - ignore downloading bars which are red colored!
Unsloth: Gemma3 does not support SDPA - switching to eager!
Model loaded - Unsloth auto-configured dtype and attention
Unsloth: Making `base_model.model.vision_tower.vision_model` require gradients
Gemma-3 vision model loaded with V100-optimized LoRA config

============================================================
STARTING TRAINING (V100-OPTIMIZED)
============================================================
Preparing training and validation datasets...
Training: 413 samples, Validation: 88 samples
GPU = NVIDIA A100-SXM4-40GB. Max memory = 39.494 GB.
4.809 GB of memory reserved.
Starting training with CER-based evaluation (V100-optimized)...
{'loss': 28.3692, 'grad_norm': 237.83395385742188, 'learning_rate': 0.0, 'epoch': 0.04}
{'loss': 28.1397, 'grad_norm': 254.14883422851562, 'learning_rate': 4.0000000000000003e-07, 'epoch': 0.19}
{'loss': 28.3479, 'grad_norm': 339.7806091308594, 'learning_rate': 9.000000000000001e-07, 'epoch': 0.39}
{'loss': 28.2037, 'grad_norm': 309.0481872558594, 'learning_rate': 1.4000000000000001e-06, 'epoch': 0.58}
{'loss': 27.665, 'grad_norm': 299.7386779785156, 'learning_rate': 1.9000000000000002e-06, 'epoch': 0.77}
{'loss': 26.0812, 'grad_norm': 246.7390899658203, 'learning_rate': 2.4000000000000003e-06, 'epoch': 0.97}
Gemma-3 training completed at: Sat Oct 25 03:40:37 AM CEST 2025
=== JOB_STATISTICS ===
=== current date     : Sat Oct 25 03:40:39 AM CEST 2025
= Job-ID             : 1288341 on tinygpu
= Job-Name           : schmuck
= Job-Command        : /home/hpc/iwi5/iwi5298h/Uddipan-Thesis/jobfiles/job_gemma2.sh
= Initial workdir    : /home/hpc/iwi5/iwi5298h/Uddipan-Thesis/jobfiles
= Queue/Partition    : a100
= Slurm account      : iwi5 with QOS=normal
= Requested resources:  for 12:00:00
= Elapsed runtime    : 00:36:39
= Total RAM usage    : 107.8 GiB of requested  GiB (%)   
= Node list          : tg096
= Subm/Elig/Start/End: 2025-10-24T14:52:02 / 2025-10-24T14:52:02 / 2025-10-25T03:03:59 / 2025-10-25T03:40:38
======================
=== Quota infos ======
    Path                 Used     SoftQ    HardQ    Gracetime  Filec    FileQ    FiHaQ    FileGrace    
    /home/hpc             101.8G   104.9G   209.7G        N/A  29,930      500K   1,000K        N/A    
    /home/woody           184.0G  1000.0G  1500.0G        N/A     833K   5,000K   7,500K        N/A    
======================
=== GPU utilization ==
gpu_name, gpu_bus_id, pid, gpu_utilization [%], mem_utilization [%], max_memory_usage [MiB], time [ms]
NVIDIA A100-SXM4-40GB, 00000000:C1:00.0, 774100, 10 %, 3 %, 9210 MiB, 2189941 ms
