### Starting TaskPrologue of job 1526270 on tg072 at Sat Feb  7 06:18:15 PM CET 2026
Running on cores 4-5,12-13,20-21,28-29 with governor ondemand
Sat Feb  7 18:18:15 2026       
+-----------------------------------------------------------------------------------------+
| NVIDIA-SMI 570.211.01             Driver Version: 570.211.01     CUDA Version: 12.8     |
|-----------------------------------------+------------------------+----------------------+
| GPU  Name                 Persistence-M | Bus-Id          Disp.A | Volatile Uncorr. ECC |
| Fan  Temp   Perf          Pwr:Usage/Cap |           Memory-Usage | GPU-Util  Compute M. |
|                                         |                        |               MIG M. |
|=========================================+========================+======================|
|   0  Tesla V100-PCIE-32GB           On  |   00000000:86:00.0 Off |                    0 |
| N/A   32C    P0             26W /  250W |       0MiB /  32768MiB |      0%      Default |
|                                         |                        |                  N/A |
+-----------------------------------------+------------------------+----------------------+
                                                                                         
+-----------------------------------------------------------------------------------------+
| Processes:                                                                              |
|  GPU   GI   CI              PID   Type   Process name                        GPU Memory |
|        ID   ID                                                               Usage      |
|=========================================================================================|
|  No running processes found                                                             |
+-----------------------------------------------------------------------------------------+
### Finished TaskPrologue

Configured torch.backends.cuda.sdp_kernel(mem_efficient=True, math=True, flash=False)

============================================================
PADDLEOCR-VL FINETUNING - SCHMUCK DATASET
BEST MODEL SELECTION: CER(GT JSON string vs prediction_stripped_for_cer)
Memory-efficient JSONL indexing + streamed test writing + OOM hardening
============================================================
Model: PaddlePaddle/PaddleOCR-VL
Local cache: /home/vault/iwi5/iwi5298h/models/PaddleOCR-VL
Output run dir: /home/vault/iwi5/iwi5298h/models_image_text/paddleocr/schmuck/run_20260207_181835_cer
Prompt task: ocr -> 'OCR:'
Attention impl override: None
Image resize: max_image_side=768 resample=bicubic
============================================================

Using device: cuda
Loading PaddleOCR-VL from local cache: /home/vault/iwi5/iwi5298h/models/PaddleOCR-VL
Enabled gradient checkpointing (use_reentrant=False).
Disabled use_cache for training.
TensorBoard logging to: /home/vault/iwi5/iwi5298h/models_image_text/paddleocr/schmuck/run_20260207_181835_cer/tensorboard
Loaded index with 413 offsets: /home/woody/iwi5/iwi5298h/json_schmuck/train.idx
Dataset ready: /home/woody/iwi5/iwi5298h/json_schmuck/train.jsonl | samples=413 | image_key='file_name' | max_image_side=768
Loaded index with 88 offsets: /home/woody/iwi5/iwi5298h/json_schmuck/val.idx
Dataset ready: /home/woody/iwi5/iwi5298h/json_schmuck/val.jsonl | samples=88 | image_key='file_name' | max_image_side=768
Loaded index with 89 offsets: /home/woody/iwi5/iwi5298h/json_schmuck/test.idx
Dataset ready: /home/woody/iwi5/iwi5298h/json_schmuck/test.jsonl | samples=89 | image_key='file_name' | max_image_side=768

============================================================
Epoch 1/10
============================================================
Epoch 1 - train loss: 4.3416

Running validation (CER-based model selection)...
Validation CER (PRIMARY, stripped vs GT): 1.5945 (159.45%)
Validation structured CER (DEBUG, canonical extraction): 158.4648%
🎯 New BEST validation CER (primary): 1.5945 (159.45%), improvement 0.0000

============================================================
Epoch 2/10
============================================================
Epoch 2 - train loss: 0.0179

Running validation (CER-based model selection)...
Validation CER (PRIMARY, stripped vs GT): 0.0088 (0.88%)
Validation structured CER (DEBUG, canonical extraction): 0.9405%
🎯 New BEST validation CER (primary): 0.0088 (0.88%), improvement 1.5857

============================================================
Epoch 3/10
============================================================
Epoch 3 - train loss: 0.0050

Running validation (CER-based model selection)...
Validation CER (PRIMARY, stripped vs GT): 0.0304 (3.04%)
Validation structured CER (DEBUG, canonical extraction): 3.1066%
No improvement. Best CER remains 0.0088 (0.88%) from epoch 2

============================================================
Epoch 4/10
============================================================
Epoch 4 - train loss: 0.0017

Running validation (CER-based model selection)...
Validation CER (PRIMARY, stripped vs GT): 0.0179 (1.79%)
Validation structured CER (DEBUG, canonical extraction): 1.7861%
No improvement. Best CER remains 0.0088 (0.88%) from epoch 2

============================================================
Epoch 5/10
============================================================
Epoch 5 - train loss: 0.0009

Running validation (CER-based model selection)...
Validation CER (PRIMARY, stripped vs GT): 0.0344 (3.44%)
Validation structured CER (DEBUG, canonical extraction): 3.4771%
No improvement. Best CER remains 0.0088 (0.88%) from epoch 2

============================================================
Epoch 6/10
============================================================
Epoch 6 - train loss: 0.0007

Running validation (CER-based model selection)...
Validation CER (PRIMARY, stripped vs GT): 0.0221 (2.21%)
Validation structured CER (DEBUG, canonical extraction): 2.1756%
No improvement. Best CER remains 0.0088 (0.88%) from epoch 2

============================================================
Epoch 7/10
============================================================
Epoch 7 - train loss: 0.0005

Running validation (CER-based model selection)...
Validation CER (PRIMARY, stripped vs GT): 0.0221 (2.21%)
Validation structured CER (DEBUG, canonical extraction): 2.1756%
No improvement. Best CER remains 0.0088 (0.88%) from epoch 2

============================================================
Epoch 8/10
============================================================
Epoch 8 - train loss: 0.0005

Running validation (CER-based model selection)...
Validation CER (PRIMARY, stripped vs GT): 0.0232 (2.32%)
Validation structured CER (DEBUG, canonical extraction): 2.2801%
No improvement. Best CER remains 0.0088 (0.88%) from epoch 2

============================================================
Epoch 9/10
============================================================
Epoch 9 - train loss: 0.0005

Running validation (CER-based model selection)...
Validation CER (PRIMARY, stripped vs GT): 0.0229 (2.29%)
Validation structured CER (DEBUG, canonical extraction): 2.2611%
No improvement. Best CER remains 0.0088 (0.88%) from epoch 2

============================================================
Epoch 10/10
============================================================
Epoch 10 - train loss: 0.0005

Running validation (CER-based model selection)...
Validation CER (PRIMARY, stripped vs GT): 0.0225 (2.25%)
Validation structured CER (DEBUG, canonical extraction): 2.2136%
No improvement. Best CER remains 0.0088 (0.88%) from epoch 2

Training finished.
Best epoch: 2, best val CER: 0.0088 (0.88%)

Loading best model from /home/vault/iwi5/iwi5298h/models_image_text/paddleocr/schmuck/run_20260207_181835_cer/best_model for test evaluation...
Saved 89 test predictions to /home/vault/iwi5/iwi5298h/models_image_text/paddleocr/schmuck/run_20260207_181835_cer/test_predictions.jsonl

============================================================
FINAL RESULTS - SCHMUCK
============================================================
Best validation CER: 0.0088 (0.88%)
Test average CER:    0.0106 (1.06%)
Test median CER:     0.0055 (0.55%)

Run directory: /home/vault/iwi5/iwi5298h/models_image_text/paddleocr/schmuck/run_20260207_181835_cer
============================================================

Paddle training completed at: Sat Feb  7 09:23:15 PM CET 2026
=== JOB_STATISTICS ===
=== current date     : Sat Feb  7 09:23:15 PM CET 2026
= Job-ID             : 1526270 on tinygpu
= Job-Name           : schmuck_updated
= Job-Command        : /home/hpc/iwi5/iwi5298h/Uddipan-Thesis/jobfiles/job_paddle.sh
= Initial workdir    : /home/hpc/iwi5/iwi5298h/Uddipan-Thesis/jobfiles
= Queue/Partition    : v100
= Slurm account      : iwi5 with QOS=normal
= Requested resources:  for 1-00:00:00
= Elapsed runtime    : 03:05:04
= Total RAM usage    : 11.2 GiB of requested  GiB (%)   
= Node list          : tg072
= Subm/Elig/Start/End: 2026-02-07T15:55:32 / 2026-02-07T15:55:32 / 2026-02-07T18:18:11 / 2026-02-07T21:23:15
======================
=== Quota infos ======
    Path                 Used     SoftQ    HardQ    Gracetime  Filec    FileQ    FiHaQ    FileGrace    
    /home/woody           408.1G  1000.0G  1500.0G        N/A   1,018K   5,000K   7,500K        N/A    
    /home/hpc              91.4G   104.9G   209.7G        N/A  30,029      500K   1,000K        N/A    
    /home/vault           964.3G  1048.6G  2097.2G        N/A   9,548      200K     400K        N/A    
======================
=== GPU utilization ==
gpu_name, gpu_bus_id, pid, gpu_utilization [%], mem_utilization [%], max_memory_usage [MiB], time [ms]
Tesla V100-PCIE-32GB, 00000000:86:00.0, 3061469, 66 %, 21 %, 10468 MiB, 11080360 ms
