### Starting TaskPrologue of job 1410546 on tg072 at Sun Nov 23 04:43:35 PM CET 2025
Running on cores 2-3,10-11,18-19,26-27 with governor ondemand
Sun Nov 23 16:43:35 2025       
+-----------------------------------------------------------------------------------------+
| NVIDIA-SMI 570.195.03             Driver Version: 570.195.03     CUDA Version: 12.8     |
|-----------------------------------------+------------------------+----------------------+
| GPU  Name                 Persistence-M | Bus-Id          Disp.A | Volatile Uncorr. ECC |
| Fan  Temp   Perf          Pwr:Usage/Cap |           Memory-Usage | GPU-Util  Compute M. |
|                                         |                        |               MIG M. |
|=========================================+========================+======================|
|   0  Tesla V100-PCIE-32GB           On  |   00000000:3B:00.0 Off |                    0 |
| N/A   45C    P0             32W /  250W |       0MiB /  32768MiB |      0%      Default |
|                                         |                        |                  N/A |
+-----------------------------------------+------------------------+----------------------+
                                                                                         
+-----------------------------------------------------------------------------------------+
| Processes:                                                                              |
|  GPU   GI   CI              PID   Type   Process name                        GPU Memory |
|        ID   ID                                                               Usage      |
|=========================================================================================|
|  No running processes found                                                             |
+-----------------------------------------------------------------------------------------+
### Finished TaskPrologue

========================================
Florence-2 OCR Fine-tuning Job Configuration:
========================================
Job ID: 1410546
Log Directory: /home/hpc/iwi5/iwi5298h/Uddipan-Thesis/logs/Florence2/1410546
CUDA Device: 0
Job started at: Sun Nov 23 04:43:36 PM CET 2025
========================================
============================================================
FLORENCE-2 LARGE ZERO-SHOT OCR EVALUATION
Staircase Dataset
============================================================

📁 Output directory: /home/vault/iwi5/iwi5298h/models_image_text/florence2/shots_stair/run_zeroshot_20251123_164443

Loading test data...
✅ Loaded 24 test samples

============================================================
Loading Florence-2-large model from local cache...
============================================================
Device: cuda
Dtype: torch.float16
⏳ Loading model (this may take a bit)...
⏳ Loading processor...
✅ Model loaded successfully!
Model parameters: 0.78B
============================================================

============================================================
Processing 24 test images with Florence-2 zero-shot OCR...
============================================================


────────────────────────────────────────────────────────────
========================================
Job completed at: Sun Nov 23 04:45:09 PM CET 2025
========================================
=== JOB_STATISTICS ===
=== current date     : Sun Nov 23 04:45:09 PM CET 2025
= Job-ID             : 1410546 on tinygpu
= Job-Name           : zero_stair
= Job-Command        : /home/hpc/iwi5/iwi5298h/Uddipan-Thesis/jobfiles/job_florence.sh
= Initial workdir    : /home/hpc/iwi5/iwi5298h/Uddipan-Thesis/jobfiles
= Queue/Partition    : v100
= Slurm account      : iwi5 with QOS=normal
= Requested resources:  for 04:00:00
= Elapsed runtime    : 00:01:42
= Total RAM usage    : 2.5 GiB of requested  GiB (%)   
= Node list          : tg072
= Subm/Elig/Start/End: 2025-11-23T16:35:28 / 2025-11-23T16:35:28 / 2025-11-23T16:43:27 / 2025-11-23T16:45:09
======================
=== Quota infos ======
    Path                 Used     SoftQ    HardQ    Gracetime  Filec    FileQ    FiHaQ    FileGrace    
    /home/hpc              68.3G   104.9G   209.7G        N/A  26,984      500K   1,000K        N/A    
    /home/woody           197.4G  1000.0G  1500.0G        N/A     876K   5,000K   7,500K        N/A    
    /home/vault           945.0G  1048.6G  2097.2G        N/A   6,796      200K     400K        N/A    
======================
=== GPU utilization ==
gpu_name, gpu_bus_id, pid, gpu_utilization [%], mem_utilization [%], max_memory_usage [MiB], time [ms]
Tesla V100-PCIE-32GB, 00000000:3B:00.0, 63849, 0 %, 0 %, 1808 MiB, 29987 ms
