### Starting TaskPrologue of job 1399808 on tg085 at Wed Nov 19 03:04:15 PM CET 2025
Running on cores 2-3,18-19,34-35,50-51 with governor powersave
Wed Nov 19 15:04:15 2025       
+-----------------------------------------------------------------------------------------+
| NVIDIA-SMI 580.95.05              Driver Version: 580.95.05      CUDA Version: 13.0     |
+-----------------------------------------+------------------------+----------------------+
| GPU  Name                 Persistence-M | Bus-Id          Disp.A | Volatile Uncorr. ECC |
| Fan  Temp   Perf          Pwr:Usage/Cap |           Memory-Usage | GPU-Util  Compute M. |
|                                         |                        |               MIG M. |
|=========================================+========================+======================|
|   0  NVIDIA GeForce RTX 3080        On  |   00000000:1B:00.0 Off |                  N/A |
| 39%   64C    P8             27W /  300W |       1MiB /  10240MiB |      0%      Default |
|                                         |                        |                  N/A |
+-----------------------------------------+------------------------+----------------------+

+-----------------------------------------------------------------------------------------+
| Processes:                                                                              |
|  GPU   GI   CI              PID   Type   Process name                        GPU Memory |
|        ID   ID                                                               Usage      |
|=========================================================================================|
|  No running processes found                                                             |
+-----------------------------------------------------------------------------------------+
### Finished TaskPrologue

Starting UI at: Wed Nov 19 03:04:16 PM CET 2025
⏳ Loading Phi-3.5-Vision staircase model for inference...
✅ Model loaded on device: cuda:0
=== JOB_STATISTICS ===
=== current date     : Wed Nov 19 03:24:33 PM CET 2025
= Job-ID             : 1399808 on tinygpu
= Job-Name           : phi_stair_ui
= Job-Command        : /home/hpc/iwi5/iwi5298h/Uddipan-Thesis/jobfiles/job_phi_ui.sh
= Initial workdir    : /home/hpc/iwi5/iwi5298h/Uddipan-Thesis/jobfiles
= Queue/Partition    : rtx3080
= Slurm account      : iwi5 with QOS=normal
= Requested resources:  for 00:20:00
= Elapsed runtime    : 00:20:18
= Total RAM usage    : 9.7 GiB of requested  GiB (%)   
= Node list          : tg085
= Subm/Elig/Start/End: 2025-11-19T13:58:32 / 2025-11-19T13:58:32 / 2025-11-19T15:04:13 / 2025-11-19T15:24:31
======================
=== Quota infos ======
    Path                 Used     SoftQ    HardQ    Gracetime  Filec    FileQ    FiHaQ    FileGrace    
    /home/woody           188.8G  1000.0G  1500.0G        N/A     872K   5,000K   7,500K        N/A    
!!! /home/hpc             109.0G   104.9G   209.7G  -29293days  31,651      500K   1,000K        N/A !!!
======================
=== GPU utilization ==
gpu_name, gpu_bus_id, pid, gpu_utilization [%], mem_utilization [%], max_memory_usage [MiB], time [ms]
NVIDIA GeForce RTX 3080, 00000000:1B:00.0, 1674117, 1 %, 0 %, 6194 MiB, 1200775 ms
