### Starting TaskPrologue of job 1472953 on tg094 at Wed Dec 24 05:22:07 AM CET 2025
Running on cores 64-95 with governor ondemand
Wed Dec 24 05:22:07 2025       
+-----------------------------------------------------------------------------------------+
| NVIDIA-SMI 580.105.08             Driver Version: 580.105.08     CUDA Version: 13.0     |
+-----------------------------------------+------------------------+----------------------+
| GPU  Name                 Persistence-M | Bus-Id          Disp.A | Volatile Uncorr. ECC |
| Fan  Temp   Perf          Pwr:Usage/Cap |           Memory-Usage | GPU-Util  Compute M. |
|                                         |                        |               MIG M. |
|=========================================+========================+======================|
|   0  NVIDIA A100-SXM4-40GB          On  |   00000000:81:00.0 Off |                    0 |
| N/A   34C    P0             55W /  400W |       0MiB /  40960MiB |      0%      Default |
|                                         |                        |             Disabled |
+-----------------------------------------+------------------------+----------------------+

+-----------------------------------------------------------------------------------------+
| Processes:                                                                              |
|  GPU   GI   CI              PID   Type   Process name                        GPU Memory |
|        ID   ID                                                               Usage      |
|=========================================================================================|
|  No running processes found                                                             |
+-----------------------------------------------------------------------------------------+
### Finished TaskPrologue

🦥 Unsloth: Will patch your computer to enable 2x faster free finetuning.
🦥 Unsloth Zoo will now patch everything to make training faster!
[HPO] Created HPO run directory: /home/vault/iwi5/iwi5298h/models_image_text/gemma3/hpo/schmuck/hpo_run_20251224_052240

================================================================================
[HPO] Starting / Resuming Optuna HPO for Gemma-3 SCHMUCK (LOCAL MODEL)
================================================================================
[HPO]   Storage: sqlite:////home/hpc/iwi5/iwi5298h/Uddipan-Thesis/vlmmodels.db
[HPO]   Study name: gemma3_schmuck_data
[HPO]   Target COMPLETE trials: 30
[HPO]   Output dir: /home/vault/iwi5/iwi5298h/models_image_text/gemma3/hpo/schmuck/hpo_run_20251224_052240
[HPO]   Completed trials so far: 0
[HPO]   Remaining trials to run: 30
Gemma-3 training completed at: Wed Dec 24 05:22:45 AM CET 2025
=== JOB_STATISTICS ===
=== current date     : Wed Dec 24 05:22:45 AM CET 2025
= Job-ID             : 1472953 on tinygpu
= Job-Name           : schmuck_hpo
= Job-Command        : /home/hpc/iwi5/iwi5298h/Uddipan-Thesis/jobfiles/job_gemma2.sh
= Initial workdir    : /home/hpc/iwi5/iwi5298h/Uddipan-Thesis/jobfiles
= Queue/Partition    : a100
= Slurm account      : iwi5 with QOS=normal
= Requested resources:  for 1-00:00:00
= Elapsed runtime    : 00:00:49
= Total RAM usage    : 2.0 GiB of requested  GiB (%)   
= Node list          : tg094
= Subm/Elig/Start/End: 2025-12-23T15:02:21 / 2025-12-23T15:02:21 / 2025-12-24T05:21:56 / 2025-12-24T05:22:45
======================
=== Quota infos ======
    Path                 Used     SoftQ    HardQ    Gracetime  Filec    FileQ    FiHaQ    FileGrace    
    /home/hpc              88.5G   104.9G   209.7G        N/A  29,212      500K   1,000K        N/A    
    /home/woody           219.6G  1000.0G  1500.0G        N/A   1,017K   5,000K   7,500K        N/A    
    /home/vault           959.1G  1048.6G  2097.2G        N/A   7,503      200K     400K        N/A    
======================
=== GPU utilization ==
gpu_name, gpu_bus_id, pid, gpu_utilization [%], mem_utilization [%], max_memory_usage [MiB], time [ms]
NVIDIA A100-SXM4-40GB, 00000000:81:00.0, 3797012, 0 %, 0 %, 416 MiB, 28964 ms
