### Starting TaskPrologue of job 1519506 on tg071 at Thu Jan 29 02:13:39 AM CET 2026
Running on cores 6-7,14-15,22-23,30-31 with governor ondemand
Thu Jan 29 02:13:39 2026       
+-----------------------------------------------------------------------------------------+
| NVIDIA-SMI 570.211.01             Driver Version: 570.211.01     CUDA Version: 12.8     |
|-----------------------------------------+------------------------+----------------------+
| GPU  Name                 Persistence-M | Bus-Id          Disp.A | Volatile Uncorr. ECC |
| Fan  Temp   Perf          Pwr:Usage/Cap |           Memory-Usage | GPU-Util  Compute M. |
|                                         |                        |               MIG M. |
|=========================================+========================+======================|
|   0  Tesla V100-PCIE-32GB           On  |   00000000:AF:00.0 Off |                    0 |
| N/A   36C    P0             26W /  250W |       0MiB /  32768MiB |      0%      Default |
|                                         |                        |                  N/A |
+-----------------------------------------+------------------------+----------------------+
                                                                                         
+-----------------------------------------------------------------------------------------+
| Processes:                                                                              |
|  GPU   GI   CI              PID   Type   Process name                        GPU Memory |
|        ID   ID                                                               Usage      |
|=========================================================================================|
|  No running processes found                                                             |
+-----------------------------------------------------------------------------------------+
### Finished TaskPrologue

Starting training at: Thu Jan 29 02:13:41 AM CET 2026

================================================================================
PHI-3.5-VISION FINE-TUNING WITH QLORA 4-BIT - INVENTORY DATASET
BEST MODEL BY AUTOREGRESSIVE GEN-CER + SAVE ONLY ONE
================================================================================

📂 Run directory: /home/vault/iwi5/iwi5298h/models_image_text/phi/inven/finetune/run_phi35_genCER_20260129_021452

⏳ Loading processor + model...
✅ LoRA applied. Trainable params: 25,165,824/4,171,787,264 (0.60%)

📊 Loading datasets...
   📊 Loaded 213 valid samples (out of 213 total)
   🔄 Data augmentation ENABLED
   📊 Loaded 47 valid samples (out of 47 total)
[GenCERCallback] Fixed val subset size = 30

🚀 Starting training...
================================================================================
{'loss': 29.9426, 'grad_norm': 6.455764293670654, 'learning_rate': 0.00015384615384615385, 'epoch': 0.75}
{'eval_loss': 1.585221767425537, 'eval_runtime': 217.5746, 'eval_samples_per_second': 0.216, 'eval_steps_per_second': 0.216, 'epoch': 0.98}

================================================================================
🔍 COMPUTING GEN-CER ON VAL SUBSET (Epoch 0.98)
================================================================================

   ✅ Gen-CER: 0.4672 (46.72%)
================================================================================

{'loss': 23.7611, 'grad_norm': 7.26472282409668, 'learning_rate': 0.00019823877374156647, 'epoch': 1.5}
{'eval_loss': 1.345539927482605, 'eval_runtime': 217.364, 'eval_samples_per_second': 0.216, 'eval_steps_per_second': 0.216, 'epoch': 1.95}

================================================================================
🔍 COMPUTING GEN-CER ON VAL SUBSET (Epoch 1.95)
================================================================================

   ✅ Gen-CER: 0.3949 (39.49%)
================================================================================

{'loss': 20.2411, 'grad_norm': 6.502812385559082, 'learning_rate': 0.0001897613727639014, 'epoch': 2.25}
{'eval_loss': 1.2557640075683594, 'eval_runtime': 218.2134, 'eval_samples_per_second': 0.215, 'eval_steps_per_second': 0.215, 'epoch': 2.93}

================================================================================
🔍 COMPUTING GEN-CER ON VAL SUBSET (Epoch 2.93)
================================================================================

   ✅ Gen-CER: 0.3472 (34.72%)
================================================================================

{'loss': 18.3469, 'grad_norm': 9.084111213684082, 'learning_rate': 0.00017485107481711012, 'epoch': 3.0}
{'loss': 15.2719, 'grad_norm': 9.26790714263916, 'learning_rate': 0.00015457645101945046, 'epoch': 3.76}
{'eval_loss': 1.2281630039215088, 'eval_runtime': 218.8625, 'eval_samples_per_second': 0.215, 'eval_steps_per_second': 0.215, 'epoch': 3.98}

================================================================================
🔍 COMPUTING GEN-CER ON VAL SUBSET (Epoch 3.98)
================================================================================

   ✅ Gen-CER: 0.3338 (33.38%)
================================================================================

{'loss': 14.1241, 'grad_norm': 8.457886695861816, 'learning_rate': 0.0001303905157574247, 'epoch': 4.51}
{'eval_loss': 1.249259352684021, 'eval_runtime': 219.5305, 'eval_samples_per_second': 0.214, 'eval_steps_per_second': 0.214, 'epoch': 4.96}

================================================================================
🔍 COMPUTING GEN-CER ON VAL SUBSET (Epoch 4.96)
================================================================================

   ✅ Gen-CER: 0.3091 (30.91%)
================================================================================

{'loss': 12.9163, 'grad_norm': 11.303277015686035, 'learning_rate': 0.00010402659401094152, 'epoch': 5.26}
{'eval_loss': 1.312691569328308, 'eval_runtime': 219.6846, 'eval_samples_per_second': 0.214, 'eval_steps_per_second': 0.214, 'epoch': 5.93}

================================================================================
🔍 COMPUTING GEN-CER ON VAL SUBSET (Epoch 5.93)
================================================================================

   ✅ Gen-CER: 0.2961 (29.61%)
================================================================================

{'loss': 10.8824, 'grad_norm': 13.012819290161133, 'learning_rate': 7.73740997570278e-05, 'epoch': 6.01}
{'loss': 8.8644, 'grad_norm': 13.393281936645508, 'learning_rate': 5.234312799786921e-05, 'epoch': 6.76}
{'eval_loss': 1.3853553533554077, 'eval_runtime': 220.9621, 'eval_samples_per_second': 0.213, 'eval_steps_per_second': 0.213, 'epoch': 6.99}

================================================================================
🔍 COMPUTING GEN-CER ON VAL SUBSET (Epoch 6.99)
================================================================================

   ✅ Gen-CER: 0.3388 (33.88%)
================================================================================

{'loss': 9.0661, 'grad_norm': 13.956282615661621, 'learning_rate': 3.072756464904006e-05, 'epoch': 7.51}
{'eval_loss': 1.4303364753723145, 'eval_runtime': 219.3735, 'eval_samples_per_second': 0.214, 'eval_steps_per_second': 0.214, 'epoch': 7.96}

================================================================================
🔍 COMPUTING GEN-CER ON VAL SUBSET (Epoch 7.96)
================================================================================

   ✅ Gen-CER: 0.3225 (32.25%)
================================================================================

{'loss': 8.0276, 'grad_norm': 14.759082794189453, 'learning_rate': 1.4076524743778319e-05, 'epoch': 8.26}
{'eval_loss': 1.4477791786193848, 'eval_runtime': 218.6612, 'eval_samples_per_second': 0.215, 'eval_steps_per_second': 0.215, 'epoch': 8.94}

================================================================================
🔍 COMPUTING GEN-CER ON VAL SUBSET (Epoch 8.94)
================================================================================

   ✅ Gen-CER: 0.2967 (29.67%)
================================================================================

{'loss': 7.4749, 'grad_norm': 14.213738441467285, 'learning_rate': 3.5833325466437694e-06, 'epoch': 9.01}
{'loss': 7.4103, 'grad_norm': 16.607046127319336, 'learning_rate': 0.0, 'epoch': 9.77}
{'eval_loss': 1.451953649520874, 'eval_runtime': 217.4471, 'eval_samples_per_second': 0.216, 'eval_steps_per_second': 0.216, 'epoch': 9.77}

================================================================================
🔍 COMPUTING GEN-CER ON VAL SUBSET (Epoch 9.77)
================================================================================

   ✅ Gen-CER: 0.3048 (30.48%)
================================================================================

{'train_runtime': 52603.9071, 'train_samples_per_second': 0.04, 'train_steps_per_second': 0.002, 'train_loss': 14.333057873065655, 'epoch': 9.77}

================================================================================
✅ TRAINING COMPLETED!
================================================================================
Best checkpoint: /home/vault/iwi5/iwi5298h/models_image_text/phi/inven/finetune/run_phi35_genCER_20260129_021452/checkpoint-79
Best gen-CER: 0.2960972193474628

💾 Saving ONLY best model to: /home/vault/iwi5/iwi5298h/models_image_text/phi/inven/finetune/run_phi35_genCER_20260129_021452/best_model_gen_cer

🧹 Deleting checkpoint-* folders...

================================================================================
PHASE 2: EVALUATION ON TEST SET (BEST MODEL)
================================================================================

⏳ Loading best model from: /home/vault/iwi5/iwi5298h/models_image_text/phi/inven/finetune/run_phi35_genCER_20260129_021452/best_model_gen_cer
[1/48] Processing inventarbuch-022.jpg
[2/48] Processing inventarbuch-099.jpg
[3/48] Processing inventarbuch-245.jpg
[4/48] Processing inventarbuch-263.jpg
[5/48] Processing inventarbuch-033.jpg
[6/48] Processing inventarbuch-143.jpg
[7/48] Processing inventarbuch-244.jpg
[8/48] Processing inventarbuch-024.jpg
[9/48] Processing inventarbuch-141.jpg
[10/48] Processing inventarbuch-183.jpg
[11/48] Processing inventarbuch-191.jpg
[12/48] Processing inventarbuch-051.jpg
[13/48] Processing inventarbuch-203.jpg
[14/48] Processing inventarbuch-296.jpg
[15/48] Processing inventarbuch-302.jpg
[16/48] Processing inventarbuch-179.jpg
[17/48] Processing inventarbuch-114.jpg
[18/48] Processing inventarbuch-082.jpg
[19/48] Processing inventarbuch-287.jpg
[20/48] Processing inventarbuch-181.jpg
[21/48] Processing inventarbuch-299.jpg
[22/48] Processing inventarbuch-084.jpg
[23/48] Processing inventarbuch-004.jpg
[24/48] Processing inventarbuch-148.jpg
[25/48] Processing inventarbuch-238.jpg
[26/48] Processing inventarbuch-116.jpg
[27/48] Processing inventarbuch-223.jpg
[28/48] Processing inventarbuch-104.jpg
[29/48] Processing inventarbuch-015.jpg
[30/48] Processing inventarbuch-272.jpg
[31/48] Processing inventarbuch-124.jpg
[32/48] Processing inventarbuch-115.jpg
[33/48] Processing inventarbuch-049.jpg
[34/48] Processing inventarbuch-017.jpg
[35/48] Processing inventarbuch-018.jpg
[36/48] Processing inventarbuch-225.jpg
[37/48] Processing inventarbuch-046.jpg
[38/48] Processing inventarbuch-294.jpg
[39/48] Processing inventarbuch-054.jpg
[40/48] Processing inventarbuch-073.jpg
[41/48] Processing inventarbuch-118.jpg
[42/48] Processing inventarbuch-130.jpg
[43/48] Processing inventarbuch-146.jpg
[44/48] Processing inventarbuch-014.jpg
[45/48] Processing inventarbuch-059.jpg
[46/48] Processing inventarbuch-256.jpg
[47/48] Processing inventarbuch-260.jpg
[48/48] Processing inventarbuch-279.jpg

✅ Results saved to: /home/vault/iwi5/iwi5298h/models_image_text/phi/inven/finetune/run_phi35_genCER_20260129_021452/test_predictions.jsonl
✅ Summary saved to: /home/vault/iwi5/iwi5298h/models_image_text/phi/inven/finetune/run_phi35_genCER_20260129_021452/training_summary.txt
🎉 Done. Run directory: /home/vault/iwi5/iwi5298h/models_image_text/phi/inven/finetune/run_phi35_genCER_20260129_021452
Finished at: Thu Jan 29 06:05:14 PM CET 2026
Exit status: 0
=== JOB_STATISTICS ===
=== current date     : Thu Jan 29 06:05:14 PM CET 2026
= Job-ID             : 1519506 on tinygpu
= Job-Name           : inven2
= Job-Command        : /home/hpc/iwi5/iwi5298h/Uddipan-Thesis/jobfiles/job_phi.sh
= Initial workdir    : /home/hpc/iwi5/iwi5298h/Uddipan-Thesis/jobfiles
= Queue/Partition    : v100
= Slurm account      : iwi5 with QOS=normal
= Requested resources:  for 1-00:00:00
= Elapsed runtime    : 15:51:45
= Total RAM usage    : 11.1 GiB of requested  GiB (%)   
= Node list          : tg071
= Subm/Elig/Start/End: 2026-01-28T16:03:56 / 2026-01-28T16:03:56 / 2026-01-29T02:13:29 / 2026-01-29T18:05:14
======================
=== Quota infos ======
    Path                 Used     SoftQ    HardQ    Gracetime  Filec    FileQ    FiHaQ    FileGrace    
    /home/hpc              88.2G   104.9G   209.7G        N/A  29,303      500K   1,000K        N/A    
    /home/woody           219.6G  1000.0G  1500.0G        N/A   1,017K   5,000K   7,500K        N/A    
!!! /home/vault          1122.4G  1048.6G  2097.2G  -29221days   8,690      200K     400K        N/A !!!
======================
=== GPU utilization ==
gpu_name, gpu_bus_id, pid, gpu_utilization [%], mem_utilization [%], max_memory_usage [MiB], time [ms]
Tesla V100-PCIE-32GB, 00000000:AF:00.0, 1852857, 70 %, 24 %, 10302 MiB, 57034119 ms
