### Starting TaskPrologue of job 1512948 on tg074 at Sat Jan 24 01:33:08 PM CET 2026
Running on cores 6-7,14-15,22-23,30-31 with governor ondemand
Sat Jan 24 13:33:08 2026       
+-----------------------------------------------------------------------------------------+
| NVIDIA-SMI 570.211.01             Driver Version: 570.211.01     CUDA Version: 12.8     |
|-----------------------------------------+------------------------+----------------------+
| GPU  Name                 Persistence-M | Bus-Id          Disp.A | Volatile Uncorr. ECC |
| Fan  Temp   Perf          Pwr:Usage/Cap |           Memory-Usage | GPU-Util  Compute M. |
|                                         |                        |               MIG M. |
|=========================================+========================+======================|
|   0  Tesla V100-PCIE-32GB           On  |   00000000:AF:00.0 Off |                    0 |
| N/A   56C    P0             32W /  250W |       0MiB /  32768MiB |      0%      Default |
|                                         |                        |                  N/A |
+-----------------------------------------+------------------------+----------------------+
                                                                                         
+-----------------------------------------------------------------------------------------+
| Processes:                                                                              |
|  GPU   GI   CI              PID   Type   Process name                        GPU Memory |
|        ID   ID                                                               Usage      |
|=========================================================================================|
|  No running processes found                                                             |
+-----------------------------------------------------------------------------------------+
### Finished TaskPrologue

Starting training at: Sat Jan 24 01:33:10 PM CET 2026
=== JOB_STATISTICS ===
=== current date     : Sat Jan 24 01:36:05 PM CET 2026
= Job-ID             : 1512948 on tinygpu
= Job-Name           : stair_hpo_finetune
= Job-Command        : /home/hpc/iwi5/iwi5298h/Uddipan-Thesis/jobfiles/job_phi4.sh
= Initial workdir    : /home/hpc/iwi5/iwi5298h/Uddipan-Thesis/jobfiles
= Queue/Partition    : v100
= Slurm account      : iwi5 with QOS=normal
= Requested resources:  for 1-00:00:00
= Elapsed runtime    : 00:02:57
= Total RAM usage    : 0.9 GiB of requested  GiB (%)   
= Node list          : tg074
= Subm/Elig/Start/End: 2026-01-18T18:52:46 / 2026-01-18T18:52:46 / 2026-01-24T13:33:05 / 2026-01-24T13:36:02
======================
=== Quota infos ======
    Path                 Used     SoftQ    HardQ    Gracetime  Filec    FileQ    FiHaQ    FileGrace    
    /home/woody           219.6G  1000.0G  1500.0G        N/A   1,017K   5,000K   7,500K        N/A    
    /home/hpc              88.2G   104.9G   209.7G        N/A  29,164      500K   1,000K        N/A    
    /home/vault          1033.7G  1048.6G  2097.2G        N/A   8,314      200K     400K        N/A    
======================
=== GPU utilization ==
gpu_name, gpu_bus_id, pid, gpu_utilization [%], mem_utilization [%], max_memory_usage [MiB], time [ms]
