### Starting TaskPrologue of job 1526053 on tg074 at Sat Feb  7 02:07:52 AM CET 2026
Running on cores 0-1,8-9,16-17,24-25 with governor ondemand
Sat Feb  7 02:07:52 2026       
+-----------------------------------------------------------------------------------------+
| NVIDIA-SMI 570.211.01             Driver Version: 570.211.01     CUDA Version: 12.8     |
|-----------------------------------------+------------------------+----------------------+
| GPU  Name                 Persistence-M | Bus-Id          Disp.A | Volatile Uncorr. ECC |
| Fan  Temp   Perf          Pwr:Usage/Cap |           Memory-Usage | GPU-Util  Compute M. |
|                                         |                        |               MIG M. |
|=========================================+========================+======================|
|   0  Tesla V100-PCIE-32GB           On  |   00000000:18:00.0 Off |                    0 |
| N/A   45C    P0             28W /  250W |       0MiB /  32768MiB |      0%      Default |
|                                         |                        |                  N/A |
+-----------------------------------------+------------------------+----------------------+
                                                                                         
+-----------------------------------------------------------------------------------------+
| Processes:                                                                              |
|  GPU   GI   CI              PID   Type   Process name                        GPU Memory |
|        ID   ID                                                               Usage      |
|=========================================================================================|
|  No running processes found                                                             |
+-----------------------------------------------------------------------------------------+
### Finished TaskPrologue

Job started at: Sat Feb  7 02:07:55 AM CET 2026
Using device: cuda
Output dir: /home/vault/iwi5/iwi5298h/models_image_text/donut/inventory/inventory_data_20260207_020832
TensorBoard logs: /home/vault/iwi5/iwi5298h/models_image_text/donut/inventory/inventory_data_20260207_020832/tensorboard_logs
Loading model from local cache: /home/vault/iwi5/iwi5298h/models/donut_base
Loaded 215 samples from /home/woody/iwi5/iwi5298h/updated_json_inven/train.jsonl
Loaded 46 samples from /home/woody/iwi5/iwi5298h/updated_json_inven/val.jsonl
Loaded 47 samples from /home/woody/iwi5/iwi5298h/updated_json_inven/test.jsonl
Job completed at: Sat Feb  7 02:08:48 AM CET 2026
=== JOB_STATISTICS ===
=== current date     : Sat Feb  7 02:08:48 AM CET 2026
= Job-ID             : 1526053 on tinygpu
= Job-Name           : inven_new
= Job-Command        : /home/hpc/iwi5/iwi5298h/Uddipan-Thesis/jobfiles/job_donut_inven.sh
= Initial workdir    : /home/hpc/iwi5/iwi5298h/Uddipan-Thesis/jobfiles
= Queue/Partition    : v100
= Slurm account      : iwi5 with QOS=normal
= Requested resources:  for 1-00:00:00
= Elapsed runtime    : 00:00:59
= Total RAM usage    : 2.0 GiB of requested  GiB (%)   
= Node list          : tg074
= Subm/Elig/Start/End: 2026-02-07T00:23:18 / 2026-02-07T00:23:18 / 2026-02-07T02:07:49 / 2026-02-07T02:08:48
======================
=== Quota infos ======
    Path                 Used     SoftQ    HardQ    Gracetime  Filec    FileQ    FiHaQ    FileGrace    
    /home/woody           408.1G  1000.0G  1500.0G        N/A   1,018K   5,000K   7,500K        N/A    
    /home/hpc              91.3G   104.9G   209.7G        N/A  29,943      500K   1,000K        N/A    
    /home/vault           910.0G  1048.6G  2097.2G        N/A   9,287      200K     400K        N/A    
======================
=== GPU utilization ==
gpu_name, gpu_bus_id, pid, gpu_utilization [%], mem_utilization [%], max_memory_usage [MiB], time [ms]
Tesla V100-PCIE-32GB, 00000000:18:00.0, 2499916, 0 %, 0 %, 1094 MiB, 24670 ms
