### Starting TaskPrologue of job 1453215 on tg072 at Mon Dec  1 09:35:40 PM CET 2025
Running on cores 4-5,12-13,20-21,28-29 with governor ondemand
Mon Dec  1 21:35:40 2025       
+-----------------------------------------------------------------------------------------+
| NVIDIA-SMI 570.195.03             Driver Version: 570.195.03     CUDA Version: 12.8     |
|-----------------------------------------+------------------------+----------------------+
| GPU  Name                 Persistence-M | Bus-Id          Disp.A | Volatile Uncorr. ECC |
| Fan  Temp   Perf          Pwr:Usage/Cap |           Memory-Usage | GPU-Util  Compute M. |
|                                         |                        |               MIG M. |
|=========================================+========================+======================|
|   0  Tesla V100-PCIE-32GB           On  |   00000000:86:00.0 Off |                    0 |
| N/A   30C    P0             26W /  250W |       0MiB /  32768MiB |      0%      Default |
|                                         |                        |                  N/A |
+-----------------------------------------+------------------------+----------------------+
                                                                                         
+-----------------------------------------------------------------------------------------+
| Processes:                                                                              |
|  GPU   GI   CI              PID   Type   Process name                        GPU Memory |
|        ID   ID                                                               Usage      |
|=========================================================================================|
|  No running processes found                                                             |
+-----------------------------------------------------------------------------------------+
### Finished TaskPrologue

Starting training at: Mon Dec  1 09:35:42 PM CET 2025
Finished at: Mon Dec  1 09:35:56 PM CET 2025
Exit status: 1
=== JOB_STATISTICS ===
=== current date     : Mon Dec  1 09:35:56 PM CET 2025
= Job-ID             : 1453215 on tinygpu
= Job-Name           : phi_image_stair
= Job-Command        : /home/hpc/iwi5/iwi5298h/Uddipan-Thesis/jobfiles/job_phi.sh
= Initial workdir    : /home/hpc/iwi5/iwi5298h/Uddipan-Thesis/jobfiles
= Queue/Partition    : v100
= Slurm account      : iwi5 with QOS=normal
= Requested resources:  for 01:00:00
= Elapsed runtime    : 00:00:18
= Total RAM usage    : 0.7 GiB of requested  GiB (%)   
= Node list          : tg072
= Subm/Elig/Start/End: 2025-12-01T21:35:29 / 2025-12-01T21:35:29 / 2025-12-01T21:35:38 / 2025-12-01T21:35:56
======================
=== Quota infos ======
    Path                 Used     SoftQ    HardQ    Gracetime  Filec    FileQ    FiHaQ    FileGrace    
    /home/hpc              87.8G   104.9G   209.7G        N/A  28,029      500K   1,000K        N/A    
    /home/woody           197.6G  1000.0G  1500.0G        N/A     876K   5,000K   7,500K        N/A    
    /home/vault           886.7G  1048.6G  2097.2G        N/A   6,520      200K     400K        N/A    
======================
=== GPU utilization ==
gpu_name, gpu_bus_id, pid, gpu_utilization [%], mem_utilization [%], max_memory_usage [MiB], time [ms]
