### Starting TaskPrologue of job 1408838 on tg072 at Fri Nov 21 11:08:31 PM CET 2025
Running on cores 6-7,14-15,22-23,30-31 with governor ondemand
Fri Nov 21 23:08:31 2025       
+-----------------------------------------------------------------------------------------+
| NVIDIA-SMI 570.195.03             Driver Version: 570.195.03     CUDA Version: 12.8     |
|-----------------------------------------+------------------------+----------------------+
| GPU  Name                 Persistence-M | Bus-Id          Disp.A | Volatile Uncorr. ECC |
| Fan  Temp   Perf          Pwr:Usage/Cap |           Memory-Usage | GPU-Util  Compute M. |
|                                         |                        |               MIG M. |
|=========================================+========================+======================|
|   0  Tesla V100-PCIE-32GB           Off |   00000000:AF:00.0 Off |                    0 |
| N/A   43C    P0             28W /  250W |       0MiB /  32768MiB |      0%      Default |
|                                         |                        |                  N/A |
+-----------------------------------------+------------------------+----------------------+
                                                                                         
+-----------------------------------------------------------------------------------------+
| Processes:                                                                              |
|  GPU   GI   CI              PID   Type   Process name                        GPU Memory |
|        ID   ID                                                               Usage      |
|=========================================================================================|
|  No running processes found                                                             |
+-----------------------------------------------------------------------------------------+
### Finished TaskPrologue

============================================================
NANONETS-OCR-S FEW-SHOT STAIRCASE OCR (train.jsonl-based few-shot)
============================================================
Loading train.jsonl ...
Loaded 115 train samples.

Selecting fixed few-shot examples (8) and (149)...
  ✓ Found in train.jsonl: FMIS_FormblätterMielke_gefüllt (8).jpg
  ✓ Found in train.jsonl: FMIS_FormblätterMielke_gefüllt (149).jpg

Few-shot examples selected:
  - FMIS_FormblätterMielke_gefüllt (8).jpg
  - FMIS_FormblätterMielke_gefüllt (149).jpg

Loading test.jsonl ...
Loaded 24 test samples.
Loading Nanonets-OCR-s...
Model loaded.

Building few-shot messages ...
  Few-shot example: FMIS_FormblätterMielke_gefüllt (8).jpg -> /home/woody/iwi5/iwi5298h/staircase_images/FMIS_FormblätterMielke_gefüllt (8).jpg
  Few-shot example: FMIS_FormblätterMielke_gefüllt (149).jpg -> /home/woody/iwi5/iwi5298h/staircase_images/FMIS_FormblätterMielke_gefüllt (149).jpg
Few-shot conversation length: 4 messages (2 example images).
[1/24] FMIS_FormblätterMielke_gefüllt (83).jpg -> /home/woody/iwi5/iwi5298h/staircase_images/FMIS_FormblätterMielke_gefüllt (83).jpg
  CER: 0.6412
[2/24] FMIS_FormblätterMielke_gefüllt (45).jpg -> /home/woody/iwi5/iwi5298h/staircase_images/FMIS_FormblätterMielke_gefüllt (45).jpg
  CER: 0.6849
[3/24] FMIS_FormblätterMielke_gefüllt (27).jpg -> /home/woody/iwi5/iwi5298h/staircase_images/FMIS_FormblätterMielke_gefüllt (27).jpg
  CER: 0.6498
[4/24] FMIS_FormblätterMielke_gefüllt (130).jpg -> /home/woody/iwi5/iwi5298h/staircase_images/FMIS_FormblätterMielke_gefüllt (130).jpg
  CER: 0.6683
[5/24] FMIS_FormblätterMielke_gefüllt (129).jpg -> /home/woody/iwi5/iwi5298h/staircase_images/FMIS_FormblätterMielke_gefüllt (129).jpg
  CER: 0.6593
[6/24] FMIS_FormblätterMielke_gefüllt (88).jpg -> /home/woody/iwi5/iwi5298h/staircase_images/FMIS_FormblätterMielke_gefüllt (88).jpg
  CER: 1.0000
[7/24] FMIS_FormblätterMielke_gefüllt (102).jpg -> /home/woody/iwi5/iwi5298h/staircase_images/FMIS_FormblätterMielke_gefüllt (102).jpg
  CER: 0.6569
[8/24] FMIS_FormblätterMielke_gefüllt (103).jpg -> /home/woody/iwi5/iwi5298h/staircase_images/FMIS_FormblätterMielke_gefüllt (103).jpg
  CER: 0.6244
[9/24] FMIS_FormblätterMielke_gefüllt (165).jpg -> /home/woody/iwi5/iwi5298h/staircase_images/FMIS_FormblätterMielke_gefüllt (165).jpg
  CER: 0.6179
[10/24] FMIS_FormblätterMielke_gefüllt (43).jpg -> /home/woody/iwi5/iwi5298h/staircase_images/FMIS_FormblätterMielke_gefüllt (43).jpg
  CER: 0.6515
[11/24] FMIS_FormblätterMielke_gefüllt (11).jpg -> /home/woody/iwi5/iwi5298h/staircase_images/FMIS_FormblätterMielke_gefüllt (11).jpg
  CER: 0.6493
[12/24] FMIS_FormblätterMielke_gefüllt (36).jpg -> /home/woody/iwi5/iwi5298h/staircase_images/FMIS_FormblätterMielke_gefüllt (36).jpg
  CER: 0.3063
[13/24] FMIS_FormblätterMielke_gefüllt (87).jpg -> /home/woody/iwi5/iwi5298h/staircase_images/FMIS_FormblätterMielke_gefüllt (87).jpg
  CER: 0.6467
[14/24] FMIS_FormblätterMielke_gefüllt (94).jpg -> /home/woody/iwi5/iwi5298h/staircase_images/FMIS_FormblätterMielke_gefüllt (94).jpg
  CER: 0.6478
[15/24] FMIS_FormblätterMielke_gefüllt (58).jpg -> /home/woody/iwi5/iwi5298h/staircase_images/FMIS_FormblätterMielke_gefüllt (58).jpg
  CER: 0.1775
[16/24] FMIS_FormblätterMielke_gefüllt (111).jpg -> /home/woody/iwi5/iwi5298h/staircase_images/FMIS_FormblätterMielke_gefüllt (111).jpg
  CER: 0.6481
[17/24] FMIS_FormblätterMielke_gefüllt (99).jpg -> /home/woody/iwi5/iwi5298h/staircase_images/FMIS_FormblätterMielke_gefüllt (99).jpg
  CER: 0.6472
[18/24] FMIS_FormblätterMielke_gefüllt (116).jpg -> /home/woody/iwi5/iwi5298h/staircase_images/FMIS_FormblätterMielke_gefüllt (116).jpg
  CER: 0.6480
[19/24] FMIS_FormblätterMielke_Vorlage3.jpg -> /home/woody/iwi5/iwi5298h/staircase_images/FMIS_FormblätterMielke_Vorlage3.jpg
  CER: 0.1027
[20/24] FMIS_FormblätterMielke_gefüllt (132).jpg -> /home/woody/iwi5/iwi5298h/staircase_images/FMIS_FormblätterMielke_gefüllt (132).jpg
  CER: 0.6867
[21/24] FMIS_FormblätterMielke_gefüllt (139).jpg -> /home/woody/iwi5/iwi5298h/staircase_images/FMIS_FormblätterMielke_gefüllt (139).jpg
  CER: 0.6647
[22/24] FMIS_FormblätterMielke_gefüllt (66).jpg -> /home/woody/iwi5/iwi5298h/staircase_images/FMIS_FormblätterMielke_gefüllt (66).jpg
  CER: 0.6540
[23/24] FMIS_FormblätterMielke_gefüllt (105).jpg -> /home/woody/iwi5/iwi5298h/staircase_images/FMIS_FormblätterMielke_gefüllt (105).jpg
  CER: 0.6711
[24/24] FMIS_FormblätterMielke_gefüllt (13).jpg -> /home/woody/iwi5/iwi5298h/staircase_images/FMIS_FormblätterMielke_gefüllt (13).jpg
  CER: 0.1881

Predictions saved -> /home/vault/iwi5/iwi5298h/models_image_text/nanonets/shots_staircase/few_shot_20251121_230851/predictions_fewshot.jsonl

============================================================
NANONETS-OCR-S FEW-SHOT CER EVALUATION RESULTS
STAIRCASE DOCUMENTATION DATASET
============================================================
Average CER:  0.5913 (59.13%)
Minimum CER:  0.1027 (10.27%)
Maximum CER:  1.0000 (100.00%)
Weighted CER: 0.5893 (58.93%)
Perfect:      0/24
Summary saved -> /home/vault/iwi5/iwi5298h/models_image_text/nanonets/shots_staircase/few_shot_20251121_230851/evaluation_summary_fewshot.json

DONE. Outputs in: /home/vault/iwi5/iwi5298h/models_image_text/nanonets/shots_staircase/few_shot_20251121_230851
Nano training completed at: Fri Nov 21 11:30:16 PM CET 2025
=== JOB_STATISTICS ===
=== current date     : Fri Nov 21 11:30:16 PM CET 2025
= Job-ID             : 1408838 on tinygpu
= Job-Name           : few_stair2
= Job-Command        : /home/hpc/iwi5/iwi5298h/Uddipan-Thesis/jobfiles/job_nano.sh
= Initial workdir    : /home/hpc/iwi5/iwi5298h/Uddipan-Thesis/jobfiles
= Queue/Partition    : v100
= Slurm account      : iwi5 with QOS=normal
= Requested resources:  for 05:00:00
= Elapsed runtime    : 00:21:51
= Total RAM usage    : 9.2 GiB of requested  GiB (%)   
= Node list          : tg072
= Subm/Elig/Start/End: 2025-11-21T22:58:14 / 2025-11-21T22:58:14 / 2025-11-21T23:08:25 / 2025-11-21T23:30:16
======================
=== Quota infos ======
    Path                 Used     SoftQ    HardQ    Gracetime  Filec    FileQ    FiHaQ    FileGrace    
    /home/woody           197.4G  1000.0G  1500.0G        N/A     876K   5,000K   7,500K        N/A    
    /home/hpc              68.2G   104.9G   209.7G        N/A  26,895      500K   1,000K        N/A    
    /home/vault           778.9G  1048.6G  2097.2G        N/A   6,549      200K     400K        N/A    
======================
=== GPU utilization ==
gpu_name, gpu_bus_id, pid, gpu_utilization [%], mem_utilization [%], max_memory_usage [MiB], time [ms]
Tesla V100-PCIE-32GB, 00000000:AF:00.0, 1356094, 48 %, 40 %, 14762 MiB, 1286179 ms
