### Starting TaskPrologue of job 1393855 on tg085 at Tue Nov 18 12:39:51 PM CET 2025
Running on cores 8-9,24-25,40-41,56-57 with governor powersave
Tue Nov 18 12:39:51 2025       
+-----------------------------------------------------------------------------------------+
| NVIDIA-SMI 580.95.05              Driver Version: 580.95.05      CUDA Version: 13.0     |
+-----------------------------------------+------------------------+----------------------+
| GPU  Name                 Persistence-M | Bus-Id          Disp.A | Volatile Uncorr. ECC |
| Fan  Temp   Perf          Pwr:Usage/Cap |           Memory-Usage | GPU-Util  Compute M. |
|                                         |                        |               MIG M. |
|=========================================+========================+======================|
|   0  NVIDIA GeForce RTX 3080        On  |   00000000:B2:00.0 Off |                  N/A |
| 30%   37C    P8             16W /  300W |       1MiB /  10240MiB |      0%      Default |
|                                         |                        |                  N/A |
+-----------------------------------------+------------------------+----------------------+

+-----------------------------------------------------------------------------------------+
| Processes:                                                                              |
|  GPU   GI   CI              PID   Type   Process name                        GPU Memory |
|        ID   ID                                                               Usage      |
|=========================================================================================|
|  No running processes found                                                             |
+-----------------------------------------------------------------------------------------+
### Finished TaskPrologue


============================================================
PADDLEOCR-VL FINETUNING - STAIRCASE DATASET
CER-BASED MODEL SELECTION (Phi-style JSON + deterministic decoding)
============================================================
Model: PaddlePaddle/PaddleOCR-VL
Local cache: /home/vault/iwi5/iwi5298h/models/PaddleOCR-VL
Output run dir: /home/vault/iwi5/iwi5298h/models_image_text/paddleocr/stair/run_20251118_124002_cer
Prompt task: ocr -> 'OCR:'
============================================================

Using device: cuda
Downloading PaddlePaddle/PaddleOCR-VL to /home/vault/iwi5/iwi5298h/models/PaddleOCR-VL ...
Saving to local cache...
✅ Model cached.
Loaded 115 samples from /home/woody/iwi5/iwi5298h/json_staircase/train.jsonl
Loaded 25 samples from /home/woody/iwi5/iwi5298h/json_staircase/val.jsonl
Loaded 24 samples from /home/woody/iwi5/iwi5298h/json_staircase/test.jsonl

============================================================
Epoch 1/10
============================================================
Paddle training completed at: Tue Nov 18 12:40:37 PM CET 2025
=== JOB_STATISTICS ===
=== current date     : Tue Nov 18 12:40:37 PM CET 2025
= Job-ID             : 1393855 on tinygpu
= Job-Name           : stair
= Job-Command        : /home/hpc/iwi5/iwi5298h/Uddipan-Thesis/jobfiles/job_paddle.sh
= Initial workdir    : /home/hpc/iwi5/iwi5298h/Uddipan-Thesis/jobfiles
= Queue/Partition    : rtx3080
= Slurm account      : iwi5 with QOS=normal
= Requested resources:  for 1-00:00:00
= Elapsed runtime    : 00:00:46
= Total RAM usage    : 15.4 GiB of requested  GiB (%)   
= Node list          : tg085
= Subm/Elig/Start/End: 2025-11-18T12:39:50 / 2025-11-18T12:39:50 / 2025-11-18T12:39:51 / 2025-11-18T12:40:37
======================
=== Quota infos ======
    Path                 Used     SoftQ    HardQ    Gracetime  Filec    FileQ    FiHaQ    FileGrace    
!!! /home/hpc             108.9G   104.9G   209.7G  -29293days  31,536      500K   1,000K        N/A !!!
    /home/woody           188.8G  1000.0G  1500.0G        N/A     872K   5,000K   7,500K        N/A    
    /home/vault           613.4G  1048.6G  2097.2G        N/A   6,131      200K     400K        N/A    
======================
=== GPU utilization ==
gpu_name, gpu_bus_id, pid, gpu_utilization [%], mem_utilization [%], max_memory_usage [MiB], time [ms]
NVIDIA GeForce RTX 3080, 00000000:B2:00.0, 1189432, 4 %, 0 %, 9852 MiB, 34734 ms
