### Starting TaskPrologue of job 1514047 on tg092 at Tue Jan 20 05:27:28 AM CET 2026
Running on cores 0-7,40-63 with governor ondemand
Tue Jan 20 05:27:28 2026       
+-----------------------------------------------------------------------------------------+
| NVIDIA-SMI 580.105.08             Driver Version: 580.105.08     CUDA Version: 13.0     |
+-----------------------------------------+------------------------+----------------------+
| GPU  Name                 Persistence-M | Bus-Id          Disp.A | Volatile Uncorr. ECC |
| Fan  Temp   Perf          Pwr:Usage/Cap |           Memory-Usage | GPU-Util  Compute M. |
|                                         |                        |               MIG M. |
|=========================================+========================+======================|
|   0  NVIDIA A100-SXM4-40GB          On  |   00000000:01:00.0 Off |                    0 |
| N/A   38C    P0             59W /  400W |       0MiB /  40960MiB |      0%      Default |
|                                         |                        |             Disabled |
+-----------------------------------------+------------------------+----------------------+

+-----------------------------------------------------------------------------------------+
| Processes:                                                                              |
|  GPU   GI   CI              PID   Type   Process name                        GPU Memory |
|        ID   ID                                                               Usage      |
|=========================================================================================|
|  No running processes found                                                             |
+-----------------------------------------------------------------------------------------+
### Finished TaskPrologue

🦥 Unsloth: Will patch your computer to enable 2x faster free finetuning.
🦥 Unsloth Zoo will now patch everything to make training faster!
Created run directory: /home/vault/iwi5/iwi5298h/models_image_text/gemma/stair/finetune/run_A100_20260120_052753

============================================================
GEMMA-3 STAIRCASE - A100 OPTIMIZED + AUGMENTATION (factor=1)
EVAL FIXES KEPT (canonical JSON + robust extraction) + UPDATED HPARAMS
============================================================
Loading Gemma-3 vision model with Unsloth for STAIRCASE...
Temporary directory for augmented images: /tmp/1514047.tinygpu/stair_gemma_aug_yvwss8ru
Augmentation factor (per original image): 1
Unsloth: WARNING `trust_remote_code` is True.
Are you certain you want to do remote code execution?
==((====))==  Unsloth 2025.7.3: Fast Gemma3 patching. Transformers: 4.51.3.
   \\   /|    NVIDIA A100-SXM4-40GB. Num GPUs = 1. Max memory: 39.494 GB. Platform: Linux.
O^O/ \_/ \    Torch: 2.7.1+cu126. CUDA: 8.0. CUDA Toolkit: 12.6. Triton: 3.3.1
\        /    Bfloat16 = TRUE. FA [Xformers = 0.0.31.post1. FA2 = False]
 "-____-"     Free license: http://github.com/unslothai/unsloth
Unsloth: Fast downloading is enabled - ignore downloading bars which are red colored!
Unsloth: Gemma3 does not support SDPA - switching to eager!
Model loaded - Unsloth auto-configured dtype and attention
Unsloth: Making `base_model.model.vision_tower.vision_model` require gradients
Gemma-3 vision model loaded with A100-optimized LoRA config

============================================================
STARTING TRAINING (A100-OPTIMIZED, STAIRCASE)
============================================================
Preparing training and validation datasets for STAIRCASE...
Preparing staircase TRAIN data with augmentation factor = 1
  Augmenting [1/115] FMIS_FormblätterMielke_gefüllt (10).jpg (1/1)
  Augmenting [2/115] FMIS_FormblätterMielke_gefüllt (114).jpg (1/1)
  Augmenting [3/115] FMIS_FormblätterMielke_gefüllt (12).jpg (1/1)
  Augmenting [4/115] FMIS_FormblätterMielke_gefüllt (123).jpg (1/1)
  Augmenting [5/115] FMIS_FormblätterMielke_gefüllt (125).jpg (1/1)
  Augmenting [6/115] FMIS_FormblätterMielke_gefüllt (126).jpg (1/1)
  Augmenting [7/115] FMIS_FormblätterMielke_gefüllt (134).jpg (1/1)
  Augmenting [8/115] FMIS_FormblätterMielke_gefüllt (136).jpg (1/1)
  Augmenting [9/115] FMIS_FormblätterMielke_gefüllt (138).jpg (1/1)
  Augmenting [10/115] FMIS_FormblätterMielke_gefüllt (14).jpg (1/1)
  Augmenting [11/115] FMIS_FormblätterMielke_gefüllt (149).jpg (1/1)
  Augmenting [12/115] FMIS_FormblätterMielke_gefüllt (15).jpg (1/1)
  Augmenting [13/115] FMIS_FormblätterMielke_gefüllt (152).jpg (1/1)
  Augmenting [14/115] FMIS_FormblätterMielke_gefüllt (154).jpg (1/1)
  Augmenting [15/115] FMIS_FormblätterMielke_gefüllt (159).jpg (1/1)
  Augmenting [16/115] FMIS_FormblätterMielke_gefüllt (160).jpg (1/1)
  Augmenting [17/115] FMIS_FormblätterMielke_gefüllt (163).jpg (1/1)
  Augmenting [18/115] FMIS_FormblätterMielke_gefüllt (164).jpg (1/1)
  Augmenting [19/115] FMIS_FormblätterMielke_gefüllt (18).jpg (1/1)
  Augmenting [20/115] FMIS_FormblätterMielke_gefüllt (20).jpg (1/1)
  Augmenting [21/115] FMIS_FormblätterMielke_gefüllt (28).jpg (1/1)
  Augmenting [22/115] FMIS_FormblätterMielke_gefüllt (29).jpg (1/1)
  Augmenting [23/115] FMIS_FormblätterMielke_gefüllt (30).jpg (1/1)
  Augmenting [24/115] FMIS_FormblätterMielke_gefüllt (31).jpg (1/1)
  Augmenting [25/115] FMIS_FormblätterMielke_gefüllt (33).jpg (1/1)
  Augmenting [26/115] FMIS_FormblätterMielke_gefüllt (38).jpg (1/1)
  Augmenting [27/115] FMIS_FormblätterMielke_gefüllt (51).jpg (1/1)
  Augmenting [28/115] FMIS_FormblätterMielke_gefüllt (52).jpg (1/1)
  Augmenting [29/115] FMIS_FormblätterMielke_gefüllt (53).jpg (1/1)
  Augmenting [30/115] FMIS_FormblätterMielke_gefüllt (55).jpg (1/1)
  Augmenting [31/115] FMIS_FormblätterMielke_gefüllt (56).jpg (1/1)
  Augmenting [32/115] FMIS_FormblätterMielke_gefüllt (6).jpg (1/1)
  Augmenting [33/115] FMIS_FormblätterMielke_gefüllt (81).jpg (1/1)
  Augmenting [34/115] FMIS_FormblätterMielke_gefüllt (85).jpg (1/1)
  Augmenting [35/115] FMIS_FormblätterMielke_gefüllt (89).jpg (1/1)
  Augmenting [36/115] FMIS_FormblätterMielke_gefüllt (108).jpg (1/1)
  Augmenting [37/115] FMIS_FormblätterMielke_gefüllt (65).jpg (1/1)
  Augmenting [38/115] FMIS_FormblätterMielke_gefüllt (75).jpg (1/1)
  Augmenting [39/115] FMIS_FormblätterMielke_gefüllt (46).jpg (1/1)
  Augmenting [40/115] FMIS_FormblätterMielke_gefüllt (157).jpg (1/1)
  Augmenting [41/115] FMIS_FormblätterMielke_gefüllt (115).jpg (1/1)
  Augmenting [42/115] FMIS_FormblätterMielke_gefüllt (25).jpg (1/1)
  Augmenting [43/115] FMIS_FormblätterMielke_gefüllt (4).jpg (1/1)
  Augmenting [44/115] FMIS_FormblätterMielke_gefüllt (77).jpg (1/1)
  Augmenting [45/115] FMIS_FormblätterMielke_gefüllt (73).jpg (1/1)
  Augmenting [46/115] FMIS_FormblätterMielke_gefüllt (155).jpg (1/1)
  Augmenting [47/115] FMIS_FormblätterMielke_gefüllt (120).jpg (1/1)
  Augmenting [48/115] FMIS_FormblätterMielke_gefüllt (131).jpg (1/1)
  Augmenting [49/115] FMIS_FormblätterMielke_gefüllt (59).jpg (1/1)
  Augmenting [50/115] FMIS_FormblätterMielke_gefüllt (133).jpg (1/1)
  Augmenting [51/115] FMIS_FormblätterMielke_gefüllt (158).jpg (1/1)
  Augmenting [52/115] FMIS_FormblätterMielke_gefüllt (26).jpg (1/1)
  Augmenting [53/115] FMIS_FormblätterMielke_gefüllt (97).jpg (1/1)
  Augmenting [54/115] FMIS_FormblätterMielke_gefüllt (69).jpg (1/1)
  Augmenting [55/115] FMIS_FormblätterMielke_gefüllt (117).jpg (1/1)
  Augmenting [56/115] FMIS_FormblätterMielke_gefüllt (67).jpg (1/1)
  Augmenting [57/115] FMIS_FormblätterMielke_gefüllt (101).jpg (1/1)
  Augmenting [58/115] FMIS_FormblätterMielke_gefüllt (32).jpg (1/1)
  Augmenting [59/115] FMIS_FormblätterMielke_gefüllt (49).jpg (1/1)
  Augmenting [60/115] FMIS_FormblätterMielke_gefüllt (140).jpg (1/1)
  Augmenting [61/115] FMIS_FormblätterMielke_gefüllt (92).jpg (1/1)
  Augmenting [62/115] FMIS_FormblätterMielke_gefüllt (106).jpg (1/1)
  Augmenting [63/115] FMIS_FormblätterMielke_gefüllt (100).jpg (1/1)
  Augmenting [64/115] FMIS_FormblätterMielke_gefüllt (60).jpg (1/1)
  Augmenting [65/115] FMIS_FormblätterMielke_gefüllt (48).jpg (1/1)
  Augmenting [66/115] FMIS_FormblätterMielke_gefüllt (128).jpg (1/1)
  Augmenting [67/115] FMIS_FormblätterMielke_gefüllt (64).jpg (1/1)
  Augmenting [68/115] FMIS_FormblätterMielke_gefüllt (23).jpg (1/1)
  Augmenting [69/115] FMIS_FormblätterMielke_gefüllt (41).jpg (1/1)
  Augmenting [70/115] FMIS_FormblätterMielke_gefüllt (68).jpg (1/1)
  Augmenting [71/115] FMIS_FormblätterMielke_gefüllt (22).jpg (1/1)
  Augmenting [72/115] FMIS_FormblätterMielke_gefüllt (143).jpg (1/1)
  Augmenting [73/115] FMIS_FormblätterMielke_gefüllt (40).jpg (1/1)
  Augmenting [74/115] FMIS_FormblätterMielke_gefüllt (137).jpg (1/1)
  Augmenting [75/115] FMIS_FormblätterMielke_gefüllt (16).jpg (1/1)
  Augmenting [76/115] FMIS_FormblätterMielke_gefüllt (24).jpg (1/1)
  Augmenting [77/115] FMIS_FormblätterMielke_gefüllt (142).jpg (1/1)
  Augmenting [78/115] FMIS_FormblätterMielke_gefüllt (84).jpg (1/1)
  Augmenting [79/115] FMIS_FormblätterMielke_gefüllt (145).jpg (1/1)
  Augmenting [80/115] FMIS_FormblätterMielke_gefüllt (57).jpg (1/1)
  Augmenting [81/115] FMIS_FormblätterMielke_gefüllt (47).jpg (1/1)
  Augmenting [82/115] FMIS_FormblätterMielke_gefüllt (19).jpg (1/1)
  Augmenting [83/115] FMIS_FormblätterMielke_gefüllt (146).jpg (1/1)
  Augmenting [84/115] FMIS_FormblätterMielke_gefüllt (54).jpg (1/1)
  Augmenting [85/115] FMIS_FormblätterMielke_gefüllt (121).jpg (1/1)
  Augmenting [86/115] FMIS_FormblätterMielke_gefüllt (161).jpg (1/1)
  Augmenting [87/115] FMIS_FormblätterMielke_gefüllt (76).jpg (1/1)
  Augmenting [88/115] FMIS_FormblätterMielke_gefüllt (122).jpg (1/1)
  Augmenting [89/115] FMIS_FormblätterMielke_gefüllt (7).jpg (1/1)
  Augmenting [90/115] FMIS_FormblätterMielke_gefüllt (144).jpg (1/1)
  Augmenting [91/115] FMIS_FormblätterMielke_gefüllt (79).jpg (1/1)
  Augmenting [92/115] FMIS_FormblätterMielke_gefüllt (95).jpg (1/1)
  Augmenting [93/115] FMIS_FormblätterMielke_gefüllt (34).jpg (1/1)
  Augmenting [94/115] FMIS_FormblätterMielke_Vorlage2.jpg (1/1)
  Augmenting [95/115] FMIS_FormblätterMielke_gefüllt (17).jpg (1/1)
  Augmenting [96/115] FMIS_FormblätterMielke_gefüllt (112).jpg (1/1)
  Augmenting [97/115] FMIS_FormblätterMielke_gefüllt (62).jpg (1/1)
  Augmenting [98/115] FMIS_FormblätterMielke_gefüllt (3).jpg (1/1)
  Augmenting [99/115] FMIS_FormblätterMielke_gefüllt (71).jpg (1/1)
  Augmenting [100/115] FMIS_FormblätterMielke_gefüllt (8).jpg (1/1)
  Augmenting [101/115] FMIS_FormblätterMielke_gefüllt (44).jpg (1/1)
  Augmenting [102/115] FMIS_FormblätterMielke_gefüllt (107).jpg (1/1)
  Augmenting [103/115] FMIS_FormblätterMielke_gefüllt (124).jpg (1/1)
  Augmenting [104/115] FMIS_FormblätterMielke_gefüllt (153).jpg (1/1)
  Augmenting [105/115] FMIS_FormblätterMielke_gefüllt (141).jpg (1/1)
  Augmenting [106/115] FMIS_FormblätterMielke_gefüllt (37).jpg (1/1)
  Augmenting [107/115] FMIS_FormblätterMielke_gefüllt (109).jpg (1/1)
  Augmenting [108/115] FMIS_FormblätterMielke_gefüllt (5).jpg (1/1)
  Augmenting [109/115] FMIS_FormblätterMielke_gefüllt (113).jpg (1/1)
  Augmenting [110/115] FMIS_FormblätterMielke_gefüllt (35).jpg (1/1)
  Augmenting [111/115] FMIS_FormblätterMielke_gefüllt (21).jpg (1/1)
  Augmenting [112/115] FMIS_FormblätterMielke_gefüllt (104).jpg (1/1)
  Augmenting [113/115] FMIS_FormblätterMielke_gefüllt (135).jpg (1/1)
  Augmenting [114/115] FMIS_FormblätterMielke_gefüllt (78).jpg (1/1)
  Augmenting [115/115] FMIS_FormblätterMielke_gefüllt (148).jpg (1/1)
Training: 230 samples (original: 115, augmented: 115)
Validation/Test: 25 valid samples out of 25 total (no augmentation)
Training: 230 samples (with augmentation), Validation: 25 samples
GPU = NVIDIA A100-SXM4-40GB. Max memory = 39.494 GB.
4.809 GB of memory reserved.
Starting training with CER-based evaluation (A100-optimized, STAIRCASE)...
{'loss': 27.6028, 'grad_norm': 282.7253723144531, 'learning_rate': 0.0, 'epoch': 0.07}
{'loss': 27.5226, 'grad_norm': 312.0791931152344, 'learning_rate': 6.359741566254167e-07, 'epoch': 0.35}
{'loss': 27.4609, 'grad_norm': 406.2563171386719, 'learning_rate': 1.4309418524071875e-06, 'epoch': 0.7}
{'loss': 23.0009, 'grad_norm': 229.70213317871094, 'learning_rate': 2.2259095481889587e-06, 'epoch': 1.0}
{'eval_loss': 3.1154098510742188, 'eval_cer': 0.22113502935420742, 'eval_cer_percentage': 22.113502935420744, 'eval_runtime': 25.0002, 'eval_samples_per_second': 1.0, 'eval_steps_per_second': 1.0, 'epoch': 1.0}
{'loss': 23.7827, 'grad_norm': 209.95498657226562, 'learning_rate': 3.0208772439707293e-06, 'epoch': 1.35}
{'loss': 21.1475, 'grad_norm': 102.88541412353516, 'learning_rate': 3.8158449397524994e-06, 'epoch': 1.7}
{'loss': 16.5044, 'grad_norm': 28.927698135375977, 'learning_rate': 4.6108126355342704e-06, 'epoch': 2.0}
{'eval_loss': 2.2174878120422363, 'eval_cer': 0.19709253564439475, 'eval_cer_percentage': 19.709253564439475, 'eval_runtime': 23.2737, 'eval_samples_per_second': 1.074, 'eval_steps_per_second': 1.074, 'epoch': 2.0}
{'loss': 17.0697, 'grad_norm': 50.788185119628906, 'learning_rate': 5.405780331316042e-06, 'epoch': 2.35}
{'loss': 15.8568, 'grad_norm': 36.5974006652832, 'learning_rate': 6.2007480270978124e-06, 'epoch': 2.7}
{'loss': 12.7639, 'grad_norm': 20.877355575561523, 'learning_rate': 6.9957157228795834e-06, 'epoch': 3.0}
{'eval_loss': 1.699104905128479, 'eval_cer': 0.16941571149007548, 'eval_cer_percentage': 16.941571149007547, 'eval_runtime': 23.1177, 'eval_samples_per_second': 1.081, 'eval_steps_per_second': 1.081, 'epoch': 3.0}
{'loss': 13.0994, 'grad_norm': 33.1019172668457, 'learning_rate': 7.790683418661354e-06, 'epoch': 3.35}
{'loss': 11.9433, 'grad_norm': 25.63014793395996, 'learning_rate': 8.585651114443125e-06, 'epoch': 3.7}
{'loss': 9.4724, 'grad_norm': 14.470254898071289, 'learning_rate': 9.380618810224896e-06, 'epoch': 4.0}
{'eval_loss': 1.2760913372039795, 'eval_cer': 0.05395582890690523, 'eval_cer_percentage': 5.395582890690523, 'eval_runtime': 23.1989, 'eval_samples_per_second': 1.078, 'eval_steps_per_second': 1.078, 'epoch': 4.0}
{'loss': 9.823, 'grad_norm': 30.28268051147461, 'learning_rate': 1.0175586506006667e-05, 'epoch': 4.35}
{'loss': 9.1338, 'grad_norm': 51.373226165771484, 'learning_rate': 1.0970554201788436e-05, 'epoch': 4.7}
{'loss': 7.7134, 'grad_norm': 10.787927627563477, 'learning_rate': 1.1765521897570208e-05, 'epoch': 5.0}
{'eval_loss': 1.0694557428359985, 'eval_cer': 0.011462119094213028, 'eval_cer_percentage': 1.1462119094213028, 'eval_runtime': 23.1802, 'eval_samples_per_second': 1.079, 'eval_steps_per_second': 1.079, 'epoch': 5.0}
{'loss': 8.35, 'grad_norm': 19.023014068603516, 'learning_rate': 1.256048959335198e-05, 'epoch': 5.35}
{'loss': 8.1031, 'grad_norm': 22.92903709411621, 'learning_rate': 1.335545728913375e-05, 'epoch': 5.7}
{'loss': 7.0306, 'grad_norm': 6.927192687988281, 'learning_rate': 1.4150424984915522e-05, 'epoch': 6.0}
{'eval_loss': 0.9899751543998718, 'eval_cer': 0.008107352530053118, 'eval_cer_percentage': 0.8107352530053118, 'eval_runtime': 23.1368, 'eval_samples_per_second': 1.081, 'eval_steps_per_second': 1.081, 'epoch': 6.0}
{'loss': 7.779, 'grad_norm': 21.509265899658203, 'learning_rate': 1.494539268069729e-05, 'epoch': 6.35}
{'loss': 7.7121, 'grad_norm': 9.311968803405762, 'learning_rate': 1.5740360376479064e-05, 'epoch': 6.7}
{'loss': 6.6196, 'grad_norm': 4.4431023597717285, 'learning_rate': 1.5763995558529473e-05, 'epoch': 7.0}
{'eval_loss': 0.950907289981842, 'eval_cer': 0.007548224769359799, 'eval_cer_percentage': 0.7548224769359799, 'eval_runtime': 23.1313, 'eval_samples_per_second': 1.081, 'eval_steps_per_second': 1.081, 'epoch': 7.0}
{'loss': 7.4302, 'grad_norm': 8.339432716369629, 'learning_rate': 1.5221992695289852e-05, 'epoch': 7.35}
{'loss': 7.4275, 'grad_norm': 8.965628623962402, 'learning_rate': 1.4293656121469007e-05, 'epoch': 7.7}
{'loss': 6.4139, 'grad_norm': 6.009160995483398, 'learning_rate': 1.3028302688284552e-05, 'epoch': 8.0}
{'eval_loss': 0.9313223958015442, 'eval_cer': 0.007548224769359799, 'eval_cer_percentage': 0.7548224769359799, 'eval_runtime': 23.2947, 'eval_samples_per_second': 1.073, 'eval_steps_per_second': 1.073, 'epoch': 8.0}
{'train_runtime': 3060.0853, 'train_samples_per_second': 0.902, 'train_steps_per_second': 0.055, 'train_loss': 13.049031321207682, 'epoch': 8.0}
3060.0853 seconds used for training.
51.0 minutes used for training.
Peak reserved memory = 23.309 GB.
Peak reserved memory for training = 18.5 GB.
Peak reserved memory % of max memory = 59.019 %.
Peak reserved memory for training % of max memory = 46.843 %.

Saving model to /home/vault/iwi5/iwi5298h/models_image_text/gemma/stair/finetune/run_A100_20260120_052753...
Model (LoRA adapters) saved successfully!

============================================================
STARTING EVALUATION ON STAIRCASE TEST.JSONL
============================================================
Starting evaluation on STAIRCASE test.jsonl with aggressive chunking...
Loaded 24 test samples

============================================================
Chunk 1/5 (5 images)
============================================================

[1/24] Processing: FMIS_FormblätterMielke_gefüllt (83).jpg
  ✅ CER: 0.0346 (3.46%)

[2/24] Processing: FMIS_FormblätterMielke_gefüllt (45).jpg
  ✅ CER: 0.0157 (1.57%)

[3/24] Processing: FMIS_FormblätterMielke_gefüllt (27).jpg
  ✅ CER: 0.0377 (3.77%)

[4/24] Processing: FMIS_FormblätterMielke_gefüllt (130).jpg
  ✅ CER: 0.3651 (36.51%)

[5/24] Processing: FMIS_FormblätterMielke_gefüllt (129).jpg
  ✅ CER: 0.0501 (5.01%)

Chunk 1 completed. Cleaning memory...

============================================================
Chunk 2/5 (5 images)
============================================================

[6/24] Processing: FMIS_FormblätterMielke_gefüllt (88).jpg
  ✅ CER: 0.1206 (12.06%)

[7/24] Processing: FMIS_FormblätterMielke_gefüllt (102).jpg
  ✅ CER: 0.3947 (39.47%)

[8/24] Processing: FMIS_FormblätterMielke_gefüllt (103).jpg
  ✅ CER: 0.0313 (3.13%)

[9/24] Processing: FMIS_FormblätterMielke_gefüllt (165).jpg
  ✅ CER: 0.3944 (39.44%)

[10/24] Processing: FMIS_FormblätterMielke_gefüllt (43).jpg
  ✅ CER: 0.6069 (60.69%)

Chunk 2 completed. Cleaning memory...

============================================================
Chunk 3/5 (5 images)
============================================================

[11/24] Processing: FMIS_FormblätterMielke_gefüllt (11).jpg
  ✅ CER: 0.0358 (3.58%)

[12/24] Processing: FMIS_FormblätterMielke_gefüllt (36).jpg
  ✅ CER: 0.4010 (40.10%)

[13/24] Processing: FMIS_FormblätterMielke_gefüllt (87).jpg
  ✅ CER: 0.3855 (38.55%)

[14/24] Processing: FMIS_FormblätterMielke_gefüllt (94).jpg
  ✅ CER: 0.0913 (9.13%)

[15/24] Processing: FMIS_FormblätterMielke_gefüllt (58).jpg
  ✅ CER: 0.3053 (30.53%)

Chunk 3 completed. Cleaning memory...
Saved intermediate results to: /home/vault/iwi5/iwi5298h/models_image_text/gemma/stair/finetune/run_A100_20260120_052753/test_predictions_chunk_3.jsonl

============================================================
Chunk 4/5 (5 images)
============================================================

[16/24] Processing: FMIS_FormblätterMielke_gefüllt (111).jpg
  ✅ CER: 0.4517 (45.17%)

[17/24] Processing: FMIS_FormblätterMielke_gefüllt (99).jpg
  ✅ CER: 0.4396 (43.96%)

[18/24] Processing: FMIS_FormblätterMielke_gefüllt (116).jpg
  ✅ CER: 0.6554 (65.54%)

[19/24] Processing: FMIS_FormblätterMielke_Vorlage3.jpg
  ✅ CER: 0.2228 (22.28%)

[20/24] Processing: FMIS_FormblätterMielke_gefüllt (132).jpg
  ✅ CER: 0.3393 (33.93%)

Chunk 4 completed. Cleaning memory...

============================================================
Chunk 5/5 (4 images)
============================================================

[21/24] Processing: FMIS_FormblätterMielke_gefüllt (139).jpg
  ✅ CER: 0.3401 (34.01%)

[22/24] Processing: FMIS_FormblätterMielke_gefüllt (66).jpg
  ✅ CER: 0.0900 (9.00%)

[23/24] Processing: FMIS_FormblätterMielke_gefüllt (105).jpg
  ✅ CER: 0.2396 (23.96%)

[24/24] Processing: FMIS_FormblätterMielke_gefüllt (13).jpg
  ✅ CER: 0.6134 (61.34%)

Chunk 5 completed. Cleaning memory...
Saved intermediate results to: /home/vault/iwi5/iwi5298h/models_image_text/gemma/stair/finetune/run_A100_20260120_052753/test_predictions_chunk_5.jsonl

CER evaluation results saved to: /home/vault/iwi5/iwi5298h/models_image_text/gemma/stair/finetune/run_A100_20260120_052753/cer_evaluation_results.txt

🎉 Gemma-3 Staircase training completed!
All outputs saved to: /home/vault/iwi5/iwi5298h/models_image_text/gemma/stair/finetune/run_A100_20260120_052753

Final CER: 0.2776 (27.76%)
Cleaned up temporary directory: /tmp/1514047.tinygpu/stair_gemma_aug_yvwss8ru
Gemma-3 training completed at: Tue Jan 20 07:18:22 AM CET 2026
=== JOB_STATISTICS ===
=== current date     : Tue Jan 20 07:18:22 AM CET 2026
= Job-ID             : 1514047 on tinygpu
= Job-Name           : stair_hpo_finetune
= Job-Command        : /home/hpc/iwi5/iwi5298h/Uddipan-Thesis/jobfiles/job_gemma2.sh
= Initial workdir    : /home/hpc/iwi5/iwi5298h/Uddipan-Thesis/jobfiles
= Queue/Partition    : a100
= Slurm account      : iwi5 with QOS=normal
= Requested resources:  for 1-00:00:00
= Elapsed runtime    : 01:51:06
= Total RAM usage    : 12.3 GiB of requested  GiB (%)   
= Node list          : tg092
= Subm/Elig/Start/End: 2026-01-19T20:46:34 / 2026-01-19T20:46:34 / 2026-01-20T05:27:16 / 2026-01-20T07:18:22
======================
=== Quota infos ======
    Path                 Used     SoftQ    HardQ    Gracetime  Filec    FileQ    FiHaQ    FileGrace    
    /home/hpc              88.3G   104.9G   209.7G        N/A  29,380      500K   1,000K        N/A    
    /home/woody           219.6G  1000.0G  1500.0G        N/A   1,017K   5,000K   7,500K        N/A    
    /home/vault          1033.5G  1048.6G  2097.2G        N/A   8,254      200K     400K        N/A    
======================
=== GPU utilization ==
gpu_name, gpu_bus_id, pid, gpu_utilization [%], mem_utilization [%], max_memory_usage [MiB], time [ms]
NVIDIA A100-SXM4-40GB, 00000000:01:00.0, 530966, 31 %, 12 %, 24408 MiB, 6647670 ms
