### Starting TaskPrologue of job 1302365 on tg095 at Tue Nov  4 01:40:10 PM CET 2025
Running on cores 32-63 with governor ondemand
Tue Nov  4 13:40:10 2025       
+-----------------------------------------------------------------------------------------+
| NVIDIA-SMI 580.95.05              Driver Version: 580.95.05      CUDA Version: 13.0     |
+-----------------------------------------+------------------------+----------------------+
| GPU  Name                 Persistence-M | Bus-Id          Disp.A | Volatile Uncorr. ECC |
| Fan  Temp   Perf          Pwr:Usage/Cap |           Memory-Usage | GPU-Util  Compute M. |
|                                         |                        |               MIG M. |
|=========================================+========================+======================|
|   0  NVIDIA A100-SXM4-40GB          On  |   00000000:41:00.0 Off |                    0 |
| N/A   39C    P0             57W /  400W |       0MiB /  40960MiB |      0%      Default |
|                                         |                        |             Disabled |
+-----------------------------------------+------------------------+----------------------+

+-----------------------------------------------------------------------------------------+
| Processes:                                                                              |
|  GPU   GI   CI              PID   Type   Process name                        GPU Memory |
|        ID   ID                                                               Usage      |
|=========================================================================================|
|  No running processes found                                                             |
+-----------------------------------------------------------------------------------------+
### Finished TaskPrologue

🦥 Unsloth: Will patch your computer to enable 2x faster free finetuning.
🦥 Unsloth Zoo will now patch everything to make training faster!
Created run directory: /home/vault/iwi5/iwi5298h/models_image_text/gemma/multi/schmuck/run_A100_20251104_134037

============================================================
GEMMA-3 SCHMUCK - A100 OPTIMIZED MULTI-STAGE
============================================================
Loading Gemma-3 vision model with Unsloth...
Unsloth: WARNING `trust_remote_code` is True.
Are you certain you want to do remote code execution?
==((====))==  Unsloth 2025.7.3: Fast Gemma3 patching. Transformers: 4.51.3.
   \\   /|    NVIDIA A100-SXM4-40GB. Num GPUs = 1. Max memory: 39.494 GB. Platform: Linux.
O^O/ \_/ \    Torch: 2.7.1+cu126. CUDA: 8.0. CUDA Toolkit: 12.6. Triton: 3.3.1
\        /    Bfloat16 = TRUE. FA [Xformers = 0.0.31.post1. FA2 = False]
 "-____-"     Free license: http://github.com/unslothai/unsloth
Unsloth: Fast downloading is enabled - ignore downloading bars which are red colored!
Unsloth: Gemma3 does not support SDPA - switching to eager!
Model loaded - Unsloth auto-configured dtype and attention
Unsloth: Making `base_model.model.vision_tower.vision_model` require gradients
Gemma-3 vision model loaded with A100-optimized LoRA config

============================================================
STARTING MULTI-STAGE TRAINING (A100-OPTIMIZED)
============================================================
Preparing training and validation datasets...
Training: 413 samples, Validation: 88 samples

===== STAGE 1: Warm-up training (no eval, teacher forcing) =====

{'loss': 14.1868, 'grad_norm': 256.6513671875, 'learning_rate': 0.0, 'epoch': 0.04}
{'loss': 13.9374, 'grad_norm': 344.07110595703125, 'learning_rate': 3.6000000000000003e-06, 'epoch': 0.19}
{'loss': 10.9068, 'grad_norm': 225.4640350341797, 'learning_rate': 8.1e-06, 'epoch': 0.39}
{'loss': 6.2921, 'grad_norm': 62.53413772583008, 'learning_rate': 1.2600000000000001e-05, 'epoch': 0.58}
{'loss': 3.5848, 'grad_norm': 68.5112075805664, 'learning_rate': 1.7100000000000002e-05, 'epoch': 0.77}
{'loss': 1.5087, 'grad_norm': 25.707475662231445, 'learning_rate': 2.16e-05, 'epoch': 0.97}
{'loss': 0.7598, 'grad_norm': 17.687030792236328, 'learning_rate': 2.61e-05, 'epoch': 1.19}
{'loss': 0.401, 'grad_norm': 6.191617965698242, 'learning_rate': 3.0600000000000005e-05, 'epoch': 1.39}
{'loss': 0.3235, 'grad_norm': 11.956958770751953, 'learning_rate': 3.5100000000000006e-05, 'epoch': 1.58}
{'loss': 0.1511, 'grad_norm': 22.125978469848633, 'learning_rate': 3.96e-05, 'epoch': 1.77}
{'loss': 0.1263, 'grad_norm': 2.9626665115356445, 'learning_rate': 4.41e-05, 'epoch': 1.97}
{'loss': 0.0924, 'grad_norm': 2.330540657043457, 'learning_rate': 4.860000000000001e-05, 'epoch': 2.19}
{'loss': 0.0866, 'grad_norm': 2.020406723022461, 'learning_rate': 5.31e-05, 'epoch': 2.39}
{'loss': 0.0854, 'grad_norm': 8.920942306518555, 'learning_rate': 5.7600000000000004e-05, 'epoch': 2.58}
{'loss': 0.0754, 'grad_norm': 2.544130802154541, 'learning_rate': 6.21e-05, 'epoch': 2.77}
{'loss': 0.0859, 'grad_norm': 5.090610980987549, 'learning_rate': 6.66e-05, 'epoch': 2.97}
{'loss': 0.0509, 'grad_norm': 2.2939376831054688, 'learning_rate': 7.110000000000001e-05, 'epoch': 3.19}
{'loss': 0.037, 'grad_norm': 8.975614547729492, 'learning_rate': 7.560000000000001e-05, 'epoch': 3.39}
{'loss': 0.0582, 'grad_norm': 14.658761978149414, 'learning_rate': 8.010000000000001e-05, 'epoch': 3.58}
{'loss': 0.0545, 'grad_norm': 2.5969841480255127, 'learning_rate': 8.46e-05, 'epoch': 3.77}
{'loss': 0.0526, 'grad_norm': 13.432587623596191, 'learning_rate': 8.910000000000001e-05, 'epoch': 3.97}
{'loss': 0.0736, 'grad_norm': 13.971921920776367, 'learning_rate': 8.443380060197386e-05, 'epoch': 4.19}
{'loss': 0.0434, 'grad_norm': 8.144685745239258, 'learning_rate': 6.416006812042828e-05, 'epoch': 4.39}
{'loss': 0.051, 'grad_norm': 4.262881755828857, 'learning_rate': 3.6567840843642385e-05, 'epoch': 4.58}
{'loss': 0.0302, 'grad_norm': 6.003576278686523, 'learning_rate': 1.2196411766036491e-05, 'epoch': 4.77}
{'loss': 0.0404, 'grad_norm': 0.6596667766571045, 'learning_rate': 3.548384408485006e-07, 'epoch': 4.97}
{'train_runtime': 2163.9063, 'train_samples_per_second': 0.954, 'train_steps_per_second': 0.058, 'train_loss': 1.5583605966567993, 'epoch': 4.97}

===== STAGE 2: Main training (eval each epoch, CER-based best model) =====

GPU = NVIDIA A100-SXM4-40GB. Max memory = 39.494 GB.
11.707 GB of memory reserved.
Starting Stage 2 training with CER-based evaluation (A100-optimized)...
{'loss': 0.0226, 'grad_norm': 0.9518020749092102, 'learning_rate': 0.0, 'epoch': 0.04}
{'loss': 0.0286, 'grad_norm': 2.1174447536468506, 'learning_rate': 1.2000000000000002e-06, 'epoch': 0.19}
{'loss': 0.0302, 'grad_norm': 0.9896868467330933, 'learning_rate': 2.7e-06, 'epoch': 0.39}
{'loss': 0.0227, 'grad_norm': 5.1399312019348145, 'learning_rate': 4.2000000000000004e-06, 'epoch': 0.58}
{'loss': 0.0201, 'grad_norm': 3.8434946537017822, 'learning_rate': 5.7000000000000005e-06, 'epoch': 0.77}
{'loss': 0.0191, 'grad_norm': 1.687945008277893, 'learning_rate': 7.2e-06, 'epoch': 0.97}
{'eval_loss': 0.011816290207207203, 'eval_cer': 0.5262172284644194, 'eval_cer_percentage': 52.62172284644194, 'eval_runtime': 53.0694, 'eval_samples_per_second': 1.658, 'eval_steps_per_second': 1.658, 'epoch': 0.97}
{'loss': 0.0205, 'grad_norm': 1.1551791429519653, 'learning_rate': 8.7e-06, 'epoch': 1.19}
{'loss': 0.0187, 'grad_norm': 0.4906154274940491, 'learning_rate': 1.02e-05, 'epoch': 1.39}
{'loss': 0.0179, 'grad_norm': 12.716559410095215, 'learning_rate': 1.1700000000000001e-05, 'epoch': 1.58}
{'loss': 0.0179, 'grad_norm': 1.0085773468017578, 'learning_rate': 1.32e-05, 'epoch': 1.77}
{'loss': 0.0159, 'grad_norm': 0.8725579380989075, 'learning_rate': 1.47e-05, 'epoch': 1.97}
{'eval_loss': 0.013474672101438046, 'eval_cer': 0.5393258426966292, 'eval_cer_percentage': 53.93258426966292, 'eval_runtime': 51.8108, 'eval_samples_per_second': 1.698, 'eval_steps_per_second': 1.698, 'epoch': 1.97}
{'loss': 0.0112, 'grad_norm': 2.1585488319396973, 'learning_rate': 1.62e-05, 'epoch': 2.19}
{'loss': 0.0104, 'grad_norm': 1.0833100080490112, 'learning_rate': 1.77e-05, 'epoch': 2.39}
{'loss': 0.0139, 'grad_norm': 2.3162317276000977, 'learning_rate': 1.9200000000000003e-05, 'epoch': 2.58}
{'loss': 0.0084, 'grad_norm': 1.7069710493087769, 'learning_rate': 2.07e-05, 'epoch': 2.77}
{'loss': 0.0111, 'grad_norm': 0.8622932434082031, 'learning_rate': 2.22e-05, 'epoch': 2.97}
{'eval_loss': 0.015727855265140533, 'eval_cer': 0.5730337078651685, 'eval_cer_percentage': 57.30337078651685, 'eval_runtime': 52.0539, 'eval_samples_per_second': 1.691, 'eval_steps_per_second': 1.691, 'epoch': 2.97}
{'loss': 0.0063, 'grad_norm': 0.6406134366989136, 'learning_rate': 2.37e-05, 'epoch': 3.19}
{'loss': 0.0102, 'grad_norm': 2.3468594551086426, 'learning_rate': 2.52e-05, 'epoch': 3.39}
{'loss': 0.0166, 'grad_norm': 1.720647931098938, 'learning_rate': 2.6700000000000002e-05, 'epoch': 3.58}
{'loss': 0.0091, 'grad_norm': 1.1268222332000732, 'learning_rate': 2.8199999999999998e-05, 'epoch': 3.77}
{'loss': 0.0064, 'grad_norm': 0.9272832274436951, 'learning_rate': 2.97e-05, 'epoch': 3.97}
{'eval_loss': 0.016251347959041595, 'eval_cer': 0.5852059925093633, 'eval_cer_percentage': 58.520599250936336, 'eval_runtime': 51.7379, 'eval_samples_per_second': 1.701, 'eval_steps_per_second': 1.701, 'epoch': 3.97}
{'train_runtime': 1948.2488, 'train_samples_per_second': 2.12, 'train_steps_per_second': 0.128, 'train_loss': 0.015869422778487206, 'epoch': 3.97}
1948.2488 seconds used for training.
32.47 minutes used for training.
Peak reserved memory = 12.24 GB.
Peak reserved memory for training = 0.533 GB.
Peak reserved memory % of max memory = 30.992 %.
Peak reserved memory for training % of max memory = 1.35 %.

Saving model to /home/vault/iwi5/iwi5298h/models_image_text/gemma/multi/schmuck/run_A100_20251104_134037...
Model (LoRA adapters) saved successfully!

============================================================
STARTING EVALUATION ON TEST.JSONL (BEST-CER MODEL)
============================================================
Starting evaluation on test.jsonl with aggressive chunking...
Loaded 89 test samples

============================================================
Chunk 1/18 (5 images)
============================================================

[1/89] Processing: SCH_2891_118.jpg
  ✅ CER: 0.0000 (0.00%)

[2/89] Processing: SCH_2891_225.jpg
  ✅ CER: 0.0000 (0.00%)

[3/89] Processing: SCH_3071.jpg
  ✅ CER: 0.0000 (0.00%)

[4/89] Processing: SCH_3213.jpg
  ✅ CER: 0.0000 (0.00%)

[5/89] Processing: SCH_3129.jpg
  ✅ CER: 0.0000 (0.00%)

Chunk 1 completed. Cleaning memory...

============================================================
Chunk 2/18 (5 images)
============================================================

[6/89] Processing: SCH_2984.jpg
  ✅ CER: 0.0000 (0.00%)

[7/89] Processing: SCH_2891_162.jpg
  ✅ CER: 0.0025 (0.25%)

[8/89] Processing: SCH_3043.jpg
  ✅ CER: 0.0000 (0.00%)

[9/89] Processing: SCH_3005.jpg
  ✅ CER: 0.0000 (0.00%)

[10/89] Processing: SCH_3192_41.jpg
  ✅ CER: 0.0041 (0.41%)

Chunk 2 completed. Cleaning memory...

============================================================
Chunk 3/18 (5 images)
============================================================

[11/89] Processing: SCH_2106.jpg
  ✅ CER: 0.0140 (1.40%)

[12/89] Processing: SCH_2891_143.jpg
  ✅ CER: 0.0000 (0.00%)

[13/89] Processing: SCH_2892.jpg
  ✅ CER: 0.0000 (0.00%)

[14/89] Processing: SCH_2891_211.jpg
  ✅ CER: 0.0000 (0.00%)

[15/89] Processing: SCH_3170.jpg
  ✅ CER: 0.0050 (0.50%)

Chunk 3 completed. Cleaning memory...
Saved intermediate results to: /home/vault/iwi5/iwi5298h/models_image_text/gemma/multi/schmuck/run_A100_20251104_134037/test_predictions_chunk_3.jsonl

============================================================
Chunk 4/18 (5 images)
============================================================

[16/89] Processing: SCH_2891_73.jpg
  ✅ CER: 0.0000 (0.00%)

[17/89] Processing: SCH_2087.jpg
  ✅ CER: 0.0000 (0.00%)

[18/89] Processing: SCH_2891_222.jpg
  ✅ CER: 0.0000 (0.00%)

[19/89] Processing: SCH_2891_63.jpg
  ✅ CER: 0.0000 (0.00%)

[20/89] Processing: SCH_2891_145.jpg
  ✅ CER: 0.0000 (0.00%)

Chunk 4 completed. Cleaning memory...

============================================================
Chunk 5/18 (5 images)
============================================================

[21/89] Processing: SCH_2891_292.jpg
  ✅ CER: 0.0025 (0.25%)

[22/89] Processing: SCH_3030.jpg
  ✅ CER: 0.0000 (0.00%)

[23/89] Processing: SCH_3220.jpg
  ✅ CER: 0.0000 (0.00%)

[24/89] Processing: SCH_3179.jpg
  ✅ CER: 0.0050 (0.50%)

[25/89] Processing: SCH_3239.jpg
  ✅ CER: 0.0025 (0.25%)

Chunk 5 completed. Cleaning memory...

============================================================
Chunk 6/18 (5 images)
============================================================

[26/89] Processing: SCH_3192_6.jpg
  ✅ CER: 0.0025 (0.25%)

[27/89] Processing: SCH_2891_142.jpg
  ✅ CER: 0.0000 (0.00%)

[28/89] Processing: SCH_2891_53.jpg
  ✅ CER: 0.0000 (0.00%)

[29/89] Processing: SCH_2891_262_263.jpg
  ✅ CER: 0.0000 (0.00%)

[30/89] Processing: SCH_2891_282.jpg
  ✅ CER: 0.0021 (0.21%)

Chunk 6 completed. Cleaning memory...
Saved intermediate results to: /home/vault/iwi5/iwi5298h/models_image_text/gemma/multi/schmuck/run_A100_20251104_134037/test_predictions_chunk_6.jsonl

============================================================
Chunk 7/18 (5 images)
============================================================

[31/89] Processing: SCH_3218.jpg
  ✅ CER: 0.0000 (0.00%)

[32/89] Processing: SCH_2891_275.jpg
  ✅ CER: 0.0000 (0.00%)

[33/89] Processing: SCH_3002.jpg
  ✅ CER: 0.0000 (0.00%)

[34/89] Processing: SCH_3137_a.jpg
  ✅ CER: 0.0796 (7.96%)

[35/89] Processing: SCH_3131.jpg
  ✅ CER: 0.0000 (0.00%)

Chunk 7 completed. Cleaning memory...

============================================================
Chunk 8/18 (5 images)
============================================================

[36/89] Processing: SCH_3192_36.jpg
  ✅ CER: 0.0000 (0.00%)

[37/89] Processing: SCH_3165.jpg
  ✅ CER: 0.0000 (0.00%)

[38/89] Processing: SCH_3192_14.jpg
  ✅ CER: 0.0000 (0.00%)

[39/89] Processing: SCH_2891_173.jpg
  ✅ CER: 0.0000 (0.00%)

[40/89] Processing: SCH_2891_72.jpg
  ✅ CER: 0.0000 (0.00%)

Chunk 8 completed. Cleaning memory...

============================================================
Chunk 9/18 (5 images)
============================================================

[41/89] Processing: SCH_2067_recto.jpg
  ✅ CER: 0.0863 (8.63%)

[42/89] Processing: SCH_3192_4.jpg
  ✅ CER: 0.0021 (0.21%)

[43/89] Processing: SCH_2891_29_30.jpg
  ✅ CER: 0.0000 (0.00%)

[44/89] Processing: SCH_2891_272.jpg
  ✅ CER: 0.0000 (0.00%)

[45/89] Processing: SCH_2891_177.jpg
  ✅ CER: 0.0000 (0.00%)

Chunk 9 completed. Cleaning memory...
Saved intermediate results to: /home/vault/iwi5/iwi5298h/models_image_text/gemma/multi/schmuck/run_A100_20251104_134037/test_predictions_chunk_9.jsonl

============================================================
Chunk 10/18 (5 images)
============================================================

[46/89] Processing: SCH_3192_13.jpg
  ✅ CER: 0.0022 (0.22%)

[47/89] Processing: SCH_2891_291.jpg
  ✅ CER: 0.0046 (0.46%)

[48/89] Processing: SCH_3192_60.jpg
  ✅ CER: 0.0024 (0.24%)

[49/89] Processing: SCH_3124.jpg
  ✅ CER: 0.0020 (0.20%)

[50/89] Processing: SCH_3026.jpg
  ✅ CER: 0.0000 (0.00%)

Chunk 10 completed. Cleaning memory...

============================================================
Chunk 11/18 (5 images)
============================================================

[51/89] Processing: SCH_2065.jpg
  ✅ CER: 0.0063 (0.63%)

[52/89] Processing: SCH_2891_138.jpg
  ✅ CER: 0.0051 (0.51%)

[53/89] Processing: SCH_2891_245.jpg
  ✅ CER: 0.0000 (0.00%)

[54/89] Processing: SCH_2891_268.jpg
  ✅ CER: 0.0000 (0.00%)

[55/89] Processing: SCH_3192_32.jpg
  ✅ CER: 0.0044 (0.44%)

Chunk 11 completed. Cleaning memory...

============================================================
Chunk 12/18 (5 images)
============================================================

[56/89] Processing: SCH_2891_293.jpg
  ✅ CER: 0.0122 (1.22%)

[57/89] Processing: SCH_3192_27.jpg
  ✅ CER: 0.0046 (0.46%)

[58/89] Processing: SCH_3174.jpg
  ✅ CER: 0.0000 (0.00%)

[59/89] Processing: SCH_2891_235_236.jpg
  ✅ CER: 0.0000 (0.00%)

[60/89] Processing: SCH_2891_59.jpg
  ✅ CER: 0.0000 (0.00%)

Chunk 12 completed. Cleaning memory...
Saved intermediate results to: /home/vault/iwi5/iwi5298h/models_image_text/gemma/multi/schmuck/run_A100_20251104_134037/test_predictions_chunk_12.jsonl

============================================================
Chunk 13/18 (5 images)
============================================================

[61/89] Processing: SCH_3211.jpg
  ✅ CER: 0.0000 (0.00%)

[62/89] Processing: SCH_3141.jpg
  ✅ CER: 0.0024 (0.24%)

[63/89] Processing: SCH_2891_241.jpg
  ✅ CER: 0.0000 (0.00%)

[64/89] Processing: SCH_3171.jpg
  ✅ CER: 0.0000 (0.00%)

[65/89] Processing: SCH_3215.jpg
  ✅ CER: 0.0048 (0.48%)

Chunk 13 completed. Cleaning memory...

============================================================
Chunk 14/18 (5 images)
============================================================

[66/89] Processing: SCH_1938.jpg
  ✅ CER: 0.0043 (0.43%)

[67/89] Processing: SCH_2891_153_154.jpg
  ✅ CER: 0.0023 (0.23%)

[68/89] Processing: SCH_2997.jpg
  ✅ CER: 0.0000 (0.00%)

[69/89] Processing: SCH_2891_64.jpg
  ✅ CER: 0.0022 (0.22%)

[70/89] Processing: SCH_2944.jpg
  ✅ CER: 0.0000 (0.00%)

Chunk 14 completed. Cleaning memory...

============================================================
Chunk 15/18 (5 images)
============================================================

[71/89] Processing: SCH_3173_ab.jpg
  ✅ CER: 0.0000 (0.00%)

[72/89] Processing: SCH_2891_41.jpg
  ✅ CER: 0.0000 (0.00%)

[73/89] Processing: SCH_2032.jpg
  ✅ CER: 0.0138 (1.38%)

[74/89] Processing: SCH_3078.jpg
  ✅ CER: 0.0024 (0.24%)

[75/89] Processing: SCH_2891_77_78.jpg
  ✅ CER: 0.0024 (0.24%)

Chunk 15 completed. Cleaning memory...
Saved intermediate results to: /home/vault/iwi5/iwi5298h/models_image_text/gemma/multi/schmuck/run_A100_20251104_134037/test_predictions_chunk_15.jsonl

============================================================
Chunk 16/18 (5 images)
============================================================

[76/89] Processing: SCH_2891_62.jpg
  ✅ CER: 0.0000 (0.00%)

[77/89] Processing: SCH_3192_28.jpg
  ✅ CER: 0.0037 (0.37%)

[78/89] Processing: SCH_2043_recto.jpg
  ✅ CER: 0.0047 (0.47%)

[79/89] Processing: SCH_2045.jpg
  ✅ CER: 0.0000 (0.00%)

[80/89] Processing: SCH_2965.jpg
  ✅ CER: 0.0000 (0.00%)

Chunk 16 completed. Cleaning memory...

============================================================
Chunk 17/18 (5 images)
============================================================

[81/89] Processing: SCH_3192_22.jpg
  ✅ CER: 0.0071 (0.71%)

[82/89] Processing: SCH_3133_a.jpg
  ✅ CER: 0.0000 (0.00%)

[83/89] Processing: SCH_3192_37.jpg
  ✅ CER: 0.0045 (0.45%)

[84/89] Processing: SCH_3195_9.jpg
  ✅ CER: 0.0278 (2.78%)

[85/89] Processing: SCH_2891_67_recto.jpg
  ✅ CER: 0.0045 (0.45%)

Chunk 17 completed. Cleaning memory...

============================================================
Chunk 18/18 (4 images)
============================================================

[86/89] Processing: SCH_2891_99.jpg
  ✅ CER: 0.0024 (0.24%)

[87/89] Processing: SCH_2891_150.jpg
  ✅ CER: 0.0000 (0.00%)

[88/89] Processing: SCH_2025.jpg
  ✅ CER: 0.0023 (0.23%)

[89/89] Processing: SCH_3192_48.jpg
  ✅ CER: 0.0022 (0.22%)

Chunk 18 completed. Cleaning memory...
Saved intermediate results to: /home/vault/iwi5/iwi5298h/models_image_text/gemma/multi/schmuck/run_A100_20251104_134037/test_predictions_chunk_18.jsonl

CER evaluation results saved to: /home/vault/iwi5/iwi5298h/models_image_text/gemma/multi/schmuck/run_A100_20251104_134037/cer_evaluation_results.txt

🎉 Gemma-3 Schmuck training completed!
All outputs saved to: /home/vault/iwi5/iwi5298h/models_image_text/gemma/multi/schmuck/run_A100_20251104_134037

Final CER: 0.0039 (0.39%)
Gemma-3 training completed at: Tue Nov  4 03:39:56 PM CET 2025
=== JOB_STATISTICS ===
=== current date     : Tue Nov  4 03:39:56 PM CET 2025
= Job-ID             : 1302365 on tinygpu
= Job-Name           : schmuck
= Job-Command        : /home/hpc/iwi5/iwi5298h/Uddipan-Thesis/jobfiles/job_gemma2.sh
= Initial workdir    : /home/hpc/iwi5/iwi5298h/Uddipan-Thesis/jobfiles
= Queue/Partition    : a100
= Slurm account      : iwi5 with QOS=normal
= Requested resources:  for 1-00:00:00
= Elapsed runtime    : 01:59:58
= Total RAM usage    : 11.1 GiB of requested  GiB (%)   
= Node list          : tg095
= Subm/Elig/Start/End: 2025-11-04T11:38:50 / 2025-11-04T11:38:50 / 2025-11-04T13:39:58 / 2025-11-04T15:39:56
======================
=== Quota infos ======
    Path                 Used     SoftQ    HardQ    Gracetime  Filec    FileQ    FiHaQ    FileGrace    
    /home/hpc             102.2G   104.9G   209.7G        N/A  30,651      500K   1,000K        N/A    
    /home/woody           184.1G  1000.0G  1500.0G        N/A     841K   5,000K   7,500K        N/A    
    /home/vault           892.5G  1048.6G  2097.2G        N/A   5,414      200K     400K        N/A    
======================
=== GPU utilization ==
gpu_name, gpu_bus_id, pid, gpu_utilization [%], mem_utilization [%], max_memory_usage [MiB], time [ms]
NVIDIA A100-SXM4-40GB, 00000000:41:00.0, 1775420, 31 %, 10 %, 13076 MiB, 7180284 ms
