### Starting TaskPrologue of job 1479405 on tg097 at Tue Jan  6 01:14:54 PM CET 2026
Running on cores 32-63 with governor ondemand
Tue Jan  6 13:14:55 2026       
+-----------------------------------------------------------------------------------------+
| NVIDIA-SMI 580.105.08             Driver Version: 580.105.08     CUDA Version: 13.0     |
+-----------------------------------------+------------------------+----------------------+
| GPU  Name                 Persistence-M | Bus-Id          Disp.A | Volatile Uncorr. ECC |
| Fan  Temp   Perf          Pwr:Usage/Cap |           Memory-Usage | GPU-Util  Compute M. |
|                                         |                        |               MIG M. |
|=========================================+========================+======================|
|   0  NVIDIA A100-SXM4-40GB          On  |   00000000:41:00.0 Off |                    0 |
| N/A   38C    P0             60W /  400W |       0MiB /  40960MiB |      0%      Default |
|                                         |                        |             Disabled |
+-----------------------------------------+------------------------+----------------------+

+-----------------------------------------------------------------------------------------+
| Processes:                                                                              |
|  GPU   GI   CI              PID   Type   Process name                        GPU Memory |
|        ID   ID                                                               Usage      |
|=========================================================================================|
|  No running processes found                                                             |
+-----------------------------------------------------------------------------------------+
### Finished TaskPrologue

🦥 Unsloth: Will patch your computer to enable 2x faster free finetuning.
🦥 Unsloth Zoo will now patch everything to make training faster!
Created run directory: /home/vault/iwi5/iwi5298h/models_image_text/gemma/stair/finetune/run_A100_20260106_131644

============================================================
GEMMA-3 STAIRCASE - A100 OPTIMIZED + AUGMENTATION (factor=1)
============================================================
Loading Gemma-3 vision model with Unsloth for STAIRCASE...
Temporary directory for augmented images: /tmp/1479405.tinygpu/stair_gemma_aug_nyfoqli3
Augmentation factor (per original image): 1
Unsloth: WARNING `trust_remote_code` is True.
Are you certain you want to do remote code execution?
==((====))==  Unsloth 2025.7.3: Fast Gemma3 patching. Transformers: 4.51.3.
   \\   /|    NVIDIA A100-SXM4-40GB. Num GPUs = 1. Max memory: 39.494 GB. Platform: Linux.
O^O/ \_/ \    Torch: 2.7.1+cu126. CUDA: 8.0. CUDA Toolkit: 12.6. Triton: 3.3.1
\        /    Bfloat16 = TRUE. FA [Xformers = 0.0.31.post1. FA2 = False]
 "-____-"     Free license: http://github.com/unslothai/unsloth
Unsloth: Fast downloading is enabled - ignore downloading bars which are red colored!
Unsloth: Gemma3 does not support SDPA - switching to eager!
Model loaded - Unsloth auto-configured dtype and attention
Unsloth: Making `base_model.model.vision_tower.vision_model` require gradients
Gemma-3 vision model loaded with A100-optimized LoRA config

============================================================
STARTING TRAINING (A100-OPTIMIZED, STAIRCASE)
============================================================
Preparing training and validation datasets for STAIRCASE...
Preparing staircase TRAIN data with augmentation factor = 1
  Augmenting [1/115] FMIS_FormblätterMielke_gefüllt (10).jpg (1/1)
  Augmenting [2/115] FMIS_FormblätterMielke_gefüllt (114).jpg (1/1)
  Augmenting [3/115] FMIS_FormblätterMielke_gefüllt (12).jpg (1/1)
  Augmenting [4/115] FMIS_FormblätterMielke_gefüllt (123).jpg (1/1)
  Augmenting [5/115] FMIS_FormblätterMielke_gefüllt (125).jpg (1/1)
  Augmenting [6/115] FMIS_FormblätterMielke_gefüllt (126).jpg (1/1)
  Augmenting [7/115] FMIS_FormblätterMielke_gefüllt (134).jpg (1/1)
  Augmenting [8/115] FMIS_FormblätterMielke_gefüllt (136).jpg (1/1)
  Augmenting [9/115] FMIS_FormblätterMielke_gefüllt (138).jpg (1/1)
  Augmenting [10/115] FMIS_FormblätterMielke_gefüllt (14).jpg (1/1)
  Augmenting [11/115] FMIS_FormblätterMielke_gefüllt (149).jpg (1/1)
  Augmenting [12/115] FMIS_FormblätterMielke_gefüllt (15).jpg (1/1)
  Augmenting [13/115] FMIS_FormblätterMielke_gefüllt (152).jpg (1/1)
  Augmenting [14/115] FMIS_FormblätterMielke_gefüllt (154).jpg (1/1)
  Augmenting [15/115] FMIS_FormblätterMielke_gefüllt (159).jpg (1/1)
  Augmenting [16/115] FMIS_FormblätterMielke_gefüllt (160).jpg (1/1)
  Augmenting [17/115] FMIS_FormblätterMielke_gefüllt (163).jpg (1/1)
  Augmenting [18/115] FMIS_FormblätterMielke_gefüllt (164).jpg (1/1)
  Augmenting [19/115] FMIS_FormblätterMielke_gefüllt (18).jpg (1/1)
  Augmenting [20/115] FMIS_FormblätterMielke_gefüllt (20).jpg (1/1)
  Augmenting [21/115] FMIS_FormblätterMielke_gefüllt (28).jpg (1/1)
  Augmenting [22/115] FMIS_FormblätterMielke_gefüllt (29).jpg (1/1)
  Augmenting [23/115] FMIS_FormblätterMielke_gefüllt (30).jpg (1/1)
  Augmenting [24/115] FMIS_FormblätterMielke_gefüllt (31).jpg (1/1)
  Augmenting [25/115] FMIS_FormblätterMielke_gefüllt (33).jpg (1/1)
  Augmenting [26/115] FMIS_FormblätterMielke_gefüllt (38).jpg (1/1)
  Augmenting [27/115] FMIS_FormblätterMielke_gefüllt (51).jpg (1/1)
  Augmenting [28/115] FMIS_FormblätterMielke_gefüllt (52).jpg (1/1)
  Augmenting [29/115] FMIS_FormblätterMielke_gefüllt (53).jpg (1/1)
  Augmenting [30/115] FMIS_FormblätterMielke_gefüllt (55).jpg (1/1)
  Augmenting [31/115] FMIS_FormblätterMielke_gefüllt (56).jpg (1/1)
  Augmenting [32/115] FMIS_FormblätterMielke_gefüllt (6).jpg (1/1)
  Augmenting [33/115] FMIS_FormblätterMielke_gefüllt (81).jpg (1/1)
  Augmenting [34/115] FMIS_FormblätterMielke_gefüllt (85).jpg (1/1)
  Augmenting [35/115] FMIS_FormblätterMielke_gefüllt (89).jpg (1/1)
  Augmenting [36/115] FMIS_FormblätterMielke_gefüllt (108).jpg (1/1)
  Augmenting [37/115] FMIS_FormblätterMielke_gefüllt (65).jpg (1/1)
  Augmenting [38/115] FMIS_FormblätterMielke_gefüllt (75).jpg (1/1)
  Augmenting [39/115] FMIS_FormblätterMielke_gefüllt (46).jpg (1/1)
  Augmenting [40/115] FMIS_FormblätterMielke_gefüllt (157).jpg (1/1)
  Augmenting [41/115] FMIS_FormblätterMielke_gefüllt (115).jpg (1/1)
  Augmenting [42/115] FMIS_FormblätterMielke_gefüllt (25).jpg (1/1)
  Augmenting [43/115] FMIS_FormblätterMielke_gefüllt (4).jpg (1/1)
  Augmenting [44/115] FMIS_FormblätterMielke_gefüllt (77).jpg (1/1)
  Augmenting [45/115] FMIS_FormblätterMielke_gefüllt (73).jpg (1/1)
  Augmenting [46/115] FMIS_FormblätterMielke_gefüllt (155).jpg (1/1)
  Augmenting [47/115] FMIS_FormblätterMielke_gefüllt (120).jpg (1/1)
  Augmenting [48/115] FMIS_FormblätterMielke_gefüllt (131).jpg (1/1)
  Augmenting [49/115] FMIS_FormblätterMielke_gefüllt (59).jpg (1/1)
  Augmenting [50/115] FMIS_FormblätterMielke_gefüllt (133).jpg (1/1)
  Augmenting [51/115] FMIS_FormblätterMielke_gefüllt (158).jpg (1/1)
  Augmenting [52/115] FMIS_FormblätterMielke_gefüllt (26).jpg (1/1)
  Augmenting [53/115] FMIS_FormblätterMielke_gefüllt (97).jpg (1/1)
  Augmenting [54/115] FMIS_FormblätterMielke_gefüllt (69).jpg (1/1)
  Augmenting [55/115] FMIS_FormblätterMielke_gefüllt (117).jpg (1/1)
  Augmenting [56/115] FMIS_FormblätterMielke_gefüllt (67).jpg (1/1)
  Augmenting [57/115] FMIS_FormblätterMielke_gefüllt (101).jpg (1/1)
  Augmenting [58/115] FMIS_FormblätterMielke_gefüllt (32).jpg (1/1)
  Augmenting [59/115] FMIS_FormblätterMielke_gefüllt (49).jpg (1/1)
  Augmenting [60/115] FMIS_FormblätterMielke_gefüllt (140).jpg (1/1)
  Augmenting [61/115] FMIS_FormblätterMielke_gefüllt (92).jpg (1/1)
  Augmenting [62/115] FMIS_FormblätterMielke_gefüllt (106).jpg (1/1)
  Augmenting [63/115] FMIS_FormblätterMielke_gefüllt (100).jpg (1/1)
  Augmenting [64/115] FMIS_FormblätterMielke_gefüllt (60).jpg (1/1)
  Augmenting [65/115] FMIS_FormblätterMielke_gefüllt (48).jpg (1/1)
  Augmenting [66/115] FMIS_FormblätterMielke_gefüllt (128).jpg (1/1)
  Augmenting [67/115] FMIS_FormblätterMielke_gefüllt (64).jpg (1/1)
  Augmenting [68/115] FMIS_FormblätterMielke_gefüllt (23).jpg (1/1)
  Augmenting [69/115] FMIS_FormblätterMielke_gefüllt (41).jpg (1/1)
  Augmenting [70/115] FMIS_FormblätterMielke_gefüllt (68).jpg (1/1)
  Augmenting [71/115] FMIS_FormblätterMielke_gefüllt (22).jpg (1/1)
  Augmenting [72/115] FMIS_FormblätterMielke_gefüllt (143).jpg (1/1)
  Augmenting [73/115] FMIS_FormblätterMielke_gefüllt (40).jpg (1/1)
  Augmenting [74/115] FMIS_FormblätterMielke_gefüllt (137).jpg (1/1)
  Augmenting [75/115] FMIS_FormblätterMielke_gefüllt (16).jpg (1/1)
  Augmenting [76/115] FMIS_FormblätterMielke_gefüllt (24).jpg (1/1)
  Augmenting [77/115] FMIS_FormblätterMielke_gefüllt (142).jpg (1/1)
  Augmenting [78/115] FMIS_FormblätterMielke_gefüllt (84).jpg (1/1)
  Augmenting [79/115] FMIS_FormblätterMielke_gefüllt (145).jpg (1/1)
  Augmenting [80/115] FMIS_FormblätterMielke_gefüllt (57).jpg (1/1)
  Augmenting [81/115] FMIS_FormblätterMielke_gefüllt (47).jpg (1/1)
  Augmenting [82/115] FMIS_FormblätterMielke_gefüllt (19).jpg (1/1)
  Augmenting [83/115] FMIS_FormblätterMielke_gefüllt (146).jpg (1/1)
  Augmenting [84/115] FMIS_FormblätterMielke_gefüllt (54).jpg (1/1)
  Augmenting [85/115] FMIS_FormblätterMielke_gefüllt (121).jpg (1/1)
  Augmenting [86/115] FMIS_FormblätterMielke_gefüllt (161).jpg (1/1)
  Augmenting [87/115] FMIS_FormblätterMielke_gefüllt (76).jpg (1/1)
  Augmenting [88/115] FMIS_FormblätterMielke_gefüllt (122).jpg (1/1)
  Augmenting [89/115] FMIS_FormblätterMielke_gefüllt (7).jpg (1/1)
  Augmenting [90/115] FMIS_FormblätterMielke_gefüllt (144).jpg (1/1)
  Augmenting [91/115] FMIS_FormblätterMielke_gefüllt (79).jpg (1/1)
  Augmenting [92/115] FMIS_FormblätterMielke_gefüllt (95).jpg (1/1)
  Augmenting [93/115] FMIS_FormblätterMielke_gefüllt (34).jpg (1/1)
  Augmenting [94/115] FMIS_FormblätterMielke_Vorlage2.jpg (1/1)
  Augmenting [95/115] FMIS_FormblätterMielke_gefüllt (17).jpg (1/1)
  Augmenting [96/115] FMIS_FormblätterMielke_gefüllt (112).jpg (1/1)
  Augmenting [97/115] FMIS_FormblätterMielke_gefüllt (62).jpg (1/1)
  Augmenting [98/115] FMIS_FormblätterMielke_gefüllt (3).jpg (1/1)
  Augmenting [99/115] FMIS_FormblätterMielke_gefüllt (71).jpg (1/1)
  Augmenting [100/115] FMIS_FormblätterMielke_gefüllt (8).jpg (1/1)
  Augmenting [101/115] FMIS_FormblätterMielke_gefüllt (44).jpg (1/1)
  Augmenting [102/115] FMIS_FormblätterMielke_gefüllt (107).jpg (1/1)
  Augmenting [103/115] FMIS_FormblätterMielke_gefüllt (124).jpg (1/1)
  Augmenting [104/115] FMIS_FormblätterMielke_gefüllt (153).jpg (1/1)
  Augmenting [105/115] FMIS_FormblätterMielke_gefüllt (141).jpg (1/1)
  Augmenting [106/115] FMIS_FormblätterMielke_gefüllt (37).jpg (1/1)
  Augmenting [107/115] FMIS_FormblätterMielke_gefüllt (109).jpg (1/1)
  Augmenting [108/115] FMIS_FormblätterMielke_gefüllt (5).jpg (1/1)
  Augmenting [109/115] FMIS_FormblätterMielke_gefüllt (113).jpg (1/1)
  Augmenting [110/115] FMIS_FormblätterMielke_gefüllt (35).jpg (1/1)
  Augmenting [111/115] FMIS_FormblätterMielke_gefüllt (21).jpg (1/1)
  Augmenting [112/115] FMIS_FormblätterMielke_gefüllt (104).jpg (1/1)
  Augmenting [113/115] FMIS_FormblätterMielke_gefüllt (135).jpg (1/1)
  Augmenting [114/115] FMIS_FormblätterMielke_gefüllt (78).jpg (1/1)
  Augmenting [115/115] FMIS_FormblätterMielke_gefüllt (148).jpg (1/1)
Training: 230 samples (original: 115, augmented: 115)
Validation/Test: 25 valid samples out of 25 total (no augmentation)
Training: 230 samples (with augmentation), Validation: 25 samples
GPU = NVIDIA A100-SXM4-40GB. Max memory = 39.494 GB.
4.809 GB of memory reserved.
Starting training with CER-based evaluation (A100-optimized, STAIRCASE)...
{'loss': 27.6028, 'grad_norm': 282.0523986816406, 'learning_rate': 0.0, 'epoch': 0.07}
{'loss': 27.4897, 'grad_norm': 495.6851806640625, 'learning_rate': 1.2000000000000002e-06, 'epoch': 0.35}
{'loss': 27.0255, 'grad_norm': 346.900390625, 'learning_rate': 2.7e-06, 'epoch': 0.7}
{'loss': 21.4401, 'grad_norm': 122.23648834228516, 'learning_rate': 4.2000000000000004e-06, 'epoch': 1.0}
{'eval_loss': 2.7769689559936523, 'eval_cer': 0.21945764607212748, 'eval_cer_percentage': 21.945764607212748, 'eval_runtime': 25.1516, 'eval_samples_per_second': 0.994, 'eval_steps_per_second': 0.994, 'epoch': 1.0}
{'loss': 20.7234, 'grad_norm': 140.0129852294922, 'learning_rate': 5.7000000000000005e-06, 'epoch': 1.35}
{'loss': 17.9618, 'grad_norm': 55.11893844604492, 'learning_rate': 7.2e-06, 'epoch': 1.7}
{'loss': 14.1915, 'grad_norm': 26.263465881347656, 'learning_rate': 8.7e-06, 'epoch': 2.0}
{'eval_loss': 1.900693655014038, 'eval_cer': 0.17975957506290188, 'eval_cer_percentage': 17.97595750629019, 'eval_runtime': 23.1253, 'eval_samples_per_second': 1.081, 'eval_steps_per_second': 1.081, 'epoch': 2.0}
{'loss': 14.4419, 'grad_norm': 36.452972412109375, 'learning_rate': 1.02e-05, 'epoch': 2.35}
{'loss': 12.8498, 'grad_norm': 53.89631271362305, 'learning_rate': 1.1700000000000001e-05, 'epoch': 2.7}
{'loss': 10.1408, 'grad_norm': 12.170002937316895, 'learning_rate': 1.32e-05, 'epoch': 3.0}
{'eval_loss': 1.3324066400527954, 'eval_cer': 0.08023483365949119, 'eval_cer_percentage': 8.023483365949119, 'eval_runtime': 23.0204, 'eval_samples_per_second': 1.086, 'eval_steps_per_second': 1.086, 'epoch': 3.0}
{'loss': 10.2111, 'grad_norm': 20.239160537719727, 'learning_rate': 1.47e-05, 'epoch': 3.35}
{'loss': 9.1923, 'grad_norm': 17.814477920532227, 'learning_rate': 1.62e-05, 'epoch': 3.7}
{'loss': 7.4607, 'grad_norm': 7.27078104019165, 'learning_rate': 1.77e-05, 'epoch': 4.0}
{'eval_loss': 1.0433603525161743, 'eval_cer': 0.01090299133351971, 'eval_cer_percentage': 1.090299133351971, 'eval_runtime': 22.9704, 'eval_samples_per_second': 1.088, 'eval_steps_per_second': 1.088, 'epoch': 4.0}
{'loss': 8.1802, 'grad_norm': 26.821487426757812, 'learning_rate': 1.9200000000000003e-05, 'epoch': 4.35}
{'loss': 7.8806, 'grad_norm': 13.428755760192871, 'learning_rate': 2.07e-05, 'epoch': 4.7}
{'loss': 6.7789, 'grad_norm': 14.925503730773926, 'learning_rate': 2.22e-05, 'epoch': 5.0}
{'eval_loss': 0.9625812768936157, 'eval_cer': 0.008386916410399776, 'eval_cer_percentage': 0.8386916410399776, 'eval_runtime': 23.1418, 'eval_samples_per_second': 1.08, 'eval_steps_per_second': 1.08, 'epoch': 5.0}
{'loss': 7.543, 'grad_norm': 11.500496864318848, 'learning_rate': 2.37e-05, 'epoch': 5.35}
{'loss': 7.4037, 'grad_norm': 7.557154178619385, 'learning_rate': 2.52e-05, 'epoch': 5.7}
{'loss': 6.4746, 'grad_norm': 2.78218150138855, 'learning_rate': 2.6700000000000002e-05, 'epoch': 6.0}
{'eval_loss': 0.9248168468475342, 'eval_cer': 0.005591277606933185, 'eval_cer_percentage': 0.5591277606933185, 'eval_runtime': 23.0097, 'eval_samples_per_second': 1.086, 'eval_steps_per_second': 1.086, 'epoch': 6.0}
{'loss': 7.2333, 'grad_norm': 8.62608814239502, 'learning_rate': 2.8199999999999998e-05, 'epoch': 6.35}
{'loss': 7.2063, 'grad_norm': 9.034213066101074, 'learning_rate': 2.97e-05, 'epoch': 6.7}
{'loss': 6.2483, 'grad_norm': 2.3730416297912598, 'learning_rate': 2.974459649525853e-05, 'epoch': 7.0}
{'eval_loss': 0.9109941124916077, 'eval_cer': 0.005591277606933185, 'eval_cer_percentage': 0.5591277606933185, 'eval_runtime': 22.9597, 'eval_samples_per_second': 1.089, 'eval_steps_per_second': 1.089, 'epoch': 7.0}
{'train_runtime': 2655.6992, 'train_samples_per_second': 1.039, 'train_steps_per_second': 0.063, 'train_loss': 12.290472085135324, 'epoch': 7.0}
2655.6992 seconds used for training.
44.26 minutes used for training.
Peak reserved memory = 23.309 GB.
Peak reserved memory for training = 18.5 GB.
Peak reserved memory % of max memory = 59.019 %.
Peak reserved memory for training % of max memory = 46.843 %.

Saving model to /home/vault/iwi5/iwi5298h/models_image_text/gemma/stair/finetune/run_A100_20260106_131644...
Model (LoRA adapters) saved successfully!

============================================================
STARTING EVALUATION ON STAIRCASE TEST.JSONL
============================================================
Starting evaluation on STAIRCASE test.jsonl with aggressive chunking...
Loaded 24 test samples

============================================================
Chunk 1/5 (5 images)
============================================================

[1/24] Processing: FMIS_FormblätterMielke_gefüllt (83).jpg
  ✅ CER: 0.0253 (2.53%)

[2/24] Processing: FMIS_FormblätterMielke_gefüllt (45).jpg
  ✅ CER: 0.0180 (1.80%)

[3/24] Processing: FMIS_FormblätterMielke_gefüllt (27).jpg
  ✅ CER: 0.0780 (7.80%)

[4/24] Processing: FMIS_FormblätterMielke_gefüllt (130).jpg
  ✅ CER: 0.2328 (23.28%)

[5/24] Processing: FMIS_FormblätterMielke_gefüllt (129).jpg
  ✅ CER: 0.6124 (61.24%)

Chunk 1 completed. Cleaning memory...

============================================================
Chunk 2/5 (5 images)
============================================================

[6/24] Processing: FMIS_FormblätterMielke_gefüllt (88).jpg
  ✅ CER: 0.0341 (3.41%)

[7/24] Processing: FMIS_FormblätterMielke_gefüllt (102).jpg
  ✅ CER: 0.1410 (14.10%)

[8/24] Processing: FMIS_FormblätterMielke_gefüllt (103).jpg
  ✅ CER: 0.0861 (8.61%)

[9/24] Processing: FMIS_FormblätterMielke_gefüllt (165).jpg
  ✅ CER: 0.0030 (0.30%)

[10/24] Processing: FMIS_FormblätterMielke_gefüllt (43).jpg
  ✅ CER: 0.1132 (11.32%)

Chunk 2 completed. Cleaning memory...

============================================================
Chunk 3/5 (5 images)
============================================================

[11/24] Processing: FMIS_FormblätterMielke_gefüllt (11).jpg
  ✅ CER: 0.3455 (34.55%)

[12/24] Processing: FMIS_FormblätterMielke_gefüllt (36).jpg
  ✅ CER: 0.3711 (37.11%)

[13/24] Processing: FMIS_FormblätterMielke_gefüllt (87).jpg
  ✅ CER: 0.3832 (38.32%)

[14/24] Processing: FMIS_FormblätterMielke_gefüllt (94).jpg
  ✅ CER: 0.6134 (61.34%)

[15/24] Processing: FMIS_FormblätterMielke_gefüllt (58).jpg
  ✅ CER: 0.9129 (91.29%)

Chunk 3 completed. Cleaning memory...
Saved intermediate results to: /home/vault/iwi5/iwi5298h/models_image_text/gemma/stair/finetune/run_A100_20260106_131644/test_predictions_chunk_3.jsonl

============================================================
Chunk 4/5 (5 images)
============================================================

[16/24] Processing: FMIS_FormblätterMielke_gefüllt (111).jpg
  ✅ CER: 0.1431 (14.31%)

[17/24] Processing: FMIS_FormblätterMielke_gefüllt (99).jpg
  ✅ CER: 0.2156 (21.56%)

[18/24] Processing: FMIS_FormblätterMielke_gefüllt (116).jpg
  ✅ CER: 0.4224 (42.24%)

[19/24] Processing: FMIS_FormblätterMielke_Vorlage3.jpg
  ✅ CER: 0.9682 (96.82%)

[20/24] Processing: FMIS_FormblätterMielke_gefüllt (132).jpg
  ✅ CER: 0.2068 (20.68%)

Chunk 4 completed. Cleaning memory...

============================================================
Chunk 5/5 (4 images)
============================================================

[21/24] Processing: FMIS_FormblätterMielke_gefüllt (139).jpg
  ✅ CER: 0.6194 (61.94%)

[22/24] Processing: FMIS_FormblätterMielke_gefüllt (66).jpg
  ✅ CER: 0.2440 (24.40%)

[23/24] Processing: FMIS_FormblätterMielke_gefüllt (105).jpg
  ✅ CER: 0.1866 (18.66%)

[24/24] Processing: FMIS_FormblätterMielke_gefüllt (13).jpg
  ✅ CER: 0.6123 (61.23%)

Chunk 5 completed. Cleaning memory...
Saved intermediate results to: /home/vault/iwi5/iwi5298h/models_image_text/gemma/stair/finetune/run_A100_20260106_131644/test_predictions_chunk_5.jsonl

CER evaluation results saved to: /home/vault/iwi5/iwi5298h/models_image_text/gemma/stair/finetune/run_A100_20260106_131644/cer_evaluation_results.txt

🎉 Gemma-3 Staircase training completed!
All outputs saved to: /home/vault/iwi5/iwi5298h/models_image_text/gemma/stair/finetune/run_A100_20260106_131644

Final CER: 0.3162 (31.62%)
Cleaned up temporary directory: /tmp/1479405.tinygpu/stair_gemma_aug_nyfoqli3
Gemma-3 training completed at: Tue Jan  6 03:03:44 PM CET 2026
=== JOB_STATISTICS ===
=== current date     : Tue Jan  6 03:03:45 PM CET 2026
= Job-ID             : 1479405 on tinygpu
= Job-Name           : stair_preprocess
= Job-Command        : ./job_gemma.sh
= Initial workdir    : /home/hpc/iwi5/iwi5298h/Uddipan-Thesis/jobfiles
= Queue/Partition    : a100
= Slurm account      : iwi5 with QOS=normal
= Requested resources:  for 1-00:00:00
= Elapsed runtime    : 01:49:07
= Total RAM usage    : 8.3 GiB of requested  GiB (%)   
= Node list          : tg097
= Subm/Elig/Start/End: 2026-01-06T13:10:42 / 2026-01-06T13:10:42 / 2026-01-06T13:14:38 / 2026-01-06T15:03:45
======================
=== Quota infos ======
    Path                 Used     SoftQ    HardQ    Gracetime  Filec    FileQ    FiHaQ    FileGrace    
    /home/hpc              88.8G   104.9G   209.7G        N/A  29,308      500K   1,000K        N/A    
    /home/woody           219.6G  1000.0G  1500.0G        N/A   1,017K   5,000K   7,500K        N/A    
    /home/vault           981.9G  1048.6G  2097.2G        N/A   7,857      200K     400K        N/A    
======================
=== GPU utilization ==
gpu_name, gpu_bus_id, pid, gpu_utilization [%], mem_utilization [%], max_memory_usage [MiB], time [ms]
NVIDIA A100-SXM4-40GB, 00000000:41:00.0, 173004, 30 %, 11 %, 24408 MiB, 6509693 ms
