### Starting TaskPrologue of job 1356286 on tg071 at Sun Nov 16 01:06:09 PM CET 2025
Running on cores 6-7,14-15,22-23,30-31 with governor ondemand
Sun Nov 16 13:06:09 2025       
+-----------------------------------------------------------------------------------------+
| NVIDIA-SMI 570.195.03             Driver Version: 570.195.03     CUDA Version: 12.8     |
|-----------------------------------------+------------------------+----------------------+
| GPU  Name                 Persistence-M | Bus-Id          Disp.A | Volatile Uncorr. ECC |
| Fan  Temp   Perf          Pwr:Usage/Cap |           Memory-Usage | GPU-Util  Compute M. |
|                                         |                        |               MIG M. |
|=========================================+========================+======================|
|   0  Tesla V100-PCIE-32GB           Off |   00000000:AF:00.0 Off |                    0 |
| N/A   29C    P0             25W /  250W |       0MiB /  32768MiB |      0%      Default |
|                                         |                        |                  N/A |
+-----------------------------------------+------------------------+----------------------+
                                                                                         
+-----------------------------------------------------------------------------------------+
| Processes:                                                                              |
|  GPU   GI   CI              PID   Type   Process name                        GPU Memory |
|        ID   ID                                                               Usage      |
|=========================================================================================|
|  No running processes found                                                             |
+-----------------------------------------------------------------------------------------+
### Finished TaskPrologue

Starting training at: Sun Nov 16 01:06:11 PM CET 2025
⏳ Loading Phi-3.5-Vision staircase model for inference...
✅ Model loaded on device: cuda:0
* Running on local URL:  http://0.0.0.0:7860
Finished at: Sun Nov 16 01:08:22 PM CET 2025
Exit status: 1
=== JOB_STATISTICS ===
=== current date     : Sun Nov 16 01:08:22 PM CET 2025
= Job-ID             : 1356286 on tinygpu
= Job-Name           : phi_stair
= Job-Command        : /home/hpc/iwi5/iwi5298h/Uddipan-Thesis/jobfiles/job_phi_ui.sh
= Initial workdir    : /home/hpc/iwi5/iwi5298h/Uddipan-Thesis/jobfiles
= Queue/Partition    : v100
= Slurm account      : iwi5 with QOS=normal
= Requested resources:  for 1-00:00:00
= Elapsed runtime    : 00:02:13
= Total RAM usage    : 9.9 GiB of requested  GiB (%)   
= Node list          : tg071
= Subm/Elig/Start/End: 2025-11-16T13:05:31 / 2025-11-16T13:05:31 / 2025-11-16T13:05:32 / 2025-11-16T13:07:45
======================
=== Quota infos ======
    Path                 Used     SoftQ    HardQ    Gracetime  Filec    FileQ    FiHaQ    FileGrace    
    /home/hpc             102.3G   104.9G   209.7G        N/A  31,094      500K   1,000K        N/A    
    /home/woody           184.8G  1000.0G  1500.0G        N/A     847K   5,000K   7,500K        N/A    
    /home/vault           621.0G  1048.6G  2097.2G        N/A   5,889      200K     400K        N/A    
======================
=== GPU utilization ==
gpu_name, gpu_bus_id, pid, gpu_utilization [%], mem_utilization [%], max_memory_usage [MiB], time [ms]
Tesla V100-PCIE-32GB, 00000000:AF:00.0, 1010575, 1 %, 0 %, 2986 MiB, 100434 ms
